 Welcome to SHAZAM (Double Precision) v11.1 -  APR 2015 WIN-NT   PAR=112400
 ...NOTE..CURRENT WORKING DIRECTORY IS: C:\Users\jules\Desktop\Diewert_Jules\17-cons models\Less categories

 |_*THIS IS THE FILE E59418C\CONS7.TXT THAT ESTIMATES NONHOMOTHETIC LEONTIEF PREFERENCES           JULY 22, 2019
 |_*WE DO NOT IMPOSE MONEY METRIC UTILITY SCALING IN THIS MODEL; WE SPLINE UTILITY IN THIS MODEL (2 BREAK POINTS)
 |_*WE ESTIMATE A NORMALIZED QUADRATIC RANK 5 SUBSTITUTION MATRIX IN THIS MODEL; WE HAVE ONLY 12 CONSUMPTION CATEGORIES.
 |_PAR 10000

 |_SIZE 1000
 ...NOTE..SIZE COMMAND SHOULD BE AT BEGINNING OF RUN

 |_SET NODOECHO

 |_*READ IN CANADIAN DATA FOR 1971-2017 FOR 12 CLASSES OF PER POP CONSUMPTION FROM E59418C\CDATOUT.TXT
 |_SMPL 1 33

 |_FORMAT(F8.0,9F10.5)

 |_READ YEAR P1-P6
 ...NOTE..    7 VARIABLES AND       33 OBSERVATIONS STARTING AT OBS       1



 |_FORMAT(F8.0,9F10.5)

 |_PRINT YEAR P1-P6 / FORMAT
       YEAR           P1             P2             P3             P4      &
       P5             P6
   1985.   1.00000   1.00000   1.00000   1.00000   1.00000   1.00000
   1986.   1.08081   1.10020   1.11920   1.09374   1.07977   1.10967
   1987.   1.13579   1.18814   1.20754   1.17806   1.17292   1.17853
   1988.   1.23865   1.22683   1.31907   1.25635   1.27387   1.26678
   1989.   1.32558   1.30501   1.48947   1.32069   1.36090   1.37106
   1990.   1.36967   1.39833   1.66873   1.38248   1.42633   1.48489
   1991.   1.40268   1.45070   1.81845   1.40490   1.45540   1.58759
   1992.   1.42741   1.50054   2.18350   1.42519   1.46516   1.54918
   1993.   1.45502   1.55733   2.49074   1.41770   1.47738   1.58936
   1994.   1.49049   1.61311   2.69924   1.41868   1.48887   1.66393
   1995.   1.54037   1.70116   3.13760   1.42059   1.51323   1.73161
   1996.   1.58939   1.74321   3.28548   1.42728   1.54371   1.82523
   1997.   1.61070   1.76305   3.39283   1.42534   1.57802   1.89143
   1998.   1.68923   1.79000   3.52070   1.40910   1.60228   1.87536
   1999.   1.71227   1.79827   3.79570   1.39586   1.63085   2.07594
   2000.   1.74502   1.93044   4.30896   1.49544   1.68747   2.06298
   2001.   1.82720   1.97864   4.53981   1.48837   1.74311   2.13063
   2002.   1.89743   2.01557   4.76304   1.50712   1.79459   2.24390
   2003.   1.94634   2.09354   4.94371   1.50970   1.84362   2.29083
   2004.   1.96189   2.16553   4.95969   1.47905   1.89399   2.35732
   2005.   2.05244   2.21593   5.16277   1.45227   1.96130   2.40023
   2006.   2.19318   2.27635   5.56019   1.44119   2.04603   2.53003
   2007.   2.25464   2.35770   5.83753   1.44768   2.15454   2.58083
   2008.   2.34528   2.44708   6.07872   1.43137   2.27365   2.59126
   2009.   2.35795   2.51646   6.36500   1.43690   2.37900   2.65357
   2010.   2.39914   2.55778   7.77426   1.40696   2.46973   2.67182
   2011.   2.42596   2.60481   8.27714   1.41322   2.58303   2.69743
   2012.   2.45480   2.66604   8.86338   1.40982   2.68184   2.76157
   2013.   2.48981   2.73867   9.92116   1.40499   2.75185   2.83124
   2014.   2.55137   2.79576  11.22214   1.38082   2.78967   2.89136
   2015.   2.53452   2.85545  12.63424   1.38316   2.82103   2.97068
   2016.   2.57419   2.87728  14.05046   1.37280   2.85706   3.00560
   2017.   2.54878   2.94138  15.96832   1.32753   2.90654   3.06670

 |_READ YEAR P7-P12
 ...NOTE..    7 VARIABLES AND       33 OBSERVATIONS STARTING AT OBS       1



 |_PRINT YEAR P7-P12 / FORMAT
       YEAR           P7             P8             P9             P10     &
       P11            P12
   1985.   1.00000   1.00000   1.00000   1.00000   1.00000   1.00000
   1986.   1.08424   1.03444   1.08949   1.10206   1.08409   1.04944
   1987.   1.15443   1.11398   1.15056   1.21907   1.15866   1.04781
   1988.   1.19927   1.13363   1.19647   1.35726   1.22452   0.96725
   1989.   1.28507   1.12549   1.24076   1.52745   1.30888   1.06175
   1990.   1.36109   1.15619   1.28992   1.70998   1.38538   1.14946
   1991.   1.35641   1.20545   1.32519   1.85858   1.42941   1.18329
   1992.   1.36882   1.20472   1.36426   1.98486   1.46106   1.31193
   1993.   1.39495   1.19725   1.38864   2.06684   1.49214   1.34423
   1994.   1.42486   1.21382   1.40352   2.15160   1.53606   1.35071
   1995.   1.45164   1.21033   1.42192   2.30447   1.59169   1.36413
   1996.   1.44418   1.20121   1.41089   2.37941   1.60854   1.36114
   1997.   1.41503   1.20031   1.42013   2.47866   1.66413   1.43547
   1998.   1.39124   1.15632   1.41907   2.63970   1.67091   1.51944
   1999.   1.42782   1.09495   1.41496   2.72763   1.70998   1.50045
   2000.   1.48618   1.17241   1.47121   2.91442   1.81268   1.66401
   2001.   1.47081   1.17698   1.48662   2.98811   1.88349   1.71404
   2002.   1.52710   1.22432   1.47846   3.26015   1.93840   1.68485
   2003.   1.53631   1.24194   1.44805   3.39754   1.97096   1.51186
   2004.   1.56820   1.26307   1.43938   3.70491   1.99907   1.52566
   2005.   1.66477   1.26333   1.43959   3.91548   2.05497   1.55093
   2006.   1.73212   1.27041   1.44515   4.09385   2.10267   1.56737
   2007.   1.82202   1.28989   1.45472   4.24190   2.13775   1.49407
   2008.   1.74983   1.25830   1.47628   4.53150   2.25673   1.66427
   2009.   1.77618   1.25851   1.48619   4.81824   2.30786   1.45807
   2010.   1.80793   1.20437   1.46427   5.07346   2.34543   1.35583
   2011.   1.85440   1.17682   1.45380   5.35709   2.40145   1.33397
   2012.   1.86193   1.22703   1.46541   5.66292   2.48094   1.36287
   2013.   1.93594   1.11538   1.47327   5.97997   2.55240   1.51690
   2014.   1.91203   1.01520   1.49592   6.30235   2.61078   1.60683
   2015.   1.92852   0.88609   1.52077   6.59157   2.67421   1.73699
   2016.   1.93214   0.81349   1.52108   6.78731   2.72035   1.66431
   2017.   1.98128   0.78219   1.51379   6.98437   2.77835   1.68636

 |_READ YEAR Q1-Q6
 ...NOTE..    7 VARIABLES AND       33 OBSERVATIONS STARTING AT OBS       1


 |_PRINT YEAR Q1-Q6 / FORMAT
       YEAR           Q1             Q2             Q3             Q4      &
       Q5             Q6
   1985.   1.18670   0.17032   0.20084   0.57239   2.46125   0.37338
   1986.   1.16815   0.16177   0.19824   0.55793   2.48419   0.38858
   1987.   1.16774   0.16187   0.19410   0.56232   2.53347   0.39061
   1988.   1.14383   0.16078   0.19044   0.55474   2.58149   0.41480
   1989.   1.14658   0.16379   0.18703   0.54092   2.63329   0.41803
   1990.   1.13051   0.15859   0.17648   0.50819   2.60507   0.41988
   1991.   1.14362   0.15412   0.16354   0.52049   2.66215   0.42474
   1992.   1.15056   0.15619   0.15182   0.49895   2.71854   0.45114
   1993.   1.15354   0.16632   0.13890   0.49158   2.77030   0.46453
   1994.   1.19261   0.18018   0.12897   0.49630   2.83456   0.46050
   1995.   1.20789   0.17588   0.11855   0.51209   2.87345   0.45611
   1996.   1.18492   0.17848   0.12032   0.51216   2.90935   0.44873
   1997.   1.21429   0.18753   0.12002   0.51757   2.97048   0.43884
   1998.   1.20315   0.19615   0.12157   0.54628   3.02911   0.47013
   1999.   1.22606   0.20611   0.11997   0.56525   3.13087   0.47065
   2000.   1.25855   0.21019   0.11447   0.56178   3.18348   0.49915
   2001.   1.28520   0.21183   0.10949   0.58188   3.25531   0.54017
   2002.   1.29738   0.21714   0.10836   0.61989   3.33650   0.56527
   2003.   1.33019   0.22020   0.10571   0.65708   3.43033   0.58755
   2004.   1.36050   0.23251   0.10700   0.70155   3.51214   0.60557
   2005.   1.37336   0.23615   0.10243   0.73895   3.53352   0.61501
   2006.   1.37697   0.24688   0.09843   0.79546   3.60863   0.64140
   2007.   1.38643   0.25352   0.09181   0.83340   3.66303   0.67173
   2008.   1.39060   0.25890   0.08767   0.85948   3.68436   0.69896
   2009.   1.39477   0.26455   0.08377   0.90146   3.72006   0.72023
   2010.   1.40568   0.27222   0.07757   0.92372   3.77186   0.74780
   2011.   1.42178   0.28026   0.07273   0.92295   3.78785   0.77608
   2012.   1.43997   0.27387   0.07000   0.93543   3.78094   0.82107
   2013.   1.46053   0.27352   0.06669   0.97659   3.80305   0.82652
   2014.   1.44636   0.27816   0.05897   0.98426   3.84832   0.84095
   2015.   1.48582   0.27648   0.05438   1.03357   3.88497   0.85112
   2016.   1.48579   0.27899   0.05035   1.04375   3.91325   0.87108
   2017.   1.52604   0.27901   0.04997   1.07038   3.93818   0.88604

 |_READ YEAR Q7-Q12
 ...NOTE..    7 VARIABLES AND       33 OBSERVATIONS STARTING AT OBS       1


 |_PRINT YEAR Q7-Q12 / FORMAT
       YEAR           Q7             Q8             Q9             Q10     &
       Q11            Q12
   1985.   1.27018   0.13143   0.93449   0.17063   1.82065   0.13675
   1986.   1.19728   0.13591   0.93211   0.17804   1.93771   0.13819
   1987.   1.19661   0.14119   0.97261   0.17345   1.99731   0.15832
   1988.   1.27324   0.14946   1.02506   0.18125   2.09692   0.18948
   1989.   1.34503   0.15974   1.08328   0.19312   2.15417   0.20591
   1990.   1.30589   0.16258   1.06697   0.18697   2.12726   0.18840
   1991.   1.30732   0.17604   1.09466   0.18667   2.13709   0.17198
   1992.   1.34232   0.20089   1.11449   0.18447   2.10409   0.17428
   1993.   1.34622   0.22230   1.18526   0.18817   2.07582   0.17255
   1994.   1.40580   0.24210   1.27981   0.19058   2.14383   0.19014
   1995.   1.43756   0.27682   1.36848   0.19058   2.18921   0.20900
   1996.   1.48462   0.30940   1.45314   0.19721   2.21980   0.23768
   1997.   1.60997   0.33441   1.53376   0.20381   2.33424   0.26091
   1998.   1.71600   0.37880   1.60713   0.21158   2.52153   0.29044
   1999.   1.71228   0.42740   1.66737   0.22243   2.63071   0.29518
   2000.   1.76079   0.47832   1.71152   0.22058   2.63631   0.32170
   2001.   1.77473   0.50507   1.76524   0.23286   2.62692   0.28989
   2002.   1.82471   0.53408   1.88210   0.22734   2.67623   0.29642
   2003.   1.90665   0.55479   2.01978   0.23217   2.79460   0.39618
   2004.   1.99192   0.59255   2.11042   0.23160   2.87757   0.47188
   2005.   1.97358   0.62698   2.17825   0.23890   2.98892   0.48149
   2006.   2.08183   0.63973   2.28163   0.24470   3.13716   0.53243
   2007.   2.22334   0.65237   2.39560   0.24519   3.21462   0.65718
   2008.   2.04306   0.66196   2.38247   0.25276   3.06589   0.64361
   2009.   2.08441   0.65950   2.44715   0.26735   3.11038   0.77581
   2010.   2.21446   0.69684   2.59611   0.27359   3.14620   0.89355
   2011.   2.25758   0.71625   2.69623   0.27859   3.14626   0.95233
   2012.   2.29346   0.70323   2.61503   0.28275   3.11502   0.97790
   2013.   2.23966   0.77890   2.61039   0.28518   3.18953   0.94728
   2014.   2.20252   0.86079   2.67692   0.28425   3.24710   0.87906
   2015.   2.18813   0.96742   2.69451   0.28427   3.28644   0.87605
   2016.   2.18126   1.04844   2.68162   0.28415   3.32851   0.93191
   2017.   2.17858   1.08895   2.73428   0.28587   3.37872   0.94431

 |_*1 IS THE SERIES       Food and non-alcoholic beverages
 |_*2 IS THE SERIES       Alcoholic beverages
 |_*3 IS THE SERIES       Tobacco
 |_*4 IS THE SERIES       Clothing and footwear
 |_*5 IS THE SERIES       Housing including electricity,gas and household furnishings
 |_*6 IS THE SERIES       Health
 |_*7 IS THE SERIES       Transportation aggregate, owned and purchased
 |_*8 IS THE SERIES       Communications
 |_*9 IS THE SERIES       Recreation and culture
 |_*10 IS THE SERIES      Education
 |_*11 IS THE SERIES      Services aggregate including Restaurants and hotels and Miscellaneous goods and services
 |_*12 IS THE SERIES      Final consumption expenditure of resident households abroad
 |_DO #=1,12

 |_GENR V#=P#*Q#

 |_ENDO
 EXECUTION BEGINNING FOR DO LOOP  # =       1
 EXECUTION FINISHED FOR DO LOOP  #=      12


 |_*GENR CHAINED FISHER PRICE AND QUANTITY INDEXES
 |_INDEX P1 Q1 P2 Q2 P3 Q3 P4 Q4 P5 Q5 P6 Q6 P7 Q7 P8 Q8 P9 Q9 P10 Q10 &
 | P11 Q11 P12 Q12 / CHAIN FISHER=PF QFISHER=QF

 REQUIRED MEMORY IS PAR=      19 CURRENT PAR=   10000
 BASE PERIOD IS OBSERVATION     1
 ALL INDEXES ARE CHAINED
 FISHER   WILL BE STORED AS VARIABLE: PF
 QFISHER  WILL BE STORED AS VARIABLE: QF
                     PRICE INDEX                          QUANTITY
     DIVISIA PAASCHE LASPEYRES FISHER  DIVISIA    PAASCHE  LASPEYRES    FISHER
   1  1.000  1.000  1.000  1.000   9.429       9.429       9.429       9.429
   2  1.085  1.085  1.085  1.085   9.478       9.478       9.478       9.478
   3  1.161  1.160  1.161  1.161   9.648       9.648       9.647       9.648
   4  1.235  1.235  1.236  1.235   9.953       9.958       9.949       9.953
   5  1.318  1.318  1.319  1.318   10.22       10.22       10.21       10.22
   6  1.390  1.389  1.391  1.390   10.02       10.03       10.02       10.02
   7  1.427  1.426  1.428  1.427   10.13       10.13       10.12       10.13
   8  1.455  1.454  1.456  1.455   10.22       10.23       10.21       10.22
   9  1.482  1.481  1.484  1.482   10.34       10.35       10.33       10.34
  10  1.513  1.511  1.514  1.513   10.68       10.70       10.67       10.68
  11  1.554  1.552  1.556  1.554   10.92       10.94       10.91       10.92
  12  1.575  1.573  1.578  1.576   11.15       11.16       11.13       11.15
  13  1.602  1.600  1.605  1.602   11.59       11.61       11.57       11.59
  14  1.618  1.615  1.621  1.618   12.13       12.16       12.11       12.13
  15  1.649  1.646  1.653  1.649   12.50       12.53       12.48       12.50
  16  1.725  1.721  1.728  1.725   12.75       12.78       12.72       12.75
  17  1.769  1.765  1.773  1.769   12.96       12.99       12.93       12.96
  18  1.821  1.816  1.825  1.821   13.32       13.35       13.29       13.32
  19  1.844  1.839  1.849  1.844   13.92       13.96       13.88       13.92
  20  1.876  1.871  1.881  1.876   14.43       14.47       14.39       14.43
  21  1.932  1.926  1.938  1.932   14.69       14.74       14.65       14.69
  22  1.997  1.991  2.003  1.997   15.24       15.28       15.19       15.24
  23  2.055  2.048  2.062  2.055   15.75       15.80       15.70       15.75
  24  2.121  2.115  2.128  2.121   15.51       15.56       15.46       15.51
  25  2.164  2.156  2.171  2.164   15.86       15.92       15.80       15.86
  26  2.200  2.191  2.209  2.200   16.32       16.39       16.26       16.32
  27  2.251  2.241  2.260  2.251   16.54       16.61       16.47       16.54
  28  2.309  2.300  2.319  2.309   16.56       16.63       16.49       16.56
  29  2.371  2.361  2.382  2.371   16.68       16.76       16.61       16.68
  30  2.410  2.398  2.421  2.410   16.78       16.86       16.70       16.78
  31  2.448  2.436  2.461  2.448   16.96       17.04       16.87       16.96
  32  2.471  2.458  2.483  2.470   17.10       17.19       17.01       17.10
  33  2.506  2.492  2.519  2.505   17.31       17.40       17.22       17.31

 |_*GENR EXPENDITURE Y ON THE 12 COMMODITIES
 |_GENR Y=PF*QF

 |_*GENR THE NORMALIZED QUADRATIC FIXED BASE AND CHAINED INDEXES
 |_*WE FIRST NEED TO GENR FIXED WEIGHTS SUMMING TO 1,G1 TO G12. WE INITIALLY DEFINE THESE G# AS SAMPLE MEANS
 |_DO #=1,12

 |_STAT Q# / MEAN=GG#

 |_ENDO
 EXECUTION BEGINNING FOR DO LOOP  # =       1
 NAME        N    MEAN        ST. DEV      VARIANCE     MINIMUM      MAXIMUM
 Q1           33   1.2953     0.12534     0.15711E-01   1.1305       1.5260
 NAME        N    MEAN        ST. DEV      VARIANCE     MINIMUM      MAXIMUM
 Q2           33  0.21644     0.46508E-01 0.21629E-02  0.15412      0.28026
 NAME        N    MEAN        ST. DEV      VARIANCE     MINIMUM      MAXIMUM
 Q3           33  0.11638     0.45225E-01 0.20453E-02  0.49970E-01  0.20084
 NAME        N    MEAN        ST. DEV      VARIANCE     MINIMUM      MAXIMUM
 Q4           33  0.69996     0.19817     0.39273E-01  0.49158       1.0704
 NAME        N    MEAN        ST. DEV      VARIANCE     MINIMUM      MAXIMUM
 Q5           33   3.2380     0.50363     0.25364       2.4613       3.9382
 NAME        N    MEAN        ST. DEV      VARIANCE     MINIMUM      MAXIMUM
 Q6           33  0.58353     0.16776     0.28143E-01  0.37338      0.88604
 NAME        N    MEAN        ST. DEV      VARIANCE     MINIMUM      MAXIMUM
 Q7           33   1.7688     0.38320     0.14684       1.1966       2.2935
 NAME        N    MEAN        ST. DEV      VARIANCE     MINIMUM      MAXIMUM
 Q8           33  0.49135     0.28192     0.79482E-01  0.13143       1.0890
 NAME        N    MEAN        ST. DEV      VARIANCE     MINIMUM      MAXIMUM
 Q9           33   1.8424     0.64839     0.42041      0.93211       2.7343
 NAME        N    MEAN        ST. DEV      VARIANCE     MINIMUM      MAXIMUM
 Q10          33  0.22761     0.39674E-01 0.15740E-02  0.17063      0.28587
 NAME        N    MEAN        ST. DEV      VARIANCE     MINIMUM      MAXIMUM
 Q11          33   2.6502     0.49969     0.24969       1.8207       3.3787
 NAME        N    MEAN        ST. DEV      VARIANCE     MINIMUM      MAXIMUM
 Q12          33  0.46328     0.30808     0.94915E-01  0.13675      0.97790
 EXECUTION FINISHED FOR DO LOOP  #=      12

 |_*SUM THE GG#
 |_SMPL 1 1

 |_GENR SUM=0

 |_DO #=1,12

 |_GENR SUM=SUM+GG#

 |_ENDO
 EXECUTION BEGINNING FOR DO LOOP  # =       1
 EXECUTION FINISHED FOR DO LOOP  #=      12

 |_*DEFINE THE NORMALIZED GG#
 |_DO #=1,12

 |_GENR GG#=GG#/SUM

 |_ENDO
 EXECUTION BEGINNING FOR DO LOOP  # =       1
 EXECUTION FINISHED FOR DO LOOP  #=      12

 |_FORMAT(6F10.5)

 |_PRINT GG1-GG6 / FORMAT
       GG1            GG2            GG3            GG4            GG5     &
       GG6
   0.09529   0.01592   0.00856   0.05149   0.23821   0.04293

 |_PRINT GG7-GG12 / FORMAT
       GG7            GG8            GG9            GG10           GG11    &
       GG12
   0.13012   0.03615   0.13553   0.01674   0.19496   0.03408

 |_SMPL 1 33

 |_GENR ONE=1

 |_DO #=1,12

 |_GENR G#=GG#(1)*ONE

 |_ENDO
 EXECUTION BEGINNING FOR DO LOOP  # =       1
 EXECUTION FINISHED FOR DO LOOP  #=      12

 |_*GENR THE LOWE PRICE INDEX PG
 |_GENR PG=0

 |_DO #=1,12

 |_GENR PG=PG+P#*G#

 |_ENDO
 EXECUTION BEGINNING FOR DO LOOP  # =       1
 EXECUTION FINISHED FOR DO LOOP  #=      12

 |_*GENR PG NORMALIZED PRICES:
 |_DO #=1,12

 |_GENR PN#=P#/PG

 |_ENDO
 EXECUTION BEGINNING FOR DO LOOP  # =       1
 EXECUTION FINISHED FOR DO LOOP  #=      12

 |_FORMAT(7F10.5)

 |_PRINT PG PN1-PN6 / FORMAT
       PG             PN1            PN2            PN3            PN4     &
       PN5            PN6
   1.00000   1.00000   1.00000   1.00000   1.00000   1.00000   1.00000
   1.08298   0.99800   1.01590   1.03345   1.00994   0.99704   1.02465
   1.15659   0.98202   1.02728   1.04405   1.01857   1.01412   1.01897
   1.22500   1.01114   1.00149   1.07679   1.02559   1.03989   1.03410
   1.30390   1.01663   1.00085   1.14232   1.01288   1.04371   1.05151
   1.37340   0.99728   1.01815   1.21503   1.00661   1.03854   1.08118
   1.40933   0.99528   1.02935   1.29029   0.99686   1.03269   1.12649
   1.43688   0.99341   1.04430   1.51961   0.99186   1.01968   1.07816
   1.46226   0.99505   1.06501   1.70335   0.96952   1.01034   1.08692
   1.49102   0.99965   1.08189   1.81034   0.95149   0.99856   1.11597
   1.52945   1.00714   1.11227   2.05146   0.92883   0.98940   1.13218
   1.54932   1.02586   1.12515   2.12060   0.92123   0.99638   1.17809
   1.57596   1.02204   1.11872   2.15287   0.90443   1.00131   1.20018
   1.59127   1.06156   1.12489   2.21251   0.88552   1.00692   1.17853
   1.62111   1.05623   1.10928   2.34142   0.86105   1.00601   1.28056
   1.69553   1.02919   1.13854   2.54136   0.88199   0.99524   1.21671
   1.73890   1.05078   1.13787   2.61074   0.85593   1.00242   1.22527
   1.78838   1.06098   1.12704   2.66333   0.84273   1.00347   1.25471
   1.81012   1.07525   1.15657   2.73115   0.83403   1.01851   1.26557
   1.84100   1.06567   1.17628   2.69403   0.80340   1.02879   1.28046
   1.89655   1.08220   1.16840   2.72219   0.76574   1.03414   1.26558
   1.96213   1.11775   1.16014   2.83375   0.73450   1.04276   1.28943
   2.02054   1.11586   1.16687   2.88909   0.71648   1.06632   1.27730
   2.08688   1.12382   1.17260   2.91283   0.68589   1.08950   1.24169
   2.13222   1.10587   1.18021   2.98515   0.67390   1.11574   1.24451
   2.17704   1.10202   1.17489   3.57102   0.64627   1.13444   1.22727
   2.23162   1.08709   1.16723   3.70903   0.63327   1.15747   1.20873
   2.29245   1.07082   1.16297   3.86634   0.61498   1.16986   1.20464
   2.35657   1.05654   1.16214   4.21001   0.59620   1.16774   1.20143
   2.40101   1.06262   1.16441   4.67393   0.57510   1.16187   1.20423
   2.44593   1.03622   1.16743   5.16541   0.56549   1.15336   1.21454
   2.47942   1.03822   1.16047   5.66684   0.55368   1.15231   1.21222
   2.52615   1.00896   1.16437   6.32121   0.52552   1.15058   1.21398

 |_PRINT PG PN7-PN12 / FORMAT
       PG             PN7            PN8            PN9            PN10    &
       PN11           PN12
   1.00000   1.00000   1.00000   1.00000   1.00000   1.00000   1.00000
   1.08298   1.00117   0.95518   1.00601   1.01762   1.00103   0.96903
   1.15659   0.99813   0.96316   0.99479   1.05402   1.00179   0.90595
   1.22500   0.97899   0.92541   0.97671   1.10796   0.99961   0.78959
   1.30390   0.98556   0.86317   0.95157   1.17145   1.00382   0.81429
   1.37340   0.99103   0.84184   0.93921   1.24507   1.00872   0.83694
   1.40933   0.96245   0.85534   0.94030   1.31877   1.01425   0.83961
   1.43688   0.95263   0.83843   0.94946   1.38137   1.01683   0.91304
   1.46226   0.95397   0.81877   0.94965   1.41345   1.02043   0.91928
   1.49102   0.95563   0.81409   0.94132   1.44304   1.03021   0.90590
   1.52945   0.94913   0.79135   0.92970   1.50674   1.04070   0.89191
   1.54932   0.93214   0.77531   0.91065   1.53578   1.03822   0.87854
   1.57596   0.89789   0.76164   0.90112   1.57279   1.05595   0.91085
   1.59127   0.87430   0.72666   0.89178   1.65886   1.05005   0.95486
   1.62111   0.88077   0.67543   0.87283   1.68257   1.05482   0.92557
   1.69553   0.87653   0.69147   0.86770   1.71888   1.06909   0.98141
   1.73890   0.84583   0.67685   0.85492   1.71839   1.08315   0.98570
   1.78838   0.85390   0.68460   0.82670   1.82296   1.08389   0.94211
   1.81012   0.84873   0.68611   0.79997   1.87697   1.08886   0.83523
   1.84100   0.85182   0.68608   0.78185   2.01245   1.08586   0.82871
   1.89655   0.87779   0.66612   0.75906   2.06453   1.08353   0.81776
   1.96213   0.88277   0.64746   0.73652   2.08643   1.07162   0.79881
   2.02054   0.90175   0.63839   0.71997   2.09939   1.05801   0.73944
   2.08688   0.83849   0.60296   0.70741   2.17142   1.08139   0.79749
   2.13222   0.83302   0.59023   0.69702   2.25973   1.08237   0.68383
   2.17704   0.83045   0.55321   0.67260   2.33044   1.07735   0.62279
   2.23162   0.83097   0.52734   0.65146   2.40054   1.07610   0.59776
   2.29245   0.81220   0.53525   0.63923   2.47025   1.08222   0.59450
   2.35657   0.82151   0.47331   0.62518   2.53758   1.08310   0.64369
   2.40101   0.79634   0.42282   0.62304   2.62488   1.08737   0.66923
   2.44593   0.78846   0.36227   0.62176   2.69491   1.09333   0.71015
   2.47942   0.77927   0.32810   0.61348   2.73746   1.09717   0.67125
   2.52615   0.78431   0.30964   0.59925   2.76483   1.09984   0.66756

 |_STAT PG PN1-PN12
 NAME        N    MEAN        ST. DEV      VARIANCE     MINIMUM      MAXIMUM
 PG           33   1.7785     0.43334     0.18778       1.0000       2.5261
 PN1          33   1.0440     0.41780E-01 0.17456E-02  0.98202       1.1238
 PN2          33   1.1146     0.62400E-01 0.38938E-02   1.0000       1.1802
 PN3          33   2.6813      1.3667      1.8680       1.0000       6.3212
 PN4          33  0.81786     0.16429     0.26990E-01  0.52552       1.0256
 PN5          33   1.0557     0.63723E-01 0.40607E-02  0.98940       1.1699
 PN6          33   1.1768     0.86555E-01 0.74917E-02   1.0000       1.2894
 PN7          33  0.88994     0.70660E-01 0.49928E-02  0.77927       1.0012
 PN8          33  0.68752     0.18099     0.32756E-01  0.30964       1.0000
 PN9          33  0.81673     0.13635     0.18592E-01  0.59925       1.0060
 PN10         33   1.8334     0.54373     0.29565       1.0000       2.7648
 PN11         33   1.0552     0.34135E-01 0.11652E-02  0.99961       1.0998
 PN12         33  0.81948     0.12258     0.15025E-01  0.59450       1.0000


 |_*THE EXACT INDEX NUMBER FORMULA FOR NORMALIZED QUADRATIC PREFERENCES USING A FIXED BASE IS
 |_*u(t)/u(1)=SUM(PN#(t)+PN#(1))Q#(t)/(SUM(PN#(t)+PN#(1))Q#(1))
 |_GENR NUM=0

 |_GENR DEN=0

 |_DO #=1,12

 |_GENR NUM=NUM+(PN#+PN#(1))*Q#

 |_GENR DEN=DEN+(PN#+PN#(1))*Q#(1)

 |_ENDO
 EXECUTION BEGINNING FOR DO LOOP  # =       1
 EXECUTION FINISHED FOR DO LOOP  #=      12

 |_GENR QNFB=NUM/DEN

 |_*NORMALIZE QNFB TO EQUAL Y IN OBSERVATION 1
 |_GENR CON=QNFB(1)

 |_GENR QNFB=QNFB*Y(1)/CON

 |_GENR PNFB=Y/QNFB

 |_*NOW CONSTRUCT THE NORMALIZED QUADRATIC CHAIN LINKS
 |_GENR QNCH=1

 |_GENR QNCHL=1

 |_GENR NUML=0

 |_GENR DENL=0

 |_SMPL 2 33

 |_DO #=1,12

 |_GENR NUML=NUML+(PN#+LAG(PN#))*Q#

 |_GENR DENL=DENL+(PN#+LAG(PN#))*LAG(Q#)

 |_ENDO
 EXECUTION BEGINNING FOR DO LOOP  # =       1
 ...NOTE..LAG VALUE IN UNDEFINED OBSERVATIONS SET TO ZERO
 ...NOTE..LAG VALUE IN UNDEFINED OBSERVATIONS SET TO ZERO
 ...NOTE..LAG VALUE IN UNDEFINED OBSERVATIONS SET TO ZERO
 ...NOTE..LAG VALUE IN UNDEFINED OBSERVATIONS SET TO ZERO
 ...NOTE..LAG VALUE IN UNDEFINED OBSERVATIONS SET TO ZERO
 ...NOTE..LAG VALUE IN UNDEFINED OBSERVATIONS SET TO ZERO
 ...NOTE..LAG VALUE IN UNDEFINED OBSERVATIONS SET TO ZERO
 ...NOTE..LAG VALUE IN UNDEFINED OBSERVATIONS SET TO ZERO
 ...NOTE..LAG VALUE IN UNDEFINED OBSERVATIONS SET TO ZERO
 ...NOTE..LAG VALUE IN UNDEFINED OBSERVATIONS SET TO ZERO
 ...NOTE..LAG VALUE IN UNDEFINED OBSERVATIONS SET TO ZERO
 ...NOTE..LAG VALUE IN UNDEFINED OBSERVATIONS SET TO ZERO
 ...NOTE..LAG VALUE IN UNDEFINED OBSERVATIONS SET TO ZERO
 ...NOTE..LAG VALUE IN UNDEFINED OBSERVATIONS SET TO ZERO
 ...NOTE..LAG VALUE IN UNDEFINED OBSERVATIONS SET TO ZERO
 ...NOTE..LAG VALUE IN UNDEFINED OBSERVATIONS SET TO ZERO
 ...NOTE..LAG VALUE IN UNDEFINED OBSERVATIONS SET TO ZERO
 ...NOTE..LAG VALUE IN UNDEFINED OBSERVATIONS SET TO ZERO
 ...NOTE..LAG VALUE IN UNDEFINED OBSERVATIONS SET TO ZERO
 ...NOTE..LAG VALUE IN UNDEFINED OBSERVATIONS SET TO ZERO
 ...NOTE..LAG VALUE IN UNDEFINED OBSERVATIONS SET TO ZERO
 ...NOTE..LAG VALUE IN UNDEFINED OBSERVATIONS SET TO ZERO
 ...NOTE..LAG VALUE IN UNDEFINED OBSERVATIONS SET TO ZERO
 ...NOTE..LAG VALUE IN UNDEFINED OBSERVATIONS SET TO ZERO
 ...NOTE..LAG VALUE IN UNDEFINED OBSERVATIONS SET TO ZERO
 ...NOTE..LAG VALUE IN UNDEFINED OBSERVATIONS SET TO ZERO
 ...NOTE..LAG VALUE IN UNDEFINED OBSERVATIONS SET TO ZERO
 ...NOTE..LAG VALUE IN UNDEFINED OBSERVATIONS SET TO ZERO
 ...NOTE..LAG VALUE IN UNDEFINED OBSERVATIONS SET TO ZERO
 ...NOTE..LAG VALUE IN UNDEFINED OBSERVATIONS SET TO ZERO
 ...NOTE..LAG VALUE IN UNDEFINED OBSERVATIONS SET TO ZERO
 ...NOTE..LAG VALUE IN UNDEFINED OBSERVATIONS SET TO ZERO
 ...NOTE..LAG VALUE IN UNDEFINED OBSERVATIONS SET TO ZERO
 ...NOTE..LAG VALUE IN UNDEFINED OBSERVATIONS SET TO ZERO
 ...NOTE..LAG VALUE IN UNDEFINED OBSERVATIONS SET TO ZERO
 ...NOTE..LAG VALUE IN UNDEFINED OBSERVATIONS SET TO ZERO
 EXECUTION FINISHED FOR DO LOOP  #=      12

 |_*NOW CONSTRUCT THE NORMALIZED QUADRATIC EXACT INDEX NUMBER FORMULA USING THE CHAIN PRINCIPLE
 |_GENR QNCHL=NUML/DENL

 |_GENR QNCH=LAG(QNCH)*QNCHL
 ...NOTE..LAG VALUE IN UNDEFINED OBSERVATIONS SET TO ZERO

 |_*NORMALIZE QNCH TO EQUAL Y AT OBSERVATION 1
 |_SMPL 1 33

 |_GENR CON=QNCH(1)

 |_GENR QNCH=QNCH*Y(1)/CON

 |_GENR PNCH=Y/QNCH

 |_FORMAT(F8.0,7F10.5)

 |_PRINT YEAR QF QNCH QNFB PF PNCH PNFB Y / FORMAT
       YEAR           QF             QNCH           QNFB           PF      &
       PNCH           PNFB           Y
   1985.   9.42901   9.42901   9.42901   1.00000   1.00000   1.00000   9.42901
   1986.   9.47800   9.47800   9.47800   1.08486   1.08486   1.08486  10.28232
   1987.   9.64775   9.64775   9.64872   1.16054   1.16054   1.16043  11.19664
   1988.   9.95326   9.95325   9.95456   1.23537   1.23537   1.23521  12.29599
   1989.  10.21585  10.21584  10.21965   1.31843   1.31843   1.31794  13.46887
   1990.  10.02312  10.02311  10.02731   1.38993   1.38993   1.38935  13.93146
   1991.  10.12557  10.12556  10.13231   1.42673   1.42673   1.42578  14.44647
   1992.  10.22133  10.22132  10.22661   1.45481   1.45482   1.45406  14.87014
   1993.  10.33591  10.33590  10.34148   1.48218   1.48218   1.48138  15.31964
   1994.  10.68372  10.68371  10.69521   1.51259   1.51259   1.51096  16.16007
   1995.  10.92411  10.92410  10.93542   1.55379   1.55379   1.55218  16.97379
   1996.  11.14585  11.14583  11.15613   1.57550   1.57550   1.57405  17.56029
   1997.  11.59000  11.58999  11.61004   1.60231   1.60231   1.59954  18.57079
   1998.  12.13409  12.13408  12.15033   1.61821   1.61821   1.61605  19.63550
   1999.  12.50058  12.50056  12.50529   1.64933   1.64933   1.64871  20.61753
   2000.  12.75043  12.75041  12.76378   1.72462   1.72463   1.72282  21.98968
   2001.  12.95916  12.95914  12.96600   1.76904   1.76904   1.76811  22.92530
   2002.  13.32386  13.32384  13.33555   1.82057   1.82057   1.81897  24.25698
   2003.  13.92034  13.92031  13.92722   1.84432   1.84432   1.84341  25.67358
   2004.  14.42634  14.42631  14.45314   1.87579   1.87579   1.87231  27.06076
   2005.  14.69366  14.69364  14.71141   1.93200   1.93201   1.92967  28.38820
   2006.  15.23706  15.23704  15.23871   1.99713   1.99714   1.99692  30.43044
   2007.  15.74808  15.74806  15.75714   2.05506   2.05506   2.05388  32.36321
   2008.  15.51289  15.51287  15.50373   2.12125   2.12125   2.12250  32.90674
   2009.  15.85845  15.85843  15.82659   2.16359   2.16359   2.16794  34.31110
   2010.  16.32173  16.32172  16.22609   2.20000   2.20000   2.21297  35.90784
   2011.  16.54166  16.54165  16.42850   2.25072   2.25072   2.26622  37.23062
   2012.  16.55921  16.55921  16.41150   2.30922   2.30922   2.33001  38.23889
   2013.  16.68286  16.68286  16.49664   2.37120   2.37120   2.39797  39.55844
   2014.  16.77651  16.77652  16.54191   2.40972   2.40972   2.44390  40.42678
   2015.  16.95805  16.95806  16.69379   2.44833   2.44833   2.48709  41.51889
   2016.  17.10076  17.10077  16.76269   2.47047   2.47047   2.52029  42.24691
   2017.  17.31311  17.31313  16.88419   2.50541   2.50541   2.56906  43.37641

 |_*THE CHAINED FISHER AND CHAINED NORMALIZED QUADRATIC INDEXES DIFFER ONLY IN THE 4TH AND 5TH DECIMAL PLACE
 |_*THEY ARE INCREDIBLY CLOSE!

 |_GENR U=QNCH

 |_*IN THIS RUN, WE WILL SPLINE UTILITY AT 2 BREAK POINTS 13 AND 17
 |_GENR U=QNCH

 |_*WE WILL SPLINE UTILITY AT OBS 13 AND 17
 |_DO #=1,3

 |_GENR U#=0

 |_ENDO
 EXECUTION BEGINNING FOR DO LOOP  # =       1
 EXECUTION FINISHED FOR DO LOOP  #=       3

 |_GENR U1=U

 |_SMPL 14 33

 |_GENR U1=U1(13)

 |_GENR U2=U-U(13)

 |_SMPL 18 33

 |_GENR U2=U2(17)

 |_GENR U3=U-U(17)

 |_SMPL 1 33

 |_GENR CHECK=U-U1-U2-U3

 |_STAT CHECK
 NAME        N    MEAN        ST. DEV      VARIANCE     MINIMUM      MAXIMUM
 CHECK        33  0.00000E+00 0.00000E+00 0.00000E+00  0.00000E+00  0.00000E+00

 |_*CHECK SHOULD BE 0 FOR ALL OBSERVATIONS AND THIS CHECK IS SATISFIED

 |_*CHANGE NOTATION FOR NORMALIZED PRICES; CALL THEM V# INSTEAD OF PN#
 |_DO #=1,12

 |_GENR V#=PN#

 |_ENDO
 EXECUTION BEGINNING FOR DO LOOP  # =       1
 EXECUTION FINISHED FOR DO LOOP  #=      12


 |_*GENR DIFFERENCES OF NORMALIZED PRICES WITH THE FIRST NORMALIZED INPUT PRICE
 |_DO #=1,12

 |_GENR V1D#=V#-V1

 |_ENDO
 EXECUTION BEGINNING FOR DO LOOP  # =       1
 EXECUTION FINISHED FOR DO LOOP  #=      12

 |_*GENR DIFFERENCES OF NORMALIZED PRICES WITH THE SECOND NORMALIZED INPUT PRICE
 |_DO #=2,12

 |_GENR V2D#=V#-V2

 |_ENDO
 EXECUTION BEGINNING FOR DO LOOP  # =       2
 EXECUTION FINISHED FOR DO LOOP  #=      12


 |_*GENR DIFFERENCES OF NORMALIZED PRICES WITH THE 3RD NORMALIZED INPUT PRICE
 |_DO #=3,12

 |_GENR V3D#=V#-V3

 |_ENDO
 EXECUTION BEGINNING FOR DO LOOP  # =       3
 EXECUTION FINISHED FOR DO LOOP  #=      12


 |_*GENR DIFFERENCES OF NORMALIZED PRICES WITH THE 4TH NORMALIZED INPUT PRICE
 |_DO #=4,12

 |_GENR V4D#=V#-V4

 |_ENDO
 EXECUTION BEGINNING FOR DO LOOP  # =       4
 EXECUTION FINISHED FOR DO LOOP  #=      12


 |_*GENR DIFFERENCES OF NORMALIZED PRICES WITH THE 5TH NORMALIZED INPUT PRICE
 |_DO #=5,12

 |_GENR V5D#=V#-V5

 |_ENDO
 EXECUTION BEGINNING FOR DO LOOP  # =       5
 EXECUTION FINISHED FOR DO LOOP  #=      12


 |_*OUR NQ UNIT COST FUNCTION WITH A RANK ONE SUBSTITUTION MATRIX IS EQUAL TO C(u,p) DEFINED AS FOLLOWS:
 |_*C(u,p) = a.p + bA.pU1 + bB.pU2 + bC.pU3 - (1/2)(p.c)(p.c)U/p.g WHERE c.1 = 0.
 |_*WE SET c(1) = -SUM(n=2,12)c(n). THEREFORE c.v = SUM(n=2,12)c(n)(v(n)-v(1)) = SUM(n=2,12)c(n)V1D#
 |_*ADD THE TERM - (1/2)(p.d)(p.d)/p.g WHERE d.1 = 0 AND d(1)=0                (RANK 2 SUBSTITUTION MATRIX)
 |_*ADD THE TERM - (1/2)(p.e)(p.e)/p.g WHERE e.1 = 0 AND e(1)=e(2)=0           (RANK 3 SUBSTITUTION MATRIX)
 |_*ADD THE TERM - (1/2)(p.f)(p.f)/p.g WHERE f.1 = 0 AND f(1)=f(2)=f(3)=0      (RANK 4 SUBSTITUTION MATRIX)
 |_*ADD THE TERM - (1/2)(p.h)(p.h)/p.g WHERE h.1 = 0 AND h(1)=h(2)=h(3)=h(4)=0 (RANK 5 SUBSTITUTION MATRIX)
 |_*THE HICKSIAN DEMAND FUNCTIONS ARE AS FOLLOWS
 |_*q =a+bA*U1+bB*U2+bC*U3-c(c.v)*U+(1/2)g(c.v)(c.v)*U-d(d.v)*U+(1/2)g(d.v)(d.v)*U-e(e.v)u+(1/2)g(e.v)(e.v)u &
 |_*  -f(f.v)u+(1/2)g(f.v)(f.v)u-h(h.v)u+(1/2)g(h.v)(h.v)u

 |_*WE USE THE FINAL COEFS FROM CONS6OUT.TXT AS STARTING VALUES IN THE FOLLOWING NONLINEAR REGRESSION
 |_*WE WILL NOW RUN A SYSTEM REGRESSION WITH UTILITY SPLINES WITH A RANK 5 SUBSTITUTION MATRIX

 |_NL 12 / NCOEF=93 GENRVAR CONV=.000001 ITER=10000 PITER=1000 LIST
 ...NOTE..SAMPLE RANGE SET TO:     1,    33

 |_EQ Q1=A1+BA1*U1+BB1*U2+BC1*U3 &

 | +(C2+C3+C4+C5+C6+C7+C8+C9+C10+C11+C12)*(C2*V1D2 &

 | +C3*V1D3+C4*V1D4+C5*V1D5+C6*V1D6+C7*V1D7+C8*V1D8+C9*V1D9+C10*V1D10+C11*V1D11+C12*V1D12)*U &

 | +(1/2)*G1*((C2*V1D2+C3*V1D3+C4*V1D4+C5*V1D5+C6*V1D6+C7*V1D7+C8*V1D8+C9*V1D9+C10*V1D10+C11*V1D11+C12*V1D12)**2)*U &

 | +(1/2)*G1*((D3*V2D3+D4*V2D4+D5*V2D5+D6*V2D6+D7*V2D7+D8*V2D8+D9*V2D9+D10*V2D10+D11*V2D11+D12*V2D12)**2)*U &

 | +(1/2)*G1*((E4*V3D4+E5*V3D5+E6*V3D6+E7*V3D7+E8*V3D8+E9*V3D9+E10*V3D10+E11*V3D11+E12*V3D12)**2)*U &

 | +(1/2)*G1*((F5*V4D5+F6*V4D6+F7*V4D7+F8*V4D8+F9*V4D9+F10*V4D10+F11*V4D11+F12*V4D12)**2)*U &

 | +(1/2)*G1*((H6*V5D6+H7*V5D7+H8*V5D8+H9*V5D9+H10*V5D10+H11*V5D11+H12*V5D12)**2)*U

 |_EQ Q2=A2+BA2*U1+BB2*U2+BC2*U3 &

 | -C2*(C2*V1D2+C3*V1D3+C4*V1D4+C5*V1D5+C6*V1D6+C7*V1D7+C8*V1D8+C9*V1D9+C10*V1D10+C11*V1D11+C12*V1D12)*U &

 | +(1/2)*G2*((C2*V1D2+C3*V1D3+C4*V1D4+C5*V1D5+C6*V1D6+C7*V1D7+C8*V1D8+C9*V1D9+C10*V1D10+C11*V1D11+C12*V1D12)**2)*U &

 | +(D3+D4+D5+D6+D7+D8+D9+D10+D11+D12)*(D3*V2D3+D4*V2D4+D5*V2D5+D6*V2D6+D7*V2D7+D8*V2D8 &

 | +D9*V2D9+D10*V2D10+D11*V2D11+D12*V2D12)*U  &

 | +(1/2)*G2*((D3*V2D3+D4*V2D4+D5*V2D5+D6*V2D6+D7*V2D7+D8*V2D8+D9*V2D9+D10*V2D10+D11*V2D11+D12*V2D12)**2)*U &

 | +(1/2)*G2*((E4*V3D4+E5*V3D5+E6*V3D6+E7*V3D7+E8*V3D8+E9*V3D9+E10*V3D10+E11*V3D11+E12*V3D12)**2)*U &

 | +(1/2)*G2*((F5*V4D5+F6*V4D6+F7*V4D7+F8*V4D8+F9*V4D9+F10*V4D10+F11*V4D11+F12*V4D12)**2)*U &

 | +(1/2)*G2*((H6*V5D6+H7*V5D7+H8*V5D8+H9*V5D9+H10*V5D10+H11*V5D11+H12*V5D12)**2)*U

 |_EQ Q3=A3+BA3*U1+BB3*U2+BC3*U3 &

 | -C3*(C2*V1D2+C3*V1D3+C4*V1D4+C5*V1D5+C6*V1D6+C7*V1D7+C8*V1D8+C9*V1D9+C10*V1D10+C11*V1D11+C12*V1D12)*U &

 | +(1/2)*G3*(C2*V1D2+C3*V1D3+C4*V1D4+C5*V1D5+C6*V1D6+C7*V1D7+C8*V1D8+C9*V1D9+C10*V1D10+C11*V1D11+C12*V1D12)*U &

 | -D3*(D3*V2D3+D4*V2D4+D5*V2D5+D6*V2D6+D7*V2D7+D8*V2D8+D9*V2D9+D10*V2D10+D11*V2D11+D12*V2D12)*U  &

 | +(1/2)*G3*((D3*V2D3+D4*V2D4+D5*V2D5+D6*V2D6+D7*V2D7+D8*V2D8+D9*V2D9+D10*V2D10+D11*V2D11+D12*V2D12)**2)*U &

 | +(E4+E5+E6+E7+E8+E9+E10+E11+E12)*(E4*V3D4+E5*V3D5+E6*V3D6+E7*V3D7+E8*V3D8+E9*V3D9+E10*V3D10+E11*V3D11+E12*V3D12)*U &

 | +(1/2)*G3*((E4*V3D4+E5*V3D5+E6*V3D6+E7*V3D7+E8*V3D8+E9*V3D9+E10*V3D10+E11*V3D11+E12*V3D12)**2)*U &

 | +(1/2)*G3*((F5*V4D5+F6*V4D6+F7*V4D7+F8*V4D8+F9*V4D9+F10*V4D10+F11*V4D11+F12*V4D12)**2)*U &

 | +(1/2)*G3*((H6*V5D6+H7*V5D7+H8*V5D8+H9*V5D9+H10*V5D10+H11*V5D11+H12*V5D12)**2)*U

 |_EQ Q4=A4+BA4*U1+BB4*U2+BC4*U3 &

 | -C4*(C2*V1D2+C3*V1D3+C4*V1D4+C5*V1D5+C6*V1D6+C7*V1D7+C8*V1D8+C9*V1D9+C10*V1D10+C11*V1D11+C12*V1D12)*U &

 | +(1/2)*G4*((C2*V1D2+C3*V1D3+C4*V1D4+C5*V1D5+C6*V1D6+C7*V1D7+C8*V1D8+C9*V1D9+C10*V1D10+C11*V1D11+C12*V1D12)**2)*U &

 | -D4*(D3*V2D3+D4*V2D4+D5*V2D5+D6*V2D6+D7*V2D7+D8*V2D8+D9*V2D9+D10*V2D10+D11*V2D11+D12*V2D12)*U  &

 | +(1/2)*G4*((D3*V2D3+D4*V2D4+D5*V2D5+D6*V2D6+D7*V2D7+D8*V2D8+D9*V2D9+D10*V2D10+D11*V2D11+D12*V2D12)**2)*U &

 | -E4*(E4*V3D4+E5*V3D5+E6*V3D6+E7*V3D7+E8*V3D8+E9*V3D9+E10*V3D10+E11*V3D11+E12*V3D12)*U &

 | +(1/2)*G4*((E4*V3D4+E5*V3D5+E6*V3D6+E7*V3D7+E8*V3D8+E9*V3D9+E10*V3D10+E11*V3D11+E12*V3D12)**2)*U &

 | +(F5+F6+F7+F8+F9+F10+F11+F12)*(F5*V4D5+F6*V4D6+F7*V4D7+F8*V4D8+F9*V4D9+F10*V4D10+F11*V4D11+F12*V4D12)*U &

 | +(1/2)*G4*((F5*V4D5+F6*V4D6+F7*V4D7+F8*V4D8+F9*V4D9+F10*V4D10+F11*V4D11+F12*V4D12)**2)*U &

 | +(1/2)*G4*((H6*V5D6+H7*V5D7+H8*V5D8+H9*V5D9+H10*V5D10+H11*V5D11+H12*V5D12)**2)*U

 |_EQ Q5=A5+BA5*U1+BB5*U2+BC5*U3 &

 | -C5*(C2*V1D2+C3*V1D3+C4*V1D4+C5*V1D5+C6*V1D6+C7*V1D7+C8*V1D8+C9*V1D9+C10*V1D10+C11*V1D11+C12*V1D12)*U &

 | +(1/2)*G5*((C2*V1D2+C3*V1D3+C4*V1D4+C5*V1D5+C6*V1D6+C7*V1D7+C8*V1D8+C9*V1D9+C10*V1D10+C11*V1D11+C12*V1D12)**2)*U &

 | -D5*(D3*V2D3+D4*V2D4+D5*V2D5+D6*V2D6+D7*V2D7+D8*V2D8+D9*V2D9+D10*V2D10+D11*V2D11+D12*V2D12)*U  &

 | +(1/2)*G5*((D3*V2D3+D4*V2D4+D5*V2D5+D6*V2D6+D7*V2D7+D8*V2D8+D9*V2D9+D10*V2D10+D11*V2D11+D12*V2D12)**2)*U &

 | -E5*(E4*V3D4+E5*V3D5+E6*V3D6+E7*V3D7+E8*V3D8+E9*V3D9+E10*V3D10+E11*V3D11+E12*V3D12)*U &

 | +(1/2)*G5*((E4*V3D4+E5*V3D5+E6*V3D6+E7*V3D7+E8*V3D8+E9*V3D9+E10*V3D10+E11*V3D11+E12*V3D12)**2)*U &

 | -F5*(F5*V4D5+F6*V4D6+F7*V4D7+F8*V4D8+F9*V4D9+F10*V4D10+F11*V4D11+F12*V4D12)*U &

 | +(1/2)*G5*((F5*V4D5+F6*V4D6+F7*V4D7+F8*V4D8+F9*V4D9+F10*V4D10+F11*V4D11+F12*V4D12)**2)*U &

 | +(H6+H7+H8+H9+H10+H11+H12)*(H6*V5D6+H7*V5D7+H8*V5D8+H9*V5D9+H10*V5D10+H11*V5D11+H12*V5D12)*U &

 | +(1/2)*G5*((H6*V5D6+H7*V5D7+H8*V5D8+H9*V5D9+H10*V5D10+H11*V5D11+H12*V5D12)**2)*U

 |_EQ Q6=A6+BA6*U1+BB6*U2+BC6*U3 &

 | -C6*(C2*V1D2+C3*V1D3+C4*V1D4+C5*V1D5+C6*V1D6+C7*V1D7+C8*V1D8+C9*V1D9+C10*V1D10+C11*V1D11+C12*V1D12)*U &

 | +(1/2)*G6*((C2*V1D2+C3*V1D3+C4*V1D4+C5*V1D5+C6*V1D6+C7*V1D7+C8*V1D8+C9*V1D9+C10*V1D10+C11*V1D11+C12*V1D12)**2)*U &

 | -D6*(D3*V2D3+D4*V2D4+D5*V2D5+D6*V2D6+D7*V2D7+D8*V2D8+D9*V2D9+D10*V2D10+D11*V2D11+D12*V2D12)*U  &

 | +(1/2)*G6*((D3*V2D3+D4*V2D4+D5*V2D5+D6*V2D6+D7*V2D7+D8*V2D8+D9*V2D9+D10*V2D10+D11*V2D11+D12*V2D12)**2)*U &

 | -E6*(E4*V3D4+E5*V3D5+E6*V3D6+E7*V3D7+E8*V3D8+E9*V3D9+E10*V3D10+E11*V3D11+E12*V3D12)*U &

 | +(1/2)*G6*((E4*V3D4+E5*V3D5+E6*V3D6+E7*V3D7+E8*V3D8+E9*V3D9+E10*V3D10+E11*V3D11+E12*V3D12)**2)*U &

 | -F6*(F5*V4D5+F6*V4D6+F7*V4D7+F8*V4D8+F9*V4D9+F10*V4D10+F11*V4D11+F12*V4D12)*U &

 | +(1/2)*G6*((F5*V4D5+F6*V4D6+F7*V4D7+F8*V4D8+F9*V4D9+F10*V4D10+F11*V4D11+F12*V4D12)**2)*U &

 | -H6*(H6*V5D6+H7*V5D7+H8*V5D8+H9*V5D9+H10*V5D10+H11*V5D11+H12*V5D12)*U &

 | +(1/2)*G6*((H6*V5D6+H7*V5D7+H8*V5D8+H9*V5D9+H10*V5D10+H11*V5D11+H12*V5D12)**2)*U

 |_EQ Q7=A7+BA7*U1+BB7*U2+BC7*U3 &

 | -C7*(C2*V1D2+C3*V1D3+C4*V1D4+C5*V1D5+C6*V1D6+C7*V1D7+C8*V1D8+C9*V1D9+C10*V1D10+C11*V1D11+C12*V1D12)*U &

 | +(1/2)*G7*((C2*V1D2+C3*V1D3+C4*V1D4+C5*V1D5+C6*V1D6+C7*V1D7+C8*V1D8+C9*V1D9+C10*V1D10+C11*V1D11+C12*V1D12)**2)*U &

 | -D7*(D3*V2D3+D4*V2D4+D5*V2D5+D6*V2D6+D7*V2D7+D8*V2D8+D9*V2D9+D10*V2D10+D11*V2D11+D12*V2D12)*U  &

 | +(1/2)*G7*((D3*V2D3+D4*V2D4+D5*V2D5+D6*V2D6+D7*V2D7+D8*V2D8+D9*V2D9+D10*V2D10+D11*V2D11+D12*V2D12)**2)*U &

 | -E7*(E4*V3D4+E5*V3D5+E6*V3D6+E7*V3D7+E8*V3D8+E9*V3D9+E10*V3D10+E11*V3D11+E12*V3D12)*U &

 | +(1/2)*G7*((E4*V3D4+E5*V3D5+E6*V3D6+E7*V3D7+E8*V3D8+E9*V3D9+E10*V3D10+E11*V3D11+E12*V3D12)**2)*U &

 | -F7*(F5*V4D5+F6*V4D6+F7*V4D7+F8*V4D8+F9*V4D9+F10*V4D10+F11*V4D11+F12*V4D12)*U &

 | +(1/2)*G7*((F5*V4D5+F6*V4D6+F7*V4D7+F8*V4D8+F9*V4D9+F10*V4D10+F11*V4D11+F12*V4D12)**2)*U &

 | -H7*(H6*V5D6+H7*V5D7+H8*V5D8+H9*V5D9+H10*V5D10+H11*V5D11+H12*V5D12)*U &

 | +(1/2)*G7*((H6*V5D6+H7*V5D7+H8*V5D8+H9*V5D9+H10*V5D10+H11*V5D11+H12*V5D12)**2)*U

 |_EQ Q8=A8+BA8*U1+BB8*U2+BC8*U3 &

 | -C8*(C2*V1D2+C3*V1D3+C4*V1D4+C5*V1D5+C6*V1D6+C7*V1D7+C8*V1D8+C9*V1D9+C10*V1D10+C11*V1D11+C12*V1D12)*U &

 | +(1/2)*G8*((C2*V1D2+C3*V1D3+C4*V1D4+C5*V1D5+C6*V1D6+C7*V1D7+C8*V1D8+C9*V1D9+C10*V1D10+C11*V1D11+C12*V1D12)**2)*U &

 | -D8*(D3*V2D3+D4*V2D4+D5*V2D5+D6*V2D6+D7*V2D7+D8*V2D8+D9*V2D9+D10*V2D10+D11*V2D11+D12*V2D12)*U  &

 | +(1/2)*G8*((D3*V2D3+D4*V2D4+D5*V2D5+D6*V2D6+D7*V2D7+D8*V2D8+D9*V2D9+D10*V2D10+D11*V2D11+D12*V2D12)**2)*U &

 | -E8*(E4*V3D4+E5*V3D5+E6*V3D6+E7*V3D7+E8*V3D8+E9*V3D9+E10*V3D10+E11*V3D11+E12*V3D12)*U &

 | +(1/2)*G8*((E4*V3D4+E5*V3D5+E6*V3D6+E7*V3D7+E8*V3D8+E9*V3D9+E10*V3D10+E11*V3D11+E12*V3D12)**2)*U &

 | -F8*(F5*V4D5+F6*V4D6+F7*V4D7+F8*V4D8+F9*V4D9+F10*V4D10+F11*V4D11+F12*V4D12)*U &

 | +(1/2)*G8*((F5*V4D5+F6*V4D6+F7*V4D7+F8*V4D8+F9*V4D9+F10*V4D10+F11*V4D11+F12*V4D12)**2)*U &

 | -H8*(H6*V5D6+H7*V5D7+H8*V5D8+H9*V5D9+H10*V5D10+H11*V5D11+H12*V5D12)*U &

 | +(1/2)*G8*((H6*V5D6+H7*V5D7+H8*V5D8+H9*V5D9+H10*V5D10+H11*V5D11+H12*V5D12)**2)*U

 |_EQ Q9=A9+BA9*U1+BB9*U2+BC9*U3 &

 | -C9*(C2*V1D2+C3*V1D3+C4*V1D4+C5*V1D5+C6*V1D6+C7*V1D7+C8*V1D8+C9*V1D9+C10*V1D10+C11*V1D11+C12*V1D12)*U &

 | +(1/2)*G9*((C2*V1D2+C3*V1D3+C4*V1D4+C5*V1D5+C6*V1D6+C7*V1D7+C8*V1D8+C9*V1D9+C10*V1D10+C11*V1D11+C12*V1D12)**2)*U &

 | -D9*(D3*V2D3+D4*V2D4+D5*V2D5+D6*V2D6+D7*V2D7+D8*V2D8+D9*V2D9+D10*V2D10+D11*V2D11+D12*V2D12)*U  &

 | +(1/2)*G9*((D3*V2D3+D4*V2D4+D5*V2D5+D6*V2D6+D7*V2D7+D8*V2D8+D9*V2D9+D10*V2D10+D11*V2D11+D12*V2D12)**2)*U &

 | -E9*(E4*V3D4+E5*V3D5+E6*V3D6+E7*V3D7+E8*V3D8+E9*V3D9+E10*V3D10+E11*V3D11+E12*V3D12)*U &

 | +(1/2)*G9*((E4*V3D4+E5*V3D5+E6*V3D6+E7*V3D7+E8*V3D8+E9*V3D9+E10*V3D10+E11*V3D11+E12*V3D12)**2)*U &

 | -F9*(F5*V4D5+F6*V4D6+F7*V4D7+F8*V4D8+F9*V4D9+F10*V4D10+F11*V4D11+F12*V4D12)*U &

 | +(1/2)*G9*((F5*V4D5+F6*V4D6+F7*V4D7+F8*V4D8+F9*V4D9+F10*V4D10+F11*V4D11+F12*V4D12)**2)*U &

 | -H9*(H6*V5D6+H7*V5D7+H8*V5D8+H9*V5D9+H10*V5D10+H11*V5D11+H12*V5D12)*U &

 | +(1/2)*G9*((H6*V5D6+H7*V5D7+H8*V5D8+H9*V5D9+H10*V5D10+H11*V5D11+H12*V5D12)**2)*U

 |_EQ Q10=A10+BA10*U1+BB10*U2+BC10*U3 &

 | -C10*(C2*V1D2+C3*V1D3+C4*V1D4+C5*V1D5+C6*V1D6+C7*V1D7+C8*V1D8+C9*V1D9+C10*V1D10+C11*V1D11+C12*V1D12)*U &

 | +(1/2)*G10*((C2*V1D2+C3*V1D3+C4*V1D4+C5*V1D5+C6*V1D6+C7*V1D7+C8*V1D8+C9*V1D9+C10*V1D10+C11*V1D11+C12*V1D12)**2)*U &

 | -D10*(D3*V2D3+D4*V2D4+D5*V2D5+D6*V2D6+D7*V2D7+D8*V2D8+D9*V2D9+D10*V2D10+D11*V2D11+D12*V2D12)*U  &

 | +(1/2)*G10*((D3*V2D3+D4*V2D4+D5*V2D5+D6*V2D6+D7*V2D7+D8*V2D8+D9*V2D9+D10*V2D10+D11*V2D11+D12*V2D12)**2)*U &

 | -E10*(E4*V3D4+E5*V3D5+E6*V3D6+E7*V3D7+E8*V3D8+E9*V3D9+E10*V3D10+E11*V3D11+E12*V3D12)*U &

 | +(1/2)*G10*((E4*V3D4+E5*V3D5+E6*V3D6+E7*V3D7+E8*V3D8+E9*V3D9+E10*V3D10+E11*V3D11+E12*V3D12)**2)*U &

 | -F10*(F5*V4D5+F6*V4D6+F7*V4D7+F8*V4D8+F9*V4D9+F10*V4D10+F11*V4D11+F12*V4D12)*U &

 | +(1/2)*G10*((F5*V4D5+F6*V4D6+F7*V4D7+F8*V4D8+F9*V4D9+F10*V4D10+F11*V4D11+F12*V4D12)**2)*U &

 | -H10*(H6*V5D6+H7*V5D7+H8*V5D8+H9*V5D9+H10*V5D10+H11*V5D11+H12*V5D12)*U &

 | +(1/2)*G10*((H6*V5D6+H7*V5D7+H8*V5D8+H9*V5D9+H10*V5D10+H11*V5D11+H12*V5D12)**2)*U

 |_EQ Q11=A11+BA11*U1+BB11*U2+BC11*U3 &

 | -C11*(C2*V1D2+C3*V1D3+C4*V1D4+C5*V1D5+C6*V1D6+C7*V1D7+C8*V1D8+C9*V1D9+C10*V1D10+C11*V1D11+C12*V1D12)*U &

 | +(1/2)*G11*((C2*V1D2+C3*V1D3+C4*V1D4+C5*V1D5+C6*V1D6+C7*V1D7+C8*V1D8+C9*V1D9+C10*V1D10+C11*V1D11+C12*V1D12)**2)*U &

 | -D11*(D3*V2D3+D4*V2D4+D5*V2D5+D6*V2D6+D7*V2D7+D8*V2D8+D9*V2D9+D10*V2D10+D11*V2D11+D12*V2D12)*U  &

 | +(1/2)*G11*((D3*V2D3+D4*V2D4+D5*V2D5+D6*V2D6+D7*V2D7+D8*V2D8+D9*V2D9+D10*V2D10+D11*V2D11+D12*V2D12)**2)*U &

 | -E11*(E4*V3D4+E5*V3D5+E6*V3D6+E7*V3D7+E8*V3D8+E9*V3D9+E10*V3D10+E11*V3D11+E12*V3D12)*U &

 | +(1/2)*G11*((E4*V3D4+E5*V3D5+E6*V3D6+E7*V3D7+E8*V3D8+E9*V3D9+E10*V3D10+E11*V3D11+E12*V3D12)**2)*U &

 | -F11*(F5*V4D5+F6*V4D6+F7*V4D7+F8*V4D8+F9*V4D9+F10*V4D10+F11*V4D11+F12*V4D12)*U &

 | +(1/2)*G11*((F5*V4D5+F6*V4D6+F7*V4D7+F8*V4D8+F9*V4D9+F10*V4D10+F11*V4D11+F12*V4D12)**2)*U &

 | -H11*(H6*V5D6+H7*V5D7+H8*V5D8+H9*V5D9+H10*V5D10+H11*V5D11+H12*V5D12)*U &

 | +(1/2)*G11*((H6*V5D6+H7*V5D7+H8*V5D8+H9*V5D9+H10*V5D10+H11*V5D11+H12*V5D12)**2)*U

 |_EQ Q12=A12+BA12*U1+BB12*U2+BC12*U3 &

 | -C12*(C2*V1D2+C3*V1D3+C4*V1D4+C5*V1D5+C6*V1D6+C7*V1D7+C8*V1D8+C9*V1D9+C10*V1D10+C11*V1D11+C12*V1D12)*U &

 | +(1/2)*G12*((C2*V1D2+C3*V1D3+C4*V1D4+C5*V1D5+C6*V1D6+C7*V1D7+C8*V1D8+C9*V1D9+C10*V1D10+C11*V1D11+C12*V1D12)**2)*U &

 | -D12*(D3*V2D3+D4*V2D4+D5*V2D5+D6*V2D6+D7*V2D7+D8*V2D8+D9*V2D9+D10*V2D10+D11*V2D11+D12*V2D12)*U  &

 | +(1/2)*G12*((D3*V2D3+D4*V2D4+D5*V2D5+D6*V2D6+D7*V2D7+D8*V2D8+D9*V2D9+D10*V2D10+D11*V2D11+D12*V2D12)**2)*U &

 | -E12*(E4*V3D4+E5*V3D5+E6*V3D6+E7*V3D7+E8*V3D8+E9*V3D9+E10*V3D10+E11*V3D11+E12*V3D12)*U &

 | +(1/2)*G12*((E4*V3D4+E5*V3D5+E6*V3D6+E7*V3D7+E8*V3D8+E9*V3D9+E10*V3D10+E11*V3D11+E12*V3D12)**2)*U &

 | -F12*(F5*V4D5+F6*V4D6+F7*V4D7+F8*V4D8+F9*V4D9+F10*V4D10+F11*V4D11+F12*V4D12)*U &

 | +(1/2)*G12*((F5*V4D5+F6*V4D6+F7*V4D7+F8*V4D8+F9*V4D9+F10*V4D10+F11*V4D11+F12*V4D12)**2)*U &

 | -H12*(H6*V5D6+H7*V5D7+H8*V5D8+H9*V5D9+H10*V5D10+H11*V5D11+H12*V5D12)*U &

 | +(1/2)*G12*((H6*V5D6+H7*V5D7+H8*V5D8+H9*V5D9+H10*V5D10+H11*V5D11+H12*V5D12)**2)*U

 |_COEF A1       0.69006
   73 VARIABLES IN 12 EQUATIONS WITH  93 COEFFICIENTS
         33 OBSERVATIONS

 REQUIRED MEMORY IS PAR=     901 CURRENT PAR=   10000

 |_COEF BA1      0.050142

 |_COEF BB1      0.073077

 |_COEF BC1      0.095082

 |_COEF C2      -0.037198

 |_COEF C3      -0.0098383

 |_COEF C4      -0.13151

 |_COEF C5      -0.095254

 |_COEF C6      -0.055709

 |_COEF C7       0.042333

 |_COEF C8      -0.017892

 |_COEF C9       0.087416

 |_COEF C10     -0.038380

 |_COEF C11      0.52180

 |_COEF C12     -0.012330

 |_COEF D3       0.0069803

 |_COEF D4       0.19731

 |_COEF D5      -0.081316

 |_COEF D6      -0.025862

 |_COEF D7      -0.029455

 |_COEF D8       0.016126

 |_COEF D9      -0.23368

 |_COEF D10      0.0089540

 |_COEF D11      0.095450

 |_COEF D12     -0.018835

 |_COEF E4       0.029946

 |_COEF E5      -0.038911

 |_COEF E6       0.032261

 |_COEF E7      -0.091306

 |_COEF E8       0.18407

 |_COEF E9      -0.046711

 |_COEF E10     -0.0036401

 |_COEF E11     -0.0034278

 |_COEF E12     -0.040929

 |_COEF F5       0.14927

 |_COEF F6      -0.11859

 |_COEF F7       0.014483

 |_COEF F8       0.052340

 |_COEF F9      -0.045423

 |_COEF F10      0.0042807

 |_COEF F11      0.074083

 |_COEF F12     -0.044069

 |_COEF A2      -0.073361

 |_COEF BA2      0.024942

 |_COEF BB2      0.027196

 |_COEF BC2      0.030031

 |_COEF A3       0.52117

 |_COEF BA3     -0.034074

 |_COEF BB3      0.010848

 |_COEF BC3     -0.0012923

 |_COEF A4       0.43281

 |_COEF BA4      0.013784

 |_COEF BB4      0.090778

 |_COEF BC4      0.11361

 |_COEF A5       0.25792

 |_COEF BA5      0.23678

 |_COEF BB5      0.16349

 |_COEF BC5      0.21181

 |_COEF A6       0.091905

 |_COEF BA6      0.032553

 |_COEF BB6      0.046752

 |_COEF BC6      0.040135

 |_COEF A7      -0.66652

 |_COEF BA7      0.19712

 |_COEF BB7      0.14701

 |_COEF BC7      0.13589

 |_COEF A8      -0.26346

 |_COEF BA8      0.040572

 |_COEF BB8      0.10964

 |_COEF BC8      0.030138

 |_COEF A9       -1.6666

 |_COEF BA9      0.27070

 |_COEF BB9      0.15192

 |_COEF BC9      0.19106

 |_COEF A10     -0.019200

 |_COEF BA10     0.020805

 |_COEF BB10     0.012621

 |_COEF BC10     0.026056

 |_COEF A11      0.73982

 |_COEF BA11     0.12578

 |_COEF BB11     0.21942

 |_COEF BC11     0.058480

 |_COEF A12     -0.59122

 |_COEF BA12     0.077133

 |_COEF BB12    -0.011814

 |_COEF BC12     0.17489

 |_COEF H6  0.00001

 |_COEF H7  0.00001

 |_COEF H8  0.00001

 |_COEF H9  0.00001

 |_COEF H10 0.00001

 |_COEF H11 0.00001

 |_COEF H12 0.00001

 COEFFICIENT STARTING VALUES
 A1        0.69006      BA1       0.50142E-01  BB1       0.73077E-01
 BC1       0.95082E-01  C2       -0.37190E-01  C3       -0.98300E-02
 C4       -0.13151      C5       -0.95250E-01  C6       -0.55700E-01
 C7        0.42333E-01  C8       -0.17890E-01  C9        0.87416E-01
 C10      -0.38380E-01  C11       0.52180      C12      -0.12330E-01
 D3        0.69800E-02  D4        0.19731      D5       -0.81310E-01
 D6       -0.25860E-01  D7       -0.29450E-01  D8        0.16126E-01
 D9       -0.23368      D10       0.89540E-02  D11       0.95450E-01
 D12      -0.18830E-01  E4        0.29946E-01  E5       -0.38910E-01
 E6        0.32261E-01  E7       -0.91300E-01  E8        0.18407
 E9       -0.46710E-01  E10      -0.36400E-02  E11      -0.34200E-02
 E12      -0.40920E-01  F5        0.14927      F6       -0.11859
 F7        0.14483E-01  F8        0.52340E-01  F9       -0.45420E-01
 F10       0.42800E-02  F11       0.74083E-01  F12      -0.44060E-01
 H6        0.10000E-04  H7        0.10000E-04  H8        0.10000E-04
 H9        0.10000E-04  H10       0.10000E-04  H11       0.10000E-04
 H12       0.10000E-04  A2       -0.73360E-01  BA2       0.24942E-01
 BB2       0.27196E-01  BC2       0.30031E-01  A3        0.52117
 BA3      -0.34070E-01  BB3       0.10848E-01  BC3      -0.12900E-02
 A4        0.43281      BA4       0.13784E-01  BB4       0.90778E-01
 BC4       0.11361      A5        0.25792      BA5       0.23678
 BB5       0.16349      BC5       0.21181      A6        0.91905E-01
 BA6       0.32553E-01  BB6       0.46752E-01  BC6       0.40135E-01
 A7       -0.66652      BA7       0.19712      BB7       0.14701
 BC7       0.13589      A8       -0.26346      BA8       0.40572E-01
 BB8       0.10964      BC8       0.30138E-01  A9        -1.6666
 BA9       0.27070      BB9       0.15192      BC9       0.19106
 A10      -0.19200E-01  BA10      0.20805E-01  BB10      0.12621E-01
 BC10      0.26056E-01  A11       0.73982      BA11      0.12578
 BB11      0.21942      BC11      0.58480E-01  A12      -0.59122
 BA12      0.77133E-01  BB12     -0.11810E-01  BC12      0.17489
     10000 MAXIMUM ITERATIONS, CONVERGENCE =   0.100000E-05

 INITIAL STATISTICS :

 TIME =     0.4990 SEC.   ITER. NO.     0   FUNCT. EVALUATIONS     1
 LOG-LIKELIHOOD FUNCTION=    1302.161
 COEFFICIENTS
   0.6900600      0.5014200E-01  0.7307700E-01  0.9508200E-01 -0.3719000E-01
  -0.9830000E-02 -0.1315100     -0.9525000E-01 -0.5570000E-01  0.4233300E-01
  -0.1789000E-01  0.8741600E-01 -0.3838000E-01  0.5218000     -0.1233000E-01
   0.6980000E-02  0.1973100     -0.8131000E-01 -0.2586000E-01 -0.2945000E-01
   0.1612600E-01 -0.2336800      0.8954000E-02  0.9545000E-01 -0.1883000E-01
   0.2994600E-01 -0.3891000E-01  0.3226100E-01 -0.9130000E-01  0.1840700
  -0.4671000E-01 -0.3640000E-02 -0.3420000E-02 -0.4092000E-01  0.1492700
  -0.1185900      0.1448300E-01  0.5234000E-01 -0.4542000E-01  0.4280000E-02
   0.7408300E-01 -0.4406000E-01  0.1000000E-04  0.1000000E-04  0.1000000E-04
   0.1000000E-04  0.1000000E-04  0.1000000E-04  0.1000000E-04 -0.7336000E-01
   0.2494200E-01  0.2719600E-01  0.3003100E-01  0.5211700     -0.3407000E-01
   0.1084800E-01 -0.1290000E-02  0.4328100      0.1378400E-01  0.9077800E-01
   0.1136100      0.2579200      0.2367800      0.1634900      0.2118100
   0.9190500E-01  0.3255300E-01  0.4675200E-01  0.4013500E-01 -0.6665200
   0.1971200      0.1470100      0.1358900     -0.2634600      0.4057200E-01
   0.1096400      0.3013800E-01  -1.666600      0.2707000      0.1519200
   0.1910600     -0.1920000E-01  0.2080500E-01  0.1262100E-01  0.2605600E-01
   0.7398200      0.1257800      0.2194200      0.5848000E-01 -0.5912200
   0.7713300E-01 -0.1181000E-01  0.1748900
 GRADIENT
   -197.4684      -2250.463      -221.5918      -523.3863      -126.5105
   -1237.587       301.0454       89.77102       21.41214       222.9371
    330.5404       310.5544      -692.9640       76.74992       266.4794
    738.7336      -294.5646      -144.9995      -114.3598      -234.5611
   -297.3667      -297.1108       371.9103      -140.5769      -262.7716
   -1444.869      -1280.536      -1269.760      -1379.410      -1577.157
   -1375.505      -1263.007      -1346.771      -1418.480       2.793853
    12.86314      -1.595695       6.708828      -18.65731       143.8048
    18.74350      -4.591571     -0.1461825E-01 -0.1880860E-01 -0.3578196E-01
  -0.1727550E-01 -0.8330887E-03 -0.1324915E-01 -0.2160977E-01  -224.5522
   -2634.016      -325.3115      -792.1852      -73.96673      -760.0326
   -1.819787       47.10659      -45.19703      -531.6281      -69.81133
   -195.4374      -76.22788      -854.1019      -73.63395      -185.5790
   -84.32458      -964.8177      -97.98997      -223.0577      -60.65267
   -694.1990      -72.81174      -187.6312      -109.0933      -1250.629
   -128.8918      -301.3497      -40.93094      -462.9797      -43.56916
   -107.7773      -254.3755      -2951.328      -335.4728      -813.0010
   -88.34131      -1013.643      -107.4865      -268.8092      -69.19293
   -789.0344      -78.70659      -189.3600

 FINAL STATISTICS :

 LOG-LIKELIHOOD FUNCTION=    1311.376
 TIME =     2.6390 SEC.   ITER. NO.   534   FUNCT. EVALUATIONS   564
 COEFFICIENTS
   0.7234652      0.4664207E-01  0.7065072E-01  0.8935828E-01 -0.3494164E-01
  -0.1041705E-01 -0.1426888     -0.8718581E-01 -0.4790730E-01  0.4804810E-01
  -0.2219849E-01  0.7857124E-01 -0.4009491E-01  0.5218153     -0.9949607E-02
   0.5402791E-02  0.5919555E-01  0.2845399E-01  0.1759108E-01 -0.9667894E-02
   0.2026937E-01 -0.2006902     -0.7095620E-02 -0.3175517E-01 -0.8298278E-02
  -0.1156245E-01 -0.1042870E-01  0.4411630E-01 -0.7773152E-01  0.1789171
  -0.3225548E-01 -0.6447905E-02 -0.3163702E-01 -0.3086696E-01  0.2026267
   0.1196442E-01  0.7187270E-01 -0.5583650E-02  0.2244803E-01 -0.1696649E-01
  -0.8752013E-01  0.2418525E-01 -0.1356999     -0.2165099E-01  0.5680779E-01
  -0.4938871E-01  0.1150137E-01  0.1269003     -0.6245676E-01 -0.1841388
   0.3657481E-01  0.3097820E-01  0.4993057E-01  0.5210482     -0.3405326E-01
   0.1049781E-01 -0.1265592E-02  0.5621777      0.5084673E-03  0.7578480E-01
   0.8437463E-01  0.1382087      0.2489712      0.1730538      0.2379039
   0.5029917E-01  0.3659950E-01  0.5052497E-01  0.5136641E-01 -0.6846175
   0.1987687      0.1511819      0.1399626     -0.2928842      0.4360003E-01
   0.1091822      0.3425650E-01  -1.610621      0.2655001      0.1584177
   0.1753766      0.8084006E-02  0.1800707E-01  0.1108662E-01  0.2012541E-01
   0.8229555      0.1172354      0.2118468      0.3966297E-01 -0.5910435
   0.7691730E-01 -0.9457260E-02  0.1765092
 GRADIENT
  -0.2606075E-04 -0.2917533E-03 -0.2438373E-04 -0.4701274E-04 -0.1250575E-04
   0.4583978E-04 -0.8122812E-05  0.3122702E-05  0.7127596E-05  0.6472094E-06
   0.8571788E-05  0.2168895E-05  0.2762830E-04  0.6289899E-06  0.4756052E-05
   0.8504445E-04 -0.3075798E-04 -0.1529804E-04 -0.2496542E-04 -0.2797689E-04
  -0.5050580E-04 -0.3969973E-04  0.1207361E-04 -0.1850481E-04 -0.4140939E-04
  -0.7181016E-04 -0.6299351E-04 -0.4964739E-04 -0.6280859E-04 -0.4906418E-04
  -0.5277014E-04 -0.3501964E-04 -0.6415568E-04 -0.4650807E-04 -0.2107833E-04
  -0.2660238E-04 -0.1143265E-04 -0.1075011E-04 -0.1057016E-04 -0.6382484E-04
  -0.1691075E-04 -0.9954335E-05 -0.3586935E-05 -0.4810650E-05 -0.1222423E-04
  -0.8367272E-05  0.1283078E-04 -0.5534349E-06 -0.7727789E-05 -0.1665713E-04
  -0.2037070E-03 -0.3424298E-04 -0.1216377E-03 -0.1881448E-04 -0.2033388E-03
  -0.1286993E-04 -0.1509253E-04 -0.2094599E-04 -0.2400897E-03 -0.2644474E-04
  -0.6657014E-04 -0.1997005E-04 -0.2248527E-03 -0.2309072E-04 -0.4954023E-04
  -0.1291273E-04 -0.1469064E-03 -0.1356953E-04 -0.3279600E-04 -0.1544246E-04
  -0.1768920E-03 -0.1999522E-04 -0.4760432E-04 -0.3625504E-05 -0.4364726E-04
  -0.7468131E-05 -0.1440657E-04 -0.1422865E-04 -0.1606123E-03 -0.1451088E-04
  -0.3113883E-04  0.3486422E-05  0.2885244E-04 -0.4831477E-05 -0.2593910E-04
  -0.1940173E-04 -0.2209446E-03 -0.2312326E-04 -0.5433592E-04 -0.1284234E-04
  -0.1438328E-03 -0.1266537E-04 -0.2508015E-04

 SIGMA MATRIX
   0.97327E-04
  -0.36151E-05  0.22952E-04
  -0.61936E-05 -0.81150E-05  0.69981E-04
   0.52318E-04 -0.29395E-04  0.73622E-04  0.28725E-03
  -0.45107E-04  0.25280E-04 -0.18630E-03 -0.17254E-03  0.73670E-03
  -0.32301E-05 -0.11729E-04 -0.83984E-04 -0.83750E-04  0.31341E-03
   0.21147E-03
   0.61397E-04  0.47371E-04  0.23564E-04 -0.25374E-03 -0.34813E-03
  -0.88041E-04  0.11832E-02
   0.10859E-03 -0.37285E-04  0.30947E-05  0.22080E-03 -0.53147E-04
  -0.22238E-04 -0.29315E-03  0.40993E-03
   0.65777E-04  0.82872E-04 -0.12311E-03 -0.11522E-03  0.29983E-03
   0.67591E-05  0.48690E-04  0.54230E-04  0.80122E-03
  -0.43757E-04  0.89597E-05  0.66515E-05 -0.34243E-04  0.29162E-04
   0.10690E-04  0.20763E-04 -0.98724E-04 -0.31651E-04  0.40033E-04
  -0.46491E-04 -0.17516E-03  0.16980E-03  0.30277E-03 -0.53280E-03
  -0.14546E-03 -0.72933E-03  0.32745E-03 -0.80242E-03 -0.86663E-04
   0.21887E-02
  -0.25864E-03  0.12564E-03  0.30867E-04 -0.31758E-03 -0.27431E-04
  -0.15169E-03  0.51993E-03 -0.67895E-03 -0.62699E-05  0.19928E-03
  -0.94966E-03  0.18916E-02
 GTRANSPOSE*INVERSE(H)*G  STATISTIC  -  =  0.96421E-14

          COEFFICIENT STD ERROR   T-RATIO

 A1       0.72347     0.12379      5.8445
 BA1      0.46642E-01 0.13160E-01  3.5443
 BB1      0.70651E-01 0.12044E-01  5.8662
 BC1      0.89358E-01 0.17705E-01  5.0472
 C2      -0.34942E-01 0.14639E-01 -2.3868
 C3      -0.10417E-01 0.23342E-02 -4.4629
 C4      -0.14269     0.36037E-01 -3.9595
 C5      -0.87186E-01 0.31391E-01 -2.7774
 C6      -0.47907E-01 0.14878E-01 -3.2201
 C7       0.48048E-01 0.35736E-01  1.3445
 C8      -0.22198E-01 0.24508E-01-0.90577
 C9       0.78571E-01 0.44662E-01  1.7592
 C10     -0.40095E-01 0.71979E-02 -5.5703
 C11      0.52182     0.68442E-01  7.6242
 C12     -0.99496E-02 0.17314E-01-0.57466
 D3       0.54028E-02 0.20132E-02  2.6837
 D4       0.59196E-01 0.39150E-01  1.5120
 D5       0.28454E-01 0.36592E-01 0.77761
 D6       0.17591E-01 0.15155E-01  1.1607
 D7      -0.96679E-02 0.21012E-01-0.46010
 D8       0.20269E-01 0.23695E-01 0.85542
 D9      -0.20069     0.40064E-01 -5.0092
 D10     -0.70956E-02 0.68835E-02 -1.0308
 D11     -0.31755E-01 0.75567E-01-0.42023
 D12     -0.82983E-02 0.13937E-01-0.59540
 E4      -0.11562E-01 0.37674E-01-0.30691
 E5      -0.10429E-01 0.32329E-01-0.32258
 E6       0.44116E-01 0.15633E-01  2.8221
 E7      -0.77732E-01 0.19449E-01 -3.9966
 E8       0.17892     0.14812E-01  12.079
 E9      -0.32255E-01 0.21998E-01 -1.4663
 E10     -0.64479E-02 0.42095E-02 -1.5318
 E11     -0.31637E-01 0.30707E-01 -1.0303
 E12     -0.30867E-01 0.18476E-01 -1.6706
 F5       0.20263     0.35847E-01  5.6526
 F6       0.11964E-01 0.24668E-01 0.48501
 F7       0.71873E-01 0.40416E-01  1.7783
 F8      -0.55837E-02 0.63012E-01-0.88612E-01
 F9       0.22448E-01 0.92289E-01 0.24324
 F10     -0.16966E-01 0.11090E-01 -1.5300
 F11     -0.87520E-01 0.11687    -0.74889
 F12      0.24185E-01 0.26463E-01 0.91393
 H6      -0.13570     0.15117E-01 -8.9766
 H7      -0.21651E-01 0.33572E-01-0.64492
 H8       0.56808E-01 0.41081E-01  1.3828
 H9      -0.49389E-01 0.60478E-01-0.81663
 H10      0.11501E-01 0.73494E-02  1.5649
 H11      0.12690     0.80445E-01  1.5775
 H12     -0.62457E-01 0.24635E-01 -2.5352
 A2      -0.18414     0.58001E-01 -3.1748
 BA2      0.36575E-01 0.61159E-02  5.9803
 BB2      0.30978E-01 0.44684E-02  6.9328
 BC2      0.49931E-01 0.92348E-02  5.4068
 A3       0.52105     0.37444E-01  13.915
 BA3     -0.34053E-01 0.36311E-02 -9.3783
 BB3      0.10498E-01 0.51156E-02  2.0521
 BC3     -0.12656E-02 0.20808E-02-0.60822
 A4       0.56218     0.16098      3.4921
 BA4      0.50847E-03 0.16940E-01 0.30016E-01
 BB4      0.75785E-01 0.18922E-01  4.0052
 BC4      0.84375E-01 0.24484E-01  3.4462
 A5       0.13821     0.15473     0.89320
 BA5      0.24897     0.15718E-01  15.840
 BB5      0.17305     0.20306E-01  8.5223
 BC5      0.23790     0.19464E-01  12.222
 A6       0.50299E-01 0.89513E-01 0.56192
 BA6      0.36600E-01 0.91817E-02  3.9861
 BB6      0.50525E-01 0.11178E-01  4.5200
 BC6      0.51366E-01 0.10088E-01  5.0917
 A7      -0.68462     0.18480     -3.7047
 BA7      0.19877     0.18436E-01  10.782
 BB7      0.15118     0.21470E-01  7.0415
 BC7      0.13996     0.16994E-01  8.2361
 A8      -0.29288     0.10423     -2.8100
 BA8      0.43600E-01 0.10454E-01  4.1707
 BB8      0.10918     0.12557E-01  8.6946
 BC8      0.34257E-01 0.12660E-01  2.7059
 A9       -1.6106     0.15892     -10.135
 BA9      0.26550     0.15895E-01  16.703
 BB9      0.15842     0.19922E-01  7.9517
 BC9      0.17538     0.22219E-01  7.8932
 A10      0.80840E-02 0.41079E-01 0.19679
 BA10     0.18007E-01 0.42159E-02  4.2712
 BB10     0.11087E-01 0.46419E-02  2.3884
 BC10     0.20125E-01 0.52574E-02  3.8280
 A11      0.82296     0.27469      2.9960
 BA11     0.11724     0.27652E-01  4.2397
 BB11     0.21185     0.35185E-01  6.0210
 BC11     0.39663E-01 0.37946E-01  1.0452
 A12     -0.59104     0.19010     -3.1091
 BA12     0.76917E-01 0.18513E-01  4.1549
 BB12    -0.94573E-02 0.24420E-01-0.38727
 BC12     0.17651     0.12502E-01  14.118

     OBS.   OBSERVED     PREDICTED   CALCULATED
      NO.    VALUE        VALUE       RESIDUAL
       1    1.1867       1.1633      0.23446E-01                I           *
       2    1.1682       1.1630      0.51576E-02                I  *
       3    1.1677       1.1695     -0.17842E-02               *I
       4    1.1438       1.1475     -0.36632E-02              * I
       5    1.1466       1.1530     -0.63970E-02             *  I
       6    1.1305       1.1516     -0.21068E-01     *          I
       7    1.1436       1.1492     -0.55988E-02             *  I
       8    1.1506       1.1547     -0.41462E-02              * I
       9    1.1535       1.1639     -0.10380E-01           *    I
      10    1.1926       1.1867      0.58910E-02                I  *
      11    1.2079       1.1980      0.99323E-02                I    *
      12    1.1849       1.1745      0.10449E-01                I    *
      13    1.2143       1.2132      0.10848E-02                I*
      14    1.2031       1.2022      0.95901E-03                *
      15    1.2261       1.2292     -0.30937E-02              * I
      16    1.2586       1.2747     -0.16173E-01        *       I
      17    1.2852       1.2939     -0.87039E-02            *   I
      18    1.2974       1.2987     -0.13044E-02               *I
      19    1.3302       1.3242      0.60259E-02                I  *
      20    1.3605       1.3532      0.73080E-02                I   *
      21    1.3734       1.3684      0.49584E-02                I  *
      22    1.3770       1.3544      0.22524E-01                I          *
      23    1.3864       1.3690      0.17417E-01                I        *
      24    1.3906       1.3798      0.10850E-01                I    *
      25    1.3948       1.4072     -0.12417E-01          *     I
      26    1.4057       1.4144     -0.87170E-02            *   I
      27    1.4218       1.4292     -0.74246E-02            *   I
      28    1.4400       1.4426     -0.26257E-02               *I
      29    1.4605       1.4605      0.59309E-05                *
      30    1.4464       1.4515     -0.51460E-02             *  I
      31    1.4858       1.4866     -0.76596E-03                *
      32    1.4858       1.4884     -0.26384E-02               *I
      33    1.5260       1.5300     -0.39623E-02              * I

 DURBIN-WATSON = 0.8196    VON NEUMANN RATIO = 0.8452    RHO =  0.50463
 RESIDUAL SUM = -0.71939E-09  RESIDUAL VARIANCE =  0.97327E-04
 SUM OF ABSOLUTE ERRORS=  0.25202
 R-SQUARE BETWEEN OBSERVED AND PREDICTED = 0.9936
 RUNS TEST:    8 RUNS,   14 POS,    0 ZERO,   19 NEG  NORMAL STATISTIC = -3.3047

     OBS.   OBSERVED     PREDICTED   CALCULATED
      NO.    VALUE        VALUE       RESIDUAL
       1   0.17032      0.16073      0.95946E-02                I         *
       2   0.16177      0.16084      0.92831E-03                I*
       3   0.16187      0.16063      0.12384E-02                I*
       4   0.16078      0.16401     -0.32269E-02             *  I
       5   0.16379      0.16870     -0.49139E-02           *    I
       6   0.15859      0.15826      0.32913E-03                *
       7   0.15412      0.15892     -0.48004E-02           *    I
       8   0.15619      0.16445     -0.82632E-02       *        I
       9   0.16632      0.16722     -0.90404E-03               *I
      10   0.18018      0.17613      0.40511E-02                I   *
      11   0.17588      0.17731     -0.14314E-02               *I
      12   0.17848      0.17133      0.71455E-02                I      *
      13   0.18753      0.18870     -0.11746E-02               *I
      14   0.19615      0.19613      0.22713E-04                *
      15   0.20611      0.20361      0.25038E-02                I  *
      16   0.21019      0.20642      0.37729E-02                I   *
      17   0.21183      0.21058      0.12531E-02                I*
      18   0.21714      0.21642      0.71956E-03                I*
      19   0.22020      0.22158     -0.13785E-02               *I
      20   0.23251      0.23429     -0.17819E-02              * I
      21   0.23615      0.24359     -0.74412E-02        *       I
      22   0.24688      0.25278     -0.58976E-02          *     I
      23   0.25352      0.26159     -0.80696E-02        *       I
      24   0.25890      0.25661      0.22868E-02                I *
      25   0.26455      0.26341      0.11431E-02                I*
      26   0.27222      0.26682      0.53986E-02                I     *
      27   0.28026      0.26933      0.10928E-01                I          *
      28   0.27387      0.26825      0.56181E-02                I     *
      29   0.27352      0.27200      0.15159E-02                I *
      30   0.27816      0.27326      0.49015E-02                I    *
      31   0.27648      0.28224     -0.57617E-02          *     I
      32   0.27899      0.28224     -0.32500E-02             *  I
      33   0.27901      0.28407     -0.50561E-02           *    I

 DURBIN-WATSON = 1.0719    VON NEUMANN RATIO = 1.1054    RHO =  0.39990
 RESIDUAL SUM =  0.16750E-09  RESIDUAL VARIANCE =  0.22952E-04
 SUM OF ABSOLUTE ERRORS=  0.12670
 R-SQUARE BETWEEN OBSERVED AND PREDICTED = 0.9891
 RUNS TEST:   12 RUNS,   18 POS,    0 ZERO,   15 NEG  NORMAL STATISTIC = -1.9136

     OBS.   OBSERVED     PREDICTED   CALCULATED
      NO.    VALUE        VALUE       RESIDUAL
       1   0.20084      0.19996      0.88029E-03                I*
       2   0.19824      0.19657      0.16664E-02                I*
       3   0.19410      0.19105      0.30508E-02                I *
       4   0.19044      0.17799      0.12445E-01                I      *
       5   0.18703      0.16559      0.21444E-01                I            *
       6   0.17648      0.17130      0.51765E-02                I  *
       7   0.16354      0.16823     -0.46912E-02             *  I
       8   0.15182      0.16230     -0.10475E-01          *     I
       9   0.13890      0.15676     -0.17860E-01     *          I
      10   0.12897      0.14444     -0.15467E-01       *        I
      11   0.11855      0.13385     -0.15302E-01       *        I
      12   0.12032      0.12366     -0.33394E-02              * I
      13   0.12002      0.10883      0.11187E-01                I      *
      14   0.12157      0.10882      0.12753E-01                I       *
      15   0.11997      0.11032      0.96511E-02                I     *
      16   0.11447      0.11206      0.24090E-02                I*
      17   0.10949      0.11369     -0.41999E-02             *  I
      18   0.10836      0.11142     -0.30591E-02              * I
      19   0.10571      0.10824     -0.25292E-02              * I
      20   0.10700      0.10595      0.10483E-02                I*
      21   0.10243      0.10278     -0.35038E-03                *
      22   0.98430E-01  0.96069E-01  0.23612E-02                I*
      23   0.91810E-01  0.91496E-01  0.31371E-03                *
      24   0.87670E-01  0.92144E-01 -0.44739E-02             *  I
      25   0.83770E-01  0.90406E-01 -0.66360E-02            *   I
      26   0.77570E-01  0.80069E-01 -0.24995E-02               *I
      27   0.72730E-01  0.75986E-01 -0.32558E-02              * I
      28   0.70000E-01  0.76187E-01 -0.61873E-02            *   I
      29   0.66690E-01  0.68449E-01 -0.17587E-02               *I
      30   0.58970E-01  0.60312E-01 -0.13425E-02               *I
      31   0.54380E-01  0.52315E-01  0.20651E-02                I*
      32   0.50350E-01  0.45049E-01  0.53009E-02                I  *
      33   0.49970E-01  0.38295E-01  0.11675E-01                I      *

 DURBIN-WATSON = 0.5430    VON NEUMANN RATIO = 0.5600    RHO =  0.74264
 RESIDUAL SUM = -0.48341E-10  RESIDUAL VARIANCE =  0.69981E-04
 SUM OF ABSOLUTE ERRORS=  0.20685
 R-SQUARE BETWEEN OBSERVED AND PREDICTED = 0.9648
 RUNS TEST:    9 RUNS,   16 POS,    0 ZERO,   17 NEG  NORMAL STATISTIC = -3.0042

     OBS.   OBSERVED     PREDICTED   CALCULATED
      NO.    VALUE        VALUE       RESIDUAL
       1   0.57239      0.56697      0.54180E-02                I *
       2   0.55793      0.55740      0.52574E-03                *
       3   0.56232      0.55129      0.11029E-01                I  *
       4   0.55474      0.52633      0.28410E-01                I       *
       5   0.54092      0.52628      0.14642E-01                I   *
       6   0.50819      0.52748     -0.19291E-01          *     I
       7   0.52049      0.51788      0.26068E-02                I*
       8   0.49895      0.51320     -0.14247E-01            *   I
       9   0.49158      0.51962     -0.28035E-01        *       I
      10   0.49630      0.52123     -0.24932E-01         *      I
      11   0.51209      0.51759     -0.54956E-02              * I
      12   0.51216      0.49761      0.14547E-01                I   *
      13   0.51757      0.50941      0.81575E-02                I *
      14   0.54628      0.52943      0.16845E-01                I    *
      15   0.56525      0.56966     -0.44128E-02               *I
      16   0.56178      0.57496     -0.13180E-01            *   I
      17   0.58188      0.60260     -0.20716E-01          *     I
      18   0.61989      0.61557      0.43212E-02                I*
      19   0.65708      0.64159      0.15486E-01                I    *
      20   0.70155      0.69220      0.93541E-02                I  *
      21   0.73895      0.74015     -0.11973E-02                *
      22   0.79546      0.77889      0.16574E-01                I    *
      23   0.83340      0.83352     -0.11683E-03                *
      24   0.85948      0.84570      0.13781E-01                I   *
      25   0.90146      0.88227      0.19195E-01                I     *
      26   0.92372      0.92133      0.23940E-02                I*
      27   0.92295      0.95411     -0.31159E-01       *        I
      28   0.93543      0.97196     -0.36529E-01     *          I
      29   0.97659      0.99840     -0.21811E-01          *     I
      30   0.98426      0.99631     -0.12049E-01            *   I
      31    1.0336       1.0172      0.16394E-01                I    *
      32    1.0437       1.0180      0.25702E-01                I       *
      33    1.0704       1.0626      0.77882E-02                I *

 DURBIN-WATSON = 0.9394    VON NEUMANN RATIO = 0.9688    RHO =  0.52894
 RESIDUAL SUM = -0.90618E-09  RESIDUAL VARIANCE =  0.28725E-03
 SUM OF ABSOLUTE ERRORS=  0.46634
 R-SQUARE BETWEEN OBSERVED AND PREDICTED = 0.9925
 RUNS TEST:   13 RUNS,   19 POS,    0 ZERO,   14 NEG  NORMAL STATISTIC = -1.4932

     OBS.   OBSERVED     PREDICTED   CALCULATED
      NO.    VALUE        VALUE       RESIDUAL
       1    2.4613       2.4858     -0.24510E-01           *    I
       2    2.4842       2.5052     -0.21005E-01            *   I
       3    2.5335       2.5431     -0.96210E-02              * I
       4    2.5815       2.6041     -0.22640E-01            *   I
       5    2.6333       2.6623     -0.29056E-01           *    I
       6    2.6051       2.6198     -0.14716E-01             *  I
       7    2.6622       2.6503      0.11813E-01                I *
       8    2.7185       2.6779      0.40637E-01                I      *
       9    2.7703       2.7036      0.66730E-01                I           *
      10    2.8346       2.7930      0.41563E-01                I       *
      11    2.8735       2.8510      0.22460E-01                I   *
      12    2.9093       2.8940      0.15375E-01                I  *
      13    2.9705       3.0096     -0.39142E-01         *      I
      14    3.0291       3.0794     -0.50303E-01       *        I
      15    3.1309       3.1424     -0.11548E-01              * I
      16    3.1835       3.2078     -0.24317E-01            *   I
      17    3.2553       3.2338      0.21513E-01                I   *
      18    3.3365       3.3070      0.29529E-01                I    *
      19    3.4303       3.4266      0.37559E-02                I*
      20    3.5121       3.5192     -0.70965E-02               *I
      21    3.5335       3.5475     -0.13991E-01             *  I
      22    3.6086       3.6299     -0.21234E-01            *   I
      23    3.6630       3.7029     -0.39875E-01         *      I
      24    3.6844       3.6377      0.46645E-01                I        *
      25    3.7201       3.6937      0.26390E-01                I    *
      26    3.7719       3.7597      0.12198E-01                I *
      27    3.7879       3.7846      0.32789E-02                I*
      28    3.7809       3.7768      0.41262E-02                I*
      29    3.8030       3.8028      0.29594E-03                *
      30    3.8483       3.8253      0.23006E-01                I   *
      31    3.8850       3.8884     -0.33914E-02               *I
      32    3.9133       3.9217     -0.84608E-02              * I
      33    3.9382       3.9666     -0.28409E-01           *    I

 DURBIN-WATSON = 0.8970    VON NEUMANN RATIO = 0.9250    RHO =  0.54051
 RESIDUAL SUM =  0.12080E-08  RESIDUAL VARIANCE =  0.73670E-03
 SUM OF ABSOLUTE ERRORS=  0.73863
 R-SQUARE BETWEEN OBSERVED AND PREDICTED = 0.9970
 RUNS TEST:    7 RUNS,   16 POS,    0 ZERO,   17 NEG  NORMAL STATISTIC = -3.7123

     OBS.   OBSERVED     PREDICTED   CALCULATED
      NO.    VALUE        VALUE       RESIDUAL
       1   0.37338      0.39540     -0.22016E-01        *       I
       2   0.38858      0.39456     -0.59807E-02              * I
       3   0.39061      0.40840     -0.17792E-01          *     I
       4   0.41480      0.42247     -0.76735E-02             *  I
       5   0.41803      0.42943     -0.11403E-01            *   I
       6   0.41988      0.41840      0.14761E-02                I*
       7   0.42474      0.41363      0.11114E-01                I   *
       8   0.45114      0.42469      0.26449E-01                I        *
       9   0.46453      0.42896      0.35567E-01                I           *
      10   0.46050      0.44005      0.20446E-01                I      *
      11   0.45611      0.45103      0.50754E-02                I *
      12   0.44873      0.44492      0.38111E-02                I*
      13   0.43884      0.46247     -0.23634E-01        *       I
      14   0.47013      0.48414     -0.14012E-01           *    I
      15   0.47065      0.48296     -0.12309E-01            *   I
      16   0.49915      0.51799     -0.18835E-01          *     I
      17   0.54017      0.53162      0.85464E-02                I  *
      18   0.56527      0.54579      0.19477E-01                I      *
      19   0.58755      0.58403      0.35182E-02                I*
      20   0.60557      0.60675     -0.11808E-02                *
      21   0.61501      0.62679     -0.11780E-01            *   I
      22   0.64140      0.63836      0.30355E-02                I*
      23   0.67173      0.66988      0.18451E-02                I*
      24   0.69896      0.68089      0.18072E-01                I     *
      25   0.72023      0.71864      0.15922E-02                I*
      26   0.74780      0.76408     -0.16283E-01          *     I
      27   0.77608      0.79347     -0.17388E-01          *     I
      28   0.82107      0.80701      0.14064E-01                I    *
      29   0.82652      0.81964      0.68802E-02                I *
      30   0.84095      0.82942      0.11529E-01                I   *
      31   0.85112      0.84742      0.37019E-02                I*
      32   0.87108      0.87161     -0.52902E-03                *
      33   0.88604      0.90142     -0.15383E-01           *    I

 DURBIN-WATSON = 0.8806    VON NEUMANN RATIO = 0.9081    RHO =  0.52587
 RESIDUAL SUM =  0.77542E-09  RESIDUAL VARIANCE =  0.21147E-03
 SUM OF ABSOLUTE ERRORS=  0.39240
 R-SQUARE BETWEEN OBSERVED AND PREDICTED = 0.9923
 RUNS TEST:    9 RUNS,   18 POS,    0 ZERO,   15 NEG  NORMAL STATISTIC = -2.9839

     OBS.   OBSERVED     PREDICTED   CALCULATED
      NO.    VALUE        VALUE       RESIDUAL
       1    1.2702       1.1896      0.80606E-01                I           *
       2    1.1973       1.1959      0.13335E-02                *
       3    1.1966       1.2350     -0.38414E-01          *     I
       4    1.2732       1.3041     -0.30895E-01            *   I
       5    1.3450       1.3447      0.32224E-03                *
       6    1.3059       1.3005      0.53509E-02                I*
       7    1.3073       1.3265     -0.19147E-01             *  I
       8    1.3423       1.3374      0.49370E-02                I*
       9    1.3462       1.3512     -0.49453E-02               *I
      10    1.4058       1.4166     -0.10792E-01              * I
      11    1.4376       1.4579     -0.20374E-01             *  I
      12    1.4846       1.5067     -0.22117E-01             *  I
      13    1.6100       1.5879      0.22061E-01                I  *
      14    1.7160       1.6686      0.47403E-01                I      *
      15    1.7123       1.7091      0.31904E-02                *
      16    1.7608       1.7448      0.15999E-01                I *
      17    1.7747       1.7702      0.44883E-02                I*
      18    1.8247       1.8281     -0.34311E-02                *
      19    1.9066       1.9221     -0.15416E-01              * I
      20    1.9919       1.9899      0.20200E-02                *
      21    1.9736       2.0132     -0.39600E-01          *     I
      22    2.0818       2.0867     -0.48910E-02               *I
      23    2.2233       2.1528      0.70495E-01                I         *
      24    2.0431       2.1059     -0.62870E-01       *        I
      25    2.0844       2.1535     -0.69119E-01      *         I
      26    2.2145       2.2012      0.13256E-01                I *
      27    2.2576       2.2211      0.36443E-01                I    *
      28    2.2935       2.2193      0.74165E-01                I          *
      29    2.2397       2.2067      0.32943E-01                I    *
      30    2.2025       2.2032     -0.68523E-03                *
      31    2.1881       2.1997     -0.11572E-01              * I
      32    2.1813       2.2088     -0.27539E-01            *   I
      33    2.1786       2.2118     -0.33206E-01           *    I

 DURBIN-WATSON = 1.3859    VON NEUMANN RATIO = 1.4292    RHO =  0.21584
 RESIDUAL SUM =  0.21605E-09  RESIDUAL VARIANCE =  0.11832E-02
 SUM OF ABSOLUTE ERRORS=  0.83003
 R-SQUARE BETWEEN OBSERVED AND PREDICTED = 0.9917
 RUNS TEST:   14 RUNS,   16 POS,    0 ZERO,   17 NEG  NORMAL STATISTIC = -1.2339

     OBS.   OBSERVED     PREDICTED   CALCULATED
      NO.    VALUE        VALUE       RESIDUAL
       1   0.13143      0.11822      0.13209E-01                I  *
       2   0.13591      0.13427      0.16444E-02                *
       3   0.14119      0.13150      0.96904E-02                I *
       4   0.14946      0.14076      0.87011E-02                I *
       5   0.15974      0.17736     -0.17618E-01            *   I
       6   0.16258      0.18081     -0.18232E-01           *    I
       7   0.17604      0.17892     -0.28804E-02               *I
       8   0.20089      0.20584     -0.49490E-02               *I
       9   0.22230      0.22708     -0.47844E-02               *I
      10   0.24210      0.24900     -0.69022E-02              * I
      11   0.27682      0.27578      0.10361E-02                *
      12   0.30940      0.28631      0.23088E-01                I     *
      13   0.33441      0.31412      0.20290E-01                I    *
      14   0.37880      0.39201     -0.13206E-01             *  I
      15   0.42740      0.46023     -0.32834E-01        *       I
      16   0.47832      0.50021     -0.21891E-01           *    I
      17   0.50507      0.52819     -0.23125E-01          *     I
      18   0.53408      0.53458     -0.50460E-03                *
      19   0.55479      0.54217      0.12618E-01                I  *
      20   0.59255      0.55858      0.33967E-01                I       *
      21   0.62698      0.58338      0.43596E-01                I          *
      22   0.63973      0.61489      0.24837E-01                I     *
      23   0.65237      0.63738      0.14994E-01                I   *
      24   0.66196      0.64042      0.21536E-01                I    *
      25   0.65950      0.64783      0.11672E-01                I  *
      26   0.69684      0.71200     -0.15156E-01            *   I
      27   0.71625      0.73963     -0.23378E-01          *     I
      28   0.70323      0.73955     -0.36320E-01       *        I
      29   0.77890      0.81455     -0.35654E-01       *        I
      30   0.86079      0.87745     -0.16655E-01            *   I
      31   0.96742      0.96463      0.27861E-02                I*
      32    1.0484       1.0182      0.30254E-01                I      *
      33    1.0890       1.0888      0.17111E-03                *

 DURBIN-WATSON = 0.6281    VON NEUMANN RATIO = 0.6478    RHO =  0.67948
 RESIDUAL SUM = -0.12522E-08  RESIDUAL VARIANCE =  0.40993E-03
 SUM OF ABSOLUTE ERRORS=  0.54818
 R-SQUARE BETWEEN OBSERVED AND PREDICTED = 0.9947
 RUNS TEST:    7 RUNS,   17 POS,    0 ZERO,   16 NEG  NORMAL STATISTIC = -3.7123

     OBS.   OBSERVED     PREDICTED   CALCULATED
      NO.    VALUE        VALUE       RESIDUAL
       1   0.93449      0.89278      0.41708E-01                I      *
       2   0.93211      0.90526      0.26847E-01                I    *
       3   0.97261      0.96537      0.72375E-02                I*
       4    1.0251       1.0655     -0.40467E-01         *      I
       5    1.0833       1.1367     -0.53439E-01       *        I
       6    1.0670       1.0863     -0.19289E-01             *  I
       7    1.0947       1.1189     -0.24270E-01            *   I
       8    1.1145       1.1383     -0.23838E-01            *   I
       9    1.1853       1.1666      0.18708E-01                I  *
      10    1.2798       1.2623      0.17553E-01                I  *
      11    1.3685       1.3355      0.32953E-01                I     *
      12    1.4531       1.4174      0.35702E-01                I     *
      13    1.5338       1.5295      0.43044E-02                I*
      14    1.6071       1.6316     -0.24512E-01            *   I
      15    1.6674       1.6842     -0.16783E-01             *  I
      16    1.7115       1.7333     -0.21769E-01            *   I
      17    1.7652       1.7684     -0.31845E-02               *I
      18    1.8821       1.8560      0.26090E-01                I    *
      19    2.0198       2.0092      0.10555E-01                I *
      20    2.1104       2.1184     -0.79859E-02               *I
      21    2.1782       2.1697      0.85703E-02                I *
      22    2.2816       2.2948     -0.13215E-01              * I
      23    2.3956       2.4155     -0.19851E-01            *   I
      24    2.3825       2.3622      0.20266E-01                I   *
      25    2.4472       2.4467      0.44285E-03                *
      26    2.5961       2.5635      0.32655E-01                I     *
      27    2.6962       2.6187      0.77566E-01                I             *
      28    2.6150       2.6270     -0.12011E-01              * I
      29    2.6104       2.6423     -0.31904E-01          *     I
      30    2.6769       2.6608      0.16072E-01                I  *
      31    2.6945       2.6826      0.11923E-01                I *
      32    2.6816       2.7222     -0.40576E-01         *      I
      33    2.7343       2.7703     -0.36060E-01          *     I

 DURBIN-WATSON = 1.1101    VON NEUMANN RATIO = 1.1447    RHO =  0.40753
 RESIDUAL SUM = -0.12494E-08  RESIDUAL VARIANCE =  0.80122E-03
 SUM OF ABSOLUTE ERRORS=  0.77831
 R-SQUARE BETWEEN OBSERVED AND PREDICTED = 0.9980
 RUNS TEST:   12 RUNS,   17 POS,    0 ZERO,   16 NEG  NORMAL STATISTIC = -1.9420

     OBS.   OBSERVED     PREDICTED   CALCULATED
      NO.    VALUE        VALUE       RESIDUAL
       1   0.17063      0.17787     -0.72429E-02          *     I
       2   0.17804      0.17793      0.11440E-03                *
       3   0.17345      0.18024     -0.67917E-02           *    I
       4   0.18125      0.17902      0.22264E-02                I *
       5   0.19312      0.18312      0.99950E-02                I       *
       6   0.18697      0.18136      0.56120E-02                I   *
       7   0.18667      0.18252      0.41502E-02                I  *
       8   0.18447      0.18303      0.14430E-02                I*
       9   0.18817      0.18607      0.21013E-02                I *
      10   0.19058      0.19377     -0.31916E-02             *  I
      11   0.19058      0.19808     -0.75049E-02          *     I
      12   0.19721      0.19804     -0.82977E-03               *I
      13   0.20381      0.20922     -0.54077E-02            *   I
      14   0.21158      0.20761      0.39722E-02                I  *
      15   0.22243      0.21454      0.78939E-02                I     *
      16   0.22058      0.21869      0.18940E-02                I*
      17   0.23286      0.22235      0.10508E-01                I       *
      18   0.22734      0.22577      0.15730E-02                I*
      19   0.23217      0.23331     -0.11396E-02               *I
      20   0.23160      0.24297     -0.11369E-01       *        I
      21   0.23890      0.24854     -0.96413E-02        *       I
      22   0.24470      0.25262     -0.79234E-02          *     I
      23   0.24519      0.26003     -0.14838E-01    *           I
      24   0.25276      0.25957     -0.68098E-02           *    I
      25   0.26735      0.26566      0.16929E-02                I*
      26   0.27359      0.26932      0.42666E-02                I  *
      27   0.27859      0.27303      0.55639E-02                I   *
      28   0.28275      0.27534      0.74094E-02                I     *
      29   0.28518      0.27913      0.60454E-02                I    *
      30   0.28425      0.27723      0.70199E-02                I     *
      31   0.28427      0.28276      0.15121E-02                I*
      32   0.28415      0.28207      0.20816E-02                I *
      33   0.28587      0.29026     -0.43854E-02             *  I

 DURBIN-WATSON = 0.8081    VON NEUMANN RATIO = 0.8334    RHO =  0.57721
 RESIDUAL SUM =  0.61190E-09  RESIDUAL VARIANCE =  0.40033E-04
 SUM OF ABSOLUTE ERRORS=  0.17415
 R-SQUARE BETWEEN OBSERVED AND PREDICTED = 0.9738
 RUNS TEST:    9 RUNS,   20 POS,    0 ZERO,   13 NEG  NORMAL STATISTIC = -2.8777

     OBS.   OBSERVED     PREDICTED   CALCULATED
      NO.    VALUE        VALUE       RESIDUAL
       1    1.8207       1.9284     -0.10772        *           I
       2    1.9377       1.9400     -0.23334E-02                *
       3    1.9973       1.9550      0.42344E-01                I    *
       4    2.0969       2.0568      0.40158E-01                I   *
       5    2.1542       2.1077      0.46483E-01                I    *
       6    2.1273       2.0758      0.51446E-01                I    *
       7    2.1371       2.1073      0.29769E-01                I  *
       8    2.1041       2.1102     -0.61241E-02               *I
       9    2.0758       2.1205     -0.44674E-01           *    I
      10    2.1438       2.1519     -0.80659E-02               *I
      11    2.1892       2.1823      0.68916E-02                I*
      12    2.2198       2.2901     -0.70275E-01        *       I
      13    2.3342       2.3082      0.26073E-01                I  *
      14    2.5215       2.5315     -0.99995E-02               *I
      15    2.6307       2.6363     -0.56354E-02               *I
      16    2.6363       2.6105      0.25853E-01                I  *
      17    2.6269       2.6486     -0.21691E-01              * I
      18    2.6762       2.7227     -0.46473E-01           *    I
      19    2.7946       2.7976     -0.30162E-02                *
      20    2.8776       2.8627      0.14872E-01                I *
      21    2.9889       2.9006      0.88297E-01                I        *
      22    3.1372       3.0788      0.58369E-01                I     *
      23    3.2146       3.1758      0.38789E-01                I   *
      24    3.0659       3.0910     -0.25136E-01             *  I
      25    3.1104       3.1033      0.70627E-02                I*
      26    3.1462       3.2027     -0.56456E-01          *     I
      27    3.1463       3.2250     -0.78723E-01        *       I
      28    3.1150       3.1988     -0.83756E-01       *        I
      29    3.1895       3.2137     -0.24166E-01             *  I
      30    3.2471       3.2704     -0.23270E-01              * I
      31    3.2864       3.2621      0.24309E-01                I  *
      32    3.3285       3.2998      0.28661E-01                I  *
      33    3.3787       3.2906      0.88137E-01                I        *

 DURBIN-WATSON = 0.9184    VON NEUMANN RATIO = 0.9471    RHO =  0.45572
 RESIDUAL SUM = -0.19676E-08  RESIDUAL VARIANCE =  0.21887E-02
 SUM OF ABSOLUTE ERRORS=   1.2350
 R-SQUARE BETWEEN OBSERVED AND PREDICTED = 0.9910
 RUNS TEST:   14 RUNS,   16 POS,    0 ZERO,   17 NEG  NORMAL STATISTIC = -1.2339

     OBS.   OBSERVED     PREDICTED   CALCULATED
      NO.    VALUE        VALUE       RESIDUAL
       1   0.13675      0.13421      0.25394E-02                *
       2   0.13819      0.13413      0.40620E-02                *
       3   0.15832      0.15320      0.51205E-02                I*
       4   0.18948      0.17945      0.10026E-01                I*
       5   0.20591      0.19199      0.13920E-01                I *
       6   0.18840      0.17304      0.15362E-01                I *
       7   0.17198      0.18018     -0.81968E-02               *I
       8   0.17428      0.18464     -0.10363E-01               *I
       9   0.17255      0.18897     -0.16423E-01              * I
      10   0.19014      0.21373     -0.23586E-01             *  I
      11   0.20900      0.22939     -0.20392E-01              * I
      12   0.23768      0.24192     -0.42385E-02                *
      13   0.26091      0.27416     -0.13250E-01              * I
      14   0.29044      0.26214      0.28299E-01                I  *
      15   0.29518      0.24377      0.51410E-01                I     *
      16   0.32170      0.24858      0.73116E-01                I       *
      17   0.28989      0.24568      0.44213E-01                I    *
      18   0.29642      0.31072     -0.14301E-01              * I
      19   0.39618      0.42377     -0.27595E-01             *  I
      20   0.47188      0.51135     -0.39470E-01           *    I
      21   0.48149      0.55452     -0.73029E-01        *       I
      22   0.53243      0.64021     -0.10778        *           I
      23   0.65718      0.72966     -0.72478E-01        *       I
      24   0.64361      0.69197     -0.48358E-01          *     I
      25   0.77581      0.76100      0.14814E-01                I *
      26   0.89355      0.83810      0.55448E-01                I     *
      27   0.95233      0.87760      0.74734E-01                I        *
      28   0.97790      0.88475      0.93154E-01                I          *
      29   0.94728      0.89046      0.56817E-01                I      *
      30   0.87906      0.89449     -0.15430E-01              * I
      31   0.87605      0.91027     -0.34217E-01            *   I
      32   0.93191      0.93077      0.11368E-02                *
      33   0.94431      0.95937     -0.15061E-01              * I

 DURBIN-WATSON = 0.4369    VON NEUMANN RATIO = 0.4506    RHO =  0.78251
 RESIDUAL SUM =  0.25739E-08  RESIDUAL VARIANCE =  0.18916E-02
 SUM OF ABSOLUTE ERRORS=   1.0883
 R-SQUARE BETWEEN OBSERVED AND PREDICTED = 0.9794
 RUNS TEST:    8 RUNS,   16 POS,    0 ZERO,   17 NEG  NORMAL STATISTIC = -3.3582

 |_END

 |_* THE FINAL LL IN CONS6OUT.TXT = 1275.927
 |_* THE INITIAL LL HERE IS       = 1275.785 WHICH IS CLOSE TO THE ABOVE LL. A GOOD CHECK ON OUR CODE!
 |_* FINAL STATISTICS: TIME =    20.0290 SEC.   ITER. NO.  5443   FUNCT. EVALUATIONS  5699
 |_* FINAL LOG-LIKELIHOOD         = 1284.698, A GAIN OF 9 FOR ADDING 7 PARAMETERS. LOW INCREASE.

 |_STOP

