 Welcome to SHAZAM (Double Precision) v11.1 -  APR 2015 WIN-NT   PAR=112400
 ...NOTE..CURRENT WORKING DIRECTORY IS: C:\Users\jules\Desktop\Diewert_Jules\Production models

 |_*THIS IS PMOD9.TXT:                                                                                            JUNE 19, 2019
 |_*IN THIS RUN WE ESTIMATE AN NQ COST FUNCTION WITH A RANK 4 SUBSTITUTION MATRIX WITH SINGLE TIME TRENDS FOR TECHNICAL PROGRESS
 |_*IN THIS RUN WE ALLOW FOR LINEAR TIME TRENDS FOR THE C AND D VECTORS IN THE SUBSTITUTION MATRIX
 |_*READ IN YOUR DATA FROM THE END OF DATOUT.TXT.
 |_*1=CONSUMPTION,2=GOVERNMENT,3=GROSS INVESTMENT,4=EXPORTS,5=-IMPORTS,6=-LABOUR,7=CAPITAL SERVICES.
 |_SIZE 10000
 ...NOTE..SIZE COMMAND SHOULD BE AT BEGINNING OF RUN

 |_PAR 10000

 |_SET NODOECHO

 |_*READ IN OUR PRODUCTION DATA FROM DATOUT.TXT
 |_*YOUR SMPL STATEMENT MAY BE DIFFERENT!
 |_SMPL 1 60

 |_READ YEAR Y1-Y6 QKS
 ...NOTE..    8 VARIABLES AND       60 OBSERVATIONS STARTING AT OBS       1


 |_*NOTE Y5 AND Y6 SHOULD BE NEGATIVE
 |_FORMAT(F8.0,7F11.4)

 |_PRINT YEAR Y1-Y6 QKS / FORMAT
       YEAR           Y1             Y2             Y3             Y4      &
       Y5             Y6             QKS
   1959.     9.5730     1.8430     5.2450     2.1550    -2.3320    -8.7080     6.6994
   1960.     9.7850     1.9106     5.8133     2.2625    -2.6239    -9.0615     7.0219
   1961.    10.0304     1.9845     5.1597     2.5689    -2.2497    -9.0789     7.4039
   1962.    10.5775     2.0655     5.9914     2.5117    -2.6396    -9.6721     7.6808
   1963.    11.3223     2.1298     6.4178     2.9259    -2.9361   -10.1849     8.0473
   1964.    11.8887     2.3238     7.2833     2.9183    -3.4965   -10.7354     8.4441
   1965.    12.2379     2.5571     7.3815     2.9607    -3.5927   -10.9962     8.9236
   1966.    12.8640     2.6937     8.0388     3.2853    -3.6533   -11.3943     9.3972
   1967.    13.5024     2.9404     8.3696     3.4431    -4.0144   -11.6354     9.9311
   1968.    14.2211     3.0345     9.3974     3.6677    -4.1530   -11.7320    10.4749
   1969.    15.0899     3.2640     9.4890     4.2698    -4.4992   -11.9534    11.1304
   1970.    15.6754     3.4337     9.7915     4.6829    -4.6371   -12.3324    11.7396
   1971.    16.2408     3.5809     9.7237     5.0336    -4.2672   -12.5924    12.3748
   1972.    16.9991     3.6950     9.6718     5.1349    -4.3212   -12.7743    12.9623
   1973.    18.0663     3.7882    11.0839     4.8245    -5.6321   -13.1499    13.5267
   1974.    18.9474     4.1249    10.0235     5.2965    -5.7771   -13.2653    14.2497
   1975.    19.0906     4.4643    10.0794     5.5034    -5.4937   -13.1942    14.8392
   1976.    20.1076     4.4928    10.8607     5.8966    -6.0167   -13.2546    15.4131
   1977.    20.5056     4.6267    10.5783     6.0295    -5.7348   -13.4175    16.0682
   1978.    20.8097     4.7798    12.3571     6.4572    -6.1975   -13.4619    16.6457
   1979.    21.1814     4.8877    12.4916     6.9136    -6.2037   -13.8677    17.4142
   1980.    21.8674     5.1098    13.8719     6.5780    -6.7904   -14.2368    18.1515
   1981.    23.0879     5.1866    15.1804     6.7333    -7.5759   -14.3537    19.0269
   1982.    23.6443     5.3185    12.7100     6.7683    -6.9364   -13.9933    20.0298
   1983.    23.8922     5.5664    14.3346     7.2848    -7.3518   -13.9025    20.6558
   1984.    24.1048     5.9565    15.9216     8.4095    -8.5753   -14.4929    21.4419
   1985.    25.3508     6.2152    16.4682     8.7277    -8.5550   -15.0439    22.3891
   1986.    25.8630     6.4258    15.9968     9.6026    -8.1506   -15.4767    23.3450
   1987.    26.6846     6.6676    17.6890    10.4142    -9.0653   -15.9354    24.1557
   1988.    27.9211     6.8637    20.0586    10.5221   -11.3210   -16.5702    25.1135
   1989.    29.1240     7.0456    20.5265    11.0135   -11.9569   -17.3535    26.3205
   1990.    29.4056     7.2711    17.5060    12.2532   -11.2736   -16.8312    27.5180
   1991.    30.0919     7.4565    16.6801    13.4118   -11.6680   -16.5218    28.2321
   1992.    30.6542     7.6461    18.2692    14.4057   -12.4374   -16.4798    28.7591
   1993.    31.3129     7.7292    19.4782    15.7725   -13.3705   -17.1897    29.4262
   1994.    32.6984     7.9898    22.1053    16.4686   -15.5555   -17.9701    30.1804
   1995.    33.8116     8.3246    22.5168    18.1089   -16.2846   -18.2498    31.2180
   1996.    34.8164     8.4906    24.1881    20.0799   -17.8957   -18.2907    32.2326
   1997.    36.5395     8.8349    26.1632    20.9993   -19.7294   -18.6170    33.3858
   1998.    38.6338     9.2351    27.6235    21.4016   -20.7382   -18.7763    34.6659
   1999.    40.2787     9.5194    29.3274    23.5186   -23.2366   -19.4291    36.0519
   2000.    41.5597     9.6802    26.9081    25.5510   -23.0102   -19.7092    37.5467
   2001.    42.8471     9.9780    29.2652    25.4109   -23.3206   -19.6024    38.5867
   2002.    44.5745    10.2733    32.6416    25.5375   -26.3983   -20.1173    39.8592
   2003.    46.8206    10.7282    36.2308    25.8668   -29.9618   -20.3979    41.4780
   2004.    48.9486    11.0758    38.4453    26.7617   -33.7069   -21.0632    43.4511
   2005.    50.5377    11.4227    40.5341    27.5567   -36.4486   -21.5771    45.5620
   2006.    53.2877    11.7827    42.9589    28.6981   -40.2995   -22.1979    47.7825
   2007.    55.9073    12.1391    47.1876    29.8485   -46.1198   -22.8144    50.1373
   2008.    56.2261    12.6454    46.8421    30.5664   -44.5403   -23.0073    52.8987
   2009.    58.0553    12.8646    47.6358    32.0023   -47.7201   -22.9598    55.4474
   2010.    60.3689    13.3023    50.6611    32.2776   -52.6195   -23.5929    57.9033
   2011.    62.1638    13.7881    56.1773    33.7633   -58.5977   -24.0624    60.6184
   2012.    63.2636    13.8284    57.2881    35.5539   -58.7584   -24.1859    63.8922
   2013.    64.8063    14.0412    55.9145    37.6704   -57.3875   -24.2735    67.1145
   2014.    66.3271    14.3820    54.5639    40.2439   -57.9407   -24.6444    69.9342
   2015.    68.1531    14.9960    52.7001    42.9985   -57.8722   -25.1144    72.3540
   2016.    69.7614    15.7463    52.6797    45.3650   -60.5939   -25.4963    74.3773
   2017.    71.7556    16.3624    55.0908    46.9006   -64.6131   -26.2596    76.2867
   2018.    73.2624    17.2095    55.0827    48.5057   -65.3162   -26.9031    78.4020

 |_READ YEAR P1-P6 PKS
 ...NOTE..    8 VARIABLES AND       60 OBSERVATIONS STARTING AT OBS       1


 |_FORMAT(F8.0,7F10.5)

 |_PRINT YEAR P1-P6 PKS / FORMAT
       YEAR           P1             P2             P3             P4      &
       P5             P6             PKS
   1959.   0.90631   1.00000   1.00000   0.99954   1.07663   1.00000   1.00000
   1960.   0.94399   1.04102   1.00183   0.96131   1.08161   1.03473   0.99843
   1961.   0.95603   1.07282   0.97989   0.96341   1.07283   1.06598   0.96678
   1962.   0.96701   1.08736   0.98943   0.99373   1.08211   1.06044   1.01364
   1963.   0.98289   1.13437   1.01623   1.08268   1.06890   1.10129   1.10340
   1964.   1.01332   1.18644   1.06792   1.04855   1.08602   1.17316   1.09549
   1965.   1.05083   1.22092   1.07729   1.06291   1.10057   1.23677   1.06764
   1966.   1.08264   1.28892   1.11311   1.06383   1.10722   1.30090   1.16782
   1967.   1.12484   1.35119   1.15119   1.04121   1.12992   1.37995   1.18705
   1968.   1.16538   1.40878   1.17224   1.06553   1.13315   1.50922   1.27541
   1969.   1.21677   1.48895   1.28243   1.11948   1.17466   1.66106   1.35034
   1970.   1.29183   1.63468   1.32339   1.08950   1.22490   1.84762   1.31668
   1971.   1.38091   1.79257   1.39391   1.13299   1.35778   2.01961   1.36385
   1972.   1.47314   1.96970   1.46229   1.37081   1.38712   2.22316   1.47417
   1973.   1.64898   2.30216   1.66476   1.64016   1.52128   2.63777   1.59852
   1974.   1.95077   2.90071   1.90562   1.91033   1.96017   3.38900   1.53448
   1975.   2.23476   3.33762   2.18525   2.02365   2.19688   3.94336   1.79440
   1976.   2.50726   3.73796   2.38851   2.25334   2.53080   4.45647   2.08532
   1977.   2.75086   4.04930   2.56403   2.35409   2.86671   4.85301   2.17230
   1978.   2.97563   4.31355   2.67644   2.60374   3.15837   5.17965   2.59071
   1979.   3.24394   4.74107   2.91892   3.18226   3.69507   5.65415   2.81460
   1980.   3.56005   5.31041   3.14967   3.43036   4.01565   6.36204   2.94178
   1981.   3.90980   6.01477   3.45616   3.51612   4.17311   7.25412   3.25157
   1982.   4.31558   6.64285   3.77066   3.78822   4.55411   8.14129   3.26620
   1983.   4.60230   7.03167   3.96983   3.96729   4.67191   8.84243   3.75817
   1984.   4.85683   7.46263   4.14186   4.25457   5.08323   9.33288   3.93607
   1985.   5.23190   7.95661   4.51118   4.46659   5.88355   9.89331   4.29631
   1986.   5.69682   8.42640   4.89667   4.60157   6.38858  10.46696   4.70919
   1987.   6.08654   8.77414   5.13194   4.96449   6.34859  11.15281   5.30402
   1988.   6.51536   9.31343   5.43642   5.28385   5.84453  11.97067   5.81211
   1989.   6.95668   9.88107   5.70624   5.54754   6.09750  12.76681   5.92675
   1990.   7.39550  10.37434   5.74616   5.42830   6.24823  13.81157   5.70909
   1991.   7.68057  10.78970   5.67053   5.25359   6.22721  14.29268   5.94434
   1992.   7.82802  10.97829   5.73901   5.40836   6.64688  14.92097   6.19268
   1993.   7.90396  11.07086   5.81440   5.31665   6.69295  14.86704   6.29127
   1994.   8.00714  11.15714   5.82757   5.38022   6.54539  15.04484   6.50138
   1995.   8.18699  11.37962   5.82298   5.51763   6.47497  15.87896   6.64199
   1996.   8.32370  11.52470   5.72017   5.30233   6.04832  16.88546   6.68257
   1997.   8.48063  11.72522   5.77483   5.48756   6.28750  17.28719   7.00619
   1998.   8.54248  12.09110   5.88506   5.31521   6.39261  18.15573   7.05421
   1999.   8.71517  12.35386   5.93090   5.46351   6.30780  18.43192   7.38883
   2000.   8.86219  12.95245   6.15234   6.13307   6.98403  19.40703   7.26417
   2001.   9.05914  13.26191   6.31262   6.16636   6.94528  20.58987   7.67985
   2002.   9.29872  13.71834   6.38389   5.98871   6.64379  21.19647   7.90116
   2003.   9.45262  14.04170   6.45752   5.72617   5.91150  22.23328   8.30968
   2004.   9.66460  14.62494   6.61186   6.29483   5.91280  23.17486   8.52151
   2005.   9.95437  15.24812   6.78587   7.19299   6.07200  24.16659   8.94951
   2006.  10.36341  15.99453   6.97385   7.64919   6.03088  25.54128   9.41351
   2007.  10.71588  16.72282   7.15171   7.95202   5.92852  27.02829   9.71069
   2008.  11.09277  17.53036   7.37007   9.48366   6.58958  27.85875  10.32228
   2009.  11.35477  18.20536   7.33460   8.05430   5.80293  29.06747  10.03213
   2010.  11.57713  18.96744   7.41213   9.40783   5.62178  30.76927  10.51113
   2011.  11.93112  19.56004   7.40492   9.53947   5.68162  32.04965  10.64578
   2012.  12.21270  19.82026   7.48087   8.62293   5.69573  32.89573  10.19783
   2013.  12.50176  20.14774   7.64627   8.92774   6.14136  33.96291  10.13347
   2014.  12.79281  20.40310   7.81764   8.06737   6.21891  34.45058   9.77819
   2015.  12.94752  20.67183   8.01797   7.43538   6.42004  34.85585   9.50519
   2016.  13.08610  20.83614   8.05568   8.23826   6.22315  35.15085  10.29608
   2017.  13.24949  21.17386   8.15994   8.54262   6.33439  35.51986  10.55688
   2018.  13.46374  21.30174   8.34889   9.61275   6.75329  36.17887  11.02915

 |_*NORMALIZE PRICES SO THAT ALL PRICES EQUAL ONE IN 1960
 |_DO #=1,6

 |_GENR CON#=P#(1)

 |_ENDO
 EXECUTION BEGINNING FOR DO LOOP  # =       1
 EXECUTION FINISHED FOR DO LOOP  #=       6

 |_DO #=1,6

 |_GENR P#=P#/CON#

 |_GENR Y#=Y#*CON#

 |_ENDO
 EXECUTION BEGINNING FOR DO LOOP  # =       1
 EXECUTION FINISHED FOR DO LOOP  #=       6

 |_FORMAT(F8.0,7F10.5)

 |_PRINT YEAR P1-P6 PKS / FORMAT
       YEAR           P1             P2             P3             P4      &
       P5             P6             PKS
   1959.   1.00000   1.00000   1.00000   1.00000   1.00000   1.00000   1.00000
   1960.   1.04158   1.04102   1.00183   0.96175   1.00463   1.03473   0.99843
   1961.   1.05486   1.07282   0.97989   0.96385   0.99647   1.06598   0.96678
   1962.   1.06697   1.08736   0.98943   0.99419   1.00509   1.06044   1.01364
   1963.   1.08450   1.13437   1.01623   1.08318   0.99282   1.10129   1.10340
   1964.   1.11807   1.18644   1.06792   1.04903   1.00872   1.17316   1.09549
   1965.   1.15946   1.22092   1.07729   1.06340   1.02224   1.23677   1.06764
   1966.   1.19456   1.28892   1.11311   1.06432   1.02841   1.30090   1.16782
   1967.   1.24112   1.35119   1.15119   1.04169   1.04950   1.37995   1.18705
   1968.   1.28585   1.40878   1.17224   1.06602   1.05250   1.50922   1.27541
   1969.   1.34255   1.48895   1.28243   1.12000   1.09105   1.66106   1.35034
   1970.   1.42537   1.63468   1.32339   1.09000   1.13772   1.84762   1.31668
   1971.   1.52366   1.79257   1.39391   1.13351   1.26114   2.01961   1.36385
   1972.   1.62543   1.96970   1.46229   1.37144   1.28839   2.22316   1.47417
   1973.   1.81944   2.30216   1.66476   1.64091   1.41300   2.63777   1.59852
   1974.   2.15243   2.90071   1.90562   1.91121   1.82065   3.38900   1.53448
   1975.   2.46578   3.33762   2.18525   2.02458   2.04052   3.94336   1.79440
   1976.   2.76645   3.73796   2.38851   2.25438   2.35067   4.45647   2.08532
   1977.   3.03523   4.04930   2.56403   2.35517   2.66267   4.85301   2.17230
   1978.   3.28324   4.31355   2.67644   2.60494   2.93357   5.17965   2.59071
   1979.   3.57928   4.74107   2.91892   3.18372   3.43207   5.65415   2.81460
   1980.   3.92807   5.31041   3.14967   3.43194   3.72983   6.36204   2.94178
   1981.   4.31398   6.01477   3.45616   3.51774   3.87609   7.25412   3.25157
   1982.   4.76170   6.64285   3.77066   3.78996   4.22997   8.14129   3.26620
   1983.   5.07806   7.03167   3.96983   3.96912   4.33938   8.84243   3.75817
   1984.   5.35891   7.46263   4.14186   4.25653   4.72143   9.33288   3.93607
   1985.   5.77275   7.95661   4.51118   4.46865   5.46478   9.89331   4.29631
   1986.   6.28573   8.42640   4.89667   4.60369   5.93387  10.46696   4.70919
   1987.   6.71574   8.77414   5.13194   4.96677   5.89672  11.15281   5.30402
   1988.   7.18889   9.31343   5.43642   5.28628   5.42854  11.97067   5.81211
   1989.   7.67583   9.88107   5.70624   5.55009   5.66351  12.76681   5.92675
   1990.   8.16001  10.37434   5.74616   5.43080   5.80351  13.81157   5.70909
   1991.   8.47455  10.78970   5.67053   5.25601   5.78398  14.29268   5.94434
   1992.   8.63724  10.97829   5.73901   5.41085   6.17378  14.92097   6.19268
   1993.   8.72103  11.07086   5.81440   5.31910   6.21657  14.86704   6.29127
   1994.   8.83488  11.15714   5.82757   5.38270   6.07952  15.04484   6.50138
   1995.   9.03332  11.37962   5.82298   5.52017   6.01411  15.87896   6.64199
   1996.   9.18416  11.52470   5.72017   5.30477   5.61783  16.88546   6.68257
   1997.   9.35732  11.72522   5.77483   5.49009   5.83998  17.28719   7.00619
   1998.   9.42556  12.09110   5.88506   5.31766   5.93761  18.15573   7.05421
   1999.   9.61610  12.35386   5.93090   5.46602   5.85884  18.43192   7.38883
   2000.   9.77832  12.95245   6.15234   6.13589   6.48694  19.40703   7.26417
   2001.   9.99563  13.26191   6.31262   6.16920   6.45094  20.58987   7.67985
   2002.  10.25998  13.71834   6.38389   5.99147   6.17091  21.19647   7.90116
   2003.  10.42979  14.04170   6.45752   5.72881   5.49074  22.23328   8.30968
   2004.  10.66368  14.62494   6.61186   6.29773   5.49195  23.17486   8.52151
   2005.  10.98341  15.24812   6.78587   7.19630   5.63982  24.16659   8.94951
   2006.  11.43473  15.99453   6.97385   7.65271   5.60163  25.54128   9.41351
   2007.  11.82364  16.72282   7.15171   7.95568   5.50655  27.02829   9.71069
   2008.  12.23949  17.53036   7.37007   9.48802   6.12056  27.85875  10.32228
   2009.  12.52857  18.20536   7.33460   8.05801   5.38990  29.06747  10.03213
   2010.  12.77392  18.96744   7.41213   9.41216   5.22165  30.76927  10.51113
   2011.  13.16450  19.56004   7.40492   9.54386   5.27723  32.04965  10.64578
   2012.  13.47519  19.82026   7.48087   8.62690   5.29033  32.89573  10.19783
   2013.  13.79413  20.14774   7.64627   8.93185   5.70424  33.96291  10.13347
   2014.  14.11527  20.40310   7.81764   8.07108   5.77627  34.45058   9.77819
   2015.  14.28597  20.67183   8.01797   7.43880   5.96309  34.85585   9.50519
   2016.  14.43888  20.83614   8.05568   8.24205   5.78021  35.15085  10.29608
   2017.  14.61916  21.17386   8.15994   8.54655   5.88353  35.51986  10.55688
   2018.  14.85556  21.30174   8.34889   9.61717   6.27262  36.17887  11.02915

 |_FORMAT(F8.0,7F11.3)

 |_PRINT YEAR Y1-Y6 QKS / FORMAT
       YEAR           Y1             Y2             Y3             Y4      &
       Y5             Y6             QKS
   1959.      8.676      1.843      5.245      2.154     -2.511     -8.708      6.699
   1960.      8.868      1.911      5.813      2.261     -2.825     -9.062      7.022
   1961.      9.091      1.984      5.160      2.568     -2.422     -9.079      7.404
   1962.      9.586      2.066      5.991      2.511     -2.842     -9.672      7.681
   1963.     10.262      2.130      6.418      2.925     -3.161    -10.185      8.047
   1964.     10.775      2.324      7.283      2.917     -3.764    -10.735      8.444
   1965.     11.091      2.557      7.381      2.959     -3.868    -10.996      8.924
   1966.     11.659      2.694      8.039      3.284     -3.933    -11.394      9.397
   1967.     12.237      2.940      8.370      3.442     -4.322    -11.635      9.931
   1968.     12.889      3.034      9.397      3.666     -4.471    -11.732     10.475
   1969.     13.676      3.264      9.489      4.268     -4.844    -11.953     11.130
   1970.     14.207      3.434      9.791      4.681     -4.992    -12.332     11.740
   1971.     14.719      3.581      9.724      5.031     -4.594    -12.592     12.375
   1972.     15.406      3.695      9.672      5.133     -4.652    -12.774     12.962
   1973.     16.374      3.788     11.084      4.822     -6.064    -13.150     13.527
   1974.     17.172      4.125     10.024      5.294     -6.220    -13.265     14.250
   1975.     17.302      4.464     10.079      5.501     -5.915    -13.194     14.839
   1976.     18.224      4.493     10.861      5.894     -6.478    -13.255     15.413
   1977.     18.584      4.627     10.578      6.027     -6.174    -13.418     16.068
   1978.     18.860      4.780     12.357      6.454     -6.672    -13.462     16.646
   1979.     19.197      4.888     12.492      6.910     -6.679    -13.868     17.414
   1980.     19.819      5.110     13.872      6.575     -7.311    -14.237     18.151
   1981.     20.925      5.187     15.180      6.730     -8.156    -14.354     19.027
   1982.     21.429      5.319     12.710      6.765     -7.468    -13.993     20.030
   1983.     21.654      5.566     14.335      7.281     -7.915    -13.902     20.656
   1984.     21.846      5.957     15.922      8.406     -9.232    -14.493     21.442
   1985.     22.976      6.215     16.468      8.724     -9.211    -15.044     22.389
   1986.     23.440      6.426     15.997      9.598     -8.775    -15.477     23.345
   1987.     24.185      6.668     17.689     10.409     -9.760    -15.935     24.156
   1988.     25.305      6.864     20.059     10.517    -12.189    -16.570     25.113
   1989.     26.395      7.046     20.526     11.008    -12.873    -17.354     26.320
   1990.     26.651      7.271     17.506     12.248    -12.137    -16.831     27.518
   1991.     27.273      7.457     16.680     13.406    -12.562    -16.522     28.232
   1992.     27.782      7.646     18.269     14.399    -13.390    -16.480     28.759
   1993.     28.379      7.729     19.478     15.765    -14.395    -17.190     29.426
   1994.     29.635      7.990     22.105     16.461    -16.748    -17.970     30.180
   1995.     30.644      8.325     22.517     18.101    -17.532    -18.250     31.218
   1996.     31.554      8.491     24.188     20.071    -19.267    -18.291     32.233
   1997.     33.116      8.835     26.163     20.990    -21.241    -18.617     33.386
   1998.     35.014      9.235     27.623     21.392    -22.327    -18.776     34.666
   1999.     36.505      9.519     29.327     23.508    -25.017    -19.429     36.052
   2000.     37.666      9.680     26.908     25.539    -24.773    -19.709     37.547
   2001.     38.833      9.978     29.265     25.399    -25.108    -19.602     38.587
   2002.     40.398     10.273     32.642     25.526    -28.421    -20.117     39.859
   2003.     42.434     10.728     36.231     25.855    -32.258    -20.398     41.478
   2004.     44.363     11.076     38.445     26.749    -36.290    -21.063     43.451
   2005.     45.803     11.423     40.534     27.544    -39.242    -21.577     45.562
   2006.     48.295     11.783     42.959     28.685    -43.388    -22.198     47.782
   2007.     50.669     12.139     47.188     29.835    -49.654    -22.814     50.137
   2008.     50.958     12.645     46.842     30.552    -47.953    -23.007     52.899
   2009.     52.616     12.865     47.636     31.988    -51.377    -22.960     55.447
   2010.     54.713     13.302     50.661     32.263    -56.652    -23.593     57.903
   2011.     56.340     13.788     56.177     33.748    -63.088    -24.062     60.618
   2012.     57.336     13.828     57.288     35.538    -63.261    -24.186     63.892
   2013.     58.735     14.041     55.914     37.653    -61.785    -24.273     67.115
   2014.     60.113     14.382     54.564     40.225    -62.381    -24.644     69.934
   2015.     61.768     14.996     52.700     42.979    -62.307    -25.114     72.354
   2016.     63.225     15.746     52.680     45.344    -65.237    -25.496     74.377
   2017.     65.033     16.362     55.091     46.879    -69.564    -26.260     76.287
   2018.     66.398     17.209     55.083     48.483    -70.321    -26.903     78.402

 |_*SEE IF THE VALUE OF INPUTS IS EQUAL TO THE VALUE OF OUTPUTS
 |_GENR CHECK=P1*Y1+P2*Y2+P3*Y3+P4*Y4+P5*Y5+P6*Y6-PKS*QKS

 |_FORMAT(F8.0,F10.5)

 |_PRINT YEAR CHECK / FORMAT
       YEAR           CHECK
   1959.   0.00001
   1960.  -0.00030
   1961.  -0.00020
   1962.  -0.00007
   1963.   0.00001
   1964.   0.00003
   1965.  -0.00004
   1966.   0.00002
   1967.   0.00014
   1968.   0.00005
   1969.  -0.00036
   1970.   0.00008
   1971.   0.00005
   1972.   0.00007
   1973.  -0.00012
   1974.   0.00012
   1975.   0.00007
   1976.  -0.00021
   1977.  -0.00023
   1978.  -0.00033
   1979.  -0.00020
   1980.   0.00031
   1981.   0.00044
   1982.  -0.00021
   1983.   0.00016
   1984.   0.00038
   1985.   0.00059
   1986.   0.00050
   1987.   0.00074
   1988.   0.00004
   1989.   0.00032
   1990.   0.00022
   1991.   0.00036
   1992.   0.00072
   1993.  -0.00051
   1994.   0.00052
   1995.  -0.00068
   1996.   0.00078
   1997.   0.00060
   1998.   0.00174
   1999.   0.00023
   2000.  -0.00046
   2001.  -0.00097
   2002.   0.00106
   2003.  -0.00199
   2004.  -0.00101
   2005.   0.00146
   2006.   0.00191
   2007.  -0.00035
   2008.   0.00083
   2009.  -0.00031
   2010.  -0.00266
   2011.   0.00043
   2012.  -0.00114
   2013.   0.00139
   2014.  -0.00104
   2015.   0.00228
   2016.   0.00006
   2017.   0.00047
   2018.   0.00035

 |_STAT CHECK
 NAME        N    MEAN        ST. DEV      VARIANCE     MINIMUM      MAXIMUM
 CHECK        60  0.10264E-03 0.80809E-03 0.65301E-06 -0.26635E-02  0.22803E-02

 |_*THE MIN AND MAX FOR CHECK SHOULD BE 0 AND IT IS EXCEPT FOR ROUNDING ERRORS
 |_*P1 IS THE PRICE OF CONSUMPTION, P2 IS THE PRICE OF GOVT OUTPUT, P3 IS THE PRICE OF INVESTMENT
 |_*P4 IS THE PRICE OF EXPORTS, P5 IS THE PRICE OF IMPORTS, P6 IS THE PRICE OF LABOUR
 |_*PKS IS THE (GROSS) PRICE OF CAPITAL SERVICES (INCLUDES DEPRECIATION) AND Y1,Y2,Y3,Y4,Y5,Y6 AND QKS ARE THE
 |_*CORRESPONDING QUANTITIES (Y5 AND Y6 ARE NEGATIVE).
 |_*GENR GROSS PROFITS, V
 |_GENR V=P1*Y1+P2*Y2+P3*Y3+P4*Y4+P5*Y5+P6*Y6

 |_GENR PK=PKS

 |_GENR K=QKS

 |_*GENR ALSO VK, THE VALUE OF CAPITAL SERVICES. V AND VK SHOULD BE EQUAL SINCE WE HAVE USED BALANCING REAL RATES OF RETURN
 |_GENR VK=PK*K

 |_FORMAT(F6.0,3F12.3,F12.5)

 |_PRINT YEAR V VK K PK / FORMAT
       YEAR           V              VK             K              PK
 1959.       6.699       6.699       6.699     1.00000
 1960.       7.011       7.011       7.022     0.99843
 1961.       7.158       7.158       7.404     0.96678
 1962.       7.785       7.786       7.681     1.01364
 1963.       8.879       8.879       8.047     1.10340
 1964.       9.250       9.250       8.444     1.09549
 1965.       9.527       9.527       8.924     1.06764
 1966.      10.974      10.974       9.397     1.16782
 1967.      11.789      11.789       9.931     1.18705
 1968.      13.360      13.360      10.475     1.27541
 1969.      15.029      15.030      11.130     1.35034
 1970.      15.457      15.457      11.740     1.31668
 1971.      16.877      16.877      12.375     1.36385
 1972.      19.109      19.109      12.962     1.47417
 1973.      21.623      21.623      13.527     1.59852
 1974.      21.866      21.866      14.250     1.53448
 1975.      26.628      26.627      14.839     1.79440
 1976.      32.141      32.141      15.413     2.08532
 1977.      34.905      34.905      16.068     2.17230
 1978.      43.124      43.124      16.646     2.59071
 1979.      49.014      49.014      17.414     2.81460
 1980.      53.398      53.398      18.151     2.94178
 1981.      61.868      61.867      19.027     3.25157
 1982.      65.421      65.421      20.030     3.26620
 1983.      77.628      77.628      20.656     3.75817
 1984.      84.397      84.397      21.442     3.93607
 1985.      96.191      96.191      22.389     4.29631
 1986.     109.937     109.936      23.345     4.70919
 1987.     128.123     128.122      24.156     5.30402
 1988.     145.962     145.962      25.113     5.81211
 1989.     155.995     155.995      26.320     5.92675
 1990.     157.103     157.103      27.518     5.70909
 1991.     167.822     167.821      28.232     5.94434
 1992.     178.097     178.096      28.759     6.19268
 1993.     185.128     185.128      29.426     6.29127
 1994.     196.215     196.214      30.180     6.50138
 1995.     207.349     207.350      31.218     6.64199
 1996.     215.397     215.397      32.233     6.68257
 1997.     233.908     233.907      33.386     7.00619
 1998.     244.542     244.541      34.666     7.05421
 1999.     266.382     266.381      36.052     7.38883
 2000.     272.745     272.746      37.547     7.26417
 2001.     296.339     296.340      38.587     7.67985
 2002.     314.935     314.934      39.859     7.90116
 2003.     344.667     344.669      41.478     8.30968
 2004.     370.268     370.269      43.451     8.52151
 2005.     407.759     407.758      45.562     8.94951
 2006.     449.803     449.801      47.782     9.41351
 2007.     486.867     486.868      50.137     9.71069
 2008.     546.036     546.035      52.899    10.32228
 2009.     556.255     556.256      55.447    10.03213
 2010.     608.626     608.629      57.903    10.51113
 2011.     645.331     645.330      60.618    10.64578
 2012.     651.561     651.562      63.892    10.19783
 2013.     680.104     680.103      67.115    10.13347
 2014.     683.829     683.830      69.934     9.77819
 2015.     687.741     687.739      72.354     9.50519
 2016.     765.795     765.795      74.377    10.29608
 2017.     805.350     805.350      76.287    10.55688
 2018.     864.708     864.707      78.402    11.02915

 |_STAT V VK
 NAME        N    MEAN        ST. DEV      VARIANCE     MINIMUM      MAXIMUM
 V            60   230.96      249.65      62323.       6.6994       864.71
 VK           60   230.96      249.65      62323.       6.6994       864.71

 |_*THERE IS A BIT OF ROUNDING ERROR BUT BASICALLY V AND VK ARE EQUAL.
 |_GENR T=TIME(-1)

 |_***
 |_*GENR VARIABLES FOR THE NQ MODEL
 |_*GENR THE AVERAGE VARIABLE OUTPUT AND INPUT QUANTITY VECTOR; WE WILL USE A NORMALIZATION OF THIS VECTOR AS OUR ALPHA VECTOR.
 |_SMPL 1 60

 |_DO #=1,6

 |_STAT Y# / MEAN=YM#

 |_ENDO
 EXECUTION BEGINNING FOR DO LOOP  # =       1
 NAME        N    MEAN        ST. DEV      VARIANCE     MINIMUM      MAXIMUM
 Y1           60   30.318      17.210      296.19       8.6761       66.398
 NAME        N    MEAN        ST. DEV      VARIANCE     MINIMUM      MAXIMUM
 Y2           60   7.6287      4.2903      18.407       1.8430       17.209
 NAME        N    MEAN        ST. DEV      VARIANCE     MINIMUM      MAXIMUM
 Y3           60   24.178      16.923      286.39       5.1597       57.288
 NAME        N    MEAN        ST. DEV      VARIANCE     MINIMUM      MAXIMUM
 Y4           60   16.531      13.478      181.66       2.1540       48.483
 NAME        N    MEAN        ST. DEV      VARIANCE     MINIMUM      MAXIMUM
 Y5           60  -21.966      21.676      469.86      -70.321      -2.4221
 NAME        N    MEAN        ST. DEV      VARIANCE     MINIMUM      MAXIMUM
 Y6           60  -16.903      5.0107      25.107      -26.903      -8.7080
 EXECUTION FINISHED FOR DO LOOP  #=       6

 |_*CHANGE THE SIGNS OF YM5 AND YM6 FROM NEGATIVE TO POSITIVE
 |_SMPL 1 1

 |_GENR YM5=-YM5

 |_GENR YM6=-YM6

 |_GENR YMT=0

 |_DO #=1,6

 |_GENR YMT=YMT+YM#

 |_ENDO
 EXECUTION BEGINNING FOR DO LOOP  # =       1
 EXECUTION FINISHED FOR DO LOOP  #=       6

 |_SMPL 1 60;

 |_DO #=1,6

 |_GENR GG#=YM#(1)/YMT(1)

 |_ENDO
 EXECUTION BEGINNING FOR DO LOOP  # =       1
 EXECUTION FINISHED FOR DO LOOP  #=       6

 |_FORMAT(13F9.4)

 |_SMPL 1 1

 |_PRINT YM1-YM6 YMT GG1-GG6 / FORMAT
       YM1            YM2            YM3            YM4            YM5     &
       YM6            YMT            GG1            GG2            GG3     &
       GG4            GG5            GG6
  30.3180   7.6287  24.1779  16.5306  21.9662  16.9026 117.5239   0.2580   0.0649   0.2057   0.1407   0.1869   0.1438

 |_*NOTE THAT THE GG# SUM TO 1; THE GG VECTOR IS OUR ALPHA VECTOR FOR THE NORMALIZED QUADRATIC FUNCTIONAL FORM
 |_SMPL 1 60

 |_DO #=1,6

 |_GENR PG#=P#*GG#

 |_ENDO
 EXECUTION BEGINNING FOR DO LOOP  # =       1
 EXECUTION FINISHED FOR DO LOOP  #=       6

 |_GENR PG=0

 |_DO#=1,6

 |_GENR PG=PG+PG#

 |_ENDO
 EXECUTION BEGINNING FOR DO LOOP  # =       1
 EXECUTION FINISHED FOR DO LOOP  #=       6

 |_*PG IS THE INNER PRODUCT OF THE PRICE VECTOR p WITH THE ALPHA VECTOR IN THE NQ FUNCTIONAL FORM. IT SHOULD START OFF AT 1
 |_*WHICH IT DOES.
 |_*GENR NORMALIZED PRICES v = p/p.g; I.E., PRICES p DIVIDED BY PG = p.g
 |_DO #=1,6

 |_GENR V#=P#/PG

 |_ENDO
 EXECUTION BEGINNING FOR DO LOOP  # =       1
 EXECUTION FINISHED FOR DO LOOP  #=       6

 |_FORMAT(F8.0,7F10.4)

 |_PRINT YEAR PG V1-V6 / FORMAT
       YEAR           PG             V1             V2             V3      &
       V4             V5             V6
   1959.    1.0000    1.0000    1.0000    1.0000    1.0000    1.0000    1.0000
   1960.    1.0142    1.0269    1.0264    0.9878    0.9482    0.9905    1.0202
   1961.    1.0185    1.0357    1.0533    0.9621    0.9464    0.9784    1.0466
   1962.    1.0296    1.0363    1.0561    0.9610    0.9656    0.9762    1.0300
   1963.    1.0588    1.0243    1.0714    0.9598    1.0230    0.9377    1.0401
   1964.    1.0900    1.0258    1.0885    0.9798    0.9624    0.9255    1.0763
   1965.    1.1185    1.0366    1.0916    0.9632    0.9507    0.9139    1.1057
   1966.    1.1498    1.0389    1.1209    0.9680    0.9256    0.8944    1.1314
   1967.    1.1859    1.0466    1.1394    0.9708    0.8784    0.8850    1.1637
   1968.    1.2280    1.0471    1.1472    0.9546    0.8681    0.8570    1.2290
   1969.    1.3072    1.0271    1.1391    0.9811    0.8568    0.8347    1.2707
   1970.    1.3778    1.0346    1.1865    0.9605    0.7911    0.8258    1.3410
   1971.    1.4818    1.0282    1.2097    0.9407    0.7650    0.8511    1.3629
   1972.    1.6015    1.0150    1.2299    0.9131    0.8564    0.8045    1.3882
   1973.    1.8356    0.9912    1.2542    0.9069    0.8940    0.7698    1.4370
   1974.    2.2321    0.9643    1.2995    0.8537    0.8562    0.8157    1.5183
   1975.    2.5356    0.9725    1.3163    0.8618    0.7985    0.8047    1.5552
   1976.    2.8451    0.9724    1.3138    0.8395    0.7924    0.8262    1.5664
   1977.    3.1003    0.9790    1.3061    0.8270    0.7597    0.8589    1.5654
   1978.    3.3373    0.9838    1.2925    0.8020    0.7806    0.8790    1.5521
   1979.    3.7341    0.9585    1.2697    0.7817    0.8526    0.9191    1.5142
   1980.    4.1009    0.9579    1.2949    0.7680    0.8369    0.9095    1.5514
   1981.    4.4769    0.9636    1.3435    0.7720    0.7857    0.8658    1.6203
   1982.    4.9299    0.9659    1.3475    0.7649    0.7688    0.8580    1.6514
   1983.    5.2242    0.9720    1.3460    0.7599    0.7598    0.8306    1.6926
   1984.    5.5424    0.9669    1.3465    0.7473    0.7680    0.8519    1.6839
   1985.    6.0066    0.9611    1.3246    0.7510    0.7440    0.9098    1.6471
   1986.    6.4379    0.9764    1.3089    0.7606    0.7151    0.9217    1.6258
   1987.    6.7626    0.9931    1.2975    0.7589    0.7344    0.8720    1.6492
   1988.    7.0574    1.0186    1.3197    0.7703    0.7490    0.7692    1.6962
   1989.    7.4709    1.0274    1.3226    0.7638    0.7429    0.7581    1.7089
   1990.    7.7956    1.0467    1.3308    0.7371    0.6966    0.7445    1.7717
   1991.    7.9291    1.0688    1.3608    0.7152    0.6629    0.7295    1.8026
   1992.    8.1824    1.0556    1.3417    0.7014    0.6613    0.7545    1.8235
   1993.    8.2129    1.0619    1.3480    0.7080    0.6477    0.7569    1.8102
   1994.    8.2595    1.0697    1.3508    0.7056    0.6517    0.7361    1.8215
   1995.    8.4513    1.0689    1.3465    0.6890    0.6532    0.7116    1.8789
   1996.    8.5188    1.0781    1.3529    0.6715    0.6227    0.6595    1.9821
   1997.    8.7131    1.0739    1.3457    0.6628    0.6301    0.6703    1.9840
   1998.    8.8961    1.0595    1.3592    0.6615    0.5978    0.6674    2.0409
   1999.    9.0176    1.0664    1.3700    0.6577    0.6062    0.6497    2.0440
   2000.    9.4957    1.0298    1.3640    0.6479    0.6462    0.6831    2.0438
   2001.    9.7729    1.0228    1.3570    0.6459    0.6313    0.6601    2.1068
   2002.    9.8953    1.0369    1.3864    0.6451    0.6055    0.6236    2.1421
   2003.    9.9603    1.0471    1.4098    0.6483    0.5752    0.5513    2.2322
   2004.   10.3059    1.0347    1.4191    0.6416    0.6111    0.5329    2.2487
   2005.   10.7613    1.0206    1.4169    0.6306    0.6687    0.5241    2.2457
   2006.   11.2196    1.0192    1.4256    0.6216    0.6821    0.4993    2.2765
   2007.   11.6425    1.0156    1.4364    0.6143    0.6833    0.4730    2.3215
   2008.   12.2969    0.9953    1.4256    0.5993    0.7716    0.4977    2.2655
   2009.   12.2441    1.0232    1.4869    0.5990    0.6581    0.4402    2.3740
   2010.   12.7766    0.9998    1.4845    0.5801    0.7367    0.4087    2.4083
   2011.   13.1274    1.0028    1.4900    0.5641    0.7270    0.4020    2.4414
   2012.   13.2352    1.0181    1.4975    0.5652    0.6518    0.3997    2.4855
   2013.   13.6465    1.0108    1.4764    0.5603    0.6545    0.4180    2.4888
   2014.   13.7437    1.0270    1.4845    0.5688    0.5873    0.4203    2.5066
   2015.   13.8507    1.0314    1.4925    0.5789    0.5371    0.4305    2.5165
   2016.   14.0298    1.0292    1.4851    0.5742    0.5875    0.4120    2.5054
   2017.   14.2349    1.0270    1.4875    0.5732    0.6004    0.4133    2.4953
   2018.   14.6611    1.0133    1.4529    0.5695    0.6560    0.4278    2.4677

 |_*GENR DIFFERENCES OF NORMALIZED PRICES WITH THE FIRST NORMALIZED INPUT PRICE
 |_DO #=1,6

 |_GENR V1#=V#-V1

 |_ENDO
 EXECUTION BEGINNING FOR DO LOOP  # =       1
 EXECUTION FINISHED FOR DO LOOP  #=       6

 |_*GENR DIFFERENCES OF NORMALIZED PRICES WITH THE SECOND NORMALIZED INPUT PRICE
 |_DO #=2,6

 |_GENR V2#=V#-V2

 |_ENDO
 EXECUTION BEGINNING FOR DO LOOP  # =       2
 EXECUTION FINISHED FOR DO LOOP  #=       6

 |_*GENR DIFFERENCES OF NORMALIZED PRICES WITH THE THIRD NORMALIZED INPUT PRICE
 |_DO #=3,6

 |_GENR V3#=V#-V3

 |_ENDO
 EXECUTION BEGINNING FOR DO LOOP  # =       3
 EXECUTION FINISHED FOR DO LOOP  #=       6

 |_*GENR DIFFERENCES OF NORMALIZED PRICES WITH THE FOURTH NORMALIZED INPUT PRICE
 |_DO #=4,6

 |_GENR V4#=V#-V4

 |_ENDO
 EXECUTION BEGINNING FOR DO LOOP  # =       4
 EXECUTION FINISHED FOR DO LOOP  #=       6

 |_*OUR NQ UNIT PROFIT FUNCTION WITH A RANK ONE SUBSTITUTION MATRIX IS EQUAL TO P(p) DEFINED AS FOLLOWS:
 |_*P(p) = a.p + b.pt + (1/2)(p.c)(p.c)/p.g
 |_*WHERE a.p = SUM(i=1,6)a(i)p(i); p.c = SUM(i=1,6)p(i)c(i) and p.g = SUM(i=1,6)p(i)g(i) AND
 |_*b.p = SUM(i=1,6)b(i)p(i).
 |_*DENOTE THE VECTOR OF FIRST ORDER PARTIAL DERIVATIVES OF P(p) as DP(p). IT IS EQUAL TO:
 |_*DP(p) = a + bt + c(c.v) - (1/2)g(c.v)(c.v)
 |_*WHERE v = p/p.g.
 |_*WE ALSO NEED TO IMPOSE THE FOLLOWING RESTRICTION ON THE COLUMN VECTOR c: C.1 = 0 WHERE 1 = A VECTOR OF ONES
 |_*WE SET c(1) = -SUM(n=2,6)c(n). THEREFORE c.v = SUM(n=2,6)c(n)(v(n)-v(1)) = SUM(n=2,6)c(n)V1#

 |_*FOR THE RANK 2 SUBSTITUTION MATRIX, WE ADD THE TERM (1/2)(p.d)(p.d)/p.g TO THE UNIT COST FUNCTION.
 |_*WE SET THE FIRST COMPONENT OF THE VECTOR d EQUAL TO 0 SO THAT d(1) = 0 (FOR IDENTIFICATION)
 |_*WE ALSO SET d(2)=-SUM(n=3,6)d(n)

 |_*FOR THE RANK 3 SUBSTITUTION MATRIX, WE ADD THE TERM (1/2)(p.f)(p.f)/p.g TO THE UNIT COST FUNCTION.
 |_*WE SET THE FIRST 2 COMPONENTS OF THE VECTOR f EQUAL TO 0 SO THAT f(1)=f(2)=0 (FOR IDENTIFICATION)
 |_*WE ALSO SET f(3)=-SUM(n=4,6)f(n)

 |_*FOR THE RANK 4 SUBSTITUTION MATRIX, WE ADD THE TERM - (1/2)(p.h)(p.h)/p.g TO THE UNIT COST FUNCTION.
 |_*WE SET THE FIRST 3 COMPONENTS OF THE VECTOR h EQUAL TO 0 SO THAT h(1)=h(2)=h(3)=0 (FOR IDENTIFICATION)
 |_*WE ALSO SET h(4)=-SUM(n=5,6)h(n)

 |_*WE USE THE FINAL COEFS FROM PMOD8OUT AS STARTING VALUES IN THE FOLLOWING REGRESSION
 |_*THESE STARTING VALUES ARE EQUAL TO THE FINISHING PARAMETER VALUES FROM PMOD8OUT.TXT FOR CANADA
 |_*FOR YOUR COUNTRY, YOU SHOULD USE THE FINISHING VALUES FROM YOUR PMOD8OUT.TXT AS STARTING VALUES FOR THIS RUN.
 |_*WE WILL ALLOW FOR A LINEAR TIME TREND FOR THE C AND D VECTORS IN THE SUBSTITUTION MATRIX FOR THIS MODEL
 |_*GENR A NORMALIZED TIME TREND VARIABLE W WHICH STARTS AT 0 FOR OBS 1 AND TRENDS LINEARLY TO END UP AT 1 AT OBS 59
 |_GENR W=T/58

 |_*NOTE THAT THE STARTING COEFs FOR THE DD# ARE SET EQUAL TO THE FINAL D# FROM PMOD8OUT.TXT
 |_*NOTE ALSO THAT I SET THE STARTING VALUES FOR H5 AND H6 EQUAL TO 0.0001 RATHER THAN 0.
 |_*SOMETIMES SHAZAM CAN GET STUCK AT 0 PARAMETER VALUES SO IT IS SAFER TO SET THE STARTING VALUES FOR
 |_*PARAMETERS THAT WERE 0 IN THE PREVIOUS RUN EQUAL TO A SMALL NUMBER AND THEN THE "STUCK AT 0" PROBLEM WILL NOT OCCUR.

 |_NL 6 / NCOEF=35 LIST CONV=.000001 ITER=2000 PITER=100 GENRVAR
 ...NOTE..SAMPLE RANGE SET TO:     1,    60

 |_EQ Y1=(A1+B1*T)*K &

 | +(-(C2+C3+C4+C5+C6)*(C2*V12+C3*V13+C4*V14+C5*V15+C6*V16) &

 | -(1/2)*GG1*((H5*V45+H6*V46)**2) &

 | -(1/2)*GG1*((F4*V34+F5*V35+F6*V36)**2) &

 | -(1/2)*GG1*((D3*V23+D4*V24+D5*V25+D6*V26)**2) &

 | -(1/2)*GG1*((C2*V12+C3*V13+C4*V14+C5*V15+C6*V16)**2))*K*(1-W) &

 | +(-(CC2+CC3+CC4+CC5+CC6)*(CC2*V12+CC3*V13+CC4*V14+CC5*V15+CC6*V16) &

 | -(1/2)*GG1*((H5*V45+H6*V46)**2) &

 | -(1/2)*GG1*((F4*V34+F5*V35+F6*V36)**2) &

 | -(1/2)*GG1*((DD3*V23+DD4*V24+DD5*V25+DD6*V26)**2) &

 | -(1/2)*GG1*((CC2*V12+CC3*V13+CC4*V14+CC5*V15+CC6*V16)**2))*K*W

 |_EQ Y2=(A2+B2*T)*K &

 | +(C2*(C2*V12+C3*V13+C4*V14+C5*V15+C6*V16) &

 | -(D3+D4+D5+D6)*(D3*V23+D4*V24+D5*V25+D6*V26)  &

 | -(1/2)*GG2*((H5*V45+H6*V46)**2) &

 | -(1/2)*GG2*((F4*V34+F5*V35+F6*V36)**2) &

 | -(1/2)*GG2*((D3*V23+D4*V24+D5*V25+D6*V26)**2) &

 | -(1/2)*GG2*((C2*V12+C3*V13+C4*V14+C5*V15+C6*V16)**2))*K*(1-W) &

 | +(CC2*(CC2*V12+CC3*V13+CC4*V14+CC5*V15+CC6*V16) &

 | -(DD3+DD4+DD5+DD6)*(DD3*V23+DD4*V24+DD5*V25+DD6*V26)  &

 | -(1/2)*GG2*((H5*V45+H6*V46)**2) &

 | -(1/2)*GG2*((F4*V34+F5*V35+F6*V36)**2) &

 | -(1/2)*GG2*((DD3*V23+DD4*V24+DD5*V25+DD6*V26)**2) &

 | -(1/2)*GG2*((CC2*V12+CC3*V13+CC4*V14+CC5*V15+CC6*V16)**2))*K*W

 |_EQ Y3=(A3+B3*T)*K &

 | +(C3*(C2*V12+C3*V13+C4*V14+C5*V15+C6*V16) &

 | +D3*(D3*V23+D4*V24+D5*V25+D6*V26)  &

 | -(F4+F5+F6)*(F4*V34+F5*V35+F6*V36) &

 | -(1/2)*GG3*((H5*V45+H6*V46)**2) &

 | -(1/2)*GG3*((F4*V34+F5*V35+F6*V36)**2) &

 | -(1/2)*GG3*((D3*V23+D4*V24+D5*V25+D6*V26)**2) &

 | -(1/2)*GG3*((C2*V12+C3*V13+C4*V14+C5*V15+C6*V16)**2))*K*(1-W) &

 | +(CC3*(CC2*V12+CC3*V13+CC4*V14+CC5*V15+CC6*V16) &

 | +DD3*(DD3*V23+DD4*V24+DD5*V25+DD6*V26)  &

 | -(F4+F5+F6)*(F4*V34+F5*V35+F6*V36) &

 | -(1/2)*GG3*((H5*V45+H6*V46)**2) &

 | -(1/2)*GG3*((F4*V34+F5*V35+F6*V36)**2) &

 | -(1/2)*GG3*((DD3*V23+DD4*V24+DD5*V25+DD6*V26)**2) &

 | -(1/2)*GG3*((CC2*V12+CC3*V13+CC4*V14+CC5*V15+CC6*V16)**2))*K*W

 |_EQ Y4=(A4+B4*T)*K &

 | +(C4*(C2*V12+C3*V13+C4*V14+C5*V15+C6*V16) &

 | +D4*(D3*V23+D4*V24+D5*V25+D6*V26)  &

 | +F4*(F4*V34+F5*V35+F6*V36) &

 | -(H5+H6)*(H5*V45+H6*V46) &

 | -(1/2)*GG4*((H5*V45+H6*V46)**2) &

 | -(1/2)*GG4*((F4*V34+F5*V35+F6*V36)**2) &

 | -(1/2)*GG4*((D3*V23+D4*V24+D5*V25+D6*V26)**2) &

 | -(1/2)*GG4*((C2*V12+C3*V13+C4*V14+C5*V15+C6*V16)**2))*K*(1-W) &

 | +(CC4*(CC2*V12+CC3*V13+CC4*V14+CC5*V15+CC6*V16) &

 | +DD4*(DD3*V23+DD4*V24+DD5*V25+DD6*V26)  &

 | +F4*(F4*V34+F5*V35+F6*V36) &

 | -(H5+H6)*(H5*V45+H6*V46) &

 | -(1/2)*GG4*((H5*V45+H6*V46)**2) &

 | -(1/2)*GG4*((F4*V34+F5*V35+F6*V36)**2) &

 | -(1/2)*GG4*((DD3*V23+DD4*V24+DD5*V25+DD6*V26)**2) &

 | -(1/2)*GG4*((CC2*V12+CC3*V13+CC4*V14+CC5*V15+CC6*V16)**2))*K*W

 |_EQ Y5=(A5+B5*T)*K &

 | +(C5*(C2*V12+C3*V13+C4*V14+C5*V15+C6*V16) &

 | +D5*(D3*V23+D4*V24+D5*V25+D6*V26) &

 | +F5*(F4*V34+F5*V35+F6*V36) &

 | +H5*(H5*V45+H6*V46) &

 | -(1/2)*GG5*((H5*V45+H6*V46)**2) &

 | -(1/2)*GG5*((F4*V34+F5*V35+F6*V36)**2) &

 | -(1/2)*GG5*((D3*V23+D4*V24+D5*V25+D6*V26)**2) &

 | -(1/2)*GG5*((C2*V12+C3*V13+C4*V14+C5*V15+C6*V16)**2))*K*(1-W) &

 | +(CC5*(CC2*V12+CC3*V13+CC4*V14+CC5*V15+CC6*V16) &

 | +DD5*(DD3*V23+DD4*V24+DD5*V25+DD6*V26) &

 | +F5*(F4*V34+F5*V35+F6*V36) &

 | +H5*(H5*V45+H6*V46) &

 | -(1/2)*GG5*((H5*V45+H6*V46)**2) &

 | -(1/2)*GG5*((F4*V34+F5*V35+F6*V36)**2) &

 | -(1/2)*GG5*((DD3*V23+DD4*V24+DD5*V25+DD6*V26)**2) &

 | -(1/2)*GG5*((CC2*V12+CC3*V13+CC4*V14+CC5*V15+CC6*V16)**2))*K*W

 |_EQ Y6=(A6+B6*T)*K &

 | +(C6*(C2*V12+C3*V13+C4*V14+C5*V15+C6*V16) &

 | +D6*(D3*V23+D4*V24+D5*V25+D6*V26) &

 | +F6*(F4*V34+F5*V35+F6*V36) &

 | +H6*(H5*V45+H6*V46) &

 | -(1/2)*GG6*((H5*V45+H6*V46)**2) &

 | -(1/2)*GG6*((F4*V34+F5*V35+F6*V36)**2) &

 | -(1/2)*GG6*((D3*V23+D4*V24+D5*V25+D6*V26)**2) &

 | -(1/2)*GG6*((C2*V12+C3*V13+C4*V14+C5*V15+C6*V16)**2))*K*(1-W) &

 | +(CC6*(CC2*V12+CC3*V13+CC4*V14+CC5*V15+CC6*V16) &

 | +DD6*(DD3*V23+DD4*V24+DD5*V25+DD6*V26) &

 | +F6*(F4*V34+F5*V35+F6*V36) &

 | +H6*(H5*V45+H6*V46) &

 | -(1/2)*GG6*((H5*V45+H6*V46)**2) &

 | -(1/2)*GG6*((F4*V34+F5*V35+F6*V36)**2) &

 | -(1/2)*GG6*((DD3*V23+DD4*V24+DD5*V25+DD6*V26)**2) &

 | -(1/2)*GG6*((CC2*V12+CC3*V13+CC4*V14+CC5*V15+CC6*V16)**2))*K*W

 |_COEF A1        1.5876
   29 VARIABLES IN  6 EQUATIONS WITH  35 COEFFICIENTS
         60 OBSERVATIONS

 REQUIRED MEMORY IS PAR=     398 CURRENT PAR=   10000

 |_COEF B1      -0.012048

 |_COEF C2       0.0097533

 |_COEF C3      -0.66671

 |_COEF C4      -0.35721

 |_COEF C5       0.65236

 |_COEF C6       0.76726

 |_COEF H5       0.000001

 |_COEF H6      -0.000001

 |_COEF F4       0.000001

 |_COEF F5       0.000001

 |_COEF F6       0.000001

 |_COEF D3      -0.094936

 |_COEF D4       0.021910

 |_COEF D5      -0.062347

 |_COEF D6       0.41271

 |_COEF DD3      -0.094936

 |_COEF DD4       0.021910

 |_COEF DD5      -0.062347

 |_COEF DD6       0.41271

 |_COEF CC2     -0.14459

 |_COEF CC3     -0.58171

 |_COEF CC4     -0.35811

 |_COEF CC5       1.3035

 |_COEF CC6      0.22524

 |_COEF A2       0.34107

 |_COEF B2       0.00047933

 |_COEF A3        1.2537

 |_COEF B3      -0.0067648

 |_COEF A4       0.63871

 |_COEF B4      -0.00049330

 |_COEF A5      -0.69174

 |_COEF B5      -0.0013341

 |_COEF A6       -1.4845

 |_COEF B6       0.016207

 COEFFICIENT STARTING VALUES
 A1         1.5876      B1       -0.12040E-01  C2        0.97530E-02
 C3       -0.66671      C4       -0.35721      C5        0.65236
 C6        0.76726      H5        0.10000E-05  H6        0.00000E+00
 F4        0.10000E-05  F5        0.10000E-05  F6        0.10000E-05
 D3       -0.94930E-01  D4        0.21910E-01  D5       -0.62340E-01
 D6        0.41271      CC2      -0.14459      CC3      -0.58171
 CC4      -0.35811      CC5        1.3035      CC6       0.22524
 DD3      -0.94930E-01  DD4       0.21910E-01  DD5      -0.62340E-01
 DD6       0.41271      A2        0.34107      B2        0.47900E-03
 A3         1.2537      B3       -0.67600E-02  A4        0.63871
 B4       -0.49000E-03  A5       -0.69174      B5       -0.13300E-02
 A6        -1.4845      B6        0.16207E-01
      2000 MAXIMUM ITERATIONS, CONVERGENCE =   0.100000E-05

 INITIAL STATISTICS :

 TIME =     0.1470 SEC.   ITER. NO.     0   FUNCT. EVALUATIONS     1
 LOG-LIKELIHOOD FUNCTION=   -361.7080
 COEFFICIENTS
    1.587600     -0.1204000E-01  0.9753000E-02 -0.6667100     -0.3572100
   0.6523600      0.7672600      0.1000000E-05  0.0000000E+00  0.1000000E-05
   0.1000000E-05  0.1000000E-05 -0.9493000E-01  0.2191000E-01 -0.6234000E-01
   0.4127100     -0.1445900     -0.5817100     -0.3581100       1.303500
   0.2252400     -0.9493000E-01  0.2191000E-01 -0.6234000E-01  0.4127100
   0.3410700      0.4790000E-03   1.253700     -0.6760000E-02  0.6387100
  -0.4900000E-03 -0.6917400     -0.1330000E-02  -1.484500      0.1620700E-01

 GRADIENT
   -239.3865      -12039.33       107.6438       18.27288       20.36621
    6.454118       16.61590     -0.4351181E-04 -0.2539379E-03 -0.2634138E-05
  -0.1495755E-03 -0.1407726E-03  0.4430114       22.39060      -8.112907
   -18.44100      -138.4015       53.07495       44.72274       80.65627
   -219.5276      -197.5781      -218.7345      -215.2901      -514.2418
    626.3697       31467.88      -71.76174      -3588.891      -56.37583
   -2821.826      -165.0794      -8277.026      -149.9601      -7525.062


 INTERMEDIATE STATISTICS :

 TIME =     0.2890 SEC.   ITER. NO.   100   FUNCT. EVALUATIONS   119
 LOG-LIKELIHOOD FUNCTION=   -352.4304
 COEFFICIENTS
    1.594819     -0.1333995E-01  0.2757979E-01 -0.6767458     -0.4003546
   0.6394229      0.7646097      0.7874849E-03 -0.2297030E-02 -0.1073269E-01
  -0.3521319E-01 -0.1689058E-01 -0.1781406      0.2709960     -0.8868496E-01
   0.4335670     -0.9872565E-01 -0.5065637     -0.3293051       1.272047
   0.1365784     -0.3163977     -0.1351485      0.3021070      0.4279939
   0.3455237      0.1608385E-03   1.253552     -0.5782449E-02  0.6202919
   0.4613301E-03 -0.6848757     -0.1802899E-02  -1.485069      0.1646894E-01

 GRADIENT
   -13.62877      -568.8890       7.200699       4.019743       1.702572
    5.039766      -8.868779      0.8793463E-02  0.6650337      0.2193202
  -0.5558109E-01   2.703476       3.201688       2.570527       3.504087
   -8.109787       4.142381      -6.718982      -3.490003      -9.720901
    23.28907       9.071131       1.817407       14.22171      -39.62380
    20.65640       748.3796       3.964627       225.1557      -12.73823
   -591.5288       12.07222       644.7281      -55.98397      -2636.828


 FINAL STATISTICS :

 LOG-LIKELIHOOD FUNCTION=   -352.3998
 TIME =     0.4050 SEC.   ITER. NO.   184   FUNCT. EVALUATIONS   207
 COEFFICIENTS
    1.593493     -0.1339660E-01  0.4700495E-01 -0.6703226     -0.4127122
   0.6443087      0.7444570      0.1502735E-08  0.3032064E-08  0.4453792E-08
   0.3182934E-08  0.3668741E-08 -0.2262204      0.2557852     -0.6456727E-01
   0.4612507     -0.9401571E-01 -0.4966666     -0.3280469       1.265760
   0.1291638     -0.3421715     -0.1398189      0.3280832      0.4325160
   0.3449479      0.1987318E-03   1.253054     -0.5565003E-02  0.6198032
   0.4844440E-03 -0.6838695     -0.1852590E-02  -1.484544      0.1639780E-01

 GRADIENT
   0.6679901E-05  0.3514687E-03  0.1630326E-05  0.6043456E-06  0.2123146E-06
   0.1910229E-05 -0.3076200E-05 -0.3650118E-06 -0.6864127E-06 -0.9432264E-07
   0.3524304E-07 -0.2711307E-07  0.4924233E-06 -0.2390022E-06  0.1189556E-05
  -0.4323179E-05 -0.1475200E-04 -0.3148119E-05 -0.1349492E-06 -0.7466157E-05
   0.1298823E-04 -0.2861817E-04 -0.3303324E-04 -0.2046431E-04 -0.5364681E-04
   0.8312507E-04  0.5262685E-02  0.1147214E-05  0.2334180E-04 -0.6016659E-05
  -0.3815198E-03  0.1410814E-04  0.6815248E-03  0.1370184E-04  0.1027404E-02


 SIGMA MATRIX
    5.2422
    1.3296      0.37022
    7.9325       1.8585       17.105
    5.1054       1.5237       5.6424       7.4561
   -6.0959      -1.4550      -11.669      -4.9539       8.5747
   -2.7050     -0.72911      -3.9221      -3.0418       3.0609
    1.5084
 GTRANSPOSE*INVERSE(H)*G  STATISTIC  -  =  0.27733E-13

          COEFFICIENT STD ERROR   T-RATIO

 A1        1.5935     0.43946E-01  36.260
 B1      -0.13397E-01 0.12784E-02 -10.479
 C2       0.47005E-01 0.10027     0.46878
 C3      -0.67032     0.12835     -5.2226
 C4      -0.41271     0.10835     -3.8091
 C5       0.64431     0.71322E-01  9.0338
 C6       0.74446     0.10984      6.7776
 H5       0.15027E-08 0.13499     0.11132E-07
 H6       0.30321E-08 0.84606E-01 0.35837E-07
 F4       0.44538E-08 0.24341     0.18298E-07
 F5       0.31829E-08 0.41484     0.76727E-08
 F6       0.36687E-08 0.25215     0.14550E-07
 D3      -0.22622     0.26070    -0.86774
 D4       0.25579     0.11336      2.2564
 D5      -0.64567E-01 0.15031    -0.42956
 D6       0.46125     0.15142      3.0462
 CC2     -0.94016E-01 0.49563E-01 -1.8969
 CC3     -0.49667     0.16075     -3.0896
 CC4     -0.32805     0.55247E-01 -5.9378
 CC5       1.2658     0.11097      11.407
 CC6      0.12916     0.75912E-01  1.7015
 DD3     -0.34217     0.17608     -1.9433
 DD4     -0.13982     0.62073E-01 -2.2525
 DD5      0.32808     0.20843      1.5741
 DD6      0.43252     0.31234E-01  13.848
 A2       0.34495     0.13267E-01  26.001
 B2       0.19873E-03 0.40752E-03 0.48766
 A3        1.2531     0.89376E-01  14.020
 B3      -0.55650E-02 0.27174E-02 -2.0479
 A4       0.61980     0.62997E-01  9.8386
 B4       0.48444E-03 0.13102E-02 0.36976
 A5      -0.68387     0.65712E-01 -10.407
 B5      -0.18526E-02 0.22061E-02-0.83976
 A6       -1.4845     0.27363E-01 -54.254
 B6       0.16398E-01 0.92844E-03  17.662

     OBS.   OBSERVED     PREDICTED   CALCULATED
      NO.    VALUE        VALUE       RESIDUAL
       1    8.6761       10.675      -1.9993                *   I
       2    8.8682       11.021      -2.1526               *    I
       3    9.0907       11.451      -2.3599               *    I
       4    9.5865       11.837      -2.2507               *    I
       5    10.262       12.407      -2.1459               *    I
       6    10.775       12.827      -2.0525                *   I
       7    11.091       13.367      -2.2761               *    I
       8    11.659       13.928      -2.2691               *    I
       9    12.237       14.490      -2.2522               *    I
      10    12.889       15.012      -2.1235               *    I
      11    13.676       15.804      -2.1284               *    I
      12    14.207       16.179      -1.9723                *   I
      13    14.719       16.607      -1.8879                *   I
      14    15.406       17.447      -2.0406                *   I
      15    16.374       18.061      -1.6871                *   I
      16    17.172       17.954     -0.78217                  * I
      17    17.302       18.364      -1.0622                  * I
      18    18.224       18.625     -0.40086                   *I
      19    18.584       18.911     -0.32682                   *I
      20    18.860       19.298     -0.43812                   *I
      21    19.197       19.935     -0.73788                  * I
      22    19.819       20.351     -0.53275                   *I
      23    20.925       21.026     -0.10164                    *
      24    21.429       21.744     -0.31509                   *I
      25    21.654       22.218     -0.56440                   *I
      26    21.846       22.638     -0.79159                  * I
      27    22.976       22.916      0.60066E-01                *
      28    23.440       23.678     -0.23765                   *I
      29    24.185       24.880     -0.69528                  * I
      30    25.305       26.898      -1.5931                 *  I
      31    26.395       27.998      -1.6021                 *  I
      32    26.651       28.469      -1.8180                *   I
      33    27.273       28.780      -1.5070                 *  I
      34    27.782       28.364     -0.58189                   *I
      35    28.379       28.898     -0.51860                   *I
      36    29.635       29.716     -0.80647E-01                *
      37    30.644       30.336      0.30747                    I*
      38    31.554       30.937      0.61794                    I*
      39    33.116       31.560       1.5561                    I  *
      40    35.014       31.871       3.1427                    I      *
      41    36.505       33.361       3.1443                    I      *
      42    37.666       33.707       3.9586                    I        *
      43    38.833       34.204       4.6285                    I         *
      44    40.398       35.651       4.7471                    I         *
      45    42.434       37.773       4.6606                    I         *
      46    44.363       39.805       4.5572                    I         *
      47    45.803       41.994       3.8091                    I       *
      48    48.295       44.244       4.0510                    I        *
      49    50.669       46.485       4.1844                    I        *
      50    50.958       48.992       1.9658                    I   *
      51    52.616       51.424       1.1918                    I  *
      52    54.713       54.394      0.31944                    I*
      53    56.340       56.467     -0.12713                    *
      54    57.336       58.592      -1.2559                 *  I
      55    58.735       60.527      -1.7921                *   I
      56    60.113       62.422      -2.3091               *    I
      57    61.768       63.734      -1.9666                *   I
      58    63.225       66.765      -3.5400            *       I
      59    65.033       68.562      -3.5292            *       I
      60    66.398       70.145      -3.7461            *       I

 DURBIN-WATSON = 0.0686    VON NEUMANN RATIO = 0.0698    RHO =  0.98080
 RESIDUAL SUM =  -17.650      RESIDUAL VARIANCE =   5.2422
 SUM OF ABSOLUTE ERRORS=   111.45
 R-SQUARE BETWEEN OBSERVED AND PREDICTED = 0.9827
 RUNS TEST:    5 RUNS,   17 POS,    0 ZERO,   43 NEG  NORMAL STATISTIC = -6.5562

     OBS.   OBSERVED     PREDICTED   CALCULATED
      NO.    VALUE        VALUE       RESIDUAL
       1    1.8430       2.3109     -0.46794                *   I
       2    1.9106       2.4675     -0.55694               *    I
       3    1.9845       2.5897     -0.60520               *    I
       4    2.0655       2.6927     -0.62724               *    I
       5    2.1298       2.7663     -0.63647               *    I
       6    2.3238       2.9481     -0.62434               *    I
       7    2.5571       3.0770     -0.51994                *   I
       8    2.6937       3.2753     -0.58165               *    I
       9    2.9404       3.4902     -0.54977               *    I
      10    3.0345       3.5782     -0.54366                *   I
      11    3.2640       3.7488     -0.48483                *   I
      12    3.4337       3.9604     -0.52667                *   I
      13    3.5809       4.1809     -0.59996               *    I
      14    3.6950       4.2452     -0.55022               *    I
      15    3.7882       4.3362     -0.54795               *    I
      16    4.1249       4.4311     -0.30622                 *  I
      17    4.4643       4.6364     -0.17206                   *I
      18    4.4928       4.7385     -0.24574                  * I
      19    4.6267       4.9102     -0.28350                  * I
      20    4.7798       5.0058     -0.22598                  * I
      21    4.8877       5.1391     -0.25137                  * I
      22    5.1098       5.2983     -0.18851                  * I
      23    5.1866       5.5627     -0.37606                 *  I
      24    5.3185       5.7606     -0.44208                *   I
      25    5.5664       5.8195     -0.25307                  * I
      26    5.9565       5.9948     -0.38315E-01                *
      27    6.2152       6.2383     -0.23136E-01                *
      28    6.4258       6.5509     -0.12512                   *I
      29    6.6676       6.7333     -0.65665E-01               *I
      30    6.8637       7.1519     -0.28823                  * I
      31    7.0456       7.4687     -0.42308                 *  I
      32    7.2711       7.5308     -0.25974                  * I
      33    7.4565       7.6888     -0.23228                  * I
      34    7.6461       7.5194      0.12668                    I*
      35    7.7292       7.8074     -0.78154E-01               *I
      36    7.9898       8.0317     -0.41872E-01                *
      37    8.3246       8.0192      0.30541                    I  *
      38    8.4906       7.8978      0.59276                    I    *
      39    8.8349       8.0657      0.76925                    I     *
      40    9.2351       8.0963       1.1388                    I        *
      41    9.5194       8.5464      0.97305                    I       *
      42    9.6802       8.6421       1.0381                    I        *
      43    9.9780       8.5652       1.4128                    I           *
      44    10.273       8.9909       1.2824                    I          *
      45    10.728       9.3499       1.3783                    I          *
      46    11.076       9.8784       1.1974                    I         *
      47    11.423       10.478      0.94478                    I       *
      48    11.783       11.013      0.76929                    I     *
      49    12.139       11.493      0.64657                    I    *
      50    12.645       12.437      0.20816                    I *
      51    12.865       12.874     -0.91743E-02                *
      52    13.302       13.544     -0.24166                  * I
      53    13.788       13.939     -0.15067                   *I
      54    13.828       14.258     -0.42997                *   I
      55    14.041       14.646     -0.60494               *    I
      56    14.382       15.072     -0.69043              *     I
      57    14.996       15.405     -0.40939                 *  I
      58    15.746       16.480     -0.73340              *     I
      59    16.362       17.192     -0.82954             *      I
      60    17.209       17.860     -0.65075               *    I

 DURBIN-WATSON = 0.0850    VON NEUMANN RATIO = 0.0864    RHO =  0.96136
 RESIDUAL SUM =  -4.7092      RESIDUAL VARIANCE =  0.37022
 SUM OF ABSOLUTE ERRORS=   30.277
 R-SQUARE BETWEEN OBSERVED AND PREDICTED = 0.9805
 RUNS TEST:    5 RUNS,   15 POS,    0 ZERO,   45 NEG  NORMAL STATISTIC = -6.4608

     OBS.   OBSERVED     PREDICTED   CALCULATED
      NO.    VALUE        VALUE       RESIDUAL
       1    5.2450       8.3947      -3.1497                *   I
       2    5.8133       8.6373      -2.8240                 *  I
       3    5.1597       8.9208      -3.7611               *    I
       4    5.9914       9.3304      -3.3390                *   I
       5    6.4178       9.9065      -3.4887                *   I
       6    7.2833       10.210      -2.9267                *   I
       7    7.3815       10.576      -3.1947                *   I
       8    8.0388       11.043      -3.0039                *   I
       9    8.3696       11.436      -3.0665                *   I
      10    9.3974       11.681      -2.2834                 *  I
      11    9.4890       12.297      -2.8078                 *  I
      12    9.7915       12.301      -2.5097                 *  I
      13    9.7237       12.437      -2.7133                 *  I
      14    9.6718       13.210      -3.5381                *   I
      15    11.084       13.672      -2.5879                 *  I
      16    10.024       12.855      -2.8316                 *  I
      17    10.079       13.080      -3.0009                *   I
      18    10.861       13.108      -2.2470                 *  I
      19    10.578       13.165      -2.5870                 *  I
      20    12.357       13.439      -1.0824                   *I
      21    12.492       13.979      -1.4878                  * I
      22    13.872       14.154     -0.28242                    *
      23    15.180       14.569      0.61136                    I*
      24    12.710       14.987      -2.2773                 *  I
      25    14.335       15.321     -0.98668                   *I
      26    15.922       15.634      0.28743                    *
      27    16.468       15.777      0.69142                    I*
      28    15.997       16.545     -0.54834                   *I
      29    17.689       17.814     -0.12487                    *
      30    20.059       20.088     -0.29047E-01                *
      31    20.526       21.082     -0.55563                   *I
      32    17.506       21.044      -3.5384                *   I
      33    16.680       21.281      -4.6005              *     I
      34    18.269       20.663      -2.3938                 *  I
      35    19.478       21.445      -1.9666                  * I
      36    22.105       22.432     -0.32623                    *
      37    22.517       22.790     -0.27318                    *
      38    24.188       22.963       1.2249                    I*
      39    26.163       23.554       2.6091                    I  *
      40    27.623       23.538       4.0852                    I    *
      41    29.327       25.217       4.1108                    I    *
      42    26.908       25.438       1.4705                    I *
      43    29.265       25.755       3.5097                    I   *
      44    32.642       27.403       5.2385                    I     *
      45    36.231       29.495       6.7363                    I       *
      46    38.445       31.706       6.7398                    I       *
      47    40.534       34.176       6.3577                    I       *
      48    42.959       36.556       6.4029                    I       *
      49    47.188       38.840       8.3472                    I         *
      50    46.842       41.943       4.8996                    I     *
      51    47.636       44.201       3.4345                    I   *
      52    50.661       47.589       3.0724                    I   *
      53    56.177       49.722       6.4549                    I       *
      54    57.288       51.693       5.5955                    I      *
      55    55.914       53.753       2.1616                    I  *
      56    54.564       55.945      -1.3810                  * I
      57    52.700       57.703      -5.0032              *     I
      58    52.680       61.949      -9.2692         *          I
      59    55.091       64.754      -9.6634        *           I
      60    55.083       67.309      -12.227     *              I

 DURBIN-WATSON = 0.1526    VON NEUMANN RATIO = 0.1552    RHO =  0.99029
 RESIDUAL SUM =  -29.836      RESIDUAL VARIANCE =   17.105
 SUM OF ABSOLUTE ERRORS=   197.92
 R-SQUARE BETWEEN OBSERVED AND PREDICTED = 0.9406
 RUNS TEST:    7 RUNS,   21 POS,    0 ZERO,   39 NEG  NORMAL STATISTIC = -6.1059

     OBS.   OBSERVED     PREDICTED   CALCULATED
      NO.    VALUE        VALUE       RESIDUAL
       1    2.1540       4.1523      -1.9983                *   I
       2    2.2615       4.2481      -1.9866                *   I
       3    2.5677       4.4134      -1.8457                 *  I
       4    2.5105       4.6454      -2.1348                *   I
       5    2.9246       5.0260      -2.1015                *   I
       6    2.9170       5.1631      -2.2461                *   I
       7    2.9593       5.4046      -2.4452                *   I
       8    3.2838       5.6470      -2.3632                *   I
       9    3.4415       5.8465      -2.4049                *   I
      10    3.6660       6.0795      -2.4135                *   I
      11    4.2678       6.4886      -2.2208                *   I
      12    4.6807       6.4797      -1.7989                 *  I
      13    5.0313       6.5351      -1.5038                 *  I
      14    5.1325       7.1508      -2.0182                *   I
      15    4.8223       7.5452      -2.7229               *    I
      16    5.2941       7.1155      -1.8215                 *  I
      17    5.5009       7.2460      -1.7452                 *  I
      18    5.8939       7.3188      -1.4249                 *  I
      19    6.0267       7.3526      -1.3259                  * I
      20    6.4542       7.5914      -1.1372                  * I
      21    6.9104       8.0016      -1.0911                  * I
      22    6.5750       8.1712      -1.5963                 *  I
      23    6.7302       8.4671      -1.7368                 *  I
      24    6.7652       8.8164      -2.0512                *   I
      25    7.2814       9.1811      -1.8997                 *  I
      26    8.4056       9.4223      -1.0167                  * I
      27    8.7237       9.4666     -0.74292                   *I
      28    9.5982       9.9356     -0.33746                   *I
      29    10.409       10.925     -0.51603                   *I
      30    10.517       12.527      -2.0102                *   I
      31    11.008       13.259      -2.2505                *   I
      32    12.248       13.458      -1.2103                  * I
      33    13.406       13.702     -0.29628                   *I
      34    14.399       13.515      0.88440                    I *
      35    15.765       14.024       1.7412                    I  *
      36    16.461       14.782       1.6789                    I  *
      37    18.101       15.315       2.7860                    I    *
      38    20.071       15.809       4.2620                    I       *
      39    20.990       16.347       4.6427                    I        *
      40    21.392       16.566       4.8260                    I        *
      41    23.508       17.775       5.7328                    I         *
      42    25.539       18.131       7.4082                    I             *
      43    25.399       18.652       6.7470                    I           *
      44    25.526       19.864       5.6619                    I         *
      45    25.855       21.540       4.3152                    I       *
      46    26.749       23.214       3.5353                    I     *
      47    27.544       25.060       2.4838                    I    *
      48    28.685       26.896       1.7894                    I  *
      49    29.835       28.710       1.1249                    I *
      50    30.552       30.910     -0.35781                   *I
      51    31.988       32.733     -0.74577                   *I
      52    32.263       35.310      -3.0471              *     I
      53    33.748       37.070      -3.3224              *     I
      54    35.538       38.777      -3.2393              *     I
      55    37.653       40.521      -2.8682               *    I
      56    40.225       42.279      -2.0535                *   I
      57    42.979       43.721     -0.74212                   *I
      58    45.344       46.661      -1.3171                  * I
      59    46.879       48.681      -1.8018                 *  I
      60    48.483       50.559      -2.0759                *   I

 DURBIN-WATSON = 0.0764    VON NEUMANN RATIO = 0.0777    RHO =  0.96181
 RESIDUAL SUM =  -18.366      RESIDUAL VARIANCE =   7.4561
 SUM OF ABSOLUTE ERRORS=   137.61
 R-SQUARE BETWEEN OBSERVED AND PREDICTED = 0.9590
 RUNS TEST:    3 RUNS,   16 POS,    0 ZERO,   44 NEG  NORMAL STATISTIC = -7.1812

     OBS.   OBSERVED     PREDICTED   CALCULATED
      NO.    VALUE        VALUE       RESIDUAL
       1   -2.5107      -4.5815       2.0708                    I   *
       2   -2.8250      -4.6760       1.8510                    I  *
       3   -2.4221      -4.8232       2.4011                    I   *
       4   -2.8419      -5.1262       2.2843                    I   *
       5   -3.1611      -5.6154       2.4543                    I   *
       6   -3.7644      -5.7663       2.0018                    I  *
       7   -3.8680      -6.0013       2.1333                    I   *
       8   -3.9333      -6.3118       2.3786                    I   *
       9   -4.3220      -6.5282       2.2062                    I   *
      10   -4.4712      -6.7280       2.2568                    I   *
      11   -4.8440      -7.2186       2.3746                    I   *
      12   -4.9924      -7.1052       2.1127                    I   *
      13   -4.5942      -7.0263       2.4321                    I   *
      14   -4.6523      -7.8761       3.2238                    I     *
      15   -6.0637      -8.4261       2.3624                    I   *
      16   -6.2198      -7.4632       1.2434                    I *
      17   -5.9147      -7.6298       1.7151                    I  *
      18   -6.4778      -7.5362       1.0585                    I *
      19   -6.1743      -7.3372       1.1629                    I *
      20   -6.6724      -7.4371      0.76470                    I*
      21   -6.6791      -7.5959      0.91680                    I *
      22   -7.3107      -7.7089      0.39816                    I*
      23   -8.1564      -8.2308      0.74356E-01                *
      24   -7.4679      -8.5450       1.0770                    I *
      25   -7.9152      -9.0912       1.1760                    I *
      26   -9.2324      -9.0930     -0.13938                    *
      27   -9.2106      -8.4566     -0.75402                   *I
      28   -8.7752      -8.7967      0.21545E-01                *
      29   -9.7600      -10.457      0.69687                    I*
      30   -12.189      -13.806       1.6172                    I  *
      31   -12.873      -14.823       1.9495                    I  *
      32   -12.137      -14.966       2.8283                    I    *
      33   -12.562      -15.427       2.8650                    I    *
      34   -13.390      -14.545       1.1547                    I *
      35   -14.395      -15.201      0.80584                    I*
      36   -16.748      -16.561     -0.18652                    *
      37   -17.532      -17.461     -0.71426E-01                *
      38   -19.267      -18.835     -0.43167                   *I
      39   -21.241      -19.218      -2.0237                 *  I
      40   -22.327      -19.218      -3.1093               *    I
      41   -25.017      -21.299      -3.7185              *     I
      42   -24.773      -20.621      -4.1527             *      I
      43   -25.108      -21.602      -3.5057              *     I
      44   -28.421      -24.237      -4.1841             *      I
      45   -32.258      -28.656      -3.6014              *     I
      46   -36.290      -31.699      -4.5909            *       I
      47   -39.242      -34.844      -4.3975            *       I
      48   -43.388      -38.499      -4.8884            *       I
      49   -49.654      -42.191      -7.4634       *            I
      50   -47.953      -44.885      -3.0681               *    I
      51   -51.377      -49.739      -1.6377                 *  I
      52   -56.652      -55.596      -1.0561                  * I
      53   -63.088      -58.493      -4.5952            *       I
      54   -63.261      -60.705      -2.5558                *   I
      55   -61.785      -62.064      0.27926                    *
      56   -62.381      -64.208       1.8278                    I  *
      57   -62.307      -65.244       2.9366                    I    *
      58   -65.237      -71.995       6.7576                    I           *
      59   -69.564      -75.373       5.8091                    I         *
      60   -70.321      -77.849       7.5276                    I            *

 DURBIN-WATSON = 0.1880    VON NEUMANN RATIO = 0.1912    RHO =  0.95159
 RESIDUAL SUM =   21.076      RESIDUAL VARIANCE =   8.5747
 SUM OF ABSOLUTE ERRORS=   141.34
 R-SQUARE BETWEEN OBSERVED AND PREDICTED = 0.9818
 RUNS TEST:    5 RUNS,   39 POS,    0 ZERO,   21 NEG  NORMAL STATISTIC = -6.6792

     OBS.   OBSERVED     PREDICTED   CALCULATED
      NO.    VALUE        VALUE       RESIDUAL
       1   -8.7080      -9.9456       1.2376                    I    *
       2   -9.0615      -10.191       1.1300                    I    *
       3   -9.0789      -10.455       1.3761                    I     *
       4   -9.6721      -10.852       1.1802                    I    *
       5   -10.185      -11.392       1.2073                    I    *
       6   -10.735      -11.674      0.93855                    I   *
       7   -10.996      -11.982      0.98554                    I   *
       8   -11.394      -12.417       1.0229                    I   *
       9   -11.635      -12.773       1.1371                    I    *
      10   -11.732      -12.887       1.1552                    I    *
      11   -11.953      -13.405       1.4511                    I     *
      12   -12.332      -13.343       1.0108                    I   *
      13   -12.592      -13.460      0.86749                    I   *
      14   -12.774      -13.990       1.2157                    I    *
      15   -13.150      -14.244       1.0940                    I   *
      16   -13.265      -13.479      0.21336                    I*
      17   -13.194      -13.614      0.41981                    I *
      18   -13.255      -13.583      0.32879                    I*
      19   -13.418      -13.650      0.23211                    I*
      20   -13.462      -13.817      0.35463                    I*
      21   -13.868      -14.262      0.39432                    I *
      22   -14.237      -14.318      0.81625E-01                *
      23   -14.354      -14.508      0.15421                    I*
      24   -13.993      -14.752      0.75859                    I  *
      25   -13.902      -14.765      0.86295                    I   *
      26   -14.493      -14.975      0.48215                    I *
      27   -15.044      -15.263      0.21931                    I*
      28   -15.477      -15.839      0.36273                    I*
      29   -15.935      -16.378      0.44219                    I *
      30   -16.570      -17.482      0.91163                    I   *
      31   -17.354      -18.005      0.65139                    I  *
      32   -16.831      -17.670      0.83927                    I  *
      33   -16.522      -17.555       1.0327                    I   *
      34   -16.480      -16.914      0.43446                    I *
      35   -17.190      -17.276      0.86443E-01                *
      36   -17.970      -17.596     -0.37414                  * I
      37   -18.250      -17.374     -0.87565                *   I
      38   -18.291      -16.850      -1.4405              *     I
      39   -18.617      -16.998      -1.6194             *      I
      40   -18.776      -16.672      -2.1040           *        I
      41   -19.429      -17.373      -2.0561            *       I
      42   -19.709      -17.372      -2.3373          *         I
      43   -19.602      -17.029      -2.5731          *         I
      44   -20.117      -17.512      -2.6054         *          I
      45   -20.398      -17.966      -2.4315          *         I
      46   -21.063      -18.787      -2.2767           *        I
      47   -21.577      -19.767      -1.8096             *      I
      48   -22.198      -20.544      -1.6543             *      I
      49   -22.814      -21.188      -1.6268             *      I
      50   -23.007      -22.627     -0.38013                  * I
      51   -22.960      -22.981      0.20884E-01                *
      52   -23.593      -24.080      0.48675                    I *
      53   -24.062      -24.496      0.43349                    I *
      54   -24.186      -24.751      0.56501                    I *
      55   -24.273      -25.150      0.87635                    I   *
      56   -24.644      -25.570      0.92540                    I   *
      57   -25.114      -25.818      0.70364                    I  *
      58   -25.496      -27.251       1.7546                    I      *
      59   -26.260      -28.011       1.7516                    I      *
      60   -26.903      -28.631       1.7283                    I      *

 DURBIN-WATSON = 0.0855    VON NEUMANN RATIO = 0.0870    RHO =  0.96409
 RESIDUAL SUM =   9.3539      RESIDUAL VARIANCE =   1.5084
 SUM OF ABSOLUTE ERRORS=   61.683
 R-SQUARE BETWEEN OBSERVED AND PREDICTED = 0.9404
 RUNS TEST:    3 RUNS,   45 POS,    0 ZERO,   15 NEG  NORMAL STATISTIC = -7.1593

 |_END


 |_* FINAL LL FROM PMOD8OUT.TXT WAS -361.6249
 |_* STARTING LL FOR PMOD9.TXT IS -361.7080 WHICH IS CLOSE TO -629.0932, WHICH IS A GOOD CHECK ON OUR CODING.
 |_* FINAL STATISTICS:  TIME =     0.4610 SEC.   ITER. NO.   130   FUNCT. EVALUATIONS   142
 |_* THE NONLINEAR ESTIMATION PROGRAM IN SHAZAM TOOK 0.461 SECONDS AND 130 ITERATIONS TO CONVERGE.
 |_* FINAL LOG-LIKELIHOOD FUNCTION = -352.3998, AN INCREASE OF 9.2 LL POINTS FOR THE ADDITION OF 3 PARAMETERS
 |_* NOTE THAT THE INCREASE IN LL FOR PMOD9 IS LESS THAN IT WAS FOR PMOD8. THIS WILL ALWAYS BE THE CASE.
 |_* WE WILL USE THE FINAL PARAMETER VALUES IN THIS RUN AS STARTING PARAMETER VALUES IN THE NEXT RUN.
 |_STOP

