 Welcome to SHAZAM (Double Precision) v11.1 -  APR 2015 WIN-NT   PAR=112400
 ...NOTE..CURRENT WORKING DIRECTORY IS: C:\Users\jules\Desktop\Diewert_Jules\Consumer models

 |_*THIS IS CMOD3.TXT,A 2 GOOD CONSUMER REGRESSION MODEL BASED ON THE                 JUNE 30,2019
 |_*NORMALIZED QUADRATIC EXPENDITURE FUNCTION.
 |_*IN THIS MODEL, WE WILL CALCULATE UTILITY USING THE EXACT INDEX NUMBER FORMULA FOR THE NORMALIZED
 |_*QUADRATIC FUNCTIONAL FORM; SEE EQUATION (90) IN CHAPTER 5, PART II OF THE ECON 594 LECTURE NOTES.
 |_*GOOD 1 IS PER POP CONSUMPTION AND GOOD 2 IS PER POP LABOUR SUPPLY cONVERTED INTO LEISURE DEMAND.
 |_SET NODOECHO

 |_SMPL 1 60

 |_*YOUR SMPL MAY BE DIFFERENT. NOW READ IN PER POP CONSUMER DATA FROM DATOUT.TXT
 |_READ YEAR X1 X2 PC1 PC2
 ...NOTE..    5 VARIABLES AND       60 OBSERVATIONS STARTING AT OBS       1


 |_*X1=PER CAPITA CONSUMPTION
 |_*X2=PER CAPITA LABOUR SUPPLY
 |_FORMAT(F8.0,4F15.5)

 |_PRINT YEAR X1 X2 PC1 PC2 / FORMAT
       YEAR           X1             X2             PC1            PC2
   1959.        0.94213        0.75025        1.00000        1.00000
   1960.        0.94160        0.76335        1.04057        1.03473
   1961.        0.94247        0.74680        1.04632        1.06254
   1962.        0.97524        0.78068        1.05999        1.05361
   1963.        1.02414        0.80649        1.07549        1.09064
   1964.        1.05392        0.83313        1.11047        1.15804
   1965.        1.06367        0.83669        1.14922        1.21684
   1966.        1.09903        0.85221        1.18230        1.27688
   1967.        1.13349        0.85508        1.22689        1.34511
   1968.        1.17089        0.84562        1.26776        1.47316
   1969.        1.21622        0.84341        1.32214        1.60347
   1970.        1.23784        0.85255        1.40137        1.79477
   1971.        1.23051        0.83523        1.49660        1.92863
   1972.        1.26771        0.83397        1.59397        2.13238
   1973.        1.32701        0.84556        1.78636        2.47628
   1974.        1.36983        0.83956        2.10045        3.11785
   1975.        1.36665        0.82688        2.43408        3.60072
   1976.        1.42505        0.82235        2.71156        4.01921
   1977.        1.43581        0.82246        2.96242        4.38523
   1978.        1.44203        0.81665        3.23147        4.69709
   1979.        1.45053        0.83138        3.55176        5.07562
   1980.        1.47679        0.84170        3.89987        5.70114
   1981.        1.54710        0.84202        4.26864        6.40249
   1982.        1.55717        0.80677        4.72946        7.20453
   1983.        1.55210        0.79064        5.07748        7.84229
   1984.        1.54723        0.81438        5.38738        8.10991
   1985.        1.60567        0.83416        5.78719        8.56054
   1986.        1.61458        0.84582        6.27865        8.83882
   1987.        1.64073        0.85775        6.72305        9.38893
   1988.        1.68889        0.87744        7.17196       10.00849
   1989.        1.73208        0.90350        7.64978       10.87793
   1990.        1.70132        0.85249        8.06125       11.89643
   1991.        1.72164        0.82751        8.27285       12.58366
   1992.        1.73828        0.81809        8.42305       13.24905
   1993.        1.75861        0.84515        8.57934       13.07484
   1994.        1.81609        0.87374        8.75687       13.11379
   1995.        1.85525        0.87663        8.99539       13.70776
   1996.        1.88983        0.86914        9.12079       14.47196
   1997.        1.96369        0.87587        9.26638       14.71216
   1998.        2.05364        0.87376        9.34641       15.28891
   1999.        2.11672        0.89384        9.53106       15.37843
   2000.        2.15618        0.89516        9.95020       16.91677
   2001.        2.19783        0.88024       10.20479       17.71036
   2002.        2.26029        0.89303       10.51083       18.26312
   2003.        2.34894        0.89586       10.67488       19.02731
   2004.        2.42599        0.91389       10.85779       19.72856
   2005.        2.47116        0.92363       11.18561       20.63304
   2006.        2.55851        0.93303       11.56763       22.29131
   2007.        2.63103        0.93991       11.92741       23.66468
   2008.        2.59205        0.92852       12.28199       24.64378
   2009.        2.63507        0.91230       12.59164       26.14124
   2010.        2.70228        0.92452       12.83965       27.56287
   2011.        2.73446        0.92660       13.15078       28.38844
   2012.        2.73535        0.91547       13.49229       28.89385
   2013.        2.76057        0.90518       13.80931       29.75176
   2014.        2.78498        0.90588       14.00880       29.81375
   2015.        2.81730        0.90885       14.19698       30.03215
   2016.        2.83561        0.90726       14.35172       30.19166
   2017.        2.87104        0.91980       14.55362       30.50860
   2018.        2.88234        0.92659       14.78896       31.07464

 |_GENR VC=PC1*X1

 |_GENR VL=PC2*X2

 |_GENR VCL=VC-VL

 |_FORMAT(F8.0,3F10.3)

 |_PRINT YEAR VC VL VCL / FORMAT
       YEAR           VC             VL             VCL
   1959.     0.942     0.750     0.192
   1960.     0.980     0.790     0.190
   1961.     0.986     0.794     0.193
   1962.     1.034     0.823     0.211
   1963.     1.101     0.880     0.222
   1964.     1.170     0.965     0.206
   1965.     1.222     1.018     0.204
   1966.     1.299     1.088     0.211
   1967.     1.391     1.150     0.240
   1968.     1.484     1.246     0.239
   1969.     1.608     1.352     0.256
   1970.     1.735     1.530     0.205
   1971.     1.842     1.611     0.231
   1972.     2.021     1.778     0.242
   1973.     2.371     2.094     0.277
   1974.     2.877     2.618     0.260
   1975.     3.327     2.977     0.349
   1976.     3.864     3.305     0.559
   1977.     4.253     3.607     0.647
   1978.     4.660     3.836     0.824
   1979.     5.152     4.220     0.932
   1980.     5.759     4.799     0.961
   1981.     6.604     5.391     1.213
   1982.     7.365     5.812     1.552
   1983.     7.881     6.200     1.680
   1984.     8.336     6.605     1.731
   1985.     9.292     7.141     2.151
   1986.    10.137     7.476     2.661
   1987.    11.031     8.053     2.977
   1988.    12.113     8.782     3.331
   1989.    13.250     9.828     3.422
   1990.    13.715    10.142     3.573
   1991.    14.243    10.413     3.830
   1992.    14.642    10.839     3.803
   1993.    15.088    11.050     4.038
   1994.    15.903    11.458     4.445
   1995.    16.689    12.017     4.672
   1996.    17.237    12.578     4.659
   1997.    18.196    12.886     5.310
   1998.    19.194    13.359     5.835
   1999.    20.175    13.746     6.429
   2000.    21.454    15.143     6.311
   2001.    22.428    15.589     6.839
   2002.    23.758    16.310     7.448
   2003.    25.075    17.046     8.029
   2004.    26.341    18.030     8.311
   2005.    27.641    19.057     8.584
   2006.    29.596    20.798     8.797
   2007.    31.381    22.243     9.139
   2008.    31.836    22.882     8.953
   2009.    33.180    23.849     9.331
   2010.    34.696    25.482     9.214
   2011.    35.960    26.305     9.656
   2012.    36.906    26.451    10.455
   2013.    38.122    26.931    11.191
   2014.    39.014    27.008    12.007
   2015.    39.997    27.295    12.702
   2016.    40.696    27.392    13.304
   2017.    41.784    28.062    13.722
   2018.    42.627    28.793    13.833


 |_*WE CONVERT LABOUR SUPPLY INTO LEISURE DEMAND
 |_*ASSUME EFFECTIVE HOURS ARE EQUAL TO TWICE THE AVERAGE HOURS OF LABOUR SUPPLIED
 |_*THIS IS THE WEAKNESS OF A LEISURE MODEL; THE MAXIMUM NUMBER OF HOURS THAT COULD BE WORKED IS SOMEWHAT ARBITRARY.
 |_STAT X2 / MEAN=AVE
 NAME        N    MEAN        ST. DEV      VARIANCE     MINIMUM      MAXIMUM
 X2           60  0.86027     0.47126E-01 0.22209E-02  0.74680      0.93991

 |_GENR ONE=1

 |_GENR H=2*ONE*AVE

 |_GENR X=H-X2

 |_*GENR A NEW X2 WHICH IS EQUAL TO PER CAPITA LEISURE RATHER THAN PER CAPITA LABOUR SUPPLY
 |_GENR X2=X

 |_GENR Y=PC1*X1+PC2*X2

 |_FORMAT(6F12.4)

 |_PRINT X1 X2 PC1 PC2 Y / FORMAT
       X1             X2             PC1            PC2            Y
      0.9421      0.9703      1.0000      1.0000      1.9124
      0.9416      0.9572      1.0406      1.0347      1.9702
      0.9425      0.9737      1.0463      1.0625      2.0208
      0.9752      0.9399      1.0600      1.0536      2.0240
      1.0241      0.9141      1.0755      1.0906      2.0984
      1.0539      0.8874      1.1105      1.1580      2.1980
      1.0637      0.8839      1.1492      1.2168      2.2979
      1.0990      0.8683      1.1823      1.2769      2.4081
      1.1335      0.8655      1.2269      1.3451      2.5548
      1.1709      0.8749      1.2678      1.4732      2.7733
      1.2162      0.8771      1.3221      1.6035      3.0145
      1.2378      0.8680      1.4014      1.7948      3.2925
      1.2305      0.8853      1.4966      1.9286      3.5490
      1.2677      0.8866      1.5940      2.1324      3.9112
      1.3270      0.8750      1.7864      2.4763      4.5372
      1.3698      0.8810      2.1004      3.1178      5.6240
      1.3666      0.8937      2.4341      3.6007      6.5444
      1.4250      0.8982      2.7116      4.0192      7.4742
      1.4358      0.8981      2.9624      4.3852      8.1918
      1.4420      0.9039      3.2315      4.6971      8.9056
      1.4505      0.8892      3.5518      5.0756      9.6650
      1.4768      0.8788      3.8999      5.7011     10.7697
      1.5471      0.8785      4.2686      6.4025     12.2288
      1.5572      0.9138      4.7295      7.2045     13.9479
      1.5521      0.9299      5.0775      7.8423     15.1734
      1.5472      0.9062      5.3874      8.1099     15.6845
      1.6057      0.8864      5.7872      8.5605     16.8803
      1.6146      0.8747      6.2786      8.8388     17.8689
      1.6407      0.8628      6.7230      9.3889     19.1315
      1.6889      0.8431      7.1720     10.0085     20.5509
      1.7321      0.8170      7.6498     10.8779     22.1378
      1.7013      0.8681      8.0612     11.8964     24.0415
      1.7216      0.8930      8.2729     12.5837     25.4805
      1.7383      0.9025      8.4230     13.2491     26.5983
      1.7586      0.8754      8.5793     13.0748     26.5334
      1.8161      0.8468      8.7569     13.1138     27.0081
      1.8553      0.8439      8.9954     13.7078     28.2569
      1.8898      0.8514      9.1208     14.4720     29.5583
      1.9637      0.8447      9.2664     14.7122     30.6233
      2.0536      0.8468      9.3464     15.2889     32.1406
      2.1167      0.8267      9.5311     15.3784     32.8880
      2.1562      0.8254      9.9502     16.9168     35.4173
      2.1978      0.8403     10.2048     17.7104     37.3105
      2.2603      0.8275     10.5108     18.2631     38.8706
      2.3489      0.8247     10.6749     19.0273     40.7662
      2.4260      0.8067     10.8578     19.7286     42.2551
      2.4712      0.7969     11.1856     20.6330     44.0843
      2.5585      0.7875     11.5676     22.2913     47.1507
      2.6310      0.7806     11.9274     23.6647     49.8549
      2.5920      0.7920     12.2820     24.6438     51.3541
      2.6351      0.8082     12.5916     26.1412     54.3084
      2.7023      0.7960     12.8397     27.5629     56.6371
      2.7345      0.7939     13.1508     28.3884     58.4992
      2.7353      0.8051     13.4923     28.8939     60.1679
      2.7606      0.8154     13.8093     29.7518     62.3802
      2.7850      0.8147     14.0088     29.8137     63.3025
      2.8173      0.8117     14.1970     30.0322     64.3742
      2.8356      0.8133     14.3517     30.1917     65.2504
      2.8710      0.8007     14.5536     30.5086     66.2137
      2.8823      0.7940     14.7890     31.0746     67.2987

 |_INDEX PC1 X1 PC2 X2 / CHAIN FISHER=PUFCH QFISHER=UFCH

 REQUIRED MEMORY IS PAR=      11 CURRENT PAR=  112400
 BASE PERIOD IS OBSERVATION     1
 ALL INDEXES ARE CHAINED
 FISHER   WILL BE STORED AS VARIABLE: PUFCH
 QFISHER  WILL BE STORED AS VARIABLE: UFCH
                     PRICE INDEX                          QUANTITY
     DIVISIA PAASCHE LASPEYRES FISHER  DIVISIA    PAASCHE  LASPEYRES    FISHER
   1  1.000  1.000  1.000  1.000   1.912       1.912       1.912       1.912
   2  1.038  1.038  1.038  1.038   1.899       1.899       1.899       1.899
   3  1.055  1.055  1.054  1.055   1.916       1.916       1.916       1.916
   4  1.057  1.057  1.057  1.057   1.915       1.915       1.915       1.915
   5  1.083  1.083  1.083  1.083   1.938       1.938       1.938       1.938
   6  1.133  1.133  1.133  1.133   1.940       1.941       1.940       1.940
   7  1.181  1.181  1.181  1.181   1.946       1.947       1.946       1.946
   8  1.226  1.226  1.226  1.226   1.964       1.965       1.964       1.964
   9  1.281  1.280  1.281  1.281   1.994       1.995       1.994       1.994
  10  1.360  1.359  1.360  1.360   2.040       2.041       2.039       2.040
  11  1.446  1.445  1.447  1.446   2.084       2.086       2.083       2.084
  12  1.573  1.571  1.574  1.573   2.093       2.095       2.092       2.093
  13  1.685  1.683  1.686  1.685   2.107       2.109       2.105       2.107
  14  1.827  1.825  1.829  1.827   2.141       2.143       2.139       2.141
  15  2.083  2.080  2.085  2.083   2.179       2.181       2.176       2.179
  16  2.531  2.527  2.535  2.531   2.222       2.225       2.219       2.222
  17  2.928  2.924  2.933  2.928   2.235       2.238       2.232       2.235
  18  3.265  3.260  3.270  3.265   2.289       2.292       2.286       2.289
  19  3.565  3.560  3.570  3.565   2.298       2.301       2.294       2.298
  20  3.855  3.849  3.861  3.855   2.310       2.314       2.307       2.310
  21  4.203  4.197  4.209  4.203   2.299       2.303       2.296       2.299
  22  4.664  4.657  4.672  4.664   2.309       2.312       2.305       2.309
  23  5.166  5.158  5.175  5.166   2.367       2.371       2.363       2.367
  24  5.766  5.756  5.775  5.766   2.419       2.423       2.415       2.419
  25  6.231  6.221  6.241  6.231   2.435       2.439       2.431       2.435
  26  6.531  6.521  6.541  6.531   2.402       2.405       2.398       2.402
  27  6.960  6.950  6.969  6.960   2.425       2.429       2.422       2.425
  28  7.387  7.378  7.397  7.387   2.419       2.422       2.416       2.419
  29  7.883  7.873  7.893  7.883   2.427       2.430       2.424       2.427
  30  8.407  8.397  8.418  8.407   2.444       2.448       2.441       2.444
  31  9.036  9.024  9.048  9.036   2.450       2.453       2.447       2.450
  32  9.670  9.660  9.680  9.670   2.486       2.489       2.484       2.486
  33 10.055 10.046 10.065 10.055   2.534       2.536       2.532       2.534
  34 10.392 10.382 10.402 10.392   2.560       2.562       2.557       2.560
  35 10.438 10.430 10.447 10.438   2.542       2.544       2.540       2.542
  36 10.576 10.569 10.583 10.576   2.554       2.555       2.552       2.554
  37 10.942 10.934 10.950 10.942   2.582       2.584       2.581       2.582
  38 11.281 11.273 11.290 11.281   2.620       2.622       2.618       2.620
  39 11.464 11.456 11.473 11.464   2.671       2.673       2.669       2.671
  40 11.704 11.693 11.714 11.704   2.746       2.749       2.744       2.746
  41 11.871 11.861 11.880 11.871   2.771       2.773       2.768       2.771
  42 12.648 12.636 12.660 12.648   2.800       2.803       2.798       2.800
  43 13.078 13.066 13.091 13.078   2.853       2.856       2.850       2.853
  44 13.477 13.464 13.489 13.477   2.884       2.887       2.882       2.884
  45 13.823 13.808 13.838 13.823   2.949       2.952       2.946       2.949
  46 14.163 14.146 14.180 14.163   2.984       2.987       2.980       2.984
  47 14.673 14.655 14.691 14.673   3.004       3.008       3.001       3.004
  48 15.423 15.400 15.446 15.423   3.057       3.062       3.053       3.057
  49 16.076 16.050 16.102 16.076   3.101       3.106       3.096       3.101
  50 16.624 16.598 16.651 16.624   3.089       3.094       3.084       3.089
  51 17.268 17.241 17.295 17.268   3.145       3.150       3.140       3.145
  52 17.838 17.808 17.869 17.839   3.175       3.180       3.170       3.175
  53 18.310 18.278 18.342 18.310   3.195       3.200       3.189       3.195
  54 18.728 18.695 18.761 18.728   3.213       3.218       3.207       3.213
  55 19.213 19.179 19.246 19.213   3.247       3.252       3.241       3.247
  56 19.398 19.365 19.432 19.398   3.263       3.269       3.258       3.263
  57 19.613 19.580 19.647 19.614   3.282       3.288       3.276       3.282
  58 19.786 19.752 19.820 19.786   3.298       3.304       3.292       3.298
  59 20.038 20.004 20.072 20.038   3.304       3.310       3.299       3.304
  60 20.379 20.345 20.414 20.379   3.302       3.308       3.297       3.302

 |_FORMAT(4F12.3)

 |_PRINT YEAR PUFCH UFCH Y / FORMAT
       YEAR           PUFCH          UFCH           Y
    1959.000       1.000       1.912       1.912
    1960.000       1.038       1.899       1.970
    1961.000       1.055       1.916       2.021
    1962.000       1.057       1.915       2.024
    1963.000       1.083       1.938       2.098
    1964.000       1.133       1.940       2.198
    1965.000       1.181       1.946       2.298
    1966.000       1.226       1.964       2.408
    1967.000       1.281       1.994       2.555
    1968.000       1.360       2.040       2.773
    1969.000       1.446       2.084       3.014
    1970.000       1.573       2.093       3.293
    1971.000       1.685       2.107       3.549
    1972.000       1.827       2.141       3.911
    1973.000       2.083       2.179       4.537
    1974.000       2.531       2.222       5.624
    1975.000       2.928       2.235       6.544
    1976.000       3.265       2.289       7.474
    1977.000       3.565       2.298       8.192
    1978.000       3.855       2.310       8.906
    1979.000       4.203       2.299       9.665
    1980.000       4.664       2.309      10.770
    1981.000       5.166       2.367      12.229
    1982.000       5.766       2.419      13.948
    1983.000       6.231       2.435      15.173
    1984.000       6.531       2.402      15.684
    1985.000       6.960       2.425      16.880
    1986.000       7.387       2.419      17.869
    1987.000       7.883       2.427      19.131
    1988.000       8.407       2.444      20.551
    1989.000       9.036       2.450      22.138
    1990.000       9.670       2.486      24.042
    1991.000      10.055       2.534      25.481
    1992.000      10.392       2.560      26.598
    1993.000      10.438       2.542      26.533
    1994.000      10.576       2.554      27.008
    1995.000      10.942       2.582      28.257
    1996.000      11.281       2.620      29.558
    1997.000      11.464       2.671      30.623
    1998.000      11.704       2.746      32.141
    1999.000      11.871       2.771      32.888
    2000.000      12.648       2.800      35.417
    2001.000      13.078       2.853      37.311
    2002.000      13.477       2.884      38.871
    2003.000      13.823       2.949      40.766
    2004.000      14.163       2.984      42.255
    2005.000      14.673       3.004      44.084
    2006.000      15.423       3.057      47.151
    2007.000      16.076       3.101      49.855
    2008.000      16.624       3.089      51.354
    2009.000      17.268       3.145      54.308
    2010.000      17.839       3.175      56.637
    2011.000      18.310       3.195      58.499
    2012.000      18.728       3.213      60.168
    2013.000      19.213       3.247      62.380
    2014.000      19.398       3.263      63.303
    2015.000      19.614       3.282      64.374
    2016.000      19.786       3.298      65.250
    2017.000      20.038       3.304      66.214
    2018.000      20.379       3.302      67.299


 |_*WE NEED FIXED WEIGHTS SUMMING TO 1,G1 AND G2. WE INITIALLY
 |_*DEFINE G1 AND G2 AS BEING EQUAL TO THE SAMPLE MEANS OF X1 AND X2 RESPECTIVELY
 |_*AND THEN WE NORMALIZE THEM TO ADD UP TO 1.
 |_STAT X1 / MEAN=GG1
 NAME        N    MEAN        ST. DEV      VARIANCE     MINIMUM      MAXIMUM
 X1           60   1.8182     0.61187     0.37439      0.94160       2.8823

 |_STAT X2 / MEAN=GG2
 NAME        N    MEAN        ST. DEV      VARIANCE     MINIMUM      MAXIMUM
 X2           60  0.86027     0.47126E-01 0.22209E-02  0.78064      0.97375

 |_SMPL 1 1

 |_GENR SUM=GG1+GG2

 |_GENR GG1=GG1/SUM

 |_GENR GG2=GG2/SUM

 |_PRINT GG1 GG2
       GG1            GG2
   0.6788238      0.3211762

 |_*NOTE THAT GG1 AND GG2 ARE SCALARS; WE CONVERT THEM TO VECTORS
 |_SMPL 1 60

 |_*YOUR SMPL MAY BE DIFFERENT
 |_GENR G1=1

 |_GENR G2=1

 |_GENR G1=GG1(1)*G1

 |_GENR G2=GG2(1)*G2

 |_GENR PG=PC1*G1+PC2*G2

 |_PRINT YEAR G1 G2 PG / FORMAT
       YEAR           G1             G2             PG
    1959.000       0.679       0.321       1.000
    1960.000       0.679       0.321       1.039
    1961.000       0.679       0.321       1.052
    1962.000       0.679       0.321       1.058
    1963.000       0.679       0.321       1.080
    1964.000       0.679       0.321       1.126
    1965.000       0.679       0.321       1.171
    1966.000       0.679       0.321       1.213
    1967.000       0.679       0.321       1.265
    1968.000       0.679       0.321       1.334
    1969.000       0.679       0.321       1.412
    1970.000       0.679       0.321       1.528
    1971.000       0.679       0.321       1.635
    1972.000       0.679       0.321       1.767
    1973.000       0.679       0.321       2.008
    1974.000       0.679       0.321       2.427
    1975.000       0.679       0.321       2.809
    1976.000       0.679       0.321       3.132
    1977.000       0.679       0.321       3.419
    1978.000       0.679       0.321       3.702
    1979.000       0.679       0.321       4.041
    1980.000       0.679       0.321       4.478
    1981.000       0.679       0.321       4.954
    1982.000       0.679       0.321       5.524
    1983.000       0.679       0.321       5.965
    1984.000       0.679       0.321       6.262
    1985.000       0.679       0.321       6.678
    1986.000       0.679       0.321       7.101
    1987.000       0.679       0.321       7.579
    1988.000       0.679       0.321       8.083
    1989.000       0.679       0.321       8.687
    1990.000       0.679       0.321       9.293
    1991.000       0.679       0.321       9.657
    1992.000       0.679       0.321       9.973
    1993.000       0.679       0.321      10.023
    1994.000       0.679       0.321      10.156
    1995.000       0.679       0.321      10.509
    1996.000       0.679       0.321      10.839
    1997.000       0.679       0.321      11.015
    1998.000       0.679       0.321      11.255
    1999.000       0.679       0.321      11.409
    2000.000       0.679       0.321      12.188
    2001.000       0.679       0.321      12.615
    2002.000       0.679       0.321      13.001
    2003.000       0.679       0.321      13.357
    2004.000       0.679       0.321      13.707
    2005.000       0.679       0.321      14.220
    2006.000       0.679       0.321      15.012
    2007.000       0.679       0.321      15.697
    2008.000       0.679       0.321      16.252
    2009.000       0.679       0.321      16.943
    2010.000       0.679       0.321      17.568
    2011.000       0.679       0.321      18.045
    2012.000       0.679       0.321      18.439
    2013.000       0.679       0.321      18.930
    2014.000       0.679       0.321      19.085
    2015.000       0.679       0.321      19.283
    2016.000       0.679       0.321      19.439
    2017.000       0.679       0.321      19.678
    2018.000       0.679       0.321      20.020

 |_*GENR PG NORMALIZED PRICES AND INCOME:
 |_GENR NY=Y/PG

 |_GENR NP1=PC1/PG

 |_GENR NP2=PC2/PG

 |_*GENR INCOME OR EXPENDITURE NORMALIZED PRICES:
 |_GENR PY1=PC1/Y

 |_GENR PY2=PC2/Y

 |_*GENR EXPENDITURE SHARES:
 |_GENR S1=PY1*X1

 |_GENR S2=PY2*X2

 |_PRINT YEAR NY S1 S2 / FORMAT
       YEAR           NY             S1             S2
    1959.000       1.912       0.493       0.507
    1960.000       1.897       0.497       0.503
    1961.000       1.922       0.488       0.512
    1962.000       1.913       0.511       0.489
    1963.000       1.942       0.525       0.475
    1964.000       1.952       0.532       0.468
    1965.000       1.962       0.532       0.468
    1966.000       1.986       0.540       0.460
    1967.000       2.020       0.544       0.456
    1968.000       2.079       0.535       0.465
    1969.000       2.134       0.533       0.467
    1970.000       2.155       0.527       0.473
    1971.000       2.170       0.519       0.481
    1972.000       2.214       0.517       0.483
    1973.000       2.260       0.522       0.478
    1974.000       2.317       0.512       0.488
    1975.000       2.330       0.508       0.492
    1976.000       2.387       0.517       0.483
    1977.000       2.396       0.519       0.481
    1978.000       2.405       0.523       0.477
    1979.000       2.392       0.533       0.467
    1980.000       2.405       0.535       0.465
    1981.000       2.468       0.540       0.460
    1982.000       2.525       0.528       0.472
    1983.000       2.544       0.519       0.481
    1984.000       2.505       0.531       0.469
    1985.000       2.528       0.550       0.450
    1986.000       2.516       0.567       0.433
    1987.000       2.524       0.577       0.423
    1988.000       2.542       0.589       0.411
    1989.000       2.549       0.599       0.401
    1990.000       2.587       0.570       0.430
    1991.000       2.638       0.559       0.441
    1992.000       2.667       0.550       0.450
    1993.000       2.647       0.569       0.431
    1994.000       2.659       0.589       0.411
    1995.000       2.689       0.591       0.409
    1996.000       2.727       0.583       0.417
    1997.000       2.780       0.594       0.406
    1998.000       2.856       0.597       0.403
    1999.000       2.883       0.613       0.387
    2000.000       2.906       0.606       0.394
    2001.000       2.958       0.601       0.399
    2002.000       2.990       0.611       0.389
    2003.000       3.052       0.615       0.385
    2004.000       3.083       0.623       0.377
    2005.000       3.100       0.627       0.373
    2006.000       3.141       0.628       0.372
    2007.000       3.176       0.629       0.371
    2008.000       3.160       0.620       0.380
    2009.000       3.205       0.611       0.389
    2010.000       3.224       0.613       0.387
    2011.000       3.242       0.615       0.385
    2012.000       3.263       0.613       0.387
    2013.000       3.295       0.611       0.389
    2014.000       3.317       0.616       0.384
    2015.000       3.338       0.621       0.379
    2016.000       3.357       0.624       0.376
    2017.000       3.365       0.631       0.369
    2018.000       3.362       0.633       0.367

 |_STAT S1 S2
 NAME        N    MEAN        ST. DEV      VARIANCE     MINIMUM      MAXIMUM
 S1           60  0.56715     0.44325E-01 0.19647E-02  0.48799      0.63340
 S2           60  0.43285     0.44325E-01 0.19647E-02  0.36660      0.51201

 |_FORMAT(5F12.3)

 |_PRINT YEAR NP1 NP2 PY1 PY2 / FORMAT
       YEAR           NP1            NP2            PY1            PY2
    1959.000       1.000       1.000       0.523       0.523
    1960.000       1.002       0.996       0.528       0.525
    1961.000       0.995       1.010       0.518       0.526
    1962.000       1.002       0.996       0.524       0.521
    1963.000       0.995       1.010       0.513       0.520
    1964.000       0.986       1.029       0.505       0.527
    1965.000       0.981       1.039       0.500       0.530
    1966.000       0.975       1.053       0.491       0.530
    1967.000       0.970       1.063       0.480       0.526
    1968.000       0.951       1.105       0.457       0.531
    1969.000       0.936       1.135       0.439       0.532
    1970.000       0.917       1.175       0.426       0.545
    1971.000       0.915       1.179       0.422       0.543
    1972.000       0.902       1.207       0.408       0.545
    1973.000       0.890       1.233       0.394       0.546
    1974.000       0.865       1.285       0.373       0.554
    1975.000       0.867       1.282       0.372       0.550
    1976.000       0.866       1.283       0.363       0.538
    1977.000       0.866       1.282       0.362       0.535
    1978.000       0.873       1.269       0.363       0.527
    1979.000       0.879       1.256       0.367       0.525
    1980.000       0.871       1.273       0.362       0.529
    1981.000       0.862       1.292       0.349       0.524
    1982.000       0.856       1.304       0.339       0.517
    1983.000       0.851       1.315       0.335       0.517
    1984.000       0.860       1.295       0.343       0.517
    1985.000       0.867       1.282       0.343       0.507
    1986.000       0.884       1.245       0.351       0.495
    1987.000       0.887       1.239       0.351       0.491
    1988.000       0.887       1.238       0.349       0.487
    1989.000       0.881       1.252       0.346       0.491
    1990.000       0.867       1.280       0.335       0.495
    1991.000       0.857       1.303       0.325       0.494
    1992.000       0.845       1.328       0.317       0.498
    1993.000       0.856       1.304       0.323       0.493
    1994.000       0.862       1.291       0.324       0.486
    1995.000       0.856       1.304       0.318       0.485
    1996.000       0.841       1.335       0.309       0.490
    1997.000       0.841       1.336       0.303       0.480
    1998.000       0.830       1.358       0.291       0.476
    1999.000       0.835       1.348       0.290       0.468
    2000.000       0.816       1.388       0.281       0.478
    2001.000       0.809       1.404       0.274       0.475
    2002.000       0.808       1.405       0.270       0.470
    2003.000       0.799       1.424       0.262       0.467
    2004.000       0.792       1.439       0.257       0.467
    2005.000       0.787       1.451       0.254       0.468
    2006.000       0.771       1.485       0.245       0.473
    2007.000       0.760       1.508       0.239       0.475
    2008.000       0.756       1.516       0.239       0.480
    2009.000       0.743       1.543       0.232       0.481
    2010.000       0.731       1.569       0.227       0.487
    2011.000       0.729       1.573       0.225       0.485
    2012.000       0.732       1.567       0.224       0.480
    2013.000       0.730       1.572       0.221       0.477
    2014.000       0.734       1.562       0.221       0.471
    2015.000       0.736       1.557       0.221       0.467
    2016.000       0.738       1.553       0.220       0.463
    2017.000       0.740       1.550       0.220       0.461
    2018.000       0.739       1.552       0.220       0.462

 |_*RELABLE PG NORMALIZED PRICES AS V1 AND V2:
 |_GENR V1=PC1/PG

 |_GENR V2=PC2/PG


 |_*THE EXACT INDEX NUMBER FORMULA FOR NORMALIZED QUADRATIC PREFERENCES USING A FIXED BASE IS
 |_*u(t)/u(1)=((V1(t)+V1(1))X1(t)+(V2(t)+V2(1))X2(t))/((V1(t)+V1(1))X1(1)+(V2(t)+V2(1))X2(1))
 |_GENR UNQ=((V1+V1(1))*X1+(V2+V2(1))*X2)/((V1+V1(1))*X1(1)+(V2+V2(1))*X2(1))

 |_*NORMALIZE UNQ TO EQUAL Y AT OBSERVATION 1
 |_GENR CON=UNQ(1)

 |_GENR UNQ=UNQ*Y(1)/CON

 |_*GENR THE CHAINED NORMALIZED QUADRATIC EXACT INDEXES
 |_*FIRST GENR THE CHAINED LINKS
 |_GENR NQLINK=1

 |_SMPL 2 60

 |_GENR NQLINK=((V1+LAG(V1))*X1+(V2+LAG(V2))*X2)/((V1+LAG(V1))*LAG(X1)+(V2+LAG(V2))*LAG(X2))
 ...NOTE..LAG VALUE IN UNDEFINED OBSERVATIONS SET TO ZERO
 ...NOTE..LAG VALUE IN UNDEFINED OBSERVATIONS SET TO ZERO
 ...NOTE..LAG VALUE IN UNDEFINED OBSERVATIONS SET TO ZERO
 ...NOTE..LAG VALUE IN UNDEFINED OBSERVATIONS SET TO ZERO
 ...NOTE..LAG VALUE IN UNDEFINED OBSERVATIONS SET TO ZERO
 ...NOTE..LAG VALUE IN UNDEFINED OBSERVATIONS SET TO ZERO

 |_SMPL 1 60

 |_GENR UNQCH=1

 |_SMPL 2 60

 |_GENR UNQCH=LAG(UNQCH)*NQLINK
 ...NOTE..LAG VALUE IN UNDEFINED OBSERVATIONS SET TO ZERO

 |_*NORMALIZE UNQ TO EQUAL Y AT OBSERVATION 1
 |_SMPL 1 60

 |_GENR CON=UNQCH(1)

 |_GENR UNQCH=UNQCH*Y(1)/CON

 |_*COMPARE UNQ AND UNQCH WITH UFCH THE FISHER CHAINED QUANTITY INDEX
 |_FORMAT(F8.0,6F10.5)

 |_PRINT YEAR UNQ UNQCH UFCH Y V1 V2 / FORMAT
       YEAR           UNQ            UNQCH          UFCH           Y       &
       V1             V2
   1959.   1.91243   1.91243   1.91243   1.91243   1.00000   1.00000
   1960.   1.89881   1.89881   1.89881   1.97024   1.00181   0.99618
   1961.   1.91623   1.91627   1.91627   2.02077   0.99505   1.01047
   1962.   1.91520   1.91501   1.91501   2.02400   1.00194   0.99591
   1963.   1.93771   1.93795   1.93795   2.09836   0.99550   1.00952
   1964.   1.93928   1.94030   1.94030   2.19801   0.98643   1.02868
   1965.   1.94453   1.94617   1.94617   2.29790   0.98145   1.03920
   1966.   1.96234   1.96435   1.96435   2.40815   0.97495   1.05294
   1967.   1.99207   1.99446   1.99447   2.55482   0.96998   1.06345
   1968.   2.03344   2.03990   2.03990   2.77332   0.95054   1.10454
   1969.   2.07527   2.08417   2.08417   3.01448   0.93603   1.13520
   1970.   2.08064   2.09340   2.09341   3.29253   0.91729   1.17480
   1971.   2.09157   2.10667   2.10668   3.54903   0.91515   1.17933
   1972.   2.12370   2.14088   2.14089   3.91121   0.90213   1.20685
   1973.   2.16167   2.17852   2.17853   4.53723   0.88965   1.23324
   1974.   2.19817   2.22191   2.22192   5.62405   0.86537   1.28454
   1975.   2.20970   2.23487   2.23488   6.54438   0.86660   1.28195
   1976.   2.26687   2.28896   2.28897   7.47415   0.86589   1.28346
   1977.   2.27660   2.29777   2.29778   8.19179   0.86636   1.28246
   1978.   2.29126   2.31007   2.31008   8.90556   0.87285   1.26873
   1979.   2.28543   2.29936   2.29937   9.66501   0.87889   1.25597
   1980.   2.29432   2.30889   2.30890  10.76972   0.87082   1.27303
   1981.   2.35271   2.36693   2.36694  12.22878   0.86166   1.29239
   1982.   2.39786   2.41909   2.41910  13.94791   0.85610   1.30413
   1983.   2.40884   2.43517   2.43518  15.17336   0.85114   1.31461
   1984.   2.38265   2.40150   2.40151  15.68445   0.86036   1.29514
   1985.   2.41649   2.42545   2.42546  16.88027   0.86662   1.28192
   1986.   2.42159   2.41880   2.41881  17.86894   0.88420   1.24474
   1987.   2.43415   2.42682   2.42683  19.13145   0.88703   1.23876
   1988.   2.45697   2.44445   2.44446  20.55088   0.88729   1.23822
   1989.   2.46359   2.44996   2.44997  22.13781   0.88064   1.25227
   1990.   2.48283   2.48620   2.48621  24.04155   0.86745   1.28015
   1991.   2.52177   2.53403   2.53404  25.48055   0.85664   1.30301
   1992.   2.53948   2.55952   2.55953  26.59832   0.84458   1.32849
   1993.   2.53477   2.54191   2.54192  26.53339   0.85595   1.30446
   1994.   2.55889   2.55370   2.55371  27.00812   0.86222   1.29121
   1995.   2.58606   2.58241   2.58242  28.25691   0.85598   1.30440
   1996.   2.61394   2.62010   2.62011  29.55828   0.84144   1.33512
   1997.   2.67126   2.67117   2.67118  30.62333   0.84122   1.33559
   1998.   2.74322   2.74616   2.74617  32.14062   0.83042   1.35841
   1999.   2.78036   2.77055   2.77056  32.88805   0.83539   1.34791
   2000.   2.79504   2.80018   2.80019  35.41731   0.81641   1.38802
   2001.   2.84051   2.85289   2.85290  37.31054   0.80892   1.40387
   2002.   2.87903   2.88429   2.88430  38.87057   0.80848   1.40478
   2003.   2.94155   2.94922   2.94923  40.76623   0.79917   1.42447
   2004.   2.97827   2.98354   2.98355  42.25508   0.79214   1.43932
   2005.   2.99866   3.00444   3.00445  44.08426   0.78662   1.45100
   2006.   3.04122   3.05708   3.05709  47.15069   0.77057   1.48492
   2007.   3.07950   3.10114   3.10115  49.85491   0.75985   1.50758
   2008.   3.05558   3.08911   3.08911  51.35408   0.75571   1.51633
   2009.   3.09396   3.14498   3.14499  54.30844   0.74316   1.54285
   2010.   3.11781   3.17498   3.17499  56.63713   0.73084   1.56889
   2011.   3.13843   3.19490   3.19491  58.49921   0.72879   1.57322
   2012.   3.15633   3.21275   3.21276  60.16792   0.73173   1.56700
   2013.   3.18587   3.24681   3.24682  62.38018   0.72951   1.57170
   2014.   3.21073   3.26331   3.26332  63.30252   0.73402   1.56216
   2015.   3.23629   3.28212   3.28213  64.37417   0.73625   1.55745
   2016.   3.25580   3.29782   3.29783  65.25038   0.73829   1.55314
   2017.   3.27140   3.30442   3.30443  66.21371   0.73959   1.55039
   2018.   3.27124   3.30228   3.30229  67.29875   0.73873   1.55222

 |_*   YEAR      UNQ      UNQCH      UFCH      Y          V1       V2
 |_*  1959.   1.91243   1.91243   1.91243   1.91243   1.00000   1.00000
 |_*  1960.   1.89881   1.89881   1.89881   1.97024   1.00181   0.99618
 |_*  1961.   1.91623   1.91627   1.91627   2.02077   0.99505   1.01047
 |_*  1962.   1.91520   1.91501   1.91501   2.02400   1.00194   0.99591
 |_*  1963.   1.93771   1.93795   1.93795   2.09836   0.99550   1.00952
 |_*  1964.   1.93928   1.94030   1.94030   2.19801   0.98643   1.02868
 |_*  1965.   1.94453   1.94617   1.94617   2.29790   0.98145   1.03920
 |_*  1966.   1.96234   1.96435   1.96435   2.40815   0.97495   1.05294
 |_*  1967.   1.99207   1.99446   1.99447   2.55482   0.96998   1.06345
 |_*  1968.   2.03344   2.03990   2.03990   2.77332   0.95054   1.10454
 |_*  1969.   2.07527   2.08417   2.08417   3.01448   0.93603   1.13520
 |_*  1970.   2.08064   2.09340   2.09341   3.29253   0.91729   1.17480
 |_*  1971.   2.09157   2.10667   2.10668   3.54903   0.91515   1.17933
 |_*  1972.   2.12370   2.14088   2.14089   3.91121   0.90213   1.20685
 |_*  1973.   2.16167   2.17852   2.17853   4.53723   0.88965   1.23324
 |_*  1974.   2.19817   2.22191   2.22192   5.62405   0.86537   1.28454
 |_*  1975.   2.20970   2.23487   2.23488   6.54438   0.86660   1.28195
 |_*  1976.   2.26687   2.28896   2.28897   7.47415   0.86589   1.28346
 |_*  1977.   2.27660   2.29777   2.29778   8.19179   0.86636   1.28246
 |_*  1978.   2.29126   2.31007   2.31008   8.90556   0.87285   1.26873
 |_*  1979.   2.28543   2.29936   2.29937   9.66501   0.87889   1.25597
 |_*  1980.   2.29432   2.30889   2.30890  10.76972   0.87082   1.27303
 |_*  1981.   2.35271   2.36693   2.36694  12.22878   0.86166   1.29239
 |_*  1982.   2.39786   2.41909   2.41910  13.94791   0.85610   1.30413
 |_*  1983.   2.40884   2.43517   2.43518  15.17336   0.85114   1.31461
 |_*  1984.   2.38265   2.40150   2.40151  15.68445   0.86036   1.29514
 |_*  1985.   2.41649   2.42545   2.42546  16.88027   0.86662   1.28192
 |_*  1986.   2.42159   2.41880   2.41881  17.86894   0.88420   1.24474
 |_*  1987.   2.43415   2.42682   2.42683  19.13145   0.88703   1.23876
 |_*  1988.   2.45697   2.44445   2.44446  20.55088   0.88729   1.23822
 |_*  1989.   2.46359   2.44996   2.44997  22.13781   0.88064   1.25227
 |_*  1990.   2.48283   2.48620   2.48621  24.04155   0.86745   1.28015
 |_*  1991.   2.52177   2.53403   2.53404  25.48055   0.85664   1.30301
 |_*  1992.   2.53948   2.55952   2.55953  26.59832   0.84458   1.32849
 |_*  1993.   2.53477   2.54191   2.54192  26.53339   0.85595   1.30446
 |_*  1994.   2.55889   2.55370   2.55371  27.00812   0.86222   1.29121
 |_*  1995.   2.58606   2.58241   2.58242  28.25691   0.85598   1.30440
 |_*  1996.   2.61394   2.62010   2.62011  29.55828   0.84144   1.33512
 |_*  1997.   2.67126   2.67117   2.67118  30.62333   0.84122   1.33559
 |_*  1998.   2.74322   2.74616   2.74617  32.14062   0.83042   1.35841
 |_*  1999.   2.78036   2.77055   2.77056  32.88805   0.83539   1.34791
 |_*  2000.   2.79504   2.80018   2.80019  35.41731   0.81641   1.38802
 |_*  2001.   2.84051   2.85289   2.85290  37.31054   0.80892   1.40387
 |_*  2002.   2.87903   2.88429   2.88430  38.87057   0.80848   1.40478
 |_*  2003.   2.94155   2.94922   2.94923  40.76623   0.79917   1.42447
 |_*  2004.   2.97827   2.98354   2.98355  42.25508   0.79214   1.43932
 |_*  2005.   2.99866   3.00444   3.00445  44.08426   0.78662   1.45100
 |_*  2006.   3.04122   3.05708   3.05709  47.15069   0.77057   1.48492
 |_*  2007.   3.07950   3.10114   3.10115  49.85491   0.75985   1.50758
 |_*  2008.   3.05558   3.08911   3.08911  51.35408   0.75571   1.51633
 |_*  2009.   3.09396   3.14498   3.14499  54.30844   0.74316   1.54285
 |_*  2010.   3.11781   3.17498   3.17499  56.63713   0.73084   1.56889
 |_*  2011.   3.13843   3.19490   3.19491  58.49921   0.72879   1.57322
 |_*  2012.   3.15633   3.21275   3.21276  60.16792   0.73173   1.56700
 |_*  2013.   3.18587   3.24681   3.24682  62.38018   0.72951   1.57170
 |_*  2014.   3.21073   3.26331   3.26332  63.30252   0.73402   1.56216
 |_*  2015.   3.23629   3.28212   3.28213  64.37417   0.73625   1.55745
 |_*  2016.   3.25580   3.29782   3.29783  65.25038   0.73829   1.55314
 |_*  2017.   3.27140   3.30442   3.30443  66.21371   0.73959   1.55039
 |_*  2018.   3.27124   3.30228   3.30229  67.29875   0.73873   1.55222
 |_STAT UNQ UNQCH UFCH
 NAME        N    MEAN        ST. DEV      VARIANCE     MINIMUM      MAXIMUM
 UNQ          60   2.5354     0.43737     0.19129       1.8988       3.2714
 UNQCH        60   2.5505     0.44846     0.20112       1.8988       3.3044
 UFCH         60   2.5505     0.44846     0.20112       1.8988       3.3044

 |_* NAME         N    MEAN       ST. DEV     VARIANCE     MINIMUM      MAXIMUM
 |_*  UNQ          60   2.5354     0.43737     0.19129       1.8988       3.2714
 |_* UNQCH        60   2.5505     0.44846     0.20112       1.8988       3.3044
 |_* UFCH         60   2.5505     0.44846     0.20112       1.8988       3.3044
 |_*NOTE THAT THE CHAINED NQ INDEX IS VIRTUALLY IDENTICAL TO THE CHAINED FISHER QUANTITY INDEX
 |_*THIS IS TO BE EXPECTED SINCE BOTH INDEXES ARE SUPERLATIVE AND THEY APPROXIMATE EACH OTHER TO THE SECOND
 |_*ORDER AROUND AN EQUAL PRICE AND QUANTITY POINT. THESE INDEXES ARE ALSO PRETTY CLOSE TO THE
 |_*FIXED BASE NQ QUANTITY INDEX

 |_*IN THIS MODEL, WE WILL USE UNQCH AS AN EXOGENOUS UTILITY SERIES RATHER THAN ESTIMATING IT. AS A RESULT OF THIS CHANGE
 |_*WE WILL HAVE TWO ESTIMATING EQUATIONS INSTEAD OF ONE.
 |_*IN ORDER TO SIMPLIFY THE REGRESSION CODES, WE WILL REDEFINE UNQCH AS U
 |_GENR U=UNQCH


 |_*OUR FUNCTIONAL FORM FOR THE EXPENDITURE FUNCTION, E(U,P),
 |_*IS A.P+(B.P+.5P.CP/PG)*U WHERE CP*=0 IN THE BASE YEAR.
 |_*WE NO LONGER IMPOSE MONEY METRIC UTILITY SCALING; I.E., WE NO LONGER IMPOSE THE RESTRICTIONS A.P*=O,B.P*=1;
 |_*WE SIMPLY LET THE VECTORS A AND B BE UNCONSTRAINED. BUT WE DO IMPOSE THE RESTRICTIONS C TIMES P* = 0.
 |_*A,B AND P ARE VECTORS AND C IS A 2 BY 2 SYMMETRIC MATRIX.
 |_*A DOT SIGNIFIES AN INNER PRODUCT.
 |_*WE IMPOSE CURVATURE CONDITIONS IN THE REGRESSION WHICH FOLLOWS
 |_*WE CAN ESTIMATE BOTH EQUATIONS NOW IF WE REPLACE U BY UNQ
 |_NL 2 / NCOEF=5 GENRVAR CONV=.000001 ITER=150 LIST
 ...NOTE..SAMPLE RANGE SET TO:     1,    60

 |_EQ X1=A1+B1*U-A11*A11*(V1-V2)*U+.5*G1*A11*A11*(V1-V2)*(V1-V2)*U

 |_EQ X2=A2+B2*U+A11*A11*(V1-V2)*U+.5*G2*A11*A11*(V1-V2)*(V1-V2)*U

 |_COEF A1      0.01
    7 VARIABLES IN  2 EQUATIONS WITH   5 COEFFICIENTS
         60 OBSERVATIONS

 REQUIRED MEMORY IS PAR=     184 CURRENT PAR=  112400

 |_COEF A2      0.01

 |_COEF B1      .5

 |_COEF B2      .5

 |_COEF A11     0.01

 COEFFICIENT STARTING VALUES
 A1        0.10000E-01  B1        0.50000      A11       0.10000E-01
 A2        0.10000E-01  B2        0.50000
       150 MAXIMUM ITERATIONS, CONVERGENCE =   0.100000E-05

 INITIAL STATISTICS :

 TIME =     0.0230 SEC.   ITER. NO.     0   FUNCT. EVALUATIONS     1
 LOG-LIKELIHOOD FUNCTION=    47.33356
 COEFFICIENTS
   0.1000000E-01  0.5000000      0.1000000E-01  0.1000000E-01  0.5000000

 GRADIENT
   -513.1922      -937.7977       6.180133      -774.9158      -1517.862


 INTERMEDIATE STATISTICS :

 TIME =     0.0280 SEC.   ITER. NO.    15   FUNCT. EVALUATIONS    37
 LOG-LIKELIHOOD FUNCTION=    275.1920
 COEFFICIENTS
   -1.505896       1.285042     -0.1757836      0.9910539     -0.3826143E-01

 GRADIENT
    206.4127       521.8534     -0.1817131       446.2482       1113.279


 TIME =     0.0340 SEC.   ITER. NO.    30   FUNCT. EVALUATIONS    56
 LOG-LIKELIHOOD FUNCTION=    304.2996
 COEFFICIENTS
  -0.5834306      0.8044962     -0.4785526      0.4032480      0.2813060

 GRADIENT
    19.12705       50.87916      -1.273810       22.05087       61.21990


 FINAL STATISTICS :

 LOG-LIKELIHOOD FUNCTION=    304.3005
 TIME =     0.0390 SEC.   ITER. NO.    35   FUNCT. EVALUATIONS    61
 COEFFICIENTS
  -0.5822715      0.8041126     -0.4785863      0.4024539      0.2815786

 GRADIENT
   0.1150277E-05  0.1439771E-05  0.1876646E-05  0.2555395E-05  0.4468203E-05


 SIGMA MATRIX
   0.30303E-02
  -0.20025E-02  0.13678E-02
 GTRANSPOSE*INVERSE(H)*G  STATISTIC  -  =  0.20522E-20

          COEFFICIENT STD ERROR   T-RATIO

 A1      -0.58227     0.77402E-01 -7.5227
 B1       0.80411     0.37586E-01  21.394
 A11     -0.47859     0.14633E-01 -32.706
 A2       0.40245     0.50254E-01  8.0084
 B2       0.28158     0.25065E-01  11.234

     OBS.   OBSERVED     PREDICTED   CALCULATED
      NO.    VALUE        VALUE       RESIDUAL
       1   0.94213      0.95554     -0.13405E-01               *I
       2   0.94160      0.94215     -0.54882E-03                *
       3   0.94247      0.96543     -0.22964E-01              * I
       4   0.97524      0.95497      0.20270E-01                I *
       5    1.0241      0.98231      0.41830E-01                I   *
       6    1.0539      0.99700      0.56924E-01                I    *
       7    1.0637       1.0089      0.54756E-01                I    *
       8    1.0990       1.0333      0.65726E-01                I     *
       9    1.1335       1.0656      0.67937E-01                I     *
      10    1.1709       1.1338      0.37137E-01                I  *
      11    1.2162       1.1951      0.21078E-01                I *
      12    1.2378       1.2353      0.25205E-02                *
      13    1.2305       1.2506     -0.20125E-01              * I
      14    1.2677       1.3041     -0.36404E-01             *  I
      15    1.3270       1.3609     -0.33936E-01             *  I
      16    1.3698       1.4481     -0.78230E-01         *      I
      17    1.3666       1.4574     -0.90755E-01        *       I
      18    1.4250       1.5083     -0.83215E-01        *       I
      19    1.4358       1.5153     -0.79500E-01         *      I
      20    1.4420       1.5129     -0.70864E-01          *     I
      21    1.4505       1.4907     -0.40151E-01            *   I
      22    1.4768       1.5161     -0.39292E-01            *   I
      23    1.5471       1.5887     -0.41563E-01            *   I
      24    1.5572       1.6489     -0.91768E-01        *       I
      25    1.5521       1.6751     -0.12295         *          I
      26    1.5472       1.6232     -0.76019E-01         *      I
      27    1.6057       1.6313     -0.25633E-01              * I
      28    1.6146       1.5869      0.27678E-01                I  *
      29    1.6407       1.5880      0.52713E-01                I    *
      30    1.6889       1.6032      0.85664E-01                I       *
      31    1.7321       1.6226      0.10947                    I         *
      32    1.7013       1.6848      0.16474E-01                I*
      33    1.7216       1.7537     -0.32065E-01             *  I
      34    1.7383       1.8061     -0.67870E-01          *     I
      35    1.7586       1.7626     -0.39831E-02                *
      36    1.8161       1.7586      0.57440E-01                I    *
      37    1.8553       1.7999      0.55373E-01                I    *
      38    1.8898       1.8705      0.19344E-01                I *
      39    1.9637       1.9189      0.44820E-01                I   *
      40    2.0536       2.0176      0.36073E-01                I  *
      41    2.1167       2.0274      0.89346E-01                I       *
      42    2.1562       2.1071      0.49060E-01                I   *
      43    2.1978       2.1790      0.18788E-01                I *
      44    2.2603       2.2107      0.49608E-01                I    *
      45    2.3489       2.3013      0.47669E-01                I   *
      46    2.4260       2.3562      0.69759E-01                I     *
      47    2.4712       2.3939      0.77236E-01                I      *
      48    2.5585       2.4974      0.61075E-01                I     *
      49    2.6310       2.5773      0.53730E-01                I    *
      50    2.5920       2.5788      0.13227E-01                I*
      51    2.6351       2.6791     -0.43988E-01            *   I
      52    2.7023       2.7536     -0.51286E-01           *    I
      53    2.7345       2.7818     -0.47374E-01            *   I
      54    2.7353       2.7900     -0.54698E-01           *    I
      55    2.7606       2.8339     -0.73298E-01         *      I
      56    2.7850       2.8348     -0.49790E-01           *    I
      57    2.8173       2.8463     -0.29040E-01             *  I
      58    2.8356       2.8553     -0.19661E-01              * I
      59    2.8710       2.8574      0.13637E-01                I*
      60    2.8823       2.8583      0.24015E-01                I *

 DURBIN-WATSON = 0.3261    VON NEUMANN RATIO = 0.3316    RHO =  0.83753
 RESIDUAL SUM =  0.75442E-11  RESIDUAL VARIANCE =  0.30303E-02
 SUM OF ABSOLUTE ERRORS=   2.8808
 R-SQUARE BETWEEN OBSERVED AND PREDICTED = 0.9918
 RUNS TEST:    8 RUNS,   31 POS,    0 ZERO,   29 NEG  NORMAL STATISTIC = -5.9876

     OBS.   OBSERVED     PREDICTED   CALCULATED
      NO.    VALUE        VALUE       RESIDUAL
       1   0.97030      0.94095      0.29345E-01                I   *
       2   0.95720      0.93957      0.17630E-01                I *
       3   0.97375      0.93528      0.38466E-01                I    *
       4   0.93987      0.94433     -0.44591E-02               *I
       5   0.91406      0.94193     -0.27870E-01            *   I
       6   0.88742      0.93015     -0.42731E-01          *     I
       7   0.88386      0.92495     -0.41093E-01          *     I
       8   0.86834      0.92092     -0.52583E-01         *      I
       9   0.86547      0.92200     -0.56529E-01        *       I
      10   0.87493      0.90667     -0.31743E-01            *   I
      11   0.87714      0.89727     -0.20137E-01             *  I
      12   0.86800      0.87355     -0.55484E-02               *I
      13   0.88532      0.87358      0.11734E-01                I *
      14   0.88658      0.86317      0.23408E-01                I  *
      15   0.87499      0.85389      0.21095E-01                I  *
      16   0.88099      0.82914      0.51852E-01                I      *
      17   0.89367      0.83331      0.60354E-01                I       *
      18   0.89820      0.84273      0.55463E-01                I      *
      19   0.89809      0.84510      0.52988E-01                I      *
      20   0.90390      0.85677      0.47124E-01                I     *
      21   0.88917      0.86334      0.25830E-01                I  *
      22   0.87885      0.85362      0.25227E-01                I  *
      23   0.87853      0.85157      0.26959E-01                I   *
      24   0.91378      0.85324      0.60542E-01                I       *
      25   0.92991      0.84888      0.81027E-01                I          *
      26   0.90617      0.85621      0.49959E-01                I      *
      27   0.88639      0.87008      0.16306E-01                I *
      28   0.87473      0.89536     -0.20629E-01             *  I
      29   0.86280      0.90133     -0.38529E-01           *    I
      30   0.84311      0.90535     -0.62245E-01        *       I
      31   0.81705      0.89622     -0.79170E-01     *          I
      32   0.86806      0.88308     -0.15023E-01              * I
      33   0.89304      0.87548      0.17562E-01                I *
      34   0.90246      0.86152      0.40939E-01                I     *
      35   0.87540      0.87588     -0.48486E-03                *
      36   0.84681      0.88789     -0.41079E-01          *     I
      37   0.84392      0.88347     -0.39554E-01           *    I
      38   0.85141      0.86744     -0.16033E-01              * I
      39   0.84468      0.87614     -0.31465E-01            *   I
      40   0.84679      0.87177     -0.24984E-01             *  I
      41   0.82671      0.88412     -0.57409E-01        *       I
      42   0.82539      0.85797     -0.32579E-01            *   I
      43   0.84031      0.85414     -0.13837E-01              * I
      44   0.82752      0.85840     -0.30879E-01            *   I
      45   0.82469      0.85291     -0.28226E-01            *   I
      46   0.80666      0.84626     -0.39603E-01           *    I
      47   0.79692      0.84002     -0.43106E-01          *     I
      48   0.78752      0.82045     -0.32932E-01            *   I
      49   0.78064      0.80833     -0.27691E-01            *   I
      50   0.79203      0.79984     -0.78176E-02               *I
      51   0.80825      0.78594      0.22310E-01                I  *
      52   0.79603      0.76904      0.26989E-01                I   *
      53   0.79395      0.76793      0.26020E-01                I   *
      54   0.80508      0.77489      0.30184E-01                I   *
      55   0.81537      0.77508      0.40286E-01                I    *
      56   0.81467      0.78467      0.30002E-01                I   *
      57   0.81170      0.79070      0.20998E-01                I  *
      58   0.81329      0.79610      0.17192E-01                I *
      59   0.80075      0.79915      0.16017E-02                *
      60   0.79396      0.79739     -0.34296E-02                *

 DURBIN-WATSON = 0.3275    VON NEUMANN RATIO = 0.3331    RHO =  0.83104
 RESIDUAL SUM = -0.68510E-11  RESIDUAL VARIANCE =  0.13678E-02
 SUM OF ABSOLUTE ERRORS=   1.9388
 R-SQUARE BETWEEN OBSERVED AND PREDICTED = 0.4746
 RUNS TEST:    8 RUNS,   29 POS,    0 ZERO,   31 NEG  NORMAL STATISTIC = -5.9876

 |_END

 |_* FINAL STATISTICS: TIME =     0.0350 SEC.   ITER. NO.    35   FUNCT. EVALUATIONS    61
 |_* FINAL LOG-LIKELIHOOD FUNCTION = 304.3005
 |_* THIS LL CANNOT BE COMPARED WITH THE CMOD2OUT.TXT LL SINCE
 |_* WE NOW HAVE A 2 EQUATION MODEL INSTEAD OF A SINGLE EQUATION MODEL; ALSO, WE HAVE SWITCHED FROM SHARES
 |_* AS THE DEPENDENT VARIABLES TO PER CAPITA QUANTITIES
 |_*       COEFFICIENT    ST. ERROR   T-RATIO
 |_*A1      -0.58227     0.77402E-01 -7.5227
 |_*B1       0.80411     0.37586E-01  21.394
 |_* A11     -0.47859     0.14633E-01 -32.706
 |_* A2       0.40245     0.50254E-01  8.0084
 |_* B2       0.28158     0.25065E-01  11.234

 |_*OUR NEW MODEL NOW ESTIMATES A NEGATIVE A11 FOR CANADA
 |_*THE EQUATION R SQUARES ARE: 0.9918 AND 0.4746; NOT TOO BAD FOR A 5 PARAMETER MODEL BUT NOT GREAT
 |_*BREAK POINTS IN EQ1 ARE: 9 25 31 34 47 55
 |_*BREAK POINTS IN EQ2 ARE A BIT DIFFERENT BUT THERE IS MORE VARIATION IN X1 SO WE WILL USE THE X1 BREAK POINTS

 |_*CALCULATE THE INDIRECT UTILITY FUNCTION AND ELASTICITIES
 |_*CALCULATE THE COMPLETE SUBSTITUTION MATRIX C THAT WE HAVE ESTIMATED
 |_GENR C11=-A11*A11

 |_GENR C12=-C11

 |_GENR C21=C12

 |_GENR C22=C11

 |_GENR CV1=C11*V1+C12*V2

 |_GENR CV2=C21*V1+C22*V2

 |_GENR VCV=V1*CV1+V2*CV2

 |_*GENR THE IMPLIED INDIRECT UTILITY UI
 |_GENR UI=(Y-(A1*PC1+A2*PC2))/(B1*PC1+B2*PC2+.5*VCV*PG)

 |_FORMAT(F8.0,6F10.5)

 |_PRINT YEAR U UI Y CV1 CV2 VCV / FORMAT
       YEAR           U              UI             Y              CV1     &
       CV2            VCV
   1959.   1.91243   1.92711   1.91243   0.00000   0.00000   0.00000
   1960.   1.89881   1.91448   1.97024  -0.00129   0.00129  -0.00001
   1961.   1.91627   1.93104   2.02077   0.00353  -0.00353  -0.00005
   1962.   1.91501   1.92962   2.02400  -0.00138   0.00138  -0.00001
   1963.   1.93795   1.95040   2.09836   0.00321  -0.00321  -0.00005
   1964.   1.94030   1.95156   2.19801   0.00968  -0.00968  -0.00041
   1965.   1.94617   1.95637   2.29790   0.01323  -0.01323  -0.00076
   1966.   1.96435   1.97242   2.40815   0.01786  -0.01786  -0.00139
   1967.   1.99446   1.99983   2.55482   0.02141  -0.02141  -0.00200
   1968.   2.03990   2.04012   2.77332   0.03527  -0.03527  -0.00543
   1969.   2.08417   2.08124   3.01448   0.04562  -0.04562  -0.00909
   1970.   2.09340   2.08943   3.29253   0.05898  -0.05898  -0.01519
   1971.   2.10667   2.10235   3.54903   0.06051  -0.06051  -0.01599
   1972.   2.14088   2.13653   3.91121   0.06979  -0.06979  -0.02127
   1973.   2.17852   2.17454   4.53723   0.07870  -0.07870  -0.02704
   1974.   2.22191   2.22085   5.62405   0.09601  -0.09601  -0.04024
   1975.   2.23487   2.23364   6.54438   0.09513  -0.09513  -0.03951
   1976.   2.28896   2.28813   7.47415   0.09564  -0.09564  -0.03994
   1977.   2.29777   2.29688   8.19179   0.09531  -0.09531  -0.03966
   1978.   2.31007   2.30809   8.90556   0.09067  -0.09067  -0.03590
   1979.   2.29936   2.29663   9.66501   0.08637  -0.08637  -0.03257
   1980.   2.30889   2.30687  10.76972   0.09212  -0.09212  -0.03705
   1981.   2.36693   2.36599  12.22878   0.09866  -0.09866  -0.04250
   1982.   2.41909   2.41947  13.94791   0.10262  -0.10262  -0.04598
   1983.   2.43517   2.43699  15.17336   0.10616  -0.10616  -0.04920
   1984.   2.40150   2.40082  15.68445   0.09959  -0.09959  -0.04330
   1985.   2.42545   2.42419  16.88027   0.09512  -0.09512  -0.03950
   1986.   2.41880   2.41765  17.86894   0.08258  -0.08258  -0.02977
   1987.   2.42682   2.42589  19.13145   0.08056  -0.08056  -0.02834
   1988.   2.44445   2.44344  20.55088   0.08038  -0.08038  -0.02821
   1989.   2.44996   2.44734  22.13781   0.08512  -0.08512  -0.03163
   1990.   2.48620   2.48145  24.04155   0.09453  -0.09453  -0.03901
   1991.   2.53403   2.52959  25.48055   0.10224  -0.10224  -0.04564
   1992.   2.55952   2.55666  26.59832   0.11084  -0.11084  -0.05363
   1993.   2.54191   2.53800  26.53339   0.10273  -0.10273  -0.04607
   1994.   2.55370   2.55031  27.00812   0.09826  -0.09826  -0.04215
   1995.   2.58241   2.57835  28.25691   0.10271  -0.10271  -0.04606
   1996.   2.62010   2.61509  29.55828   0.11307  -0.11307  -0.05582
   1997.   2.67117   2.66695  30.62333   0.11323  -0.11323  -0.05598
   1998.   2.74616   2.74225  32.14062   0.12093  -0.12093  -0.06385
   1999.   2.77055   2.76787  32.88805   0.11739  -0.11739  -0.06016
   2000.   2.80018   2.79506  35.41731   0.13092  -0.13092  -0.07484
   2001.   2.85289   2.84868  37.31054   0.13627  -0.13627  -0.08107
   2002.   2.88429   2.88103  38.87057   0.13658  -0.13658  -0.08144
   2003.   2.94922   2.94711  40.76623   0.14322  -0.14322  -0.08956
   2004.   2.98354   2.98178  42.25508   0.14823  -0.14823  -0.09593
   2005.   3.00444   3.00263  44.08426   0.15217  -0.15217  -0.10110
   2006.   3.05708   3.05520  47.15069   0.16362  -0.16362  -0.11688
   2007.   3.10114   3.10019  49.85491   0.17126  -0.17126  -0.12806
   2008.   3.08911   3.08719  51.35408   0.17422  -0.17422  -0.13251
   2009.   3.14498   3.14679  54.30844   0.18317  -0.18317  -0.14648
   2010.   3.17498   3.18010  56.63713   0.19195  -0.19195  -0.16087
   2011.   3.19490   3.20167  58.49921   0.19341  -0.19341  -0.16333
   2012.   3.21275   3.22041  60.16792   0.19132  -0.19132  -0.15980
   2013.   3.24681   3.25719  62.38018   0.19290  -0.19290  -0.16246
   2014.   3.26331   3.27416  63.30252   0.18968  -0.18968  -0.15708
   2015.   3.28212   3.29400  64.37417   0.18809  -0.18809  -0.15446
   2016.   3.29782   3.31058  65.25038   0.18664  -0.18664  -0.15208
   2017.   3.30442   3.31757  66.21371   0.18571  -0.18571  -0.15057
   2018.   3.30228   3.31528  67.29875   0.18633  -0.18633  -0.15157

 |_*  1959.   1.91243   1.92711   1.91243   0.00000   0.00000   0.00000
 |_*  1960.   1.89881   1.91448   1.97024  -0.00129   0.00129  -0.00001
 |_*  1961.   1.91627   1.93104   2.02077   0.00353  -0.00353  -0.00005
 |_*  1962.   1.91501   1.92962   2.02400  -0.00138   0.00138  -0.00001
 |_*  1963.   1.93795   1.95040   2.09836   0.00321  -0.00321  -0.00005
 |_*  1964.   1.94030   1.95156   2.19801   0.00968  -0.00968  -0.00041
 |_*  1965.   1.94617   1.95637   2.29790   0.01323  -0.01323  -0.00076
 |_*  1966.   1.96435   1.97242   2.40815   0.01786  -0.01786  -0.00139
 |_*  1967.   1.99446   1.99983   2.55482   0.02141  -0.02141  -0.00200
 |_*  1968.   2.03990   2.04012   2.77332   0.03527  -0.03527  -0.00543
 |_*  1969.   2.08417   2.08124   3.01448   0.04562  -0.04562  -0.00909
 |_*  1970.   2.09340   2.08943   3.29253   0.05898  -0.05898  -0.01519
 |_*  1971.   2.10667   2.10235   3.54903   0.06051  -0.06051  -0.01599
 |_*  1972.   2.14088   2.13653   3.91121   0.06979  -0.06979  -0.02127
 |_*  1973.   2.17852   2.17454   4.53723   0.07870  -0.07870  -0.02704
 |_*  1974.   2.22191   2.22085   5.62405   0.09601  -0.09601  -0.04024
 |_*  1975.   2.23487   2.23364   6.54438   0.09513  -0.09513  -0.03951
 |_*  1976.   2.28896   2.28813   7.47415   0.09564  -0.09564  -0.03994
 |_*  1977.   2.29777   2.29688   8.19179   0.09531  -0.09531  -0.03966
 |_*  1978.   2.31007   2.30809   8.90556   0.09067  -0.09067  -0.03590
 |_*  1979.   2.29936   2.29663   9.66501   0.08637  -0.08637  -0.03257
 |_*  1980.   2.30889   2.30687  10.76972   0.09212  -0.09212  -0.03705
 |_*  1981.   2.36693   2.36599  12.22878   0.09866  -0.09866  -0.04250
 |_*  1982.   2.41909   2.41947  13.94791   0.10262  -0.10262  -0.04598
 |_*  1983.   2.43517   2.43699  15.17336   0.10616  -0.10616  -0.04920
 |_*  1984.   2.40150   2.40082  15.68445   0.09959  -0.09959  -0.04330
 |_*  1985.   2.42545   2.42419  16.88027   0.09512  -0.09512  -0.03950
 |_*  1986.   2.41880   2.41765  17.86894   0.08258  -0.08258  -0.02977
 |_*  1987.   2.42682   2.42589  19.13145   0.08056  -0.08056  -0.02834
 |_*  1988.   2.44445   2.44344  20.55088   0.08038  -0.08038  -0.02821
 |_*  1989.   2.44996   2.44734  22.13781   0.08512  -0.08512  -0.03163
 |_*  1990.   2.48620   2.48145  24.04155   0.09453  -0.09453  -0.03901
 |_*  1991.   2.53403   2.52959  25.48055   0.10224  -0.10224  -0.04564
 |_*  1992.   2.55952   2.55666  26.59832   0.11084  -0.11084  -0.05363
 |_*  1993.   2.54191   2.53800  26.53339   0.10273  -0.10273  -0.04607
 |_*  1994.   2.55370   2.55031  27.00812   0.09826  -0.09826  -0.04215
 |_*  1995.   2.58241   2.57835  28.25691   0.10271  -0.10271  -0.04606
 |_*  1996.   2.62010   2.61509  29.55828   0.11307  -0.11307  -0.05582
 |_*  1997.   2.67117   2.66695  30.62333   0.11323  -0.11323  -0.05598
 |_*  1998.   2.74616   2.74225  32.14062   0.12093  -0.12093  -0.06385
 |_*  1999.   2.77055   2.76787  32.88805   0.11739  -0.11739  -0.06016
 |_*  2000.   2.80018   2.79506  35.41731   0.13092  -0.13092  -0.07484
 |_*  2001.   2.85289   2.84868  37.31054   0.13627  -0.13627  -0.08107
 |_*  2002.   2.88429   2.88103  38.87057   0.13658  -0.13658  -0.08144
 |_*  2003.   2.94922   2.94711  40.76623   0.14322  -0.14322  -0.08956
 |_*  2004.   2.98354   2.98178  42.25508   0.14823  -0.14823  -0.09593
 |_*  2005.   3.00444   3.00263  44.08426   0.15217  -0.15217  -0.10110
 |_*  2006.   3.05708   3.05520  47.15069   0.16362  -0.16362  -0.11688
 |_*  2007.   3.10114   3.10019  49.85491   0.17126  -0.17126  -0.12806
 |_*  2008.   3.08911   3.08719  51.35408   0.17422  -0.17422  -0.13251
 |_*  2009.   3.14498   3.14679  54.30844   0.18317  -0.18317  -0.14648
 |_*  2010.   3.17498   3.18010  56.63713   0.19195  -0.19195  -0.16087
 |_*  2011.   3.19490   3.20167  58.49921   0.19341  -0.19341  -0.16333
 |_*  2012.   3.21275   3.22041  60.16792   0.19132  -0.19132  -0.15980
 |_*  2013.   3.24681   3.25719  62.38018   0.19290  -0.19290  -0.16246
 |_*  2014.   3.26331   3.27416  63.30252   0.18968  -0.18968  -0.15708
 |_*  2015.   3.28212   3.29400  64.37417   0.18809  -0.18809  -0.15446
 |_*  2016.   3.29782   3.31058  65.25038   0.18664  -0.18664  -0.15208
 |_*  2017.   3.30442   3.31757  66.21371   0.18571  -0.18571  -0.15057
 |_*  2018.   3.30228   3.31528  67.29875   0.18633  -0.18633  -0.15157
 |_STAT U UI / PCOR
 NAME        N    MEAN        ST. DEV      VARIANCE     MINIMUM      MAXIMUM
 U            60   2.5505     0.44846     0.20112       1.8988       3.3044
 UI           60   2.5522     0.44856     0.20120       1.9145       3.3176

  CORRELATION MATRIX OF VARIABLES -       60 OBSERVATIONS


 U          1.0000
 UI        0.99989       1.0000
              U            UI

 |_* NAME         N    MEAN       ST. DEV     VARIANCE     MINIMUM       MAXIMUM
 |_* U            60   2.5505     0.44846     0.20112       1.8988       3.3044
 |_* UI           60   2.5522     0.44856     0.20120       1.9145       3.3176
 |_*  CORRELATION MATRIX OF VARIABLES -       59 OBSERVATIONS
 |_* U          1.0000
 |_* UI        0.99989       1.0000
 |_*              U            UI
 |_*              U            UI
 |_*IT CAN BE SEEN THAT OUR INDEX NUMBER ESTIMATES OF UTILITY ARE VERY CLOSE TO THE INDIRECT UTILITY ESTIMATES
 |_*OF UTILITY THAT ARE GENERATED BY OUR ECONOMETRIC MODEL.
 |_*THE CORRELATION BETWEEN U AND UI IS 0.99989
 |_*THUS OUR PROCEDURE OF USING INDEX U INSTEAD OF THE ACTUAL ECONOMETRIC MODEL U IS BASICALLY OK; THERE IS AN
 |_*ERROR IN DOING THIS REPLACEMENT BUT THE ERRORS ARE SMALL ENOUGH SO THAT WE CAN USE THE ECONOMETRIC MODEL
 |_*ESTIMATES OF ELASTICITIES WITH SOME DEGREE OF CONFIDENCE.

 |_*GENR FITTED X'S AND EXPENDITURE SHARES:
 |_GENR FX1=A1+B1*U+(C11*V1+C12*V2)*U-.5*G1*VCV*U

 |_GENR FX2=A2+B2*U+(C21*V1+C22*V2)*U-.5*G2*VCV*U

 |_FORMAT(F8.0,4F10.4)

 |_PRINT YEAR X1 FX1 X2 FX2 / FORMAT
       YEAR           X1             FX1            X2             FX2
   1959.    0.9421    0.9555    0.9703    0.9410
   1960.    0.9416    0.9421    0.9572    0.9396
   1961.    0.9425    0.9654    0.9737    0.9353
   1962.    0.9752    0.9550    0.9399    0.9443
   1963.    1.0241    0.9823    0.9141    0.9419
   1964.    1.0539    0.9970    0.8874    0.9301
   1965.    1.0637    1.0089    0.8839    0.9249
   1966.    1.0990    1.0333    0.8683    0.9209
   1967.    1.1335    1.0656    0.8655    0.9220
   1968.    1.1709    1.1338    0.8749    0.9067
   1969.    1.2162    1.1951    0.8771    0.8973
   1970.    1.2378    1.2353    0.8680    0.8735
   1971.    1.2305    1.2506    0.8853    0.8736
   1972.    1.2677    1.3041    0.8866    0.8632
   1973.    1.3270    1.3609    0.8750    0.8539
   1974.    1.3698    1.4481    0.8810    0.8291
   1975.    1.3666    1.4574    0.8937    0.8333
   1976.    1.4250    1.5083    0.8982    0.8427
   1977.    1.4358    1.5153    0.8981    0.8451
   1978.    1.4420    1.5129    0.9039    0.8568
   1979.    1.4505    1.4907    0.8892    0.8633
   1980.    1.4768    1.5161    0.8788    0.8536
   1981.    1.5471    1.5887    0.8785    0.8516
   1982.    1.5572    1.6489    0.9138    0.8532
   1983.    1.5521    1.6751    0.9299    0.8489
   1984.    1.5472    1.6232    0.9062    0.8562
   1985.    1.6057    1.6313    0.8864    0.8701
   1986.    1.6146    1.5869    0.8747    0.8954
   1987.    1.6407    1.5880    0.8628    0.9013
   1988.    1.6889    1.6032    0.8431    0.9054
   1989.    1.7321    1.6226    0.8170    0.8962
   1990.    1.7013    1.6848    0.8681    0.8831
   1991.    1.7216    1.7537    0.8930    0.8755
   1992.    1.7383    1.8061    0.9025    0.8615
   1993.    1.7586    1.7626    0.8754    0.8759
   1994.    1.8161    1.7586    0.8468    0.8879
   1995.    1.8553    1.7999    0.8439    0.8835
   1996.    1.8898    1.8705    0.8514    0.8674
   1997.    1.9637    1.9189    0.8447    0.8761
   1998.    2.0536    2.0176    0.8468    0.8718
   1999.    2.1167    2.0274    0.8267    0.8841
   2000.    2.1562    2.1071    0.8254    0.8580
   2001.    2.1978    2.1790    0.8403    0.8541
   2002.    2.2603    2.2107    0.8275    0.8584
   2003.    2.3489    2.3013    0.8247    0.8529
   2004.    2.4260    2.3562    0.8067    0.8463
   2005.    2.4712    2.3939    0.7969    0.8400
   2006.    2.5585    2.4974    0.7875    0.8204
   2007.    2.6310    2.5773    0.7806    0.8083
   2008.    2.5920    2.5788    0.7920    0.7998
   2009.    2.6351    2.6791    0.8082    0.7859
   2010.    2.7023    2.7536    0.7960    0.7690
   2011.    2.7345    2.7818    0.7939    0.7679
   2012.    2.7353    2.7900    0.8051    0.7749
   2013.    2.7606    2.8339    0.8154    0.7751
   2014.    2.7850    2.8348    0.8147    0.7847
   2015.    2.8173    2.8463    0.8117    0.7907
   2016.    2.8356    2.8553    0.8133    0.7961
   2017.    2.8710    2.8574    0.8007    0.7991
   2018.    2.8823    2.8583    0.7940    0.7974

 |_STAT X1 FX1 X2 FX2 \ PCOR
 NAME        N    MEAN        ST. DEV      VARIANCE     MINIMUM      MAXIMUM
 X1           60   1.8182     0.61187     0.37439      0.94160       2.8823
 FX1          60   1.8182     0.61218     0.37476      0.94215       2.8583
 X2           60  0.86027     0.47126E-01 0.22209E-02  0.78064      0.97375
 FX2          60  0.86027     0.47439E-01 0.22505E-02  0.76793      0.94433

  CORRELATION MATRIX OF VARIABLES -       60 OBSERVATIONS


 X1         1.0000
 FX1       0.99589       1.0000
 X2       -0.87508     -0.84306       1.0000
 FX2      -0.83809     -0.87642      0.68893       1.0000
              X1           FX1          X2           FX2

 |_* NAME        N    MEAN        ST. DEV      VARIANCE     MINIMUM      MAXIMUM
 |_* X1           60   1.8182     0.61187     0.37439      0.94160       2.8823
 |_* FX1          60   1.8182     0.61218     0.37476      0.94215       2.8583
 |_* X2           60  0.86027     0.47126E-01 0.22209E-02  0.78064      0.97375
 |_* FX2          60  0.86027     0.47439E-01 0.22505E-02  0.76793      0.94433
 |_*  CORRELATION MATRIX OF VARIABLES -       59 OBSERVATIONS
 |_* X1         1.0000
 |_* FX1       0.99589       1.0000                                CORRELATION BETWEEN X1 AND FX1 IS STRONG
 |_* X2       -0.87508     -0.84306       1.0000
 |_* FX2      -0.83809     -0.87642      0.68893       1.0000      CORRELATION BETWEEN X2 AND FX2 IS WEAK
 |_*              X1           FX1          X2           FX2
 |_* THE AVERAGES OF THE FITTED VALUES ARE EXACTLY EQUAL TO THE AVERAGES OF THE TRUE VALUES.
 |_*THE SQUARE OF THE COR BETWEEN X1 AND FX1 IS 0.99589*0.99589 = .9918, THE R SQUARE FOR EQ1
 |_*THE SQUARE OF THE COR BETWEEN X2 AND FX2 IS 0.68893*0.68893 = 0.4746, THE R SQUARE FOR EQ1
 |_*CHECK WHETHER FX1 IS THE SAME AS THE PREDICTED VALUE IN EQ1 ABOVE AND WHETHER
 |_*FX2 IS THE SAME AS THE PREDICTED VALUE IN EQ2 ABOVE. THIS PROVIDES A GOOD CHECK ON OUR COMPUTATIONS.
 |_*THESE CHECKS ARE SATISFIED FOR AUSTRALIA

 |_*GENR HICKSIAN PRICE ELASTICITIES OF DEMAND:
 |_*FIRST CALCULATE THE MATRIX OF SECOND ORDER PARTIAL DERIVATIVES OF THE COST FUNCTION
 |_DO #=1,2

 |_DO $=1,2

 |_GENR DC#$=(C#$-CV#*G$-G#*CV$+VCV*G#*G$)/PG

 |_ENDO

 |_ENDO
 EXECUTION BEGINNING FOR DO LOOP  # =       1
 EXECUTION BEGINNING FOR DO LOOP  $ =       1
 EXECUTION FINISHED FOR DO LOOP  $=       2
 EXECUTION BEGINNING FOR DO LOOP  $ =       1
 EXECUTION FINISHED FOR DO LOOP  $=       2
 EXECUTION FINISHED FOR DO LOOP  #=       2

 |_*GENR HICKSIAN PRICE ELASTICITIES OF DEMAND ECij=DCij*PCj/FXi
 |_DO #=1,2

 |_DO $=1,2

 |_GENR EC#$=DC#$*PC$/FX#

 |_ENDO

 |_ENDO
 EXECUTION BEGINNING FOR DO LOOP  # =       1
 EXECUTION BEGINNING FOR DO LOOP  $ =       1
 EXECUTION FINISHED FOR DO LOOP  $=       2
 EXECUTION BEGINNING FOR DO LOOP  $ =       1
 EXECUTION FINISHED FOR DO LOOP  $=       2
 EXECUTION FINISHED FOR DO LOOP  #=       2

 |_*GENR CHECKS
 |_GENR CHECK1=EC11+EC12

 |_GENR CHECK2=EC21+EC22

 |_STAT CHECK1 CHECK2
 NAME        N    MEAN        ST. DEV      VARIANCE     MINIMUM      MAXIMUM
 CHECK1       60 -0.23130E-17 0.34769E-16 0.12089E-32 -0.83267E-16  0.83267E-16
 CHECK2       60  0.60137E-17 0.50094E-16 0.25094E-32 -0.83267E-16  0.16653E-15

 |_*CHECKS ARE SATISFIED
 |_FORMAT(F8.0,4F10.5)

 |_PRINT YEAR EC11 EC12 EC21 EC22 / FORMAT
       YEAR           EC11           EC12           EC21           EC22
   1959.  -0.23970   0.23970   0.24342  -0.24342
   1960.  -0.24169   0.24169   0.24372  -0.24372
   1961.  -0.24104   0.24104   0.24501  -0.24501
   1962.  -0.23835   0.23835   0.24249  -0.24249
   1963.  -0.23656   0.23656   0.24327  -0.24327
   1964.  -0.23980   0.23980   0.24648  -0.24648
   1965.  -0.24062   0.24062   0.24788  -0.24788
   1966.  -0.23960   0.23960   0.24893  -0.24893
   1967.  -0.23580   0.23580   0.24856  -0.24856
   1968.  -0.23428   0.23428   0.25211  -0.25211
   1969.  -0.23117   0.23117   0.25389  -0.25389
   1970.  -0.23474   0.23474   0.25919  -0.25919
   1971.  -0.23311   0.23311   0.25896  -0.25896
   1972.  -0.23077   0.23077   0.26063  -0.26063
   1973.  -0.22772   0.22772   0.26182  -0.26182
   1974.  -0.22586   0.22586   0.26574  -0.26574
   1975.  -0.22382   0.22382   0.26462  -0.26462
   1976.  -0.21660   0.21660   0.26154  -0.26154
   1977.  -0.21538   0.21538   0.26089  -0.26089
   1978.  -0.21271   0.21271   0.25841  -0.25841
   1979.  -0.21303   0.21303   0.25739  -0.25739
   1980.  -0.21321   0.21321   0.25903  -0.25903
   1981.  -0.20750   0.20750   0.25809  -0.25809
   1982.  -0.20225   0.20225   0.25658  -0.25658
   1983.  -0.20114   0.20114   0.25697  -0.25697
   1984.  -0.20363   0.20363   0.25646  -0.25646
   1985.  -0.19995   0.19995   0.25344  -0.25344
   1986.  -0.19773   0.19773   0.24895  -0.24895
   1987.  -0.19633   0.19633   0.24769  -0.24769
   1988.  -0.19435   0.19435   0.24662  -0.24662
   1989.  -0.19494   0.19494   0.24820  -0.24820
   1990.  -0.19325   0.19325   0.24985  -0.24985
   1991.  -0.18996   0.18996   0.25016  -0.25016
   1992.  -0.18903   0.18903   0.25194  -0.25194
   1993.  -0.18927   0.18927   0.24992  -0.24992
   1994.  -0.18722   0.18722   0.24763  -0.24763
   1995.  -0.18534   0.18534   0.24778  -0.24778
   1996.  -0.18367   0.18367   0.24960  -0.24960
   1997.  -0.17912   0.17912   0.24708  -0.24708
   1998.  -0.17396   0.17396   0.24612  -0.24612
   1999.  -0.17147   0.17147   0.24370  -0.24370
   2000.  -0.17098   0.17098   0.24698  -0.24698
   2001.  -0.16758   0.16758   0.24633  -0.24633
   2002.  -0.16530   0.16530   0.24501  -0.24501
   2003.  -0.16140   0.16140   0.24431  -0.24431
   2004.  -0.15952   0.15952   0.24444  -0.24444
   2005.  -0.15846   0.15846   0.24481  -0.24481
   2006.  -0.15583   0.15583   0.24615  -0.24615
   2007.  -0.15348   0.15348   0.24664  -0.24664
   2008.  -0.15433   0.15433   0.24798  -0.24798
   2009.  -0.15124   0.15124   0.24832  -0.24832
   2010.  -0.14963   0.14963   0.24958  -0.24958
   2011.  -0.14852   0.14852   0.24923  -0.24923
   2012.  -0.14750   0.14750   0.24800  -0.24800
   2013.  -0.14565   0.14565   0.24717  -0.24717
   2014.  -0.14473   0.14473   0.24569  -0.24569
   2015.  -0.14371   0.14371   0.24455  -0.24455
   2016.  -0.14286   0.14286   0.24357  -0.24357
   2017.  -0.14250   0.14250   0.24306  -0.24306
   2018.  -0.14263   0.14263   0.24332  -0.24332

 |_STAT EC11 EC12 EC21 EC22
 NAME        N    MEAN        ST. DEV      VARIANCE     MINIMUM      MAXIMUM
 EC11         60 -0.19352     0.33551E-01 0.11257E-02 -0.24169     -0.14250
 EC12         60  0.19352     0.33551E-01 0.11257E-02  0.14250      0.24169
 EC21         60  0.25026     0.61857E-02 0.38262E-04  0.24249      0.26574
 EC22         60 -0.25026     0.61857E-02 0.38262E-04 -0.26574     -0.24249

 |_* NAME        N    MEAN        ST. DEV      VARIANCE     MINIMUM      MAXIMUM
 |_* EC11         60 -0.19352     0.33551E-01 0.11257E-02 -0.24169     -0.14250
 |_* EC12         60  0.19352     0.33551E-01 0.11257E-02  0.14250      0.24169
 |_* EC21         60  0.25026     0.61857E-02 0.38262E-04  0.24249      0.26574
 |_* EC22         60 -0.25026     0.61857E-02 0.38262E-04 -0.26574     -0.24249
 |_*THESE PRICE ELASTICITIES ARE RATHER SMALL IN MAGNITUDE BUT THEY HAVE THE RIGHT SIGNS.
 |_*GENR HICKSIAN ELASTICITIES OF DEMAND W.R.T. REAL INCOME OR UTILITY:
 |_DO #=1,2

 |_GENR ECU#=(B#+CV#-.5*G#*VCV)*U/FX#

 |_ENDO
 EXECUTION BEGINNING FOR DO LOOP  # =       1
 EXECUTION FINISHED FOR DO LOOP  #=       2

 |_FORMAT(F8.0,2F10.5)

 |_PRINT YEAR ECU1 ECU2 / FORMAT
       YEAR           ECU1           ECU2
   1959.   1.60937   0.57229
   1960.   1.61802   0.57166
   1961.   1.60312   0.56970
   1962.   1.60973   0.57382
   1963.   1.59276   0.57273
   1964.   1.58403   0.56732
   1965.   1.57713   0.56489
   1966.   1.56350   0.56299
   1967.   1.54645   0.56350
   1968.   1.51358   0.55612
   1969.   1.48720   0.55147
   1970.   1.47135   0.53929
   1971.   1.46558   0.53931
   1972.   1.44649   0.53375
   1973.   1.42784   0.52868
   1974.   1.40210   0.51461
   1975.   1.39953   0.51704
   1976.   1.38605   0.52244
   1977.   1.38426   0.52378
   1978.   1.38487   0.53027
   1979.   1.39061   0.53384
   1980.   1.38406   0.52853
   1981.   1.36652   0.52740
   1982.   1.35312   0.52832
   1983.   1.34761   0.52590
   1984.   1.35871   0.52996
   1985.   1.35694   0.53745
   1986.   1.36692   0.55051
   1987.   1.36667   0.55349
   1988.   1.36319   0.55547
   1989.   1.35885   0.55094
   1990.   1.34559   0.54426
   1991.   1.33202   0.54030
   1992.   1.32238   0.53286
   1993.   1.33035   0.54052
   1994.   1.33109   0.54673
   1995.   1.32351   0.54446
   1996.   1.31129   0.53604
   1997.   1.30345   0.54065
   1998.   1.28860   0.53835
   1999.   1.28720   0.54480
   2000.   1.27634   0.53092
   2001.   1.26721   0.52882
   2002.   1.26339   0.53116
   2003.   1.25302   0.52814
   2004.   1.24712   0.52443
   2005.   1.24323   0.52090
   2006.   1.23315   0.50947
   2007.   1.22592   0.50212
   2008.   1.22579   0.49684
   2009.   1.21734   0.48793
   2010.   1.21146   0.47668
   2011.   1.20931   0.47592
   2012.   1.20870   0.48063
   2013.   1.20547   0.48076
   2014.   1.20540   0.48710
   2015.   1.20457   0.49101
   2016.   1.20393   0.49447
   2017.   1.20378   0.49639
   2018.   1.20371   0.49528

 |_STAT ECU1 ECU2
 NAME        N    MEAN        ST. DEV      VARIANCE     MINIMUM      MAXIMUM
 ECU1         60   1.3595     0.12554     0.15759E-01   1.2037       1.6180
 ECU2         60  0.53076     0.26283E-01 0.69077E-03  0.47592      0.57382

 |_STOP

