 Welcome to SHAZAM (Double Precision) v11.1 -  APR 2015 WIN-NT   PAR=112400
 ...NOTE..CURRENT WORKING DIRECTORY IS: C:\Users\jules\Desktop\Diewert_Jules\Consumer models

 |_*THIS IS CMOD2.TXT,A 2 GOOD CONSUMER REGRESSION MODEL BASED ON THE                 JUNE 30,2019
 |_*NORMALIZED QUADRATIC EXPENDITURE FUNCTION.
 |_*CURVATURE CONDITIONS ARE IMPOSED.
 |_*GOOD 1 IS PER POP CONSUMPTION AND GOOD 2 IS PER POP LABOUR SUPPLY cONVERTED INTO LEISURE DEMAND.
 |_SET NODOECHO

 |_SMPL 1 60

 |_*YOUR SMPL MAY BE DIFFERENT. NOW READ IN PER POP CONSUMER DATA FROM DATOUT.TXT
 |_READ YEAR X1 X2 PC1 PC2
 ...NOTE..    5 VARIABLES AND       60 OBSERVATIONS STARTING AT OBS       1


 |_*X1=PER CAPITA CONSUMPTION
 |_*X2=PER CAPITA LABOUR SUPPLY
 |_FORMAT(F8.0,4F15.5)

 |_PRINT YEAR X1 X2 PC1 PC2 / FORMAT
       YEAR           X1             X2             PC1            PC2
   1959.        0.94213        0.75025        1.00000        1.00000
   1960.        0.94160        0.76335        1.04057        1.03473
   1961.        0.94247        0.74680        1.04632        1.06254
   1962.        0.97524        0.78068        1.05999        1.05361
   1963.        1.02414        0.80649        1.07549        1.09064
   1964.        1.05392        0.83313        1.11047        1.15804
   1965.        1.06367        0.83669        1.14922        1.21684
   1966.        1.09903        0.85221        1.18230        1.27688
   1967.        1.13349        0.85508        1.22689        1.34511
   1968.        1.17089        0.84562        1.26776        1.47316
   1969.        1.21622        0.84341        1.32214        1.60347
   1970.        1.23784        0.85255        1.40137        1.79477
   1971.        1.23051        0.83523        1.49660        1.92863
   1972.        1.26771        0.83397        1.59397        2.13238
   1973.        1.32701        0.84556        1.78636        2.47628
   1974.        1.36983        0.83956        2.10045        3.11785
   1975.        1.36665        0.82688        2.43408        3.60072
   1976.        1.42505        0.82235        2.71156        4.01921
   1977.        1.43581        0.82246        2.96242        4.38523
   1978.        1.44203        0.81665        3.23147        4.69709
   1979.        1.45053        0.83138        3.55176        5.07562
   1980.        1.47679        0.84170        3.89987        5.70114
   1981.        1.54710        0.84202        4.26864        6.40249
   1982.        1.55717        0.80677        4.72946        7.20453
   1983.        1.55210        0.79064        5.07748        7.84229
   1984.        1.54723        0.81438        5.38738        8.10991
   1985.        1.60567        0.83416        5.78719        8.56054
   1986.        1.61458        0.84582        6.27865        8.83882
   1987.        1.64073        0.85775        6.72305        9.38893
   1988.        1.68889        0.87744        7.17196       10.00849
   1989.        1.73208        0.90350        7.64978       10.87793
   1990.        1.70132        0.85249        8.06125       11.89643
   1991.        1.72164        0.82751        8.27285       12.58366
   1992.        1.73828        0.81809        8.42305       13.24905
   1993.        1.75861        0.84515        8.57934       13.07484
   1994.        1.81609        0.87374        8.75687       13.11379
   1995.        1.85525        0.87663        8.99539       13.70776
   1996.        1.88983        0.86914        9.12079       14.47196
   1997.        1.96369        0.87587        9.26638       14.71216
   1998.        2.05364        0.87376        9.34641       15.28891
   1999.        2.11672        0.89384        9.53106       15.37843
   2000.        2.15618        0.89516        9.95020       16.91677
   2001.        2.19783        0.88024       10.20479       17.71036
   2002.        2.26029        0.89303       10.51083       18.26312
   2003.        2.34894        0.89586       10.67488       19.02731
   2004.        2.42599        0.91389       10.85779       19.72856
   2005.        2.47116        0.92363       11.18561       20.63304
   2006.        2.55851        0.93303       11.56763       22.29131
   2007.        2.63103        0.93991       11.92741       23.66468
   2008.        2.59205        0.92852       12.28199       24.64378
   2009.        2.63507        0.91230       12.59164       26.14124
   2010.        2.70228        0.92452       12.83965       27.56287
   2011.        2.73446        0.92660       13.15078       28.38844
   2012.        2.73535        0.91547       13.49229       28.89385
   2013.        2.76057        0.90518       13.80931       29.75176
   2014.        2.78498        0.90588       14.00880       29.81375
   2015.        2.81730        0.90885       14.19698       30.03215
   2016.        2.83561        0.90726       14.35172       30.19166
   2017.        2.87104        0.91980       14.55362       30.50860
   2018.        2.88234        0.92659       14.78896       31.07464

 |_*NOTE THAT PER CAPITA CONSUMPTION INCREASED 3.06 FOLD OVER THE SAMPLE PERIOD (EXACTLY THE SAME AS CANADA!) AND PER CAPITA LABOU
 | R SUPPLY
 |_*INCREASED 1.24 FOLD. THIS IS DUE TO MORE WOMEN ENTERING THE LABOUR FORCE OVER THE SAMPLE PERIOD
 |_*GENR THE DIFFERENCE BETWEEN THE VALUE OF CONSUMPTION AND THE AFTER TAX VALUE OF LABOUR SUPPLY
 |_GENR VC=PC1*X1

 |_GENR VL=PC2*X2

 |_GENR VCL=VC-VL

 |_FORMAT(F8.0,3F10.3)

 |_PRINT YEAR VC VL VCL / FORMAT
       YEAR           VC             VL             VCL
   1959.     0.942     0.750     0.192
   1960.     0.980     0.790     0.190
   1961.     0.986     0.794     0.193
   1962.     1.034     0.823     0.211
   1963.     1.101     0.880     0.222
   1964.     1.170     0.965     0.206
   1965.     1.222     1.018     0.204
   1966.     1.299     1.088     0.211
   1967.     1.391     1.150     0.240
   1968.     1.484     1.246     0.239
   1969.     1.608     1.352     0.256
   1970.     1.735     1.530     0.205
   1971.     1.842     1.611     0.231
   1972.     2.021     1.778     0.242
   1973.     2.371     2.094     0.277
   1974.     2.877     2.618     0.260
   1975.     3.327     2.977     0.349
   1976.     3.864     3.305     0.559
   1977.     4.253     3.607     0.647
   1978.     4.660     3.836     0.824
   1979.     5.152     4.220     0.932
   1980.     5.759     4.799     0.961
   1981.     6.604     5.391     1.213
   1982.     7.365     5.812     1.552
   1983.     7.881     6.200     1.680
   1984.     8.336     6.605     1.731
   1985.     9.292     7.141     2.151
   1986.    10.137     7.476     2.661
   1987.    11.031     8.053     2.977
   1988.    12.113     8.782     3.331
   1989.    13.250     9.828     3.422
   1990.    13.715    10.142     3.573
   1991.    14.243    10.413     3.830
   1992.    14.642    10.839     3.803
   1993.    15.088    11.050     4.038
   1994.    15.903    11.458     4.445
   1995.    16.689    12.017     4.672
   1996.    17.237    12.578     4.659
   1997.    18.196    12.886     5.310
   1998.    19.194    13.359     5.835
   1999.    20.175    13.746     6.429
   2000.    21.454    15.143     6.311
   2001.    22.428    15.589     6.839
   2002.    23.758    16.310     7.448
   2003.    25.075    17.046     8.029
   2004.    26.341    18.030     8.311
   2005.    27.641    19.057     8.584
   2006.    29.596    20.798     8.797
   2007.    31.381    22.243     9.139
   2008.    31.836    22.882     8.953
   2009.    33.180    23.849     9.331
   2010.    34.696    25.482     9.214
   2011.    35.960    26.305     9.656
   2012.    36.906    26.451    10.455
   2013.    38.122    26.931    11.191
   2014.    39.014    27.008    12.007
   2015.    39.997    27.295    12.702
   2016.    40.696    27.392    13.304
   2017.    41.784    28.062    13.722
   2018.    42.627    28.793    13.833

 |_*THE VALUE OF CONSUMPTION EXCEEDS THE VALUE OF AFTER TAX LABOUR INCOME CONSISTENTLY OVER THE SAMPLE PERIOD.

 |_*WE CONVERT LABOUR SUPPLY INTO LEISURE DEMAND
 |_*ASSUME EFFECTIVE HOURS ARE EQUAL TO TWICE THE AVERAGE HOURS OF LABOUR SUPPLIED
 |_*THIS IS THE WEAKNESS OF A LEISURE MODEL; THE MAXIMUM NUMBER OF HOURS THAT COULD BE WORKED IS ARBITRARY.
 |_STAT X2 / MEAN=AVE
 NAME        N    MEAN        ST. DEV      VARIANCE     MINIMUM      MAXIMUM
 X2           60  0.86027     0.47126E-01 0.22209E-02  0.74680      0.93991

 |_GENR ONE=1

 |_GENR H=2*ONE*AVE

 |_GENR X=H-X2

 |_*GENR A NEW X2 WHICH IS EQUAL TO PER CAPITA LEISURE RATHER THAN PER CAPITA LABOUR SUPPLY
 |_GENR X2=X

 |_GENR Y=PC1*X1+PC2*X2

 |_FORMAT(6F12.4)

 |_PRINT X1 X2 PC1 PC2 Y / FORMAT
       X1             X2             PC1            PC2            Y
      0.9421      0.9703      1.0000      1.0000      1.9124
      0.9416      0.9572      1.0406      1.0347      1.9702
      0.9425      0.9737      1.0463      1.0625      2.0208
      0.9752      0.9399      1.0600      1.0536      2.0240
      1.0241      0.9141      1.0755      1.0906      2.0984
      1.0539      0.8874      1.1105      1.1580      2.1980
      1.0637      0.8839      1.1492      1.2168      2.2979
      1.0990      0.8683      1.1823      1.2769      2.4081
      1.1335      0.8655      1.2269      1.3451      2.5548
      1.1709      0.8749      1.2678      1.4732      2.7733
      1.2162      0.8771      1.3221      1.6035      3.0145
      1.2378      0.8680      1.4014      1.7948      3.2925
      1.2305      0.8853      1.4966      1.9286      3.5490
      1.2677      0.8866      1.5940      2.1324      3.9112
      1.3270      0.8750      1.7864      2.4763      4.5372
      1.3698      0.8810      2.1004      3.1178      5.6240
      1.3666      0.8937      2.4341      3.6007      6.5444
      1.4250      0.8982      2.7116      4.0192      7.4742
      1.4358      0.8981      2.9624      4.3852      8.1918
      1.4420      0.9039      3.2315      4.6971      8.9056
      1.4505      0.8892      3.5518      5.0756      9.6650
      1.4768      0.8788      3.8999      5.7011     10.7697
      1.5471      0.8785      4.2686      6.4025     12.2288
      1.5572      0.9138      4.7295      7.2045     13.9479
      1.5521      0.9299      5.0775      7.8423     15.1734
      1.5472      0.9062      5.3874      8.1099     15.6845
      1.6057      0.8864      5.7872      8.5605     16.8803
      1.6146      0.8747      6.2786      8.8388     17.8689
      1.6407      0.8628      6.7230      9.3889     19.1315
      1.6889      0.8431      7.1720     10.0085     20.5509
      1.7321      0.8170      7.6498     10.8779     22.1378
      1.7013      0.8681      8.0612     11.8964     24.0415
      1.7216      0.8930      8.2729     12.5837     25.4805
      1.7383      0.9025      8.4230     13.2491     26.5983
      1.7586      0.8754      8.5793     13.0748     26.5334
      1.8161      0.8468      8.7569     13.1138     27.0081
      1.8553      0.8439      8.9954     13.7078     28.2569
      1.8898      0.8514      9.1208     14.4720     29.5583
      1.9637      0.8447      9.2664     14.7122     30.6233
      2.0536      0.8468      9.3464     15.2889     32.1406
      2.1167      0.8267      9.5311     15.3784     32.8880
      2.1562      0.8254      9.9502     16.9168     35.4173
      2.1978      0.8403     10.2048     17.7104     37.3105
      2.2603      0.8275     10.5108     18.2631     38.8706
      2.3489      0.8247     10.6749     19.0273     40.7662
      2.4260      0.8067     10.8578     19.7286     42.2551
      2.4712      0.7969     11.1856     20.6330     44.0843
      2.5585      0.7875     11.5676     22.2913     47.1507
      2.6310      0.7806     11.9274     23.6647     49.8549
      2.5920      0.7920     12.2820     24.6438     51.3541
      2.6351      0.8082     12.5916     26.1412     54.3084
      2.7023      0.7960     12.8397     27.5629     56.6371
      2.7345      0.7939     13.1508     28.3884     58.4992
      2.7353      0.8051     13.4923     28.8939     60.1679
      2.7606      0.8154     13.8093     29.7518     62.3802
      2.7850      0.8147     14.0088     29.8137     63.3025
      2.8173      0.8117     14.1970     30.0322     64.3742
      2.8356      0.8133     14.3517     30.1917     65.2504
      2.8710      0.8007     14.5536     30.5086     66.2137
      2.8823      0.7940     14.7890     31.0746     67.2987

 |_INDEX PC1 X1 PC2 X2 / CHAIN FISHER=PU QFISHER=INDEXU

 REQUIRED MEMORY IS PAR=      11 CURRENT PAR=  112400
 BASE PERIOD IS OBSERVATION     1
 ALL INDEXES ARE CHAINED
 FISHER   WILL BE STORED AS VARIABLE: PU
 QFISHER  WILL BE STORED AS VARIABLE: INDEXU
                     PRICE INDEX                          QUANTITY
     DIVISIA PAASCHE LASPEYRES FISHER  DIVISIA    PAASCHE  LASPEYRES    FISHER
   1  1.000  1.000  1.000  1.000   1.912       1.912       1.912       1.912
   2  1.038  1.038  1.038  1.038   1.899       1.899       1.899       1.899
   3  1.055  1.055  1.054  1.055   1.916       1.916       1.916       1.916
   4  1.057  1.057  1.057  1.057   1.915       1.915       1.915       1.915
   5  1.083  1.083  1.083  1.083   1.938       1.938       1.938       1.938
   6  1.133  1.133  1.133  1.133   1.940       1.941       1.940       1.940
   7  1.181  1.181  1.181  1.181   1.946       1.947       1.946       1.946
   8  1.226  1.226  1.226  1.226   1.964       1.965       1.964       1.964
   9  1.281  1.280  1.281  1.281   1.994       1.995       1.994       1.994
  10  1.360  1.359  1.360  1.360   2.040       2.041       2.039       2.040
  11  1.446  1.445  1.447  1.446   2.084       2.086       2.083       2.084
  12  1.573  1.571  1.574  1.573   2.093       2.095       2.092       2.093
  13  1.685  1.683  1.686  1.685   2.107       2.109       2.105       2.107
  14  1.827  1.825  1.829  1.827   2.141       2.143       2.139       2.141
  15  2.083  2.080  2.085  2.083   2.179       2.181       2.176       2.179
  16  2.531  2.527  2.535  2.531   2.222       2.225       2.219       2.222
  17  2.928  2.924  2.933  2.928   2.235       2.238       2.232       2.235
  18  3.265  3.260  3.270  3.265   2.289       2.292       2.286       2.289
  19  3.565  3.560  3.570  3.565   2.298       2.301       2.294       2.298
  20  3.855  3.849  3.861  3.855   2.310       2.314       2.307       2.310
  21  4.203  4.197  4.209  4.203   2.299       2.303       2.296       2.299
  22  4.664  4.657  4.672  4.664   2.309       2.312       2.305       2.309
  23  5.166  5.158  5.175  5.166   2.367       2.371       2.363       2.367
  24  5.766  5.756  5.775  5.766   2.419       2.423       2.415       2.419
  25  6.231  6.221  6.241  6.231   2.435       2.439       2.431       2.435
  26  6.531  6.521  6.541  6.531   2.402       2.405       2.398       2.402
  27  6.960  6.950  6.969  6.960   2.425       2.429       2.422       2.425
  28  7.387  7.378  7.397  7.387   2.419       2.422       2.416       2.419
  29  7.883  7.873  7.893  7.883   2.427       2.430       2.424       2.427
  30  8.407  8.397  8.418  8.407   2.444       2.448       2.441       2.444
  31  9.036  9.024  9.048  9.036   2.450       2.453       2.447       2.450
  32  9.670  9.660  9.680  9.670   2.486       2.489       2.484       2.486
  33 10.055 10.046 10.065 10.055   2.534       2.536       2.532       2.534
  34 10.392 10.382 10.402 10.392   2.560       2.562       2.557       2.560
  35 10.438 10.430 10.447 10.438   2.542       2.544       2.540       2.542
  36 10.576 10.569 10.583 10.576   2.554       2.555       2.552       2.554
  37 10.942 10.934 10.950 10.942   2.582       2.584       2.581       2.582
  38 11.281 11.273 11.290 11.281   2.620       2.622       2.618       2.620
  39 11.464 11.456 11.473 11.464   2.671       2.673       2.669       2.671
  40 11.704 11.693 11.714 11.704   2.746       2.749       2.744       2.746
  41 11.871 11.861 11.880 11.871   2.771       2.773       2.768       2.771
  42 12.648 12.636 12.660 12.648   2.800       2.803       2.798       2.800
  43 13.078 13.066 13.091 13.078   2.853       2.856       2.850       2.853
  44 13.477 13.464 13.489 13.477   2.884       2.887       2.882       2.884
  45 13.823 13.808 13.838 13.823   2.949       2.952       2.946       2.949
  46 14.163 14.146 14.180 14.163   2.984       2.987       2.980       2.984
  47 14.673 14.655 14.691 14.673   3.004       3.008       3.001       3.004
  48 15.423 15.400 15.446 15.423   3.057       3.062       3.053       3.057
  49 16.076 16.050 16.102 16.076   3.101       3.106       3.096       3.101
  50 16.624 16.598 16.651 16.624   3.089       3.094       3.084       3.089
  51 17.268 17.241 17.295 17.268   3.145       3.150       3.140       3.145
  52 17.838 17.808 17.869 17.839   3.175       3.180       3.170       3.175
  53 18.310 18.278 18.342 18.310   3.195       3.200       3.189       3.195
  54 18.728 18.695 18.761 18.728   3.213       3.218       3.207       3.213
  55 19.213 19.179 19.246 19.213   3.247       3.252       3.241       3.247
  56 19.398 19.365 19.432 19.398   3.263       3.269       3.258       3.263
  57 19.613 19.580 19.647 19.614   3.282       3.288       3.276       3.282
  58 19.786 19.752 19.820 19.786   3.298       3.304       3.292       3.298
  59 20.038 20.004 20.072 20.038   3.304       3.310       3.299       3.304
  60 20.379 20.345 20.414 20.379   3.302       3.308       3.297       3.302

 |_FORMAT(4F12.3)

 |_PRINT YEAR PU INDEXU Y / FORMAT
       YEAR           PU             INDEXU         Y
    1959.000       1.000       1.912       1.912
    1960.000       1.038       1.899       1.970
    1961.000       1.055       1.916       2.021
    1962.000       1.057       1.915       2.024
    1963.000       1.083       1.938       2.098
    1964.000       1.133       1.940       2.198
    1965.000       1.181       1.946       2.298
    1966.000       1.226       1.964       2.408
    1967.000       1.281       1.994       2.555
    1968.000       1.360       2.040       2.773
    1969.000       1.446       2.084       3.014
    1970.000       1.573       2.093       3.293
    1971.000       1.685       2.107       3.549
    1972.000       1.827       2.141       3.911
    1973.000       2.083       2.179       4.537
    1974.000       2.531       2.222       5.624
    1975.000       2.928       2.235       6.544
    1976.000       3.265       2.289       7.474
    1977.000       3.565       2.298       8.192
    1978.000       3.855       2.310       8.906
    1979.000       4.203       2.299       9.665
    1980.000       4.664       2.309      10.770
    1981.000       5.166       2.367      12.229
    1982.000       5.766       2.419      13.948
    1983.000       6.231       2.435      15.173
    1984.000       6.531       2.402      15.684
    1985.000       6.960       2.425      16.880
    1986.000       7.387       2.419      17.869
    1987.000       7.883       2.427      19.131
    1988.000       8.407       2.444      20.551
    1989.000       9.036       2.450      22.138
    1990.000       9.670       2.486      24.042
    1991.000      10.055       2.534      25.481
    1992.000      10.392       2.560      26.598
    1993.000      10.438       2.542      26.533
    1994.000      10.576       2.554      27.008
    1995.000      10.942       2.582      28.257
    1996.000      11.281       2.620      29.558
    1997.000      11.464       2.671      30.623
    1998.000      11.704       2.746      32.141
    1999.000      11.871       2.771      32.888
    2000.000      12.648       2.800      35.417
    2001.000      13.078       2.853      37.311
    2002.000      13.477       2.884      38.871
    2003.000      13.823       2.949      40.766
    2004.000      14.163       2.984      42.255
    2005.000      14.673       3.004      44.084
    2006.000      15.423       3.057      47.151
    2007.000      16.076       3.101      49.855
    2008.000      16.624       3.089      51.354
    2009.000      17.268       3.145      54.308
    2010.000      17.839       3.175      56.637
    2011.000      18.310       3.195      58.499
    2012.000      18.728       3.213      60.168
    2013.000      19.213       3.247      62.380
    2014.000      19.398       3.263      63.303
    2015.000      19.614       3.282      64.374
    2016.000      19.786       3.298      65.250
    2017.000      20.038       3.304      66.214
    2018.000      20.379       3.302      67.299

 |_*NOTE THAT PER CAPITA UTILITY HAS GROWN 1.73 FOLD IN CANADA; MUCH MORE SLOWLY THAN
 |_*PER CAPITA CONSUMPTION, WHICH GREW 3.06 FOLD. THIS IS EXPLAINED BY THE FACT THAT PER CAPITA
 |_*LEISURE DECREASED FROM O.970 TO 0.794 (RATIO=.814) OVER THE SAMPLE PERIOD. MOST OTHER COUNTRIES WILL HAVE
 |_*MUCH BIGGER INCREASES IN PER CAPITA UTILITY.

 |_*WE IMPLEMENT A NORMALIZED QUADRATIC EXPENDITURE FUNCTION APPROACH
 |_*WE NEED FIXED WEIGHTS SUMMING TO 1,G1 AND G2. WE INITIALLY
 |_*DEFINE G1 AND G2 AS BEING EQUAL TO THE SAMPLE MEANS OF X1 AND X2 RESPECTIVELY
 |_*AND THEN WE NORMALIZE THEM TO ADD UP TO 1.
 |_STAT X1 / MEAN=GG1
 NAME        N    MEAN        ST. DEV      VARIANCE     MINIMUM      MAXIMUM
 X1           60   1.8182     0.61187     0.37439      0.94160       2.8823

 |_STAT X2 / MEAN=GG2
 NAME        N    MEAN        ST. DEV      VARIANCE     MINIMUM      MAXIMUM
 X2           60  0.86027     0.47126E-01 0.22209E-02  0.78064      0.97375

 |_GENR SUM=GG1+GG2

 |_GENR GG1=GG1/SUM
 ...WARNING..FINISHED AT OBS    1 THE LENGTH OF GG1

 |_GENR GG2=GG2/SUM
 ...WARNING..FINISHED AT OBS    1 THE LENGTH OF GG2

 |_SMPL 1 1

 |_PRINT GG1 GG2
       GG1            GG2
   0.6788238      0.3211762

 |_*NOTE THAT GG1 AND GG2 ARE SCALARS; WE CONVERT THEM TO VECTORS
 |_SMPL 1 60

 |_*YOUR SMPL MAY BE DIFFERENT
 |_GENR G1=1

 |_GENR G2=1

 |_GENR G1=GG1(1)*G1

 |_GENR G2=GG2(1)*G2

 |_GENR PG=PC1*G1+PC2*G2

 |_PRINT YEAR G1 G2 PG / FORMAT
       YEAR           G1             G2             PG
    1959.000       0.679       0.321       1.000
    1960.000       0.679       0.321       1.039
    1961.000       0.679       0.321       1.052
    1962.000       0.679       0.321       1.058
    1963.000       0.679       0.321       1.080
    1964.000       0.679       0.321       1.126
    1965.000       0.679       0.321       1.171
    1966.000       0.679       0.321       1.213
    1967.000       0.679       0.321       1.265
    1968.000       0.679       0.321       1.334
    1969.000       0.679       0.321       1.412
    1970.000       0.679       0.321       1.528
    1971.000       0.679       0.321       1.635
    1972.000       0.679       0.321       1.767
    1973.000       0.679       0.321       2.008
    1974.000       0.679       0.321       2.427
    1975.000       0.679       0.321       2.809
    1976.000       0.679       0.321       3.132
    1977.000       0.679       0.321       3.419
    1978.000       0.679       0.321       3.702
    1979.000       0.679       0.321       4.041
    1980.000       0.679       0.321       4.478
    1981.000       0.679       0.321       4.954
    1982.000       0.679       0.321       5.524
    1983.000       0.679       0.321       5.965
    1984.000       0.679       0.321       6.262
    1985.000       0.679       0.321       6.678
    1986.000       0.679       0.321       7.101
    1987.000       0.679       0.321       7.579
    1988.000       0.679       0.321       8.083
    1989.000       0.679       0.321       8.687
    1990.000       0.679       0.321       9.293
    1991.000       0.679       0.321       9.657
    1992.000       0.679       0.321       9.973
    1993.000       0.679       0.321      10.023
    1994.000       0.679       0.321      10.156
    1995.000       0.679       0.321      10.509
    1996.000       0.679       0.321      10.839
    1997.000       0.679       0.321      11.015
    1998.000       0.679       0.321      11.255
    1999.000       0.679       0.321      11.409
    2000.000       0.679       0.321      12.188
    2001.000       0.679       0.321      12.615
    2002.000       0.679       0.321      13.001
    2003.000       0.679       0.321      13.357
    2004.000       0.679       0.321      13.707
    2005.000       0.679       0.321      14.220
    2006.000       0.679       0.321      15.012
    2007.000       0.679       0.321      15.697
    2008.000       0.679       0.321      16.252
    2009.000       0.679       0.321      16.943
    2010.000       0.679       0.321      17.568
    2011.000       0.679       0.321      18.045
    2012.000       0.679       0.321      18.439
    2013.000       0.679       0.321      18.930
    2014.000       0.679       0.321      19.085
    2015.000       0.679       0.321      19.283
    2016.000       0.679       0.321      19.439
    2017.000       0.679       0.321      19.678
    2018.000       0.679       0.321      20.020

 |_*GENR PG NORMALIZED PRICES AND INCOME:
 |_GENR NY=Y/PG

 |_GENR NP1=PC1/PG

 |_GENR NP2=PC2/PG

 |_*GENR INCOME OR EXPENDITURE NORMALIZED PRICES:
 |_GENR PY1=PC1/Y

 |_GENR PY2=PC2/Y

 |_*GENR EXPENDITURE SHARES:
 |_GENR S1=PY1*X1

 |_GENR S2=PY2*X2

 |_PRINT YEAR NY S1 S2 / FORMAT
       YEAR           NY             S1             S2
    1959.000       1.912       0.493       0.507
    1960.000       1.897       0.497       0.503
    1961.000       1.922       0.488       0.512
    1962.000       1.913       0.511       0.489
    1963.000       1.942       0.525       0.475
    1964.000       1.952       0.532       0.468
    1965.000       1.962       0.532       0.468
    1966.000       1.986       0.540       0.460
    1967.000       2.020       0.544       0.456
    1968.000       2.079       0.535       0.465
    1969.000       2.134       0.533       0.467
    1970.000       2.155       0.527       0.473
    1971.000       2.170       0.519       0.481
    1972.000       2.214       0.517       0.483
    1973.000       2.260       0.522       0.478
    1974.000       2.317       0.512       0.488
    1975.000       2.330       0.508       0.492
    1976.000       2.387       0.517       0.483
    1977.000       2.396       0.519       0.481
    1978.000       2.405       0.523       0.477
    1979.000       2.392       0.533       0.467
    1980.000       2.405       0.535       0.465
    1981.000       2.468       0.540       0.460
    1982.000       2.525       0.528       0.472
    1983.000       2.544       0.519       0.481
    1984.000       2.505       0.531       0.469
    1985.000       2.528       0.550       0.450
    1986.000       2.516       0.567       0.433
    1987.000       2.524       0.577       0.423
    1988.000       2.542       0.589       0.411
    1989.000       2.549       0.599       0.401
    1990.000       2.587       0.570       0.430
    1991.000       2.638       0.559       0.441
    1992.000       2.667       0.550       0.450
    1993.000       2.647       0.569       0.431
    1994.000       2.659       0.589       0.411
    1995.000       2.689       0.591       0.409
    1996.000       2.727       0.583       0.417
    1997.000       2.780       0.594       0.406
    1998.000       2.856       0.597       0.403
    1999.000       2.883       0.613       0.387
    2000.000       2.906       0.606       0.394
    2001.000       2.958       0.601       0.399
    2002.000       2.990       0.611       0.389
    2003.000       3.052       0.615       0.385
    2004.000       3.083       0.623       0.377
    2005.000       3.100       0.627       0.373
    2006.000       3.141       0.628       0.372
    2007.000       3.176       0.629       0.371
    2008.000       3.160       0.620       0.380
    2009.000       3.205       0.611       0.389
    2010.000       3.224       0.613       0.387
    2011.000       3.242       0.615       0.385
    2012.000       3.263       0.613       0.387
    2013.000       3.295       0.611       0.389
    2014.000       3.317       0.616       0.384
    2015.000       3.338       0.621       0.379
    2016.000       3.357       0.624       0.376
    2017.000       3.365       0.631       0.369
    2018.000       3.362       0.633       0.367

 |_STAT S1 S2
 NAME        N    MEAN        ST. DEV      VARIANCE     MINIMUM      MAXIMUM
 S1           60  0.56715     0.44325E-01 0.19647E-02  0.48799      0.63340
 S2           60  0.43285     0.44325E-01 0.19647E-02  0.36660      0.51201

 |_FORMAT(5F12.3)

 |_PRINT YEAR NP1 NP2 PY1 PY2 / FORMAT
       YEAR           NP1            NP2            PY1            PY2
    1959.000       1.000       1.000       0.523       0.523
    1960.000       1.002       0.996       0.528       0.525
    1961.000       0.995       1.010       0.518       0.526
    1962.000       1.002       0.996       0.524       0.521
    1963.000       0.995       1.010       0.513       0.520
    1964.000       0.986       1.029       0.505       0.527
    1965.000       0.981       1.039       0.500       0.530
    1966.000       0.975       1.053       0.491       0.530
    1967.000       0.970       1.063       0.480       0.526
    1968.000       0.951       1.105       0.457       0.531
    1969.000       0.936       1.135       0.439       0.532
    1970.000       0.917       1.175       0.426       0.545
    1971.000       0.915       1.179       0.422       0.543
    1972.000       0.902       1.207       0.408       0.545
    1973.000       0.890       1.233       0.394       0.546
    1974.000       0.865       1.285       0.373       0.554
    1975.000       0.867       1.282       0.372       0.550
    1976.000       0.866       1.283       0.363       0.538
    1977.000       0.866       1.282       0.362       0.535
    1978.000       0.873       1.269       0.363       0.527
    1979.000       0.879       1.256       0.367       0.525
    1980.000       0.871       1.273       0.362       0.529
    1981.000       0.862       1.292       0.349       0.524
    1982.000       0.856       1.304       0.339       0.517
    1983.000       0.851       1.315       0.335       0.517
    1984.000       0.860       1.295       0.343       0.517
    1985.000       0.867       1.282       0.343       0.507
    1986.000       0.884       1.245       0.351       0.495
    1987.000       0.887       1.239       0.351       0.491
    1988.000       0.887       1.238       0.349       0.487
    1989.000       0.881       1.252       0.346       0.491
    1990.000       0.867       1.280       0.335       0.495
    1991.000       0.857       1.303       0.325       0.494
    1992.000       0.845       1.328       0.317       0.498
    1993.000       0.856       1.304       0.323       0.493
    1994.000       0.862       1.291       0.324       0.486
    1995.000       0.856       1.304       0.318       0.485
    1996.000       0.841       1.335       0.309       0.490
    1997.000       0.841       1.336       0.303       0.480
    1998.000       0.830       1.358       0.291       0.476
    1999.000       0.835       1.348       0.290       0.468
    2000.000       0.816       1.388       0.281       0.478
    2001.000       0.809       1.404       0.274       0.475
    2002.000       0.808       1.405       0.270       0.470
    2003.000       0.799       1.424       0.262       0.467
    2004.000       0.792       1.439       0.257       0.467
    2005.000       0.787       1.451       0.254       0.468
    2006.000       0.771       1.485       0.245       0.473
    2007.000       0.760       1.508       0.239       0.475
    2008.000       0.756       1.516       0.239       0.480
    2009.000       0.743       1.543       0.232       0.481
    2010.000       0.731       1.569       0.227       0.487
    2011.000       0.729       1.573       0.225       0.485
    2012.000       0.732       1.567       0.224       0.480
    2013.000       0.730       1.572       0.221       0.477
    2014.000       0.734       1.562       0.221       0.471
    2015.000       0.736       1.557       0.221       0.467
    2016.000       0.738       1.553       0.220       0.463
    2017.000       0.740       1.550       0.220       0.461
    2018.000       0.739       1.552       0.220       0.462


 |_*WE CAN IMPOSE CURVATURE CONDITIONS BY SETTING C11 = -A11*A11 SO THIS IS WHAT WE DO NOW.
 |_*OUR FUNCTIONAL FORM FOR THE EXPENDITURE FUNCTION, E(U,P), IS
 |_*A.P+(B.P+.5P.CP/PG)*U WHERE A.P*= O,B.P*=1 AND CP*=0 IN A BASE YEAR WHEN PRICES ARE EQUAL TO P*.
 |_*A,B AND P ARE VECTORS AND C IS A 2 BY 2 SYMMETRIC MATRIX.
 |_*A DOT SIGNIFIES AN INNER PRODUCT.
 |_NL 1 / NCOEF=3 GENRVAR CONV=.00001 ITER=150 LIST
 ...NOTE..SAMPLE RANGE SET TO:     1,    60

 |_EQ S1=PY1*A1+(PY1*(B1-A11*A11*(NP1-NP2) &

 | +.5*G1*A11*A11*(NP1-NP2)*(NP1-NP2)) &

 | *(NY-A1*(NP1-NP2)) &

 | /(B1*(NP1-NP2)+NP2-.5*A11*A11*(NP1-NP2)*(NP1-NP2)))

 |_COEF A1 .01 B1 .5 A11 .1
    6 VARIABLES IN  1 EQUATIONS WITH   3 COEFFICIENTS
         60 OBSERVATIONS

 REQUIRED MEMORY IS PAR=     177 CURRENT PAR=  112400

 COEFFICIENT STARTING VALUES
 A1        0.10000E-01  B1        0.50000      A11       0.10000
       150 MAXIMUM ITERATIONS, CONVERGENCE =   0.100000E-04

 INITIAL STATISTICS :

 TIME =     0.0240 SEC.   ITER. NO.     0   FUNCT. EVALUATIONS     1
 LOG-LIKELIHOOD FUNCTION=    15.93289
 COEFFICIENTS
   0.1000000E-01  0.5000000      0.1000000
 GRADIENT
    101.7209       261.2513       32.08194

 INTERMEDIATE STATISTICS :

 TIME =     0.0300 SEC.   ITER. NO.    15   FUNCT. EVALUATIONS    31
 LOG-LIKELIHOOD FUNCTION=    176.4296
 COEFFICIENTS
   -1.017423       1.053464      0.1046417
 GRADIENT
    71.94927       222.5485       20.66856

 TIME =     0.0350 SEC.   ITER. NO.    30   FUNCT. EVALUATIONS    48
 LOG-LIKELIHOOD FUNCTION=    176.7086
 COEFFICIENTS
   -1.046651       1.069553      0.3674379E-02
 GRADIENT
   -3.637715      -11.02622     -0.1503954

 FINAL STATISTICS :

 LOG-LIKELIHOOD FUNCTION=    176.7088
 TIME =     0.0390 SEC.   ITER. NO.    36   FUNCT. EVALUATIONS    54
 COEFFICIENTS
   -1.046607       1.069529     -0.6623181E-08
 GRADIENT
  -0.3647700E-03 -0.8099157E-03 -0.1563907E-06

 MAXIMUM LIKELIHOOD ESTIMATE OF SIGMA-SQUARED =  0.16196E-03
 SUM OF SQUARED ERRORS =  0.97175E-02
 GTRANSPOSE*INVERSE(H)*G  STATISTIC  -  =  0.25812E-11

          COEFFICIENT STD ERROR   T-RATIO

 A1       -1.0466     0.16715E-01 -62.617
 B1        1.0695     0.60486E-02  176.82
 A11     -0.66232E-08 0.18683    -0.35451E-07

     OBS.   OBSERVED     PREDICTED   CALCULATED
      NO.    VALUE        VALUE       RESIDUAL
       1   0.49264      0.52226     -0.29627E-01    *           I
       2   0.49730      0.51967     -0.22370E-01       *        I
       3   0.48799      0.51977     -0.31779E-01    *           I
       4   0.51074      0.52449     -0.13745E-01           *    I
       5   0.52491      0.52606     -0.11503E-02                *
       6   0.53246      0.51966      0.12794E-01                I    *
       7   0.53196      0.51742      0.14537E-01                I     *
       8   0.53958      0.51746      0.22118E-01                I        *
       9   0.54433      0.52199      0.22344E-01                I        *
      10   0.53525      0.51943      0.15814E-01                I     *
      11   0.53343      0.52052      0.12915E-01                I    *
      12   0.52685      0.50895      0.17898E-01                I      *
      13   0.51890      0.51103      0.78628E-02                I  *
      14   0.51664      0.51092      0.57196E-02                I *
      15   0.52246      0.51207      0.10385E-01                I   *
      16   0.51160      0.50637      0.52338E-02                I *
      17   0.50830      0.51070     -0.24005E-02               *I
      18   0.51700      0.52430     -0.73017E-02             *  I
      19   0.51924      0.52685     -0.76169E-02             *  I
      20   0.52325      0.53436     -0.11110E-01            *   I
      21   0.53305      0.53588     -0.28347E-02               *I
      22   0.53477      0.53259      0.21740E-02                I*
      23   0.54004      0.54035     -0.30997E-03                *
      24   0.52801      0.54890     -0.20891E-01        *       I
      25   0.51938      0.54939     -0.30013E-01    *           I
      26   0.53145      0.54760     -0.16153E-01          *     I
      27   0.55048      0.55733     -0.68463E-02             *  I
      28   0.56732      0.56793     -0.61043E-03                *
      29   0.57657      0.57166      0.49166E-02                I *
      30   0.58940      0.57565      0.13748E-01                I    *
      31   0.59852      0.57204      0.26487E-01                I         *
      32   0.57046      0.57051     -0.49264E-04                *
      33   0.55897      0.57343     -0.14463E-01          *     I
      34   0.55047      0.57094     -0.20470E-01        *       I
      35   0.56863      0.57473     -0.61010E-02              * I
      36   0.58883      0.58146      0.73689E-02                I  *
      37   0.59061      0.58304      0.75616E-02                I  *
      38   0.58314      0.58079      0.23503E-02                I*
      39   0.59420      0.59086      0.33394E-02                I*
      40   0.59719      0.59811     -0.91766E-03                *
      41   0.61343      0.60599      0.74469E-02                I  *
      42   0.60576      0.59877      0.69863E-02                I  *
      43   0.60113      0.60360     -0.24706E-02               *I
      44   0.61120      0.60902      0.21780E-02                I*
      45   0.61508      0.61446      0.62235E-03                *
      46   0.62338      0.61586      0.75179E-02                I  *
      47   0.62701      0.61584      0.11170E-01                I   *
      48   0.62769      0.61432      0.13363E-01                I    *
      49   0.62945      0.61480      0.14654E-01                I     *
      50   0.61992      0.60997      0.99526E-02                I   *
      51   0.61095      0.61150     -0.54651E-03                *
      52   0.61261      0.60872      0.38848E-02                I *
      53   0.61471      0.61084      0.38705E-02                I *
      54   0.61339      0.61580     -0.24163E-02               *I
      55   0.61112      0.62014     -0.90186E-02            *   I
      56   0.61631      0.62569     -0.93728E-02            *   I
      57   0.62132      0.63013     -0.88053E-02             *  I
      58   0.62369      0.63390     -0.10216E-01            *   I
      59   0.63105      0.63575     -0.47063E-02              * I
      60   0.63340      0.63488     -0.14797E-02               *I

 DURBIN-WATSON = 0.4436    VON NEUMANN RATIO = 0.4511    RHO =  0.73310
 RESIDUAL SUM =  0.14212E-02  RESIDUAL VARIANCE =  0.16196E-03
 SUM OF ABSOLUTE ERRORS=  0.59301
 R-SQUARE BETWEEN OBSERVED AND PREDICTED = 0.9162
 RUNS TEST:   15 RUNS,   30 POS,    0 ZERO,   30 NEG  NORMAL STATISTIC = -4.1666

 |_END

 |_* FINAL STATISTICS: TIME =     0.0310 SEC.   ITER. NO.    30   FUNCT. EVALUATIONS    48
 |_* FINAL LOG-LIKELIHOOD FUNCTION = 176.7086
 |_*       COEFFICIENT    ST. ERROR   T-RATIO
 |_* A1       -1.0466     0.16715E-01 -62.617
 |_* B1        1.0695     0.60486E-02  176.82
 |_* A11     -0.66232E-08 0.18683    -0.35451E-07

 |_*NOTE THAT THE ESTIMATED A11 IS EQUAL TO 0 EXCEPT FOR INCOMPLETE CONVERGENCE. THUS C11 = A11*A11 = 0 AS WELL
 |_*AND ALL SUBSTITUTION ELASTICITIES WILL TURN OUT TO BE 0.
 |_*DURBIN-WATSON = 0.4436    VON NEUMANN RATIO = 0.4511    RHO =  0.73310
 |_*RESIDUAL SUM =  0.14212E-02  RESIDUAL VARIANCE =  0.16196E-03
 |_*SUM OF ABSOLUTE ERRORS=  0.59301
 |_*R-SQUARE BETWEEN OBSERVED AND PREDICTED = 0.9162

 |_* NOTE THAT THE LL FROM CMOD1OUT.TXT WAS 176.7857. THUS THE LL HAS DROPPED 0.85 LL POINTS AS
 |_* A RESULT OF IMPOSING THE CURVATURE CONDITIONS.
 |_*NOTE ALSO, IF CMOD1 DID NOT SATISFY THE CURVATURE CONDITIONS, THIS MODEL
 |_*WILL ESTIMATE A11 EQUAL TO 0 SO THAT ALL PRICE ELASTICITIES WILL TURN OUT
 |_*TO BE 0. IF CMOD1 DID SATISFY THE CURVATURE CONDITIONS, THEN CMOD2 SHOULD
 |_*GENR EXACTLY THE SAME ELASTICITIES (AND THE SAME LL) AS YOU OBTAINED IN CMOD1. THIS PROVIDES
 |_*A CHECK ON BOTH MODELS, CMOD1 AND CMOD2.
 |_*NOTE THAT THE COST OF IMPOSING CURVATURE CONDITIONS IN THIS MODEL WHEN CMOD1 DOES NOT SATISFY THE
 |_*CURVATURE CONDITIONS IS A DROP IN LOG LIKELIHOOD AND A DROP IN THE R SQUARE (FROM 0.9101 IN CMOD1 TO 0.9082 IN CMOD2).

 |_*GENR ELASTICITIES
 |_GENR C11=-A11*A11

 |_GENR A2=-A1

 |_GENR B2=1-B1

 |_GENR C12=-C11

 |_GENR C21=C12

 |_GENR C22=C11

 |_GENR CP1=C11*NP1+C12*NP2

 |_GENR CP2=C21*NP1+C22*NP2

 |_GENR PCP=NP1*CP1+NP2*CP2

 |_*GENR INDIRECT UTILITY U AND FITTED EXPENDITURE,FE:
 |_GENR U=(NY-A1*NP1-A2*NP2)/(B1*NP1+B2*NP2+.5*PCP)

 |_GENR FE=PC1*A1+PC2*A2+(B1*PC1+B2*PC2+.5*PCP*PG)*U

 |_PRINT YEAR U INDEXU FE Y / FORMAT
       YEAR           U              INDEXU         FE             Y
    1959.000       1.912       1.912       1.912       1.912
    1960.000       1.899       1.899       1.970       1.970
    1961.000       1.917       1.916       2.021       2.021
    1962.000       1.915       1.915       2.024       2.024
    1963.000       1.938       1.938       2.098       2.098
    1964.000       1.940       1.940       2.198       2.198
    1965.000       1.946       1.946       2.298       2.298
    1966.000       1.964       1.964       2.408       2.408
    1967.000       1.995       1.994       2.555       2.555
    1968.000       2.041       2.040       2.773       2.773
    1969.000       2.088       2.084       3.014       3.014
    1970.000       2.097       2.093       3.293       3.293
    1971.000       2.112       2.107       3.549       3.549
    1972.000       2.151       2.141       3.911       3.911
    1973.000       2.195       2.179       4.537       4.537
    1974.000       2.246       2.222       5.624       5.624
    1975.000       2.262       2.235       6.544       6.544
    1976.000       2.330       2.289       7.474       7.474
    1977.000       2.341       2.298       8.192       8.192
    1978.000       2.355       2.310       8.906       8.906
    1979.000       2.342       2.299       9.665       9.665
    1980.000       2.354       2.309      10.770      10.770
    1981.000       2.426       2.367      12.229      12.229
    1982.000       2.492       2.419      13.948      13.948
    1983.000       2.514       2.435      15.173      15.173
    1984.000       2.469       2.402      15.684      15.684
    1985.000       2.499       2.425      16.880      16.880
    1986.000       2.490       2.419      17.869      17.869
    1987.000       2.500       2.427      19.131      19.131
    1988.000       2.521       2.444      20.551      20.551
    1989.000       2.526       2.450      22.138      22.138
    1990.000       2.569       2.486      24.042      24.042
    1991.000       2.630       2.534      25.481      25.481
    1992.000       2.664       2.560      26.598      26.598
    1993.000       2.640       2.542      26.533      26.533
    1994.000       2.655       2.554      27.008      27.008
    1995.000       2.691       2.582      28.257      28.257
    1996.000       2.738       2.620      29.558      29.558
    1997.000       2.804       2.671      30.623      30.623
    1998.000       2.902       2.746      32.141      32.141
    1999.000       2.934       2.771      32.888      32.888
    2000.000       2.971       2.800      35.417      35.417
    2001.000       3.042       2.853      37.311      37.311
    2002.000       3.084       2.884      38.871      38.871
    2003.000       3.173       2.949      40.766      40.766
    2004.000       3.219       2.984      42.255      42.255
    2005.000       3.248       3.004      44.084      44.084
    2006.000       3.320       3.057      47.151      47.151
    2007.000       3.381       3.101      49.855      49.855
    2008.000       3.363       3.089      51.354      51.354
    2009.000       3.445       3.145      54.308      54.308
    2010.000       3.489       3.175      56.637      56.637
    2011.000       3.519       3.195      58.499      58.499
    2012.000       3.546       3.213      60.168      60.168
    2013.000       3.598       3.247      62.380      62.380
    2014.000       3.622       3.263      63.303      63.303
    2015.000       3.650       3.282      64.374      64.374
    2016.000       3.673       3.298      65.250      65.250
    2017.000       3.683       3.304      66.214      66.214
    2018.000       3.680       3.302      67.299      67.299

 |_*FE SHOULD COINCIDE WITH Y; THIS PROVIDES ANOTHER CHECK ON OUR COMPUTATIONS.
 |_*NOTE THAT OUR INDEX NUMBER ESTIMATES OF UTILITY, INDEXU, ARE EXACTLY EQUAL TO OUR ECONOMETRIC
 |_*ESTIMATE OF UTILITY AT THE BEGINING OF THE SAMPLE PERIOD BUT THEY GRADUALLY DRIFT APART
 |_*ENDING UP ABOUT 11.14% APART AT THE END OF THE SAMPLE PERIOD.
 |_*NOTE THAT BOTH U AND INDEXU ARE EQUAL TO EXPENDITURE Y IN THE BASE PERIOD.
 |_*GENR FITTED X'S AND EXPENDITURE SHARES:
 |_GENR FX1=A1+(B1+CP1-.5*G1*PCP)*U

 |_GENR FX2=A2+(B2+CP2-.5*G2*PCP)*U

 |_GENR FS1=PY1*FX1

 |_GENR FS2=PY2*FX2

 |_PRINT YEAR S1 FS1 S2 FS2 / FORMAT
       YEAR           S1             FS1            S2             FS2
    1959.000       0.493       0.522       0.507       0.478
    1960.000       0.497       0.520       0.503       0.480
    1961.000       0.488       0.520       0.512       0.480
    1962.000       0.511       0.524       0.489       0.476
    1963.000       0.525       0.526       0.475       0.474
    1964.000       0.532       0.520       0.468       0.480
    1965.000       0.532       0.517       0.468       0.483
    1966.000       0.540       0.517       0.460       0.483
    1967.000       0.544       0.522       0.456       0.478
    1968.000       0.535       0.519       0.465       0.481
    1969.000       0.533       0.521       0.467       0.479
    1970.000       0.527       0.509       0.473       0.491
    1971.000       0.519       0.511       0.481       0.489
    1972.000       0.517       0.511       0.483       0.489
    1973.000       0.522       0.512       0.478       0.488
    1974.000       0.512       0.506       0.488       0.494
    1975.000       0.508       0.511       0.492       0.489
    1976.000       0.517       0.524       0.483       0.476
    1977.000       0.519       0.527       0.481       0.473
    1978.000       0.523       0.534       0.477       0.466
    1979.000       0.533       0.536       0.467       0.464
    1980.000       0.535       0.533       0.465       0.467
    1981.000       0.540       0.540       0.460       0.460
    1982.000       0.528       0.549       0.472       0.451
    1983.000       0.519       0.549       0.481       0.451
    1984.000       0.531       0.548       0.469       0.452
    1985.000       0.550       0.557       0.450       0.443
    1986.000       0.567       0.568       0.433       0.432
    1987.000       0.577       0.572       0.423       0.428
    1988.000       0.589       0.576       0.411       0.424
    1989.000       0.599       0.572       0.401       0.428
    1990.000       0.570       0.571       0.430       0.429
    1991.000       0.559       0.573       0.441       0.427
    1992.000       0.550       0.571       0.450       0.429
    1993.000       0.569       0.575       0.431       0.425
    1994.000       0.589       0.581       0.411       0.419
    1995.000       0.591       0.583       0.409       0.417
    1996.000       0.583       0.581       0.417       0.419
    1997.000       0.594       0.591       0.406       0.409
    1998.000       0.597       0.598       0.403       0.402
    1999.000       0.613       0.606       0.387       0.394
    2000.000       0.606       0.599       0.394       0.401
    2001.000       0.601       0.604       0.399       0.396
    2002.000       0.611       0.609       0.389       0.391
    2003.000       0.615       0.614       0.385       0.386
    2004.000       0.623       0.616       0.377       0.384
    2005.000       0.627       0.616       0.373       0.384
    2006.000       0.628       0.614       0.372       0.386
    2007.000       0.629       0.615       0.371       0.385
    2008.000       0.620       0.610       0.380       0.390
    2009.000       0.611       0.611       0.389       0.389
    2010.000       0.613       0.609       0.387       0.391
    2011.000       0.615       0.611       0.385       0.389
    2012.000       0.613       0.616       0.387       0.384
    2013.000       0.611       0.620       0.389       0.380
    2014.000       0.616       0.626       0.384       0.374
    2015.000       0.621       0.630       0.379       0.370
    2016.000       0.624       0.634       0.376       0.366
    2017.000       0.631       0.636       0.369       0.364
    2018.000       0.633       0.635       0.367       0.365

 |_PRINT YEAR X1 FX1 X2 FX2 / FORMAT
       YEAR           X1             FX1            X2             FX2
    1959.000       0.942       0.999       0.970       0.914
    1960.000       0.942       0.984       0.957       0.915
    1961.000       0.942       1.004       0.974       0.913
    1962.000       0.975       1.001       0.940       0.913
    1963.000       1.024       1.026       0.914       0.912
    1964.000       1.054       1.029       0.887       0.912
    1965.000       1.064       1.035       0.884       0.911
    1966.000       1.099       1.054       0.868       0.910
    1967.000       1.133       1.087       0.865       0.908
    1968.000       1.171       1.136       0.875       0.905
    1969.000       1.216       1.187       0.877       0.901
    1970.000       1.238       1.196       0.868       0.901
    1971.000       1.231       1.212       0.885       0.900
    1972.000       1.268       1.254       0.887       0.897
    1973.000       1.327       1.301       0.875       0.894
    1974.000       1.370       1.356       0.881       0.890
    1975.000       1.367       1.373       0.894       0.889
    1976.000       1.425       1.445       0.898       0.885
    1977.000       1.436       1.457       0.898       0.884
    1978.000       1.442       1.473       0.904       0.883
    1979.000       1.451       1.458       0.889       0.884
    1980.000       1.477       1.471       0.879       0.883
    1981.000       1.547       1.548       0.879       0.878
    1982.000       1.557       1.619       0.914       0.873
    1983.000       1.552       1.642       0.930       0.872
    1984.000       1.547       1.594       0.906       0.875
    1985.000       1.606       1.626       0.886       0.873
    1986.000       1.615       1.616       0.875       0.873
    1987.000       1.641       1.627       0.863       0.873
    1988.000       1.689       1.649       0.843       0.871
    1989.000       1.732       1.655       0.817       0.871
    1990.000       1.701       1.701       0.868       0.868
    1991.000       1.722       1.766       0.893       0.864
    1992.000       1.738       1.803       0.902       0.861
    1993.000       1.759       1.777       0.875       0.863
    1994.000       1.816       1.793       0.847       0.862
    1995.000       1.855       1.831       0.844       0.860
    1996.000       1.890       1.882       0.851       0.856
    1997.000       1.964       1.953       0.845       0.852
    1998.000       2.054       2.057       0.847       0.845
    1999.000       2.117       2.091       0.827       0.843
    2000.000       2.156       2.131       0.825       0.840
    2001.000       2.198       2.207       0.840       0.835
    2002.000       2.260       2.252       0.828       0.832
    2003.000       2.349       2.347       0.825       0.826
    2004.000       2.426       2.397       0.807       0.823
    2005.000       2.471       2.427       0.797       0.821
    2006.000       2.559       2.504       0.788       0.816
    2007.000       2.631       2.570       0.781       0.812
    2008.000       2.592       2.550       0.792       0.813
    2009.000       2.635       2.637       0.808       0.807
    2010.000       2.702       2.685       0.796       0.804
    2011.000       2.734       2.717       0.794       0.802
    2012.000       2.735       2.746       0.805       0.800
    2013.000       2.761       2.801       0.815       0.796
    2014.000       2.785       2.827       0.815       0.795
    2015.000       2.817       2.857       0.812       0.793
    2016.000       2.836       2.882       0.813       0.791
    2017.000       2.871       2.892       0.801       0.791
    2018.000       2.882       2.889       0.794       0.791

 |_*THE SERIES FS1 SHOULD COINCIDE WITH THE PREDICTED VALUES FOR OUR REGRESSION ABOVE.

 |_*GENR HICKSIAN PRICE ELASTICITIES OF DEMAND ECIJ:
 |_*FIRST GENR THE MATRIX OF SECOND ORDER PARTIAL DERIVATIVES OF THE COST FUNCTION
 |_DO #=1,2

 |_DO $=1,2

 |_GENR DC#$=(C#$-G#*CP$-CP#*G$+G#*G$*PCP)*U/PG

 |_ENDO

 |_ENDO
 EXECUTION BEGINNING FOR DO LOOP  # =       1
 EXECUTION BEGINNING FOR DO LOOP  $ =       1
 EXECUTION FINISHED FOR DO LOOP  $=       2
 EXECUTION BEGINNING FOR DO LOOP  $ =       1
 EXECUTION FINISHED FOR DO LOOP  $=       2
 EXECUTION FINISHED FOR DO LOOP  #=       2

 |_*GENR HICKSIAN PRICE ELASTICITIES OF DEMAND
 |_DO #=1,2

 |_DO $=1,2

 |_GENR EC#$=DC#$*PC$/FX#

 |_ENDO

 |_ENDO
 EXECUTION BEGINNING FOR DO LOOP  # =       1
 EXECUTION BEGINNING FOR DO LOOP  $ =       1
 EXECUTION FINISHED FOR DO LOOP  $=       2
 EXECUTION BEGINNING FOR DO LOOP  $ =       1
 EXECUTION FINISHED FOR DO LOOP  $=       2
 EXECUTION FINISHED FOR DO LOOP  #=       2

 |_*GENR CHECKS
 |_GENR CHECK1=EC11+EC12

 |_GENR CHECK2=EC21+EC22

 |_STAT CHECK1 CHECK2
 NAME        N    MEAN        ST. DEV      VARIANCE     MINIMUM      MAXIMUM
 CHECK1       60 -0.51358E-32 0.16094E-31 0.25901E-63 -0.49304E-31  0.24652E-31
 CHECK2       60  0.18489E-32 0.26739E-31 0.71497E-63 -0.73956E-31  0.73956E-31

 |_*EACH CHECK# SHOULD EQUAL 0; THESE CHECKS ARE SATISFIED
 |_*GENR HICKSIAN ELASTICITIES OF DEMAND W.R.T. REAL INCOME OR UTILITY:
 |_DO #=1,2

 |_GENR ECU#=(B#+CP#-.5*G#*PCP)*U/FX#

 |_ENDO
 EXECUTION BEGINNING FOR DO LOOP  # =       1
 EXECUTION FINISHED FOR DO LOOP  #=       2

 |_PRINT YEAR EC11 EC12 EC21 EC22 / FORMAT
       YEAR           EC11           EC12           EC21           EC22
    1959.000      -0.000       0.000       0.000      -0.000
    1960.000      -0.000       0.000       0.000      -0.000
    1961.000      -0.000       0.000       0.000      -0.000
    1962.000      -0.000       0.000       0.000      -0.000
    1963.000      -0.000       0.000       0.000      -0.000
    1964.000      -0.000       0.000       0.000      -0.000
    1965.000      -0.000       0.000       0.000      -0.000
    1966.000      -0.000       0.000       0.000      -0.000
    1967.000      -0.000       0.000       0.000      -0.000
    1968.000      -0.000       0.000       0.000      -0.000
    1969.000      -0.000       0.000       0.000      -0.000
    1970.000      -0.000       0.000       0.000      -0.000
    1971.000      -0.000       0.000       0.000      -0.000
    1972.000      -0.000       0.000       0.000      -0.000
    1973.000      -0.000       0.000       0.000      -0.000
    1974.000      -0.000       0.000       0.000      -0.000
    1975.000      -0.000       0.000       0.000      -0.000
    1976.000      -0.000       0.000       0.000      -0.000
    1977.000      -0.000       0.000       0.000      -0.000
    1978.000      -0.000       0.000       0.000      -0.000
    1979.000      -0.000       0.000       0.000      -0.000
    1980.000      -0.000       0.000       0.000      -0.000
    1981.000      -0.000       0.000       0.000      -0.000
    1982.000      -0.000       0.000       0.000      -0.000
    1983.000      -0.000       0.000       0.000      -0.000
    1984.000      -0.000       0.000       0.000      -0.000
    1985.000      -0.000       0.000       0.000      -0.000
    1986.000      -0.000       0.000       0.000      -0.000
    1987.000      -0.000       0.000       0.000      -0.000
    1988.000      -0.000       0.000       0.000      -0.000
    1989.000      -0.000       0.000       0.000      -0.000
    1990.000      -0.000       0.000       0.000      -0.000
    1991.000      -0.000       0.000       0.000      -0.000
    1992.000      -0.000       0.000       0.000      -0.000
    1993.000      -0.000       0.000       0.000      -0.000
    1994.000      -0.000       0.000       0.000      -0.000
    1995.000      -0.000       0.000       0.000      -0.000
    1996.000      -0.000       0.000       0.000      -0.000
    1997.000      -0.000       0.000       0.000      -0.000
    1998.000      -0.000       0.000       0.000      -0.000
    1999.000      -0.000       0.000       0.000      -0.000
    2000.000      -0.000       0.000       0.000      -0.000
    2001.000      -0.000       0.000       0.000      -0.000
    2002.000      -0.000       0.000       0.000      -0.000
    2003.000      -0.000       0.000       0.000      -0.000
    2004.000      -0.000       0.000       0.000      -0.000
    2005.000      -0.000       0.000       0.000      -0.000
    2006.000      -0.000       0.000       0.000      -0.000
    2007.000      -0.000       0.000       0.000      -0.000
    2008.000      -0.000       0.000       0.000      -0.000
    2009.000      -0.000       0.000       0.000      -0.000
    2010.000      -0.000       0.000       0.000      -0.000
    2011.000      -0.000       0.000       0.000      -0.000
    2012.000      -0.000       0.000       0.000      -0.000
    2013.000      -0.000       0.000       0.000      -0.000
    2014.000      -0.000       0.000       0.000      -0.000
    2015.000      -0.000       0.000       0.000      -0.000
    2016.000      -0.000       0.000       0.000      -0.000
    2017.000      -0.000       0.000       0.000      -0.000
    2018.000      -0.000       0.000       0.000      -0.000

 |_STAT EC11 EC12 EC21 EC22
 NAME        N    MEAN        ST. DEV      VARIANCE     MINIMUM      MAXIMUM
 EC11         60 -0.95724E-16 0.52540E-17 0.27605E-34 -0.10377E-15 -0.83353E-16
 EC12         60  0.95724E-16 0.52540E-17 0.27605E-34  0.83353E-16  0.10377E-15
 EC21         60  0.12801E-15 0.25811E-16 0.66619E-33  0.91040E-16  0.17331E-15
 EC22         60 -0.12801E-15 0.25811E-16 0.66619E-33 -0.17331E-15 -0.91040E-16

 |_* NAME         N    MEAN       ST. DEV      VARIANCE    MINIMUM      MAXIMUM
 |_* EC11         59 -0.11773E-18 0.55860E-20 0.31204E-40 -0.12937E-18 -0.10703E-18
 |_* EC12         59  0.11773E-18 0.55860E-20 0.31204E-40  0.10703E-18  0.12937E-18
 |_* EC21         59  0.17001E-18 0.36504E-19 0.13326E-38  0.11647E-18  0.24275E-18
 |_* EC22         59 -0.17001E-18 0.36504E-19 0.13326E-38 -0.24275E-18 -0.11647E-18
 |_*ALL OF THESE PRICE ELASTICITIES OF DEMAND ARE ZERO. THIS WILL ALWAYS HAPPEN IF CMOD1 DOES NOT SATISFY THE
 |_*CURVATURE CONDITIONS
 |_FORMAT(F8.0,2F10.5)

 |_PRINT YEAR ECU1 ECU2 / FORMAT
       YEAR           ECU1           ECU2
   1959.   2.04788  -0.14554
   1960.   2.06367  -0.14433
   1961.   2.04260  -0.14595
   1962.   2.04505  -0.14576
   1963.   2.01970  -0.14779
   1964.   2.01751  -0.14797
   1965.   2.01160  -0.14846
   1966.   1.99300  -0.15005
   1967.   1.96287  -0.15277
   1968.   1.92107  -0.15686
   1969.   1.88189  -0.16107
   1970.   1.87524  -0.16182
   1971.   1.86363  -0.16317
   1972.   1.83483  -0.16670
   1973.   1.80469  -0.17068
   1974.   1.77194  -0.17540
   1975.   1.76222  -0.17688
   1976.   1.72421  -0.18312
   1977.   1.71839  -0.18413
   1978.   1.71070  -0.18551
   1979.   1.71772  -0.18425
   1980.   1.71160  -0.18535
   1981.   1.67611  -0.19212
   1982.   1.64654  -0.19841
   1983.   1.63748  -0.20046
   1984.   1.65649  -0.19622
   1985.   1.64381  -0.19902
   1986.   1.64753  -0.19819
   1987.   1.64338  -0.19912
   1988.   1.63450  -0.20115
   1989.   1.63223  -0.20168
   1990.   1.61512  -0.20583
   1991.   1.59258  -0.21170
   1992.   1.58051  -0.21506
   1993.   1.58882  -0.21273
   1994.   1.58360  -0.21418
   1995.   1.57145  -0.21769
   1996.   1.55605  -0.22238
   1997.   1.53599  -0.22895
   1998.   1.50885  -0.23880
   1999.   1.50052  -0.24207
   2000.   1.49106  -0.24594
   2001.   1.47425  -0.25327
   2002.   1.46470  -0.25771
   2003.   1.44602  -0.26705
   2004.   1.43668  -0.27207
   2005.   1.43121  -0.27513
   2006.   1.41797  -0.28295
   2007.   1.40728  -0.28970
   2008.   1.41036  -0.28771
   2009.   1.39683  -0.29673
   2010.   1.38978  -0.30173
   2011.   1.38517  -0.30512
   2012.   1.38112  -0.30818
   2013.   1.37361  -0.31408
   2014.   1.37017  -0.31687
   2015.   1.36630  -0.32010
   2016.   1.36315  -0.32280
   2017.   1.36184  -0.32393
   2018.   1.36226  -0.32356

 |_STAT ECU1 ECU2
 NAME        N    MEAN        ST. DEV      VARIANCE     MINIMUM      MAXIMUM
 ECU1         60   1.6447     0.21901     0.47965E-01   1.3618       2.0637
 ECU2         60 -0.21907     0.57447E-01 0.33002E-02 -0.32393     -0.14433

 |_* NAME         N    MEAN       ST. DEV      VARIANCE     MINIMUM      MAXIMUM
 |_* ECU1         59   1.6530     0.20804     0.43283E-01   1.3594       2.0891
 |_* ECU2         59 -0.28043     0.72709E-01 0.52866E-02 -0.43764     -0.18257
 |_*THESE INCOME ELASTICITIES OF DEMAND ARE SIMILAR TO THE ONES WE OBTAINED IN CMOD1
 |_*AGAIN CONSUMPTION IS A NORMAL GOOD (ECU1 IS POSITIVE)
 |_*AND LEISURE IS AN INFERIOR GOOD (ECU2 IS NEGATIVE).
 |_*THIS MODEL IS NOT SATISFACTORY (THE CURVATURE CONDITIONS ARE NOT SATISFIED) SO WE TRY A DIFFERENT STRATEGY IN
 |_*THE FOLLOWING MODEL. WE WILL CONTINUE TO IMPOSE CURVATURE CONDITIONS IN THE SUBSEQUENT MODELS.
 |_STOP

