 Welcome to SHAZAM (Double Precision) v11.1 -  APR 2015 WIN-NT   PAR=112400
 ...NOTE..CURRENT WORKING DIRECTORY IS: C:\Users\jules\Desktop\Diewert_Jules\Nonparametric models

 |_*THIS IS THE FILE E59419\NONPAR6.TXT WHICH CONSTRUCTS NONPARAMETRIC ESTIMATES OF EFFICIENCY FOR
 |_*CANADA FOR THE YEARS 1994-2018. SEE CHAPTER 11 BENCHMARKING FOR THE THEORY
 |_*THIS MODEL CALCULATES THE EFFICIENCY FOR EACH OBS ASSUMING A CONVEX TECHNOLOGY
 |_*WITH CONSTANT RETURNS TO SCALE VARIABLE PROFIT MAXIMIZATION, HOLDING CAPITAL FIXED
 |_*READ IN THE DATA FOR AUSTRALIA FROM E59419\DATOUT.TXT
 |_*IT IS EASY TO RUN THIS PROGRAM; ALL YOU HAVE TO DO IS TO READ IN YOUR DATA AND DO A BIT
 |_*OF EDITING TO REFLECT THE RESULTS FOR YOUR COUNTRY AS OPPOSED TO CANADA
 |_SET NODOECHO

 |_SMPL 1 60

 |_*THE DATA ARE CONSUMPTION, GOVERNMENT, INVESTMENT, EXPORTS, IMPORTS, LABOUR AND CAPITAL SERVICES
 |_READ YEAR P1 P2 P3 P4 P5 P6 PKS
 ...NOTE..    8 VARIABLES AND       60 OBSERVATIONS STARTING AT OBS       1


 |_FORMAT(F8.0,7F11.5)

 |_PRINT YEAR P1 P2 P3 P4 P5 P6 PKS / FORMAT
       YEAR           P1             P2             P3             P4      &
       P5             P6             PKS
   1959.    0.90631    1.00000    1.00000    0.99954    1.07663    1.00000    1.00000
   1960.    0.94399    1.04102    1.00183    0.96131    1.08161    1.03473    0.99843
   1961.    0.95603    1.07282    0.97989    0.96341    1.07283    1.06598    0.96678
   1962.    0.96701    1.08736    0.98943    0.99373    1.08211    1.06044    1.01364
   1963.    0.98289    1.13437    1.01623    1.08268    1.06890    1.10129    1.10340
   1964.    1.01332    1.18644    1.06792    1.04855    1.08602    1.17316    1.09549
   1965.    1.05083    1.22092    1.07729    1.06291    1.10057    1.23677    1.06764
   1966.    1.08264    1.28892    1.11311    1.06383    1.10722    1.30090    1.16782
   1967.    1.12484    1.35119    1.15119    1.04121    1.12992    1.37995    1.18705
   1968.    1.16538    1.40878    1.17224    1.06553    1.13315    1.50922    1.27541
   1969.    1.21677    1.48895    1.28243    1.11948    1.17466    1.66106    1.35034
   1970.    1.29183    1.63468    1.32339    1.08950    1.22490    1.84762    1.31668
   1971.    1.38091    1.79257    1.39391    1.13299    1.35778    2.01961    1.36385
   1972.    1.47314    1.96970    1.46229    1.37081    1.38712    2.22316    1.47417
   1973.    1.64898    2.30216    1.66476    1.64016    1.52128    2.63777    1.59852
   1974.    1.95077    2.90071    1.90562    1.91033    1.96017    3.38900    1.53448
   1975.    2.23476    3.33762    2.18525    2.02365    2.19688    3.94336    1.79440
   1976.    2.50726    3.73796    2.38851    2.25334    2.53080    4.45647    2.08532
   1977.    2.75086    4.04930    2.56403    2.35409    2.86671    4.85301    2.17230
   1978.    2.97563    4.31355    2.67644    2.60374    3.15837    5.17965    2.59071
   1979.    3.24394    4.74107    2.91892    3.18226    3.69507    5.65415    2.81460
   1980.    3.56005    5.31041    3.14967    3.43036    4.01565    6.36204    2.94178
   1981.    3.90980    6.01477    3.45616    3.51612    4.17311    7.25412    3.25157
   1982.    4.31558    6.64285    3.77066    3.78822    4.55411    8.14129    3.26620
   1983.    4.60230    7.03167    3.96983    3.96729    4.67191    8.84243    3.75817
   1984.    4.85683    7.46263    4.14186    4.25457    5.08323    9.33288    3.93607
   1985.    5.23190    7.95661    4.51118    4.46659    5.88355    9.89331    4.29631
   1986.    5.69682    8.42640    4.89667    4.60157    6.38858   10.46696    4.70919
   1987.    6.08654    8.77414    5.13194    4.96449    6.34859   11.15281    5.30402
   1988.    6.51536    9.31343    5.43642    5.28385    5.84453   11.97067    5.81211
   1989.    6.95668    9.88107    5.70624    5.54754    6.09750   12.76681    5.92675
   1990.    7.39550   10.37434    5.74616    5.42830    6.24823   13.81157    5.70909
   1991.    7.68057   10.78970    5.67053    5.25359    6.22721   14.29268    5.94434
   1992.    7.82802   10.97829    5.73901    5.40836    6.64688   14.92097    6.19268
   1993.    7.90396   11.07086    5.81440    5.31665    6.69295   14.86704    6.29127
   1994.    8.00714   11.15714    5.82757    5.38022    6.54539   15.04484    6.50138
   1995.    8.18699   11.37962    5.82298    5.51763    6.47497   15.87896    6.64199
   1996.    8.32370   11.52470    5.72017    5.30233    6.04832   16.88546    6.68257
   1997.    8.48063   11.72522    5.77483    5.48756    6.28750   17.28719    7.00619
   1998.    8.54248   12.09110    5.88506    5.31521    6.39261   18.15573    7.05421
   1999.    8.71517   12.35386    5.93090    5.46351    6.30780   18.43192    7.38883
   2000.    8.86219   12.95245    6.15234    6.13307    6.98403   19.40703    7.26417
   2001.    9.05914   13.26191    6.31262    6.16636    6.94528   20.58987    7.67985
   2002.    9.29872   13.71834    6.38389    5.98871    6.64379   21.19647    7.90116
   2003.    9.45262   14.04170    6.45752    5.72617    5.91150   22.23328    8.30968
   2004.    9.66460   14.62494    6.61186    6.29483    5.91280   23.17486    8.52151
   2005.    9.95437   15.24812    6.78587    7.19299    6.07200   24.16659    8.94951
   2006.   10.36341   15.99453    6.97385    7.64919    6.03088   25.54128    9.41351
   2007.   10.71588   16.72282    7.15171    7.95202    5.92852   27.02829    9.71069
   2008.   11.09277   17.53036    7.37007    9.48366    6.58958   27.85875   10.32228
   2009.   11.35477   18.20536    7.33460    8.05430    5.80293   29.06747   10.03213
   2010.   11.57713   18.96744    7.41213    9.40783    5.62178   30.76927   10.51113
   2011.   11.93112   19.56004    7.40492    9.53947    5.68162   32.04965   10.64578
   2012.   12.21270   19.82026    7.48087    8.62293    5.69573   32.89573   10.19783
   2013.   12.50176   20.14774    7.64627    8.92774    6.14136   33.96291   10.13347
   2014.   12.79281   20.40310    7.81764    8.06737    6.21891   34.45058    9.77819
   2015.   12.94752   20.67183    8.01797    7.43538    6.42004   34.85585    9.50519
   2016.   13.08610   20.83614    8.05568    8.23826    6.22315   35.15085   10.29608
   2017.   13.24949   21.17386    8.15994    8.54262    6.33439   35.51986   10.55688
   2018.   13.46374   21.30174    8.34889    9.61275    6.75329   36.17887   11.02915

 |_GENR P7=PKS

 |_READ YEAR Y1 Y2 Y3 Y4 Y5 Y6 QKS
 ...NOTE..    8 VARIABLES AND       60 OBSERVATIONS STARTING AT OBS       1


 |_FORMAT(F8.0,7F11.3)

 |_PRINT YEAR Y1 Y2 Y3 Y4 Y5 Y6 QKS / FORMAT
       YEAR           Y1             Y2             Y3             Y4      &
       Y5             Y6             QKS
   1959.      9.573      1.843      5.245      2.155     -2.332     -8.708      6.699
   1960.      9.785      1.911      5.813      2.263     -2.624     -9.062      7.022
   1961.     10.030      1.984      5.160      2.569     -2.250     -9.079      7.404
   1962.     10.578      2.066      5.991      2.512     -2.640     -9.672      7.681
   1963.     11.322      2.130      6.418      2.926     -2.936    -10.185      8.047
   1964.     11.889      2.324      7.283      2.918     -3.497    -10.735      8.444
   1965.     12.238      2.557      7.381      2.961     -3.593    -10.996      8.924
   1966.     12.864      2.694      8.039      3.285     -3.653    -11.394      9.397
   1967.     13.502      2.940      8.370      3.443     -4.014    -11.635      9.931
   1968.     14.221      3.034      9.397      3.668     -4.153    -11.732     10.475
   1969.     15.090      3.264      9.489      4.270     -4.499    -11.953     11.130
   1970.     15.675      3.434      9.791      4.683     -4.637    -12.332     11.740
   1971.     16.241      3.581      9.724      5.034     -4.267    -12.592     12.375
   1972.     16.999      3.695      9.672      5.135     -4.321    -12.774     12.962
   1973.     18.066      3.788     11.084      4.824     -5.632    -13.150     13.527
   1974.     18.947      4.125     10.024      5.296     -5.777    -13.265     14.250
   1975.     19.091      4.464     10.079      5.503     -5.494    -13.194     14.839
   1976.     20.108      4.493     10.861      5.897     -6.017    -13.255     15.413
   1977.     20.506      4.627     10.578      6.029     -5.735    -13.418     16.068
   1978.     20.810      4.780     12.357      6.457     -6.197    -13.462     16.646
   1979.     21.181      4.888     12.492      6.914     -6.204    -13.868     17.414
   1980.     21.867      5.110     13.872      6.578     -6.790    -14.237     18.151
   1981.     23.088      5.187     15.180      6.733     -7.576    -14.354     19.027
   1982.     23.644      5.319     12.710      6.768     -6.936    -13.993     20.030
   1983.     23.892      5.566     14.335      7.285     -7.352    -13.902     20.656
   1984.     24.105      5.957     15.922      8.409     -8.575    -14.493     21.442
   1985.     25.351      6.215     16.468      8.728     -8.555    -15.044     22.389
   1986.     25.863      6.426     15.997      9.603     -8.151    -15.477     23.345
   1987.     26.685      6.668     17.689     10.414     -9.065    -15.935     24.156
   1988.     27.921      6.864     20.059     10.522    -11.321    -16.570     25.113
   1989.     29.124      7.046     20.526     11.014    -11.957    -17.354     26.320
   1990.     29.406      7.271     17.506     12.253    -11.274    -16.831     27.518
   1991.     30.092      7.457     16.680     13.412    -11.668    -16.522     28.232
   1992.     30.654      7.646     18.269     14.406    -12.437    -16.480     28.759
   1993.     31.313      7.729     19.478     15.773    -13.370    -17.190     29.426
   1994.     32.698      7.990     22.105     16.469    -15.556    -17.970     30.180
   1995.     33.812      8.325     22.517     18.109    -16.285    -18.250     31.218
   1996.     34.816      8.491     24.188     20.080    -17.896    -18.291     32.233
   1997.     36.539      8.835     26.163     20.999    -19.729    -18.617     33.386
   1998.     38.634      9.235     27.623     21.402    -20.738    -18.776     34.666
   1999.     40.279      9.519     29.327     23.519    -23.237    -19.429     36.052
   2000.     41.560      9.680     26.908     25.551    -23.010    -19.709     37.547
   2001.     42.847      9.978     29.265     25.411    -23.321    -19.602     38.587
   2002.     44.575     10.273     32.642     25.538    -26.398    -20.117     39.859
   2003.     46.821     10.728     36.231     25.867    -29.962    -20.398     41.478
   2004.     48.949     11.076     38.445     26.762    -33.707    -21.063     43.451
   2005.     50.538     11.423     40.534     27.557    -36.449    -21.577     45.562
   2006.     53.288     11.783     42.959     28.698    -40.300    -22.198     47.782
   2007.     55.907     12.139     47.188     29.849    -46.120    -22.814     50.137
   2008.     56.226     12.645     46.842     30.566    -44.540    -23.007     52.899
   2009.     58.055     12.865     47.636     32.002    -47.720    -22.960     55.447
   2010.     60.369     13.302     50.661     32.278    -52.620    -23.593     57.903
   2011.     62.164     13.788     56.177     33.763    -58.598    -24.062     60.618
   2012.     63.264     13.828     57.288     35.554    -58.758    -24.186     63.892
   2013.     64.806     14.041     55.914     37.670    -57.388    -24.273     67.115
   2014.     66.327     14.382     54.564     40.244    -57.941    -24.644     69.934
   2015.     68.153     14.996     52.700     42.998    -57.872    -25.114     72.354
   2016.     69.761     15.746     52.680     45.365    -60.594    -25.496     74.377
   2017.     71.756     16.362     55.091     46.901    -64.613    -26.260     76.287
   2018.     73.262     17.209     55.083     48.506    -65.316    -26.903     78.402

 |_*WE NEED TO KEEP THE CAPITAL QUANTITY DATA POSITIVE FOR THIS MODEL
 |_GENR Y7=QKS

 |_*GENR UNIT CAPITAL PROFITS FOR EACH OBS $ AT THE PRICES OF OBS #
 |_SMPL 1 1

 |_DO #=1,60

 |_DO $=1,60

 |_GENR P#Y$=((P1(#)*Y1($)+P2(#)*Y2($)+P3(#)*Y3($)+P4(#)*Y4($)+P5(#)*Y5($)+P6(#)*Y6($))/Y7($))-P7(#)

 |_ENDO

 |_ENDO
 EXECUTION BEGINNING FOR DO LOOP  # =       1
 EXECUTION BEGINNING FOR DO LOOP  $ =       1
 EXECUTION FINISHED FOR DO LOOP  $=      60
 EXECUTION BEGINNING FOR DO LOOP  $ =       1
 EXECUTION FINISHED FOR DO LOOP  $=      60
 EXECUTION BEGINNING FOR DO LOOP  $ =       1
 EXECUTION FINISHED FOR DO LOOP  $=      60
 EXECUTION BEGINNING FOR DO LOOP  $ =       1
 EXECUTION FINISHED FOR DO LOOP  $=      60
 EXECUTION BEGINNING FOR DO LOOP  $ =       1
 EXECUTION FINISHED FOR DO LOOP  $=      60
 EXECUTION BEGINNING FOR DO LOOP  $ =       1
 EXECUTION FINISHED FOR DO LOOP  $=      60
 EXECUTION BEGINNING FOR DO LOOP  $ =       1
 EXECUTION FINISHED FOR DO LOOP  $=      60
 EXECUTION BEGINNING FOR DO LOOP  $ =       1
 EXECUTION FINISHED FOR DO LOOP  $=      60
 EXECUTION BEGINNING FOR DO LOOP  $ =       1
 EXECUTION FINISHED FOR DO LOOP  $=      60
 EXECUTION BEGINNING FOR DO LOOP  $ =       1
 EXECUTION FINISHED FOR DO LOOP  $=      60
 EXECUTION BEGINNING FOR DO LOOP  $ =       1
 EXECUTION FINISHED FOR DO LOOP  $=      60
 EXECUTION BEGINNING FOR DO LOOP  $ =       1
 EXECUTION FINISHED FOR DO LOOP  $=      60
 EXECUTION BEGINNING FOR DO LOOP  $ =       1
 EXECUTION FINISHED FOR DO LOOP  $=      60
 EXECUTION BEGINNING FOR DO LOOP  $ =       1
 EXECUTION FINISHED FOR DO LOOP  $=      60
 EXECUTION BEGINNING FOR DO LOOP  $ =       1
 EXECUTION FINISHED FOR DO LOOP  $=      60
 EXECUTION BEGINNING FOR DO LOOP  $ =       1
 EXECUTION FINISHED FOR DO LOOP  $=      60
 EXECUTION BEGINNING FOR DO LOOP  $ =       1
 EXECUTION FINISHED FOR DO LOOP  $=      60
 EXECUTION BEGINNING FOR DO LOOP  $ =       1
 EXECUTION FINISHED FOR DO LOOP  $=      60
 EXECUTION BEGINNING FOR DO LOOP  $ =       1
 EXECUTION FINISHED FOR DO LOOP  $=      60
 EXECUTION BEGINNING FOR DO LOOP  $ =       1
 EXECUTION FINISHED FOR DO LOOP  $=      60
 EXECUTION BEGINNING FOR DO LOOP  $ =       1
 EXECUTION FINISHED FOR DO LOOP  $=      60
 EXECUTION BEGINNING FOR DO LOOP  $ =       1
 EXECUTION FINISHED FOR DO LOOP  $=      60
 EXECUTION BEGINNING FOR DO LOOP  $ =       1
 EXECUTION FINISHED FOR DO LOOP  $=      60
 EXECUTION BEGINNING FOR DO LOOP  $ =       1
 EXECUTION FINISHED FOR DO LOOP  $=      60
 EXECUTION BEGINNING FOR DO LOOP  $ =       1
 EXECUTION FINISHED FOR DO LOOP  $=      60
 EXECUTION BEGINNING FOR DO LOOP  $ =       1
 EXECUTION FINISHED FOR DO LOOP  $=      60
 EXECUTION BEGINNING FOR DO LOOP  $ =       1
 EXECUTION FINISHED FOR DO LOOP  $=      60
 EXECUTION BEGINNING FOR DO LOOP  $ =       1
 EXECUTION FINISHED FOR DO LOOP  $=      60
 EXECUTION BEGINNING FOR DO LOOP  $ =       1
 EXECUTION FINISHED FOR DO LOOP  $=      60
 EXECUTION BEGINNING FOR DO LOOP  $ =       1
 EXECUTION FINISHED FOR DO LOOP  $=      60
 EXECUTION BEGINNING FOR DO LOOP  $ =       1
 EXECUTION FINISHED FOR DO LOOP  $=      60
 EXECUTION BEGINNING FOR DO LOOP  $ =       1
 EXECUTION FINISHED FOR DO LOOP  $=      60
 EXECUTION BEGINNING FOR DO LOOP  $ =       1
 EXECUTION FINISHED FOR DO LOOP  $=      60
 EXECUTION BEGINNING FOR DO LOOP  $ =       1
 EXECUTION FINISHED FOR DO LOOP  $=      60
 EXECUTION BEGINNING FOR DO LOOP  $ =       1
 EXECUTION FINISHED FOR DO LOOP  $=      60
 EXECUTION BEGINNING FOR DO LOOP  $ =       1
 EXECUTION FINISHED FOR DO LOOP  $=      60
 EXECUTION BEGINNING FOR DO LOOP  $ =       1
 EXECUTION FINISHED FOR DO LOOP  $=      60
 EXECUTION BEGINNING FOR DO LOOP  $ =       1
 EXECUTION FINISHED FOR DO LOOP  $=      60
 EXECUTION BEGINNING FOR DO LOOP  $ =       1
 EXECUTION FINISHED FOR DO LOOP  $=      60
 EXECUTION BEGINNING FOR DO LOOP  $ =       1
 EXECUTION FINISHED FOR DO LOOP  $=      60
 EXECUTION BEGINNING FOR DO LOOP  $ =       1
 EXECUTION FINISHED FOR DO LOOP  $=      60
 EXECUTION BEGINNING FOR DO LOOP  $ =       1
 EXECUTION FINISHED FOR DO LOOP  $=      60
 EXECUTION BEGINNING FOR DO LOOP  $ =       1
 EXECUTION FINISHED FOR DO LOOP  $=      60
 EXECUTION BEGINNING FOR DO LOOP  $ =       1
 EXECUTION FINISHED FOR DO LOOP  $=      60
 EXECUTION BEGINNING FOR DO LOOP  $ =       1
 EXECUTION FINISHED FOR DO LOOP  $=      60
 EXECUTION BEGINNING FOR DO LOOP  $ =       1
 EXECUTION FINISHED FOR DO LOOP  $=      60
 EXECUTION BEGINNING FOR DO LOOP  $ =       1
 EXECUTION FINISHED FOR DO LOOP  $=      60
 EXECUTION BEGINNING FOR DO LOOP  $ =       1
 EXECUTION FINISHED FOR DO LOOP  $=      60
 EXECUTION BEGINNING FOR DO LOOP  $ =       1
 EXECUTION FINISHED FOR DO LOOP  $=      60
 EXECUTION BEGINNING FOR DO LOOP  $ =       1
 EXECUTION FINISHED FOR DO LOOP  $=      60
 EXECUTION BEGINNING FOR DO LOOP  $ =       1
 EXECUTION FINISHED FOR DO LOOP  $=      60
 EXECUTION BEGINNING FOR DO LOOP  $ =       1
 EXECUTION FINISHED FOR DO LOOP  $=      60
 EXECUTION BEGINNING FOR DO LOOP  $ =       1
 EXECUTION FINISHED FOR DO LOOP  $=      60
 EXECUTION BEGINNING FOR DO LOOP  $ =       1
 EXECUTION FINISHED FOR DO LOOP  $=      60
 EXECUTION BEGINNING FOR DO LOOP  $ =       1
 EXECUTION FINISHED FOR DO LOOP  $=      60
 EXECUTION BEGINNING FOR DO LOOP  $ =       1
 EXECUTION FINISHED FOR DO LOOP  $=      60
 EXECUTION BEGINNING FOR DO LOOP  $ =       1
 EXECUTION FINISHED FOR DO LOOP  $=      60
 EXECUTION BEGINNING FOR DO LOOP  $ =       1
 EXECUTION FINISHED FOR DO LOOP  $=      60
 EXECUTION BEGINNING FOR DO LOOP  $ =       1
 EXECUTION FINISHED FOR DO LOOP  $=      60
 EXECUTION BEGINNING FOR DO LOOP  $ =       1
 EXECUTION FINISHED FOR DO LOOP  $=      60
 EXECUTION FINISHED FOR DO LOOP  #=      60

 |_GENR DUM=0

 |_DO #=1,60

 |_GENR DUM=P#Y1

 |_DO $=2,60

 |_GENR DUM=MAX(DUM,P#Y$)

 |_ENDO

 |_GENR P#MAX=DUM

 |_ENDO
 EXECUTION BEGINNING FOR DO LOOP  # =       1
 EXECUTION BEGINNING FOR DO LOOP  $ =       2
 EXECUTION FINISHED FOR DO LOOP  $=      60
 EXECUTION BEGINNING FOR DO LOOP  $ =       2
 EXECUTION FINISHED FOR DO LOOP  $=      60
 EXECUTION BEGINNING FOR DO LOOP  $ =       2
 EXECUTION FINISHED FOR DO LOOP  $=      60
 EXECUTION BEGINNING FOR DO LOOP  $ =       2
 EXECUTION FINISHED FOR DO LOOP  $=      60
 EXECUTION BEGINNING FOR DO LOOP  $ =       2
 EXECUTION FINISHED FOR DO LOOP  $=      60
 EXECUTION BEGINNING FOR DO LOOP  $ =       2
 EXECUTION FINISHED FOR DO LOOP  $=      60
 EXECUTION BEGINNING FOR DO LOOP  $ =       2
 EXECUTION FINISHED FOR DO LOOP  $=      60
 EXECUTION BEGINNING FOR DO LOOP  $ =       2
 EXECUTION FINISHED FOR DO LOOP  $=      60
 EXECUTION BEGINNING FOR DO LOOP  $ =       2
 EXECUTION FINISHED FOR DO LOOP  $=      60
 EXECUTION BEGINNING FOR DO LOOP  $ =       2
 EXECUTION FINISHED FOR DO LOOP  $=      60
 EXECUTION BEGINNING FOR DO LOOP  $ =       2
 EXECUTION FINISHED FOR DO LOOP  $=      60
 EXECUTION BEGINNING FOR DO LOOP  $ =       2
 EXECUTION FINISHED FOR DO LOOP  $=      60
 EXECUTION BEGINNING FOR DO LOOP  $ =       2
 EXECUTION FINISHED FOR DO LOOP  $=      60
 EXECUTION BEGINNING FOR DO LOOP  $ =       2
 EXECUTION FINISHED FOR DO LOOP  $=      60
 EXECUTION BEGINNING FOR DO LOOP  $ =       2
 EXECUTION FINISHED FOR DO LOOP  $=      60
 EXECUTION BEGINNING FOR DO LOOP  $ =       2
 EXECUTION FINISHED FOR DO LOOP  $=      60
 EXECUTION BEGINNING FOR DO LOOP  $ =       2
 EXECUTION FINISHED FOR DO LOOP  $=      60
 EXECUTION BEGINNING FOR DO LOOP  $ =       2
 EXECUTION FINISHED FOR DO LOOP  $=      60
 EXECUTION BEGINNING FOR DO LOOP  $ =       2
 EXECUTION FINISHED FOR DO LOOP  $=      60
 EXECUTION BEGINNING FOR DO LOOP  $ =       2
 EXECUTION FINISHED FOR DO LOOP  $=      60
 EXECUTION BEGINNING FOR DO LOOP  $ =       2
 EXECUTION FINISHED FOR DO LOOP  $=      60
 EXECUTION BEGINNING FOR DO LOOP  $ =       2
 EXECUTION FINISHED FOR DO LOOP  $=      60
 EXECUTION BEGINNING FOR DO LOOP  $ =       2
 EXECUTION FINISHED FOR DO LOOP  $=      60
 EXECUTION BEGINNING FOR DO LOOP  $ =       2
 EXECUTION FINISHED FOR DO LOOP  $=      60
 EXECUTION BEGINNING FOR DO LOOP  $ =       2
 EXECUTION FINISHED FOR DO LOOP  $=      60
 EXECUTION BEGINNING FOR DO LOOP  $ =       2
 EXECUTION FINISHED FOR DO LOOP  $=      60
 EXECUTION BEGINNING FOR DO LOOP  $ =       2
 EXECUTION FINISHED FOR DO LOOP  $=      60
 EXECUTION BEGINNING FOR DO LOOP  $ =       2
 EXECUTION FINISHED FOR DO LOOP  $=      60
 EXECUTION BEGINNING FOR DO LOOP  $ =       2
 EXECUTION FINISHED FOR DO LOOP  $=      60
 EXECUTION BEGINNING FOR DO LOOP  $ =       2
 EXECUTION FINISHED FOR DO LOOP  $=      60
 EXECUTION BEGINNING FOR DO LOOP  $ =       2
 EXECUTION FINISHED FOR DO LOOP  $=      60
 EXECUTION BEGINNING FOR DO LOOP  $ =       2
 EXECUTION FINISHED FOR DO LOOP  $=      60
 EXECUTION BEGINNING FOR DO LOOP  $ =       2
 EXECUTION FINISHED FOR DO LOOP  $=      60
 EXECUTION BEGINNING FOR DO LOOP  $ =       2
 EXECUTION FINISHED FOR DO LOOP  $=      60
 EXECUTION BEGINNING FOR DO LOOP  $ =       2
 EXECUTION FINISHED FOR DO LOOP  $=      60
 EXECUTION BEGINNING FOR DO LOOP  $ =       2
 EXECUTION FINISHED FOR DO LOOP  $=      60
 EXECUTION BEGINNING FOR DO LOOP  $ =       2
 EXECUTION FINISHED FOR DO LOOP  $=      60
 EXECUTION BEGINNING FOR DO LOOP  $ =       2
 EXECUTION FINISHED FOR DO LOOP  $=      60
 EXECUTION BEGINNING FOR DO LOOP  $ =       2
 EXECUTION FINISHED FOR DO LOOP  $=      60
 EXECUTION BEGINNING FOR DO LOOP  $ =       2
 EXECUTION FINISHED FOR DO LOOP  $=      60
 EXECUTION BEGINNING FOR DO LOOP  $ =       2
 EXECUTION FINISHED FOR DO LOOP  $=      60
 EXECUTION BEGINNING FOR DO LOOP  $ =       2
 EXECUTION FINISHED FOR DO LOOP  $=      60
 EXECUTION BEGINNING FOR DO LOOP  $ =       2
 EXECUTION FINISHED FOR DO LOOP  $=      60
 EXECUTION BEGINNING FOR DO LOOP  $ =       2
 EXECUTION FINISHED FOR DO LOOP  $=      60
 EXECUTION BEGINNING FOR DO LOOP  $ =       2
 EXECUTION FINISHED FOR DO LOOP  $=      60
 EXECUTION BEGINNING FOR DO LOOP  $ =       2
 EXECUTION FINISHED FOR DO LOOP  $=      60
 EXECUTION BEGINNING FOR DO LOOP  $ =       2
 EXECUTION FINISHED FOR DO LOOP  $=      60
 EXECUTION BEGINNING FOR DO LOOP  $ =       2
 EXECUTION FINISHED FOR DO LOOP  $=      60
 EXECUTION BEGINNING FOR DO LOOP  $ =       2
 EXECUTION FINISHED FOR DO LOOP  $=      60
 EXECUTION BEGINNING FOR DO LOOP  $ =       2
 EXECUTION FINISHED FOR DO LOOP  $=      60
 EXECUTION BEGINNING FOR DO LOOP  $ =       2
 EXECUTION FINISHED FOR DO LOOP  $=      60
 EXECUTION BEGINNING FOR DO LOOP  $ =       2
 EXECUTION FINISHED FOR DO LOOP  $=      60
 EXECUTION BEGINNING FOR DO LOOP  $ =       2
 EXECUTION FINISHED FOR DO LOOP  $=      60
 EXECUTION BEGINNING FOR DO LOOP  $ =       2
 EXECUTION FINISHED FOR DO LOOP  $=      60
 EXECUTION BEGINNING FOR DO LOOP  $ =       2
 EXECUTION FINISHED FOR DO LOOP  $=      60
 EXECUTION BEGINNING FOR DO LOOP  $ =       2
 EXECUTION FINISHED FOR DO LOOP  $=      60
 EXECUTION BEGINNING FOR DO LOOP  $ =       2
 EXECUTION FINISHED FOR DO LOOP  $=      60
 EXECUTION BEGINNING FOR DO LOOP  $ =       2
 EXECUTION FINISHED FOR DO LOOP  $=      60
 EXECUTION BEGINNING FOR DO LOOP  $ =       2
 EXECUTION FINISHED FOR DO LOOP  $=      60
 EXECUTION BEGINNING FOR DO LOOP  $ =       2
 EXECUTION FINISHED FOR DO LOOP  $=      60
 EXECUTION FINISHED FOR DO LOOP  #=      60

 |_*NOW GENR EFFICIENCY OF EACH OBSERVATION # IN THE METRIC THAT WE USED IN PREVIOUS PROGRAMS
 |_DO #=1,60

 |_GENR E#=(-P#MAX*Y7(#)+P1(#)*Y1(#)+P2(#)*Y2(#)+P3(#)*Y3(#)+P4(#)*Y4(#)+P5(#)*Y5(#))/(-P6(#)*Y6(#)+P7(#)*Y7(#))

 |_ENDO
 EXECUTION BEGINNING FOR DO LOOP  # =       1
 EXECUTION FINISHED FOR DO LOOP  #=      60

 |_PRINT E1-E25
       E1             E2             E3             E4             E5      &
       E6             E7             E8             E9             E10     &
       E11            E12            E13            E14            E15     &
       E16            E17            E18            E19            E20     &
       E21            E22            E23            E24            E25
   0.7726190      0.7717985      0.7537483      0.7643941      0.7759143
   0.7740133      0.7536310      0.7873312      0.7887878      0.8205666
   0.8209296      0.8138710      0.8219609      0.7994430      0.7743769
   0.7459933      0.7668001      0.7999909      0.8023034      0.8475837
   0.8336282      0.8268424      0.8424204      0.8090348      0.8477369

 |_SMPL 1 60

 |_GENR E=0

 |_DO #=1,60

 |_SMPL # #

 |_GENR E=E#(1)

 |_ENDO
 EXECUTION BEGINNING FOR DO LOOP  # =       1
 EXECUTION FINISHED FOR DO LOOP  #=      60

 |_SMPL 1 60

 |_FORMAT(F8.0,F10.4)

 |_PRINT YEAR E / FORMAT
       YEAR           E
   1959.    0.7726
   1960.    0.7718
   1961.    0.7537
   1962.    0.7644
   1963.    0.7759
   1964.    0.7740
   1965.    0.7536
   1966.    0.7873
   1967.    0.7888
   1968.    0.8206
   1969.    0.8209
   1970.    0.8139
   1971.    0.8220
   1972.    0.7994
   1973.    0.7744
   1974.    0.7460
   1975.    0.7668
   1976.    0.8000
   1977.    0.8023
   1978.    0.8476
   1979.    0.8336
   1980.    0.8268
   1981.    0.8424
   1982.    0.8090
   1983.    0.8477
   1984.    0.8520
   1985.    0.8765
   1986.    0.8831
   1987.    0.8908
   1988.    0.8624
   1989.    0.8437
   1990.    0.8290
   1991.    0.8449
   1992.    0.8827
   1993.    0.8836
   1994.    0.8873
   1995.    0.9005
   1996.    0.9186
   1997.    0.9386
   1998.    0.9630
   1999.    0.9647
   2000.    0.9599
   2001.    0.9893
   2002.    0.9876
   2003.    1.0000
   2004.    0.9897
   2005.    0.9817
   2006.    0.9828
   2007.    0.9844
   2008.    0.9721
   2009.    0.9802
   2010.    0.9734
   2011.    0.9815
   2012.    0.9852
   2013.    0.9867
   2014.    0.9833
   2015.    0.9853
   2016.    0.9885
   2017.    0.9874
   2018.    0.9874

 |_*   YEAR        E
 |_*   1959.    0.7726
 |_*   1960.    0.7718
 |_*   1961.    0.7537
 |_*   1962.    0.7644
 |_*   1963.    0.7759
 |_*   1964.    0.7740
 |_*   1965.    0.7536
 |_*   1966.    0.7873
 |_*   1967.    0.7888
 |_*   1968.    0.8206
 |_*   1969.    0.8209
 |_*   1970.    0.8139
 |_*   1971.    0.8220
 |_*   1972.    0.7994
 |_*   1973.    0.7744
 |_*   1974.    0.7460
 |_*   1975.    0.7668
 |_*   1976.    0.8000
 |_*   1977.    0.8023
 |_*   1978.    0.8476
 |_*   1979.    0.8336
 |_*   1980.    0.8268
 |_*   1981.    0.8424
 |_*   1982.    0.8090
 |_*   1983.    0.8477
 |_*   1984.    0.8520
 |_*   1985.    0.8765
 |_*   1986.    0.8831
 |_*   1987.    0.8908
 |_*   1988.    0.8624
 |_*   1989.    0.8437
 |_*   1990.    0.8290
 |_*   1991.    0.8449
 |_*   1992.    0.8827
 |_*   1993.    0.8836
 |_*   1994.    0.8873
 |_*   1995.    0.9005
 |_*   1996.    0.9186
 |_*   1997.    0.9386
 |_*   1998.    0.9630
 |_*   1999.    0.9647
 |_*   2000.    0.9599
 |_*   2001.    0.9893
 |_*   2002.    0.9876
 |_*   2003.    1.0000
 |_*   2004.    0.9897
 |_*   2005.    0.9817
 |_*   2006.    0.9828
 |_*   2007.    0.9844
 |_*   2008.    0.9721
 |_*   2009.    0.9802
 |_*   2010.    0.9734
 |_*   2011.    0.9815
 |_*   2012.    0.9852
 |_*   2013.    0.9867
 |_*   2014.    0.9833
 |_*   2015.    0.9853
 |_*   2016.    0.9885
 |_*   2017.    0.9874
 |_*   2018.    0.9874
 |_*2003 IS THE ONLY EFFICIENT OBSERVATION. THE RESULTS ARE SIMILAR TO THE RESULTS IN NONPAR5OUT.TXT.
 |_*WE WILL COMPARE THE ABOVE EFFICIENCIES WITH OUR FISHER TFP INDEXES
 |_*CHANGE THE NEGATIVE LABOUR QUANTITY INTO POSITIVE QUANTITIES

 |_GENR X1=-Y6

 |_GENR X2=Y7

 |_GENR W1=P6

 |_GENR W2=P7

 |_INDEX P1 Y1 P2 Y2 P3 Y3 P4 Y4 P5 Y5 / CHAIN FISHER=PY QFISHER=Y

 REQUIRED MEMORY IS PAR=     165 CURRENT PAR=  112400
 BASE PERIOD IS OBSERVATION     1
 ALL INDEXES ARE CHAINED
 FISHER   WILL BE STORED AS VARIABLE: PY
 QFISHER  WILL BE STORED AS VARIABLE: Y
                     PRICE INDEX                          QUANTITY
     DIVISIA PAASCHE LASPEYRES FISHER  DIVISIA    PAASCHE  LASPEYRES    FISHER
   1  1.000  1.000  1.000  1.000   15.41       15.41       15.41       15.41
   2  1.023  1.022  1.023  1.023   16.02       16.03       16.02       16.02
   3  1.028  1.028  1.028  1.028   16.38       16.37       16.38       16.38
   4  1.043  1.043  1.043  1.043   17.30       17.30       17.30       17.30
   5  1.083  1.083  1.082  1.083   18.56       18.55       18.57       18.56
   6  1.118  1.119  1.117  1.118   19.54       19.52       19.56       19.54
   7  1.148  1.149  1.146  1.148   20.15       20.12       20.17       20.15
   8  1.188  1.189  1.186  1.188   21.72       21.70       21.74       21.72
   9  1.227  1.229  1.226  1.227   22.69       22.66       22.71       22.69
  10  1.270  1.271  1.268  1.270   24.47       24.45       24.49       24.47
  11  1.352  1.353  1.352  1.352   25.80       25.78       25.81       25.79
  12  1.416  1.416  1.415  1.416   27.01       27.00       27.02       27.01
  13  1.498  1.500  1.497  1.498   28.24       28.21       28.26       28.24
  14  1.635  1.637  1.634  1.635   29.05       29.03       29.07       29.05
  15  1.876  1.878  1.874  1.876   30.02       29.99       30.05       30.02
  16  2.185  2.189  2.181  2.185   30.58       30.53       30.64       30.58
  17  2.486  2.490  2.482  2.486   31.64       31.59       31.69       31.64
  18  2.753  2.757  2.749  2.753   33.13       33.09       33.18       33.13
  19  2.958  2.963  2.953  2.958   33.81       33.75       33.87       33.81
  20  3.160  3.163  3.156  3.160   35.72       35.67       35.76       35.72
  21  3.470  3.476  3.464  3.470   36.72       36.66       36.78       36.72
  22  3.800  3.806  3.793  3.800   37.89       37.83       37.96       37.89
  23  4.197  4.206  4.188  4.197   39.55       39.47       39.64       39.55
  24  4.611  4.621  4.600  4.611   38.90       38.81       38.99       38.90
  25  4.913  4.923  4.902  4.913   40.82       40.74       40.91       40.82
  26  5.157  5.166  5.147  5.157   42.60       42.52       42.68       42.60
  27  5.459  5.472  5.447  5.459   44.88       44.78       44.99       44.88
  28  5.857  5.868  5.845  5.857   46.43       46.34       46.53       46.43
  29  6.287  6.301  6.272  6.287   48.65       48.54       48.76       48.65
  30  6.886  6.922  6.853  6.887   50.00       49.75       50.24       49.99
  31  7.317  7.355  7.282  7.319   51.60       51.33       51.85       51.59
  32  7.589  7.630  7.551  7.591   51.33       51.06       51.59       51.32
  33  7.749  7.791  7.709  7.750   52.13       51.85       52.40       52.12
  34  7.828  7.869  7.789  7.829   54.17       53.88       54.44       54.16
  35  7.873  7.914  7.835  7.874   55.97       55.69       56.24       55.96
  36  8.003  8.047  7.962  8.004   58.30       57.98       58.60       58.29
  37  8.191  8.237  8.148  8.192   60.69       60.36       61.01       60.68
  38  8.299  8.345  8.256  8.300   63.17       62.82       63.50       63.16
  39  8.423  8.469  8.381  8.425   65.98       65.62       66.31       65.97
  40  8.465  8.511  8.421  8.466   69.16       68.78       69.52       69.15
  41  8.688  8.739  8.641  8.690   71.88       71.46       72.27       71.86
  42  8.948  9.006  8.892  8.949   73.23       72.76       73.69       73.22
  43  9.183  9.243  9.126  9.184   76.22       75.73       76.70       76.21
  44  9.445  9.514  9.379  9.446   78.49       77.92       79.04       78.48
  45  9.780  9.866  9.698  9.782   81.62       80.90       82.30       81.60
  46 10.229 10.322 10.141 10.231   83.92       83.16       84.64       83.90
  47 10.783 10.882 10.690 10.785   86.17       85.39       86.92       86.15
  48 11.377 11.485 11.275 11.380   89.37       88.53       90.18       89.35
  49 11.918 12.038 11.806 11.921   92.59       91.67       93.47       92.56
  50 12.535 12.668 12.409 12.538   94.69       93.70       95.65       94.67
  51 12.675 12.815 12.545 12.679   96.54       95.49       97.54       96.51
  52 13.489 13.640 13.348 13.493   98.94       97.85       99.98       98.91
  53 13.790 13.942 13.648 13.794   102.7       101.6       103.8       102.7
  54 13.723 13.868 13.586 13.727   105.5       104.4       106.5       105.4
  55 13.888 14.041 13.745 13.892   108.3       107.2       109.5       108.3
  56 13.836 13.979 13.701 13.839   110.8       109.7       111.9       110.8
  57 13.721 13.858 13.594 13.725   113.9       112.8       115.0       113.9
  58 14.252 14.400 14.114 14.256   116.6       115.4       117.8       116.6
  59 14.503 14.654 14.362 14.507   119.8       118.6       121.0       119.8
  60 14.931 15.088 14.784 14.935   123.1       121.8       124.3       123.1

 |_INDEX W1 X1 W2 X2 / CHAIN FISHER=PX QFISHER=X

 REQUIRED MEMORY IS PAR=     163 CURRENT PAR=  112400
 BASE PERIOD IS OBSERVATION     1
 ALL INDEXES ARE CHAINED
 FISHER   WILL BE STORED AS VARIABLE: PX
 QFISHER  WILL BE STORED AS VARIABLE: X
                     PRICE INDEX                          QUANTITY
     DIVISIA PAASCHE LASPEYRES FISHER  DIVISIA    PAASCHE  LASPEYRES    FISHER
   1  1.000  1.000  1.000  1.000   15.41       15.41       15.41       15.41
   2  1.019  1.019  1.019  1.019   16.08       16.08       16.08       16.08
   3  1.022  1.022  1.023  1.022   16.47       16.48       16.46       16.47
   4  1.040  1.040  1.041  1.040   17.35       17.36       17.34       17.35
   5  1.103  1.102  1.103  1.103   18.23       18.24       18.21       18.23
   6  1.139  1.139  1.140  1.139   19.17       19.18       19.16       19.17
   7  1.162  1.161  1.163  1.162   19.90       19.91       19.88       19.90
   8  1.243  1.242  1.244  1.243   20.76       20.77       20.74       20.76
   9  1.295  1.293  1.296  1.295   21.51       21.53       21.49       21.51
  10  1.405  1.404  1.407  1.405   22.11       22.13       22.08       22.11
  11  1.521  1.519  1.523  1.521   22.93       22.96       22.91       22.93
  12  1.601  1.599  1.604  1.601   23.88       23.92       23.84       23.88
  13  1.713  1.710  1.716  1.713   24.70       24.74       24.65       24.70
  14  1.872  1.868  1.876  1.872   25.38       25.43       25.33       25.38
  15  2.144  2.139  2.148  2.144   26.27       26.32       26.21       26.27
  16  2.483  2.475  2.492  2.483   26.91       27.00       26.81       26.91
  17  2.894  2.884  2.905  2.894   27.18       27.27       27.08       27.18
  18  3.303  3.292  3.314  3.303   27.62       27.71       27.52       27.62
  19  3.541  3.529  3.554  3.541   28.25       28.34       28.15       28.25
  20  3.936  3.924  3.948  3.936   28.67       28.76       28.58       28.67
  21  4.288  4.275  4.302  4.289   29.71       29.80       29.62       29.71
  22  4.693  4.678  4.708  4.693   30.68       30.78       30.58       30.68
  23  5.289  5.272  5.307  5.290   31.38       31.49       31.28       31.38
  24  5.698  5.674  5.724  5.699   31.47       31.61       31.33       31.47
  25  6.325  6.299  6.351  6.325   31.71       31.84       31.58       31.71
  26  6.656  6.629  6.683  6.656   33.00       33.14       32.87       33.00
  27  7.136  7.107  7.166  7.136   34.34       34.48       34.19       34.34
  28  7.657  7.626  7.688  7.657   35.51       35.66       35.37       35.51
  29  8.347  8.314  8.381  8.347   36.64       36.79       36.49       36.64
  30  9.038  9.002  9.074  9.038   38.10       38.25       37.94       38.10
  31  9.459  9.422  9.498  9.460   39.91       40.07       39.75       39.91
  32  9.760  9.711  9.810  9.760   39.92       40.12       39.71       39.91
  33 10.125 10.075 10.177 10.126   39.90       40.10       39.69       39.89
  34 10.561 10.509 10.615 10.562   40.15       40.35       39.94       40.14
  35 10.609 10.556 10.664 10.610   41.54       41.75       41.33       41.54
  36 10.831 10.776 10.887 10.832   43.08       43.30       42.85       43.08
  37 11.277 11.219 11.336 11.277   44.09       44.31       43.85       44.08
  38 11.720 11.657 11.784 11.720   44.73       44.97       44.49       44.73
  39 12.118 12.054 12.183 12.118   45.86       46.11       45.61       45.86
  40 12.503 12.435 12.573 12.504   46.82       47.08       46.56       46.82
  41 12.862 12.793 12.934 12.863   48.55       48.82       48.28       48.55
  42 13.157 13.083 13.233 13.158   49.80       50.08       49.52       49.80
  43 13.938 13.859 14.019 13.939   50.22       50.50       49.93       50.22
  44 14.345 14.264 14.428 14.346   51.68       51.97       51.38       51.68
  45 15.064 14.979 15.151 15.065   52.99       53.29       52.68       52.98
  46 15.592 15.503 15.682 15.593   55.05       55.37       54.74       55.05
  47 16.309 16.217 16.404 16.310   56.97       57.30       56.65       56.97
  48 17.201 17.103 17.300 17.202   59.11       59.45       58.77       59.11
  49 17.998 17.895 18.104 17.999   61.31       61.66       60.95       61.31
  50 18.811 18.706 18.918 18.812   63.10       63.45       62.75       63.10
  51 19.000 18.886 19.116 19.001   64.40       64.79       64.01       64.40
  52 20.019 19.898 20.142 20.020   66.67       67.07       66.26       66.66
  53 20.587 20.461 20.715 20.588   68.81       69.23       68.38       68.80
  54 20.480 20.347 20.616 20.481   70.66       71.13       70.20       70.66
  55 20.782 20.643 20.925 20.783   72.39       72.88       71.90       72.39
  56 20.613 20.471 20.758 20.614   74.36       74.88       73.84       74.36
  57 20.489 20.347 20.635 20.490   76.29       76.82       75.75       76.29
  58 21.339 21.193 21.488 21.340   77.89       78.42       77.35       77.88
  59 21.709 21.560 21.860 21.709   80.06       80.62       79.51       80.06
  60 22.375 22.222 22.531 22.376   82.15       82.71       81.58       82.14

 |_GENR PROD=Y/X

 |_FORMAT(F8.0,5F12.5)

 |_PRINT YEAR PROD Y X PY PX / FORMAT
       YEAR           PROD           Y              X              PY      &
       PX
   1959.     1.00000    15.40741    15.40740     1.00000     1.00000
   1960.     0.99638    16.02475    16.08289     1.02259     1.01891
   1961.     0.99447    16.37747    16.46851     1.02798     1.02231
   1962.     0.99742    17.30112    17.34595     1.04283     1.04014
   1963.     1.01828    18.55856    18.22538     1.08284     1.10263
   1964.     1.01917    19.54058    19.17303     1.11792     1.13935
   1965.     1.01254    20.14621    19.89668     1.14795     1.16235
   1966.     1.04638    21.71949    20.75687     1.18774     1.24282
   1967.     1.05481    22.68587    21.50707     1.22742     1.29469
   1968.     1.10688    24.46917    22.10646     1.26960     1.40529
   1969.     1.12472    25.79497    22.93458     1.35239     1.52107
   1970.     1.13111    27.01193    23.88084     1.41578     1.60140
   1971.     1.14323    28.23558    24.69799     1.49843     1.71306
   1972.     1.14465    29.04951    25.37840     1.63542     1.87198
   1973.     1.14286    30.01722    26.26508     1.87589     2.14388
   1974.     1.13665    30.58406    26.90725     2.18487     2.48342
   1975.     1.16435    31.64138    27.17516     2.48589     2.89444
   1976.     1.19972    33.13176    27.61615     2.75294     3.30278
   1977.     1.19698    33.80923    28.24537     2.95836     3.54112
   1978.     1.24573    35.71785    28.67230     3.15953     3.93593
   1979.     1.23582    36.71870    29.71191     3.47027     4.28865
   1980.     1.23515    37.89249    30.67837     3.79952     4.69297
   1981.     1.26039    39.55250    31.38115     4.19673     5.28950
   1982.     1.23592    38.89699    31.47220     4.61076     5.69852
   1983.     1.28744    40.82372    31.70928     4.91283     6.32496
   1984.     1.29073    42.59645    33.00188     5.15671     6.65590
   1985.     1.30723    44.88423    34.33534     5.45905     7.13622
   1986.     1.30747    46.43184    35.51287     5.85655     7.65723
   1987.     1.32776    48.64882    36.63968     6.28684     8.34742
   1988.     1.31230    49.99379    38.09640     6.88723     9.03809
   1989.     1.29260    51.58742    39.90987     7.31853     9.45991
   1990.     1.28586    51.32294    39.91324     7.59053     9.76037
   1991.     1.30656    52.12455    39.89442     7.74994    10.12578
   1992.     1.34907    54.15736    40.14429     7.82888    10.56166
   1993.     1.34735    55.96419    41.53646     7.87446    10.60967
   1994.     1.35324    58.29093    43.07513     8.00420    10.83157
   1995.     1.37657    60.68344    44.08322     8.19230    11.27725
   1996.     1.41203    63.15932    44.72944     8.30035    11.72032
   1997.     1.43847    65.96723    45.85938     8.42454    12.11841
   1998.     1.47695    69.15044    46.81970     8.46618    12.50409
   1999.     1.48020    71.86434    48.55040     8.68995    12.86286
   2000.     1.47031    73.22079    49.79948     8.94885    13.15762
   2001.     1.51767    76.21049    50.21542     9.18443    13.93896
   2002.     1.51864    78.47896    51.67708     9.44649    14.34581
   2003.     1.54004    81.59711    52.98370     9.78195    15.06465
   2004.     1.52398    83.89850    55.05237    10.23147    15.59253
   2005.     1.51223    86.15324    56.97096    10.78548    16.31011
   2006.     1.51159    89.34806    59.10854    11.37983    17.20164
   2007.     1.50981    92.56448    61.30858    11.92144    17.99914
   2008.     1.50037    94.67202    63.09892    12.53793    18.81157
   2009.     1.49862    96.50990    64.39924    12.67889    19.00083
   2010.     1.48370    98.90808    66.66306    13.49296    20.01956
   2011.     1.49251   102.69077    68.80396    13.79405    20.58779
   2012.     1.49205   105.42880    70.66037    13.72655    20.48071
   2013.     1.49603   108.29767    72.38990    13.89229    20.78331
   2014.     1.48953   110.75975    74.35888    13.83935    20.61413
   2015.     1.49291   113.88892    76.28647    13.72499    20.49016
   2016.     1.49688   116.58203    77.88332    14.25615    21.33976
   2017.     1.49646   119.80820    80.06128    14.50725    21.70946
   2018.     1.49823   123.07012    82.14358    14.93483    22.37583

 |_*NOTE THAT THE INDEX NUMBER ESTIMATE OF PRODUCTIVITY IS HIGHEST AT OBSERVATION 19 = 2005,
 |_*WHICH CORRESPONDS TO THE MAXIMUM EFFICIENCY OBSERVATION
 |_*NORMALIZE PROD TO BE COMPARABLE WITH E
 |_GENR C=PROD(45)

 |_GENR PROD=PROD/C

 |_FORMAT(F8.0,2F12.5)

 |_PRINT YEAR E PROD / FORMAT
       YEAR           E              PROD
   1959.     0.77262     0.64933
   1960.     0.77180     0.64699
   1961.     0.75375     0.64574
   1962.     0.76439     0.64765
   1963.     0.77591     0.66120
   1964.     0.77401     0.66178
   1965.     0.75363     0.65748
   1966.     0.78733     0.67945
   1967.     0.78879     0.68492
   1968.     0.82057     0.71873
   1969.     0.82093     0.73032
   1970.     0.81387     0.73447
   1971.     0.82196     0.74234
   1972.     0.79944     0.74326
   1973.     0.77438     0.74209
   1974.     0.74599     0.73806
   1975.     0.76680     0.75605
   1976.     0.79999     0.77902
   1977.     0.80230     0.77724
   1978.     0.84758     0.80889
   1979.     0.83363     0.80246
   1980.     0.82684     0.80203
   1981.     0.84242     0.81841
   1982.     0.80903     0.80252
   1983.     0.84774     0.83598
   1984.     0.85197     0.83811
   1985.     0.87648     0.84883
   1986.     0.88314     0.84898
   1987.     0.89083     0.86216
   1988.     0.86241     0.85212
   1989.     0.84365     0.83933
   1990.     0.82898     0.83495
   1991.     0.84494     0.84839
   1992.     0.88267     0.87599
   1993.     0.88363     0.87488
   1994.     0.88734     0.87870
   1995.     0.90053     0.89385
   1996.     0.91857     0.91688
   1997.     0.93856     0.93404
   1998.     0.96300     0.95903
   1999.     0.96472     0.96114
   2000.     0.95991     0.95472
   2001.     0.98934     0.98547
   2002.     0.98756     0.98610
   2003.     1.00000     1.00000
   2004.     0.98969     0.98957
   2005.     0.98169     0.98194
   2006.     0.98278     0.98153
   2007.     0.98444     0.98037
   2008.     0.97214     0.97424
   2009.     0.98019     0.97310
   2010.     0.97344     0.96342
   2011.     0.98147     0.96914
   2012.     0.98522     0.96884
   2013.     0.98671     0.97142
   2014.     0.98334     0.96720
   2015.     0.98526     0.96940
   2016.     0.98848     0.97197
   2017.     0.98739     0.97170
   2018.     0.98738     0.97285

 |_*   YEAR         E          PROD
 |_*   1994.     0.88734     0.87870
 |_*   1995.     0.90053     0.89385
 |_*   1996.     0.91857     0.91688
 |_*   1997.     0.93856     0.93404
 |_*   1998.     0.96300     0.95903
 |_*   1999.     0.96472     0.96114
 |_*   2000.     0.95991     0.95472
 |_*   2001.     0.98934     0.98547
 |_*   2002.     0.98756     0.98610
 |_*   2003.     1.00000     1.00000
 |_*   2004.     0.98969     0.98957
 |_*   2005.     0.98169     0.98194
 |_*   2006.     0.98278     0.98153
 |_*   2007.     0.98444     0.98037
 |_*   2008.     0.97214     0.97424
 |_*   2009.     0.98019     0.97310
 |_*   2010.     0.97344     0.96342
 |_*   2011.     0.98147     0.96914
 |_*   2012.     0.98522     0.96884
 |_*   2013.     0.98671     0.97142
 |_*   2014.     0.98334     0.96720
 |_*   2015.     0.98526     0.96940
 |_*   2016.     0.98848     0.97197
 |_*   2017.     0.98739     0.97170
 |_*   2018.     0.98738     0.97285


 |_*THE NONPARAMETRIC ESTIMATES OF THE EFFICIENCY OF THE AUSTRALIA ECONOMY ARE PRETTY CLOSE TO OUR
 |_*EARLIER INDEX NUMBER ESTIMATES OF THE AUSTRLIAN LEVEL OF TFP (BUT LESS SIMILARITY THAN FOR CANADA)
 |_STAT E PROD
 NAME        N    MEAN        ST. DEV      VARIANCE     MINIMUM      MAXIMUM
 E            60  0.88039     0.85096E-01 0.72413E-02  0.74599       1.0000
 PROD         60  0.84778     0.11575     0.13399E-01  0.64574       1.0000

 |_OLS E PROD / NOCONSTANT LIST

 REQUIRED MEMORY IS PAR=     162 CURRENT PAR=  112400
  OLS ESTIMATION
        60 OBSERVATIONS     DEPENDENT VARIABLE= E
 ...NOTE..SAMPLE RANGE SET TO:      1,     60

  R-SQUARE =   0.7355     R-SQUARE ADJUSTED =   0.7355
 VARIANCE OF THE ESTIMATE-SIGMA**2 =  0.19154E-02
 STANDARD ERROR OF THE ESTIMATE-SIGMA =  0.43765E-01
 SUM OF SQUARED ERRORS-SSE=  0.11301
 MEAN OF DEPENDENT VARIABLE =  0.88039
 LOG OF THE LIKELIHOOD FUNCTION =  103.104
 RAW MOMENT R-SQUARE =   0.9976

 MODEL SELECTION TESTS - SEE JUDGE ET AL. (1985,P.242)
  AKAIKE (1969) FINAL PREDICTION ERROR - FPE =     0.19473E-02
     (FPE IS ALSO KNOWN AS AMEMIYA PREDICTION CRITERION - PC)
  AKAIKE (1973) INFORMATION CRITERION - LOG AIC =  -6.2413
  SCHWARZ (1978) CRITERION - LOG SC =              -6.2064
 MODEL SELECTION TESTS - SEE RAMANATHAN (1998,P.165)
  CRAVEN-WAHBA (1979)
     GENERALIZED CROSS VALIDATION - GCV =          0.19478E-02
  HANNAN AND QUINN (1979) CRITERION =              0.19740E-02
  RICE (1984) CRITERION =                          0.19484E-02
  SHIBATA (1981) CRITERION =                       0.19462E-02
  SCHWARZ (1978) CRITERION - SC =                  0.20164E-02
  AKAIKE (1974) INFORMATION CRITERION - AIC =      0.19473E-02

                      ANALYSIS OF VARIANCE - FROM ZERO
                       SS         DF             MS                 F
 REGRESSION        46.820          1.        46.820             24444.438
 ERROR            0.11301         59.       0.19154E-02           P-VALUE
 TOTAL             46.933         60.       0.78221                 0.000


 VARIABLE   ESTIMATED  STANDARD   T-RATIO        PARTIAL STANDARDIZED ELASTICITY
   NAME    COEFFICIENT   ERROR      59 DF   P-VALUE CORR. COEFFICIENT  AT MEANS
 PROD       1.0325     0.6604E-02   156.3     0.000 0.999     1.4045     0.9943

     OBS.   OBSERVED     PREDICTED   CALCULATED
      NO.    VALUE        VALUE       RESIDUAL
       1   0.77262      0.67047      0.10215                    I           *
       2   0.77180      0.66804      0.10375                    I           *
       3   0.75375      0.66676      0.86986E-01                I         *
       4   0.76439      0.66874      0.95658E-01                I          *
       5   0.77591      0.68273      0.93189E-01                I          *
       6   0.77401      0.68332      0.90692E-01                I         *
       7   0.75363      0.67888      0.74754E-01                I        *
       8   0.78733      0.70156      0.85769E-01                I         *
       9   0.78879      0.70722      0.81571E-01                I        *
      10   0.82057      0.74213      0.78439E-01                I        *
      11   0.82093      0.75409      0.66840E-01                I       *
      12   0.81387      0.75838      0.55495E-01                I     *
      13   0.82196      0.76650      0.55459E-01                I     *
      14   0.79944      0.76746      0.31988E-01                I   *
      15   0.77438      0.76625      0.81274E-02                I*
      16   0.74599      0.76209     -0.16093E-01              * I
      17   0.76680      0.78066     -0.13859E-01              * I
      18   0.79999      0.80438     -0.43866E-02               *I
      19   0.80230      0.80254     -0.23620E-03                *
      20   0.84758      0.83522      0.12363E-01                I*
      21   0.83363      0.82858      0.50469E-02                I*
      22   0.82684      0.82813     -0.12891E-02                *
      23   0.84242      0.84505     -0.26317E-02                *
      24   0.80903      0.82864     -0.19608E-01              * I
      25   0.84774      0.86319     -0.15450E-01              * I
      26   0.85197      0.86539     -0.13426E-01              * I
      27   0.87648      0.87646      0.21887E-04                *
      28   0.88314      0.87661      0.65216E-02                I*
      29   0.89083      0.89022      0.60394E-03                *
      30   0.86241      0.87985     -0.17448E-01              * I
      31   0.84365      0.86665     -0.22996E-01             *  I
      32   0.82898      0.86213     -0.33152E-01            *   I
      33   0.84494      0.87601     -0.31067E-01            *   I
      34   0.88267      0.90451     -0.21834E-01              * I
      35   0.88363      0.90336     -0.19726E-01              * I
      36   0.88734      0.90730     -0.19966E-01              * I
      37   0.90053      0.92294     -0.22414E-01             *  I
      38   0.91857      0.94672     -0.28151E-01             *  I
      39   0.93856      0.96445     -0.25886E-01             *  I
      40   0.96300      0.99025     -0.27250E-01             *  I
      41   0.96472      0.99243     -0.27710E-01             *  I
      42   0.95991      0.98580     -0.25886E-01             *  I
      43   0.98934       1.0176     -0.28209E-01             *  I
      44   0.98756       1.0182     -0.30643E-01            *   I
      45    1.0000       1.0325     -0.32550E-01            *   I
      46   0.98969       1.0218     -0.32091E-01            *   I
      47   0.98169       1.0139     -0.32211E-01            *   I
      48   0.98278       1.0135     -0.30700E-01            *   I
      49   0.98444       1.0123     -0.27843E-01             *  I
      50   0.97214       1.0060     -0.33815E-01            *   I
      51   0.98019       1.0048     -0.24585E-01             *  I
      52   0.97344      0.99478     -0.21331E-01              * I
      53   0.98147       1.0007     -0.19218E-01              * I
      54   0.98522       1.0004     -0.15151E-01              * I
      55   0.98671       1.0030     -0.16332E-01              * I
      56   0.98334      0.99868     -0.15340E-01              * I
      57   0.98526       1.0010     -0.15691E-01              * I
      58   0.98848       1.0036     -0.15127E-01              * I
      59   0.98739       1.0033     -0.15939E-01              * I
      60   0.98738       1.0045     -0.17132E-01              * I

 DURBIN-WATSON = 0.0395    VON NEUMANN RATIO = 0.0402    RHO =  0.93521
 RESIDUAL SUM =  0.30106      RESIDUAL VARIANCE =  0.19154E-02
 SUM OF ABSOLUTE ERRORS=   1.9698
 R-SQUARE BETWEEN OBSERVED AND PREDICTED = 0.9319
 RUNS TEST:    6 RUNS,   20 POS,    0 ZERO,   40 NEG  NORMAL STATISTIC = -6.3613
 COEFFICIENT OF SKEWNESS =   1.2367 WITH STANDARD DEVIATION OF 0.3087
 COEFFICIENT OF EXCESS KURTOSIS =  -0.0160 WITH STANDARD DEVIATION OF 0.6085

      GOODNESS OF FIT TEST FOR NORMALITY OF RESIDUALS -  6 GROUPS
 OBSERVED  0.0  0.0 40.0  7.0  8.0  5.0
 EXPECTED  1.4  8.2 20.5 20.5  8.2  1.4
 CHI-SQUARE =   46.6492 WITH  3 DEGREES OF FREEDOM, P-VALUE= 0.000


 |_*
 |_*THE TWO SETS OF ESTIMATES ARE PRETTY SIMILAR; THE SIMILARITIES ARE ENCOURAGING!
 |_*NOTE ALSO THAT THE REGRESSION ESTIMATED COEFFICIENT WAS DECENTLY, WHICH IS ALSO ENCOURAGING;
 |_*I.E., BOTH APPROACHES ARE GIVING THE SAME ANSWER ON AVERAGE EXCEPT FOR RANDOM FLUCTUATIONS.
 |_*AUSTRALIA'S PRODUCTIVITY PERFORMANCE SINCE 2003 HAS BEEN REALLY BAD. IT IS DIFFICULT TO UNDERSTAND
 |_*WHY IT HAS BEEN SO CONSISTENTLY BAD, SIMILAR TO CANADA.
 |_STOP

