 Welcome to SHAZAM (Double Precision) v11.1 -  APR 2015 WIN-NT   PAR=112400
 ...NOTE..CURRENT WORKING DIRECTORY IS: C:\Users\jules\Desktop\Diewert_Jules\Nonparametric models

 |_*THIS IS THE FILE E59419\NONPAR6.TXT WHICH CONSTRUCTS NONPARAMETRIC ESTIMATES OF EFFICIENCY FOR
 |_*CANADA FOR THE YEARS 1994-2018. SEE CHAPTER 11 BENCHMARKING FOR THE THEORY
 |_*THIS MODEL CALCULATES THE EFFICIENCY FOR EACH OBS ASSUMING A CONVEX TECHNOLOGY
 |_*WITH CONSTANT RETURNS TO SCALE VARIABLE PROFIT MAXIMIZATION, HOLDING CAPITAL FIXED
 |_*READ IN THE DATA FOR AUSTRALIA FROM E59419\DATOUT.TXT
 |_*IT IS EASY TO RUN THIS PROGRAM; ALL YOU HAVE TO DO IS TO READ IN YOUR DATA AND DO A BIT
 |_*OF EDITING TO REFLECT THE RESULTS FOR YOUR COUNTRY AS OPPOSED TO CANADA
 |_SET NODOECHO

 |_SMPL 1 25

 |_*THE DATA ARE CONSUMPTION, GOVERNMENT, INVESTMENT, EXPORTS, IMPORTS, LABOUR AND CAPITAL SERVICES
 |_READ YEAR P1 P2 P3 P4 P5 P6 PKS
 ...NOTE..    8 VARIABLES AND       25 OBSERVATIONS STARTING AT OBS       1


 |_FORMAT(F8.0,7F11.5)

 |_PRINT YEAR P1 P2 P3 P4 P5 P6 PKS / FORMAT
       YEAR           P1             P2             P3             P4      &
       P5             P6             PKS
   1994.    8.00714   11.15714    5.82757    5.38022    6.54539   15.04484    6.50138
   1995.    8.18699   11.37962    5.82298    5.51763    6.47497   15.87896    6.64199
   1996.    8.32370   11.52470    5.72017    5.30233    6.04832   16.88546    6.68257
   1997.    8.48063   11.72522    5.77483    5.48756    6.28750   17.28719    7.00619
   1998.    8.54248   12.09110    5.88506    5.31521    6.39261   18.15573    7.05421
   1999.    8.71517   12.35386    5.93090    5.46351    6.30780   18.43192    7.38883
   2000.    8.86219   12.95245    6.15234    6.13307    6.98403   19.40703    7.26417
   2001.    9.05914   13.26191    6.31262    6.16636    6.94528   20.58987    7.67985
   2002.    9.29872   13.71834    6.38389    5.98871    6.64379   21.19647    7.90116
   2003.    9.45262   14.04170    6.45752    5.72617    5.91150   22.23328    8.30968
   2004.    9.66460   14.62494    6.61186    6.29483    5.91280   23.17486    8.52151
   2005.    9.95437   15.24812    6.78587    7.19299    6.07200   24.16659    8.94951
   2006.   10.36341   15.99453    6.97385    7.64919    6.03088   25.54128    9.41351
   2007.   10.71588   16.72282    7.15171    7.95202    5.92852   27.02829    9.71069
   2008.   11.09277   17.53036    7.37007    9.48366    6.58958   27.85875   10.32228
   2009.   11.35477   18.20536    7.33460    8.05430    5.80293   29.06747   10.03213
   2010.   11.57713   18.96744    7.41213    9.40783    5.62178   30.76927   10.51113
   2011.   11.93112   19.56004    7.40492    9.53947    5.68162   32.04965   10.64578
   2012.   12.21270   19.82026    7.48087    8.62293    5.69573   32.89573   10.19783
   2013.   12.50176   20.14774    7.64627    8.92774    6.14136   33.96291   10.13347
   2014.   12.79281   20.40310    7.81764    8.06737    6.21891   34.45058    9.77819
   2015.   12.94752   20.67183    8.01797    7.43538    6.42004   34.85585    9.50519
   2016.   13.08610   20.83614    8.05568    8.23826    6.22315   35.15085   10.29608
   2017.   13.24949   21.17386    8.15994    8.54262    6.33439   35.51986   10.55688
   2018.   13.46374   21.30174    8.34889    9.61275    6.75329   36.17887   11.02915

 |_GENR P7=PKS

 |_READ YEAR Y1 Y2 Y3 Y4 Y5 Y6 QKS
 ...NOTE..    8 VARIABLES AND       25 OBSERVATIONS STARTING AT OBS       1


 |_FORMAT(F8.0,7F11.3)

 |_PRINT YEAR Y1 Y2 Y3 Y4 Y5 Y6 QKS / FORMAT
       YEAR           Y1             Y2             Y3             Y4      &
       Y5             Y6             QKS
   1994.     32.698      7.990     22.105     16.469    -15.556    -17.970     30.180
   1995.     33.812      8.325     22.517     18.109    -16.285    -18.250     31.218
   1996.     34.816      8.491     24.188     20.080    -17.896    -18.291     32.233
   1997.     36.539      8.835     26.163     20.999    -19.729    -18.617     33.386
   1998.     38.634      9.235     27.623     21.402    -20.738    -18.776     34.666
   1999.     40.279      9.519     29.327     23.519    -23.237    -19.429     36.052
   2000.     41.560      9.680     26.908     25.551    -23.010    -19.709     37.547
   2001.     42.847      9.978     29.265     25.411    -23.321    -19.602     38.587
   2002.     44.575     10.273     32.642     25.538    -26.398    -20.117     39.859
   2003.     46.821     10.728     36.231     25.867    -29.962    -20.398     41.478
   2004.     48.949     11.076     38.445     26.762    -33.707    -21.063     43.451
   2005.     50.538     11.423     40.534     27.557    -36.449    -21.577     45.562
   2006.     53.288     11.783     42.959     28.698    -40.300    -22.198     47.782
   2007.     55.907     12.139     47.188     29.849    -46.120    -22.814     50.137
   2008.     56.226     12.645     46.842     30.566    -44.540    -23.007     52.899
   2009.     58.055     12.865     47.636     32.002    -47.720    -22.960     55.447
   2010.     60.369     13.302     50.661     32.278    -52.620    -23.593     57.903
   2011.     62.164     13.788     56.177     33.763    -58.598    -24.062     60.618
   2012.     63.264     13.828     57.288     35.554    -58.758    -24.186     63.892
   2013.     64.806     14.041     55.914     37.670    -57.388    -24.273     67.115
   2014.     66.327     14.382     54.564     40.244    -57.941    -24.644     69.934
   2015.     68.153     14.996     52.700     42.998    -57.872    -25.114     72.354
   2016.     69.761     15.746     52.680     45.365    -60.594    -25.496     74.377
   2017.     71.756     16.362     55.091     46.901    -64.613    -26.260     76.287
   2018.     73.262     17.209     55.083     48.506    -65.316    -26.903     78.402

 |_*WE NEED TO KEEP THE CAPITAL QUANTITY DATA POSITIVE FOR THIS MODEL
 |_GENR Y7=QKS

 |_*GENR UNIT CAPITAL PROFITS FOR EACH OBS $ AT THE PRICES OF OBS #
 |_SMPL 1 1

 |_DO #=1,25

 |_DO $=1,25

 |_GENR P#Y$=((P1(#)*Y1($)+P2(#)*Y2($)+P3(#)*Y3($)+P4(#)*Y4($)+P5(#)*Y5($)+P6(#)*Y6($))/Y7($))-P7(#)

 |_ENDO

 |_ENDO
 EXECUTION BEGINNING FOR DO LOOP  # =       1
 EXECUTION BEGINNING FOR DO LOOP  $ =       1
 EXECUTION FINISHED FOR DO LOOP  $=      25
 EXECUTION BEGINNING FOR DO LOOP  $ =       1
 EXECUTION FINISHED FOR DO LOOP  $=      25
 EXECUTION BEGINNING FOR DO LOOP  $ =       1
 EXECUTION FINISHED FOR DO LOOP  $=      25
 EXECUTION BEGINNING FOR DO LOOP  $ =       1
 EXECUTION FINISHED FOR DO LOOP  $=      25
 EXECUTION BEGINNING FOR DO LOOP  $ =       1
 EXECUTION FINISHED FOR DO LOOP  $=      25
 EXECUTION BEGINNING FOR DO LOOP  $ =       1
 EXECUTION FINISHED FOR DO LOOP  $=      25
 EXECUTION BEGINNING FOR DO LOOP  $ =       1
 EXECUTION FINISHED FOR DO LOOP  $=      25
 EXECUTION BEGINNING FOR DO LOOP  $ =       1
 EXECUTION FINISHED FOR DO LOOP  $=      25
 EXECUTION BEGINNING FOR DO LOOP  $ =       1
 EXECUTION FINISHED FOR DO LOOP  $=      25
 EXECUTION BEGINNING FOR DO LOOP  $ =       1
 EXECUTION FINISHED FOR DO LOOP  $=      25
 EXECUTION BEGINNING FOR DO LOOP  $ =       1
 EXECUTION FINISHED FOR DO LOOP  $=      25
 EXECUTION BEGINNING FOR DO LOOP  $ =       1
 EXECUTION FINISHED FOR DO LOOP  $=      25
 EXECUTION BEGINNING FOR DO LOOP  $ =       1
 EXECUTION FINISHED FOR DO LOOP  $=      25
 EXECUTION BEGINNING FOR DO LOOP  $ =       1
 EXECUTION FINISHED FOR DO LOOP  $=      25
 EXECUTION BEGINNING FOR DO LOOP  $ =       1
 EXECUTION FINISHED FOR DO LOOP  $=      25
 EXECUTION BEGINNING FOR DO LOOP  $ =       1
 EXECUTION FINISHED FOR DO LOOP  $=      25
 EXECUTION BEGINNING FOR DO LOOP  $ =       1
 EXECUTION FINISHED FOR DO LOOP  $=      25
 EXECUTION BEGINNING FOR DO LOOP  $ =       1
 EXECUTION FINISHED FOR DO LOOP  $=      25
 EXECUTION BEGINNING FOR DO LOOP  $ =       1
 EXECUTION FINISHED FOR DO LOOP  $=      25
 EXECUTION BEGINNING FOR DO LOOP  $ =       1
 EXECUTION FINISHED FOR DO LOOP  $=      25
 EXECUTION BEGINNING FOR DO LOOP  $ =       1
 EXECUTION FINISHED FOR DO LOOP  $=      25
 EXECUTION BEGINNING FOR DO LOOP  $ =       1
 EXECUTION FINISHED FOR DO LOOP  $=      25
 EXECUTION BEGINNING FOR DO LOOP  $ =       1
 EXECUTION FINISHED FOR DO LOOP  $=      25
 EXECUTION BEGINNING FOR DO LOOP  $ =       1
 EXECUTION FINISHED FOR DO LOOP  $=      25
 EXECUTION BEGINNING FOR DO LOOP  $ =       1
 EXECUTION FINISHED FOR DO LOOP  $=      25
 EXECUTION FINISHED FOR DO LOOP  #=      25

 |_GENR DUM=0

 |_DO #=1,25

 |_GENR DUM=P#Y1

 |_DO $=2,25

 |_GENR DUM=MAX(DUM,P#Y$)

 |_ENDO

 |_GENR P#MAX=DUM

 |_ENDO
 EXECUTION BEGINNING FOR DO LOOP  # =       1
 EXECUTION BEGINNING FOR DO LOOP  $ =       2
 EXECUTION FINISHED FOR DO LOOP  $=      25
 EXECUTION BEGINNING FOR DO LOOP  $ =       2
 EXECUTION FINISHED FOR DO LOOP  $=      25
 EXECUTION BEGINNING FOR DO LOOP  $ =       2
 EXECUTION FINISHED FOR DO LOOP  $=      25
 EXECUTION BEGINNING FOR DO LOOP  $ =       2
 EXECUTION FINISHED FOR DO LOOP  $=      25
 EXECUTION BEGINNING FOR DO LOOP  $ =       2
 EXECUTION FINISHED FOR DO LOOP  $=      25
 EXECUTION BEGINNING FOR DO LOOP  $ =       2
 EXECUTION FINISHED FOR DO LOOP  $=      25
 EXECUTION BEGINNING FOR DO LOOP  $ =       2
 EXECUTION FINISHED FOR DO LOOP  $=      25
 EXECUTION BEGINNING FOR DO LOOP  $ =       2
 EXECUTION FINISHED FOR DO LOOP  $=      25
 EXECUTION BEGINNING FOR DO LOOP  $ =       2
 EXECUTION FINISHED FOR DO LOOP  $=      25
 EXECUTION BEGINNING FOR DO LOOP  $ =       2
 EXECUTION FINISHED FOR DO LOOP  $=      25
 EXECUTION BEGINNING FOR DO LOOP  $ =       2
 EXECUTION FINISHED FOR DO LOOP  $=      25
 EXECUTION BEGINNING FOR DO LOOP  $ =       2
 EXECUTION FINISHED FOR DO LOOP  $=      25
 EXECUTION BEGINNING FOR DO LOOP  $ =       2
 EXECUTION FINISHED FOR DO LOOP  $=      25
 EXECUTION BEGINNING FOR DO LOOP  $ =       2
 EXECUTION FINISHED FOR DO LOOP  $=      25
 EXECUTION BEGINNING FOR DO LOOP  $ =       2
 EXECUTION FINISHED FOR DO LOOP  $=      25
 EXECUTION BEGINNING FOR DO LOOP  $ =       2
 EXECUTION FINISHED FOR DO LOOP  $=      25
 EXECUTION BEGINNING FOR DO LOOP  $ =       2
 EXECUTION FINISHED FOR DO LOOP  $=      25
 EXECUTION BEGINNING FOR DO LOOP  $ =       2
 EXECUTION FINISHED FOR DO LOOP  $=      25
 EXECUTION BEGINNING FOR DO LOOP  $ =       2
 EXECUTION FINISHED FOR DO LOOP  $=      25
 EXECUTION BEGINNING FOR DO LOOP  $ =       2
 EXECUTION FINISHED FOR DO LOOP  $=      25
 EXECUTION BEGINNING FOR DO LOOP  $ =       2
 EXECUTION FINISHED FOR DO LOOP  $=      25
 EXECUTION BEGINNING FOR DO LOOP  $ =       2
 EXECUTION FINISHED FOR DO LOOP  $=      25
 EXECUTION BEGINNING FOR DO LOOP  $ =       2
 EXECUTION FINISHED FOR DO LOOP  $=      25
 EXECUTION BEGINNING FOR DO LOOP  $ =       2
 EXECUTION FINISHED FOR DO LOOP  $=      25
 EXECUTION BEGINNING FOR DO LOOP  $ =       2
 EXECUTION FINISHED FOR DO LOOP  $=      25
 EXECUTION FINISHED FOR DO LOOP  #=      25

 |_*NOW GENR EFFICIENCY OF EACH OBSERVATION # IN THE METRIC THAT WE USED IN PREVIOUS PROGRAMS
 |_DO #=1,25

 |_GENR E#=(-P#MAX*Y7(#)+P1(#)*Y1(#)+P2(#)*Y2(#)+P3(#)*Y3(#)+P4(#)*Y4(#)+P5(#)*Y5(#))/(-P6(#)*Y6(#)+P7(#)*Y7(#))

 |_ENDO
 EXECUTION BEGINNING FOR DO LOOP  # =       1
 EXECUTION FINISHED FOR DO LOOP  #=      25

 |_PRINT E1-E25
       E1             E2             E3             E4             E5      &
       E6             E7             E8             E9             E10     &
       E11            E12            E13            E14            E15     &
       E16            E17            E18            E19            E20     &
       E21            E22            E23            E24            E25
   0.8873377      0.9005298      0.9185706      0.9385610      0.9629994
   0.9647186      0.9599128      0.9893420      0.9875584       1.000000
   0.9896868      0.9816923      0.9827760      0.9844389      0.9721389
   0.9801921      0.9734447      0.9814652      0.9852215      0.9867110
   0.9833428      0.9852587      0.9884843      0.9873875      0.9873850

 |_SMPL 1 25

 |_GENR E=0

 |_DO #=1,25

 |_SMPL # #

 |_GENR E=E#(1)

 |_ENDO
 EXECUTION BEGINNING FOR DO LOOP  # =       1
 EXECUTION FINISHED FOR DO LOOP  #=      25

 |_SMPL 1 25

 |_FORMAT(F8.0,F10.4)

 |_PRINT YEAR E / FORMAT
       YEAR           E
   1994.    0.8873
   1995.    0.9005
   1996.    0.9186
   1997.    0.9386
   1998.    0.9630
   1999.    0.9647
   2000.    0.9599
   2001.    0.9893
   2002.    0.9876
   2003.    1.0000
   2004.    0.9897
   2005.    0.9817
   2006.    0.9828
   2007.    0.9844
   2008.    0.9721
   2009.    0.9802
   2010.    0.9734
   2011.    0.9815
   2012.    0.9852
   2013.    0.9867
   2014.    0.9833
   2015.    0.9853
   2016.    0.9885
   2017.    0.9874
   2018.    0.9874

 |_*   YEAR        E
 |_*   1994.    0.8873
 |_*   1995.    0.9005
 |_*   1996.    0.9186
 |_*   1997.    0.9386
 |_*   1998.    0.9630
 |_*   1999.    0.9647
 |_*   2000.    0.9599
 |_*   2001.    0.9893
 |_*   2002.    0.9876
 |_*   2003.    1.0000
 |_*   2004.    0.9897
 |_*   2005.    0.9817
 |_*   2006.    0.9828
 |_*   2007.    0.9844
 |_*   2008.    0.9721
 |_*   2009.    0.9802
 |_*   2010.    0.9734
 |_*   2011.    0.9815
 |_*   2012.    0.9852
 |_*   2013.    0.9867
 |_*   2014.    0.9833
 |_*   2015.    0.9853
 |_*   2016.    0.9885
 |_*   2017.    0.9874
 |_*   2018.    0.9874
 |_*OBSERVATION 17 (2003) IS THE ONLY EFFICIENT OBSERVATION. THE RESULTS ARE SIMILAR TO THE RESULTS IN NONPAR5OUT.TXT.
 |_*WE WILL COMPARE THE ABOVE EFFICIENCIES WITH OUR FISHER TFP INDEXES
 |_*CHANGE THE NEGATIVE LABOUR QUANTITY INTO POSITIVE QUANTITIES
 |_GENR X1=-Y6

 |_GENR X2=Y7

 |_GENR W1=P6

 |_GENR W2=P7

 |_INDEX P1 Y1 P2 Y2 P3 Y3 P4 Y4 P5 Y5 / CHAIN FISHER=PY QFISHER=Y

 REQUIRED MEMORY IS PAR=      36 CURRENT PAR=  112400
 BASE PERIOD IS OBSERVATION     1
 ALL INDEXES ARE CHAINED
 FISHER   WILL BE STORED AS VARIABLE: PY
 QFISHER  WILL BE STORED AS VARIABLE: Y
                     PRICE INDEX                          QUANTITY
     DIVISIA PAASCHE LASPEYRES FISHER  DIVISIA    PAASCHE  LASPEYRES    FISHER
   1  1.000  1.000  1.000  1.000   466.6       466.6       466.6       466.6
   2  1.023  1.024  1.023  1.024   485.7       485.7       485.8       485.7
   3  1.037  1.037  1.037  1.037   505.5       505.5       505.6       505.5
   4  1.053  1.052  1.053  1.053   528.0       528.1       528.0       528.0
   5  1.058  1.058  1.058  1.058   553.5       553.5       553.5       553.5
   6  1.086  1.086  1.085  1.086   575.2       575.0       575.4       575.2
   7  1.118  1.119  1.117  1.118   586.1       585.5       586.7       586.1
   8  1.147  1.149  1.146  1.147   610.0       609.4       610.7       610.0
   9  1.180  1.182  1.178  1.180   628.2       627.0       629.3       628.2
  10  1.222  1.226  1.218  1.222   653.2       651.0       655.3       653.1
  11  1.278  1.283  1.274  1.278   671.6       669.1       673.9       671.5
  12  1.347  1.352  1.343  1.347   689.6       687.1       692.1       689.6
  13  1.422  1.427  1.416  1.422   715.2       712.4       718.0       715.2
  14  1.489  1.496  1.483  1.489   741.0       737.6       744.2       740.9
  15  1.566  1.574  1.559  1.566   757.8       754.0       761.6       757.8
  16  1.584  1.593  1.576  1.584   772.6       768.4       776.6       772.5
  17  1.686  1.695  1.676  1.686   791.8       787.3       796.1       791.7
  18  1.723  1.733  1.714  1.723   822.0       817.6       826.4       822.0
  19  1.715  1.724  1.706  1.715   844.0       839.7       848.1       843.9
  20  1.735  1.745  1.726  1.736   866.9       862.2       871.5       866.8
  21  1.729  1.737  1.721  1.729   886.6       882.3       890.8       886.5
  22  1.715  1.722  1.707  1.715   911.7       907.6       915.6       911.6
  23  1.781  1.790  1.773  1.781   933.2       928.7       937.6       933.1
  24  1.812  1.821  1.804  1.812   959.0       954.4       963.5       959.0
  25  1.866  1.875  1.857  1.866   985.1       980.3       989.9       985.1

 |_INDEX W1 X1 W2 X2 / CHAIN FISHER=PX QFISHER=X

 REQUIRED MEMORY IS PAR=      35 CURRENT PAR=  112400
 BASE PERIOD IS OBSERVATION     1
 ALL INDEXES ARE CHAINED
 FISHER   WILL BE STORED AS VARIABLE: PX
 QFISHER  WILL BE STORED AS VARIABLE: X
                     PRICE INDEX                          QUANTITY
     DIVISIA PAASCHE LASPEYRES FISHER  DIVISIA    PAASCHE  LASPEYRES    FISHER
   1  1.000  1.000  1.000  1.000   466.6       466.6       466.6       466.6
   2  1.041  1.041  1.041  1.041   477.5       477.5       477.5       477.5
   3  1.082  1.082  1.082  1.082   484.5       484.6       484.4       484.5
   4  1.119  1.119  1.119  1.119   496.7       496.8       496.6       496.7
   5  1.154  1.154  1.155  1.154   507.1       507.3       506.9       507.1
   6  1.188  1.187  1.188  1.188   525.9       526.1       525.7       525.9
   7  1.215  1.214  1.215  1.215   539.4       539.7       539.1       539.4
   8  1.287  1.286  1.288  1.287   543.9       544.2       543.6       543.9
   9  1.324  1.324  1.325  1.324   559.7       560.1       559.4       559.7
  10  1.391  1.390  1.392  1.391   573.9       574.2       573.6       573.9
  11  1.440  1.439  1.440  1.440   596.3       596.7       595.9       596.3
  12  1.506  1.505  1.507  1.506   617.1       617.4       616.7       617.1
  13  1.588  1.587  1.589  1.588   640.2       640.6       639.9       640.2
  14  1.662  1.661  1.663  1.662   664.1       664.5       663.6       664.1
  15  1.737  1.736  1.738  1.737   683.5       683.8       683.1       683.5
  16  1.754  1.753  1.756  1.754   697.5       698.2       696.9       697.5
  17  1.848  1.847  1.850  1.848   722.1       722.7       721.4       722.1
  18  1.901  1.899  1.903  1.901   745.3       746.0       744.5       745.3
  19  1.891  1.888  1.894  1.891   765.4       766.5       764.3       765.4
  20  1.919  1.916  1.922  1.919   784.1       785.4       782.8       784.1
  21  1.903  1.900  1.907  1.903   805.4       806.9       804.0       805.4
  22  1.892  1.888  1.895  1.892   826.3       827.9       824.7       826.3
  23  1.970  1.967  1.974  1.970   843.6       845.1       842.1       843.6
  24  2.004  2.001  2.008  2.004   867.2       868.7       865.6       867.2
  25  2.066  2.062  2.069  2.066   889.7       891.3       888.2       889.7

 |_GENR PROD=Y/X

 |_FORMAT(F8.0,5F12.5)

 |_PRINT YEAR PROD Y X PY PX / FORMAT
       YEAR           PROD           Y              X              PY      &
       PX
   1994.     1.00000   466.57204   466.57153     1.00000     1.00000
   1995.     1.01724   485.72216   477.49066     1.02350     1.04115
   1996.     1.04345   505.53958   484.49030     1.03700     1.08205
   1997.     1.06298   528.01459   496.72926     1.05252     1.11880
   1998.     1.09142   553.49363   507.13112     1.05772     1.15441
   1999.     1.09382   575.21626   525.87732     1.08567     1.18753
   2000.     1.08651   586.07356   539.40680     1.11802     1.21475
   2001.     1.12151   610.00371   543.91210     1.14745     1.28688
   2002.     1.12223   628.16092   559.74414     1.18019     1.32444
   2003.     1.13804   653.11926   573.89690     1.22210     1.39081
   2004.     1.12617   671.53997   596.30384     1.27826     1.43954
   2005.     1.11749   689.58739   617.08522     1.34748     1.50579
   2006.     1.11702   715.15939   640.23853     1.42173     1.58810
   2007.     1.11570   740.90420   664.06852     1.48940     1.66173
   2008.     1.10873   757.77334   683.46073     1.56642     1.73673
   2009.     1.10743   772.48414   697.54514     1.58403     1.75421
   2010.     1.09641   791.67964   722.06592     1.68574     1.84826
   2011.     1.10292   821.95700   745.25520     1.72335     1.90072
   2012.     1.10258   843.87276   765.36306     1.71492     1.89083
   2013.     1.10552   866.83578   784.09659     1.73563     1.91877
   2014.     1.10072   886.54269   805.42380     1.72901     1.90315
   2015.     1.10321   911.58923   826.30265     1.71472     1.89171
   2016.     1.10615   933.14539   843.59900     1.78109     1.97014
   2017.     1.10583   958.96831   867.18974     1.81246     2.00428
   2018.     1.10715   985.07732   889.74437     1.86588     2.06580

 |_*NOTE THAT THE INDEX NUMBER ESTIMATE OF PRODUCTIVITY IS HIGHEST AT OBSERVATION 19 = 2005,
 |_*WHICH CORRESPONDS TO THE MAXIMUM EFFICIENCY OBSERVATION
 |_*NORMALIZE PROD TO BE COMPARABLE WITH E
 |_GENR C=PROD(10)

 |_GENR PROD=PROD/C

 |_FORMAT(F8.0,2F12.5)

 |_PRINT YEAR E PROD / FORMAT
       YEAR           E              PROD
   1994.     0.88734     0.87870
   1995.     0.90053     0.89385
   1996.     0.91857     0.91688
   1997.     0.93856     0.93404
   1998.     0.96300     0.95903
   1999.     0.96472     0.96114
   2000.     0.95991     0.95472
   2001.     0.98934     0.98547
   2002.     0.98756     0.98610
   2003.     1.00000     1.00000
   2004.     0.98969     0.98957
   2005.     0.98169     0.98194
   2006.     0.98278     0.98153
   2007.     0.98444     0.98037
   2008.     0.97214     0.97424
   2009.     0.98019     0.97310
   2010.     0.97344     0.96342
   2011.     0.98147     0.96914
   2012.     0.98522     0.96884
   2013.     0.98671     0.97142
   2014.     0.98334     0.96720
   2015.     0.98526     0.96940
   2016.     0.98848     0.97197
   2017.     0.98739     0.97170
   2018.     0.98738     0.97285

 |_*   YEAR         E          PROD
 |_*   1994.     0.88734     0.87870
 |_*   1995.     0.90053     0.89385
 |_*   1996.     0.91857     0.91688
 |_*   1997.     0.93856     0.93404
 |_*   1998.     0.96300     0.95903
 |_*   1999.     0.96472     0.96114
 |_*   2000.     0.95991     0.95472
 |_*   2001.     0.98934     0.98547
 |_*   2002.     0.98756     0.98610
 |_*   2003.     1.00000     1.00000
 |_*   2004.     0.98969     0.98957
 |_*   2005.     0.98169     0.98194
 |_*   2006.     0.98278     0.98153
 |_*   2007.     0.98444     0.98037
 |_*   2008.     0.97214     0.97424
 |_*   2009.     0.98019     0.97310
 |_*   2010.     0.97344     0.96342
 |_*   2011.     0.98147     0.96914
 |_*   2012.     0.98522     0.96884
 |_*   2013.     0.98671     0.97142
 |_*   2014.     0.98334     0.96720
 |_*   2015.     0.98526     0.96940
 |_*   2016.     0.98848     0.97197
 |_*   2017.     0.98739     0.97170
 |_*   2018.     0.98738     0.97285


 |_*THE NONPARAMETRIC ESTIMATES OF THE EFFICIENCY OF THE AUSTRALIA ECONOMY ARE PRETTY CLOSE TO OUR
 |_*EARLIER INDEX NUMBER ESTIMATES OF THE AUSTRLIAN LEVEL OF TFP (BUT LESS SIMILARITY THAN FOR CANADA)
 |_STAT E PROD
 NAME        N    MEAN        ST. DEV      VARIANCE     MINIMUM      MAXIMUM
 E            25  0.97037     0.28915E-01 0.83609E-03  0.88734       1.0000
 PROD         25  0.96307     0.28681E-01 0.82257E-03  0.87870       1.0000

 |_OLS E PROD / NOCONSTANT LIST

 REQUIRED MEMORY IS PAR=      35 CURRENT PAR=  112400
  OLS ESTIMATION
        25 OBSERVATIONS     DEPENDENT VARIABLE= E
 ...NOTE..SAMPLE RANGE SET TO:      1,     25

  R-SQUARE =   0.9523     R-SQUARE ADJUSTED =   0.9523
 VARIANCE OF THE ESTIMATE-SIGMA**2 =  0.39920E-04
 STANDARD ERROR OF THE ESTIMATE-SIGMA =  0.63183E-02
 SUM OF SQUARED ERRORS-SSE=  0.95809E-03
 MEAN OF DEPENDENT VARIABLE =  0.97037
 LOG OF THE LIKELIHOOD FUNCTION =  91.6446
 RAW MOMENT R-SQUARE =   1.0000

 MODEL SELECTION TESTS - SEE JUDGE ET AL. (1985,P.242)
  AKAIKE (1969) FINAL PREDICTION ERROR - FPE =     0.41517E-04
     (FPE IS ALSO KNOWN AS AMEMIYA PREDICTION CRITERION - PC)
  AKAIKE (1973) INFORMATION CRITERION - LOG AIC =  -10.089
  SCHWARZ (1978) CRITERION - LOG SC =              -10.041
 MODEL SELECTION TESTS - SEE RAMANATHAN (1998,P.165)
  CRAVEN-WAHBA (1979)
     GENERALIZED CROSS VALIDATION - GCV =          0.41584E-04
  HANNAN AND QUINN (1979) CRITERION =              0.42081E-04
  RICE (1984) CRITERION =                          0.41656E-04
  SHIBATA (1981) CRITERION =                       0.41389E-04
  SCHWARZ (1978) CRITERION - SC =                  0.43590E-04
  AKAIKE (1974) INFORMATION CRITERION - AIC =      0.41515E-04

                      ANALYSIS OF VARIANCE - FROM ZERO
                       SS         DF             MS                 F
 REGRESSION        23.559          1.        23.559            590158.393
 ERROR            0.95809E-03     24.       0.39920E-04           P-VALUE
 TOTAL             23.560         25.       0.94241                 0.000


 VARIABLE   ESTIMATED  STANDARD   T-RATIO        PARTIAL STANDARDIZED ELASTICITY
   NAME    COEFFICIENT   ERROR      24 DF   P-VALUE CORR. COEFFICIENT  AT MEANS
 PROD       1.0076     0.1312E-02   768.2     0.000 1.000     0.9994     1.0000

     OBS.   OBSERVED     PREDICTED   CALCULATED
      NO.    VALUE        VALUE       RESIDUAL
       1   0.88734      0.88535      0.19917E-02                I *
       2   0.90053      0.90061     -0.77760E-04                *
       3   0.91857      0.92381     -0.52394E-02            *   I
       4   0.93856      0.94111     -0.25455E-02              * I
       5   0.96300      0.96628     -0.32849E-02             *  I
       6   0.96472      0.96841     -0.36914E-02             *  I
       7   0.95991      0.96194     -0.20279E-02              * I
       8   0.98934      0.99292     -0.35828E-02             *  I
       9   0.98756      0.99356     -0.60012E-02           *    I
      10    1.0000       1.0076     -0.75606E-02          *     I
      11   0.98969      0.99705     -0.73630E-02          *     I
      12   0.98169      0.98937     -0.76732E-02          *     I
      13   0.98278      0.98895     -0.61724E-02           *    I
      14   0.98444      0.98778     -0.33446E-02             *  I
      15   0.97214      0.98161     -0.94697E-02         *      I
      16   0.98019      0.98046     -0.26775E-03                *
      17   0.97344      0.97070      0.27443E-02                I *
      18   0.98147      0.97646      0.50003E-02                I   *
      19   0.98522      0.97616      0.90592E-02                I      *
      20   0.98671      0.97877      0.79428E-02                I     *
      21   0.98334      0.97451      0.88295E-02                I      *
      22   0.98526      0.97673      0.85330E-02                I      *
      23   0.98848      0.97932      0.91616E-02                I      *
      24   0.98739      0.97905      0.83424E-02                I      *
      25   0.98738      0.98021      0.71783E-02                I     *

 DURBIN-WATSON = 0.2297    VON NEUMANN RATIO = 0.2393    RHO =  0.90483
 RESIDUAL SUM =  0.48100E-03  RESIDUAL VARIANCE =  0.39920E-04
 SUM OF ABSOLUTE ERRORS=  0.13709
 R-SQUARE BETWEEN OBSERVED AND PREDICTED = 0.9528
 RUNS TEST:    3 RUNS,   10 POS,    0 ZERO,   15 NEG  NORMAL STATISTIC = -4.2640
 COEFFICIENT OF SKEWNESS =   0.2605 WITH STANDARD DEVIATION OF 0.4637
 COEFFICIENT OF EXCESS KURTOSIS =  -1.4304 WITH STANDARD DEVIATION OF 0.9017

      GOODNESS OF FIT TEST FOR NORMALITY OF RESIDUALS -  6 GROUPS
 OBSERVED  0.0  4.0 11.0  3.0  7.0  0.0
 EXPECTED  0.6  3.4  8.5  8.5  3.4  0.6
 CHI-SQUARE =    9.3676 WITH  3 DEGREES OF FREEDOM, P-VALUE= 0.025


 |_*
 |_*THE TWO SETS OF ESTIMATES ARE PRETTY SIMILAR; THE SIMILARITIES ARE ENCOURAGING!
 |_*NOTE ALSO THAT THE REGRESSION ESTIMATED COEFFICIENT WAS DECENTLY, WHICH IS ALSO ENCOURAGING;
 |_*I.E., BOTH APPROACHES ARE GIVING THE SAME ANSWER ON AVERAGE EXCEPT FOR RANDOM FLUCTUATIONS.
 |_*AUSTRALIA'S PRODUCTIVITY PERFORMANCE SINCE 2003 HAS BEEN REALLY BAD. IT IS DIFFICULT TO UNDERSTAND
 |_*WHY IT HAS BEEN SO CONSISTENTLY BAD, SIMILAR TO CANADA.
 |_STOP

