 Welcome to SHAZAM (Double Precision) v11.1 -  APR 2015 WIN-NT   PAR=112400
 ...NOTE..CURRENT WORKING DIRECTORY IS: C:\Users\jules\Desktop\Diewert_Jules\Nonparametric models

 |_*THIS IS THE FILE E59419\NONPAR5.TXT WHICH CONSTRUCTS NONPARAMETRIC ESTIMATES OF EFFICIENCY FOR
 |_*BELGIUM FOR THE YEARS 1994-2018. SEE CHAPTER 11 BENCHMARKING FOR THE THEORY
 |_*THIS MODEL CALCULATES THE EFFICIENCY FOR EACH OBS ASSUMING A CONVEX TECHNOLOGY
 |_*WITH PROFIT MAXIMIZATION
 |_*READ IN THE DATA FOR CANADA FROM E59419\DATOUT.TXT
 |_*IT IS EASY TO RUN THIS PROGRAM; ALL YOU HAVE TO DO IS TO READ IN YOUR DATA AND DO A BIT
 |_*OF EDITING TO REFLECT THE RESULTS FOR YOUR COUNTRY AS OPPOSED TO CANADA
 |_SET NODOECHO

 |_SMPL 1 25

 |_*THE DATA ARE CONSUMPTION, GOVERNMENT, INVESTMENT, EXPORTS, IMPORTS, LABOUR AND CAPITAL SERVICES
 |_READ YEAR P1 P2 P3 P4 P5 P6 PKS
 ...NOTE..    8 VARIABLES AND       25 OBSERVATIONS STARTING AT OBS       1


 |_FORMAT(F8.0,7F11.5)

 |_PRINT YEAR P1 P2 P3 P4 P5 P6 PKS / FORMAT
       YEAR           P1             P2             P3             P4      &
       P5             P6             PKS
   1994.    8.00714   11.15714    5.82757    5.38022    6.54539   15.04484    6.50138
   1995.    8.18699   11.37962    5.82298    5.51763    6.47497   15.87896    6.64199
   1996.    8.32370   11.52470    5.72017    5.30233    6.04832   16.88546    6.68257
   1997.    8.48063   11.72522    5.77483    5.48756    6.28750   17.28719    7.00619
   1998.    8.54248   12.09110    5.88506    5.31521    6.39261   18.15573    7.05421
   1999.    8.71517   12.35386    5.93090    5.46351    6.30780   18.43192    7.38883
   2000.    8.86219   12.95245    6.15234    6.13307    6.98403   19.40703    7.26417
   2001.    9.05914   13.26191    6.31262    6.16636    6.94528   20.58987    7.67985
   2002.    9.29872   13.71834    6.38389    5.98871    6.64379   21.19647    7.90116
   2003.    9.45262   14.04170    6.45752    5.72617    5.91150   22.23328    8.30968
   2004.    9.66460   14.62494    6.61186    6.29483    5.91280   23.17486    8.52151
   2005.    9.95437   15.24812    6.78587    7.19299    6.07200   24.16659    8.94951
   2006.   10.36341   15.99453    6.97385    7.64919    6.03088   25.54128    9.41351
   2007.   10.71588   16.72282    7.15171    7.95202    5.92852   27.02829    9.71069
   2008.   11.09277   17.53036    7.37007    9.48366    6.58958   27.85875   10.32228
   2009.   11.35477   18.20536    7.33460    8.05430    5.80293   29.06747   10.03213
   2010.   11.57713   18.96744    7.41213    9.40783    5.62178   30.76927   10.51113
   2011.   11.93112   19.56004    7.40492    9.53947    5.68162   32.04965   10.64578
   2012.   12.21270   19.82026    7.48087    8.62293    5.69573   32.89573   10.19783
   2013.   12.50176   20.14774    7.64627    8.92774    6.14136   33.96291   10.13347
   2014.   12.79281   20.40310    7.81764    8.06737    6.21891   34.45058    9.77819
   2015.   12.94752   20.67183    8.01797    7.43538    6.42004   34.85585    9.50519
   2016.   13.08610   20.83614    8.05568    8.23826    6.22315   35.15085   10.29608
   2017.   13.24949   21.17386    8.15994    8.54262    6.33439   35.51986   10.55688
   2018.   13.46374   21.30174    8.34889    9.61275    6.75329   36.17887   11.02915

 |_GENR P7=PKS

 |_READ YEAR Y1 Y2 Y3 Y4 Y5 Y6 QKS
 ...NOTE..    8 VARIABLES AND       25 OBSERVATIONS STARTING AT OBS       1


 |_FORMAT(F8.0,7F11.3)

 |_PRINT YEAR Y1 Y2 Y3 Y4 Y5 Y6 QKS / FORMAT
       YEAR           Y1             Y2             Y3             Y4      &
       Y5             Y6             QKS
   1994.     32.698      7.990     22.105     16.469    -15.556    -17.970     30.180
   1995.     33.812      8.325     22.517     18.109    -16.285    -18.250     31.218
   1996.     34.816      8.491     24.188     20.080    -17.896    -18.291     32.233
   1997.     36.539      8.835     26.163     20.999    -19.729    -18.617     33.386
   1998.     38.634      9.235     27.623     21.402    -20.738    -18.776     34.666
   1999.     40.279      9.519     29.327     23.519    -23.237    -19.429     36.052
   2000.     41.560      9.680     26.908     25.551    -23.010    -19.709     37.547
   2001.     42.847      9.978     29.265     25.411    -23.321    -19.602     38.587
   2002.     44.575     10.273     32.642     25.538    -26.398    -20.117     39.859
   2003.     46.821     10.728     36.231     25.867    -29.962    -20.398     41.478
   2004.     48.949     11.076     38.445     26.762    -33.707    -21.063     43.451
   2005.     50.538     11.423     40.534     27.557    -36.449    -21.577     45.562
   2006.     53.288     11.783     42.959     28.698    -40.300    -22.198     47.782
   2007.     55.907     12.139     47.188     29.849    -46.120    -22.814     50.137
   2008.     56.226     12.645     46.842     30.566    -44.540    -23.007     52.899
   2009.     58.055     12.865     47.636     32.002    -47.720    -22.960     55.447
   2010.     60.369     13.302     50.661     32.278    -52.620    -23.593     57.903
   2011.     62.164     13.788     56.177     33.763    -58.598    -24.062     60.618
   2012.     63.264     13.828     57.288     35.554    -58.758    -24.186     63.892
   2013.     64.806     14.041     55.914     37.670    -57.388    -24.273     67.115
   2014.     66.327     14.382     54.564     40.244    -57.941    -24.644     69.934
   2015.     68.153     14.996     52.700     42.998    -57.872    -25.114     72.354
   2016.     69.761     15.746     52.680     45.365    -60.594    -25.496     74.377
   2017.     71.756     16.362     55.091     46.901    -64.613    -26.260     76.287
   2018.     73.262     17.209     55.083     48.506    -65.316    -26.903     78.402

 |_*WE NEED TO MAKE THE CAPITAL QUANTITY DATA NEGATIVE
 |_GENR Y7=-QKS

 |_FORMAT(F8.0,7F12.4)

 |_PRINT YEAR Y1 Y2 Y3 Y4 Y5 Y6 Y7/ FORMAT
       YEAR           Y1             Y2             Y3             Y4      &
       Y5             Y6             Y7
   1994.     32.6984      7.9898     22.1053     16.4686    -15.5555    -17.9701    -30.1804
   1995.     33.8116      8.3246     22.5168     18.1089    -16.2846    -18.2498    -31.2180
   1996.     34.8164      8.4906     24.1881     20.0799    -17.8957    -18.2907    -32.2326
   1997.     36.5395      8.8349     26.1632     20.9993    -19.7294    -18.6170    -33.3858
   1998.     38.6338      9.2351     27.6235     21.4016    -20.7382    -18.7763    -34.6659
   1999.     40.2787      9.5194     29.3274     23.5186    -23.2366    -19.4291    -36.0519
   2000.     41.5597      9.6802     26.9081     25.5510    -23.0102    -19.7092    -37.5467
   2001.     42.8471      9.9780     29.2652     25.4109    -23.3206    -19.6024    -38.5867
   2002.     44.5745     10.2733     32.6416     25.5375    -26.3983    -20.1173    -39.8592
   2003.     46.8206     10.7282     36.2308     25.8668    -29.9618    -20.3979    -41.4780
   2004.     48.9486     11.0758     38.4453     26.7617    -33.7069    -21.0632    -43.4511
   2005.     50.5377     11.4227     40.5341     27.5567    -36.4486    -21.5771    -45.5620
   2006.     53.2877     11.7827     42.9589     28.6981    -40.2995    -22.1979    -47.7825
   2007.     55.9073     12.1391     47.1876     29.8485    -46.1198    -22.8144    -50.1373
   2008.     56.2261     12.6454     46.8421     30.5664    -44.5403    -23.0073    -52.8987
   2009.     58.0553     12.8646     47.6358     32.0023    -47.7201    -22.9598    -55.4474
   2010.     60.3689     13.3023     50.6611     32.2776    -52.6195    -23.5929    -57.9033
   2011.     62.1638     13.7881     56.1773     33.7633    -58.5977    -24.0624    -60.6184
   2012.     63.2636     13.8284     57.2881     35.5539    -58.7584    -24.1859    -63.8922
   2013.     64.8063     14.0412     55.9145     37.6704    -57.3875    -24.2735    -67.1145
   2014.     66.3271     14.3820     54.5639     40.2439    -57.9407    -24.6444    -69.9342
   2015.     68.1531     14.9960     52.7001     42.9985    -57.8722    -25.1144    -72.3540
   2016.     69.7614     15.7463     52.6797     45.3650    -60.5939    -25.4963    -74.3773
   2017.     71.7556     16.3624     55.0908     46.9006    -64.6131    -26.2596    -76.2867
   2018.     73.2624     17.2095     55.0827     48.5057    -65.3162    -26.9031    -78.4020

 |_*GENR PROFITS FOR EACH PERIOD
 |_GENR PROF=P1*Y1+P2*Y2+P3*Y3+P4*Y4+P5*Y5+P6*Y6+P7*Y7

 |_*GENR VALUE OF NET OUTPUTS FOR GDP
 |_GENR VY=P1*Y1+P2*Y2+P3*Y3+P4*Y4+P5*Y5

 |_*GENR VALUE OF INPUTS
 |_GENR VX=-(P6*Y6+P7*Y7)

 |_FORMAT(F8.0,3F12.5)

 |_PRINT YEAR PROF VY VX / FORMAT
       YEAR           PROF           VY             VX
   1994.     0.00052   466.57204   466.57153
   1995.    -0.00068   497.13681   497.13749
   1996.     0.00078   524.24427   524.24349
   1997.     0.00060   555.74347   555.74287
   1998.     0.00174   585.43971   585.43797
   1999.     0.00023   624.49721   624.49698
   2000.    -0.00046   655.24219   655.24265
   2001.    -0.00097   699.94996   699.95094
   2002.     0.00106   741.35072   741.34966
   2003.    -0.00199   798.17913   798.18113
   2004.    -0.00101   858.40468   858.40569
   2005.     0.00146   929.20397   929.20250
   2006.     0.00191  1016.76573  1016.76382
   2007.    -0.00035  1103.50165  1103.50200
   2008.     0.00083  1186.99064  1186.98981
   2009.    -0.00031  1223.63852  1223.63882
   2010.    -0.00266  1334.56276  1334.56542
   2011.     0.00043  1416.52208  1416.52165
   2012.    -0.00114  1447.17349  1447.17463
   2013.     0.00139  1504.50286  1504.50147
   2014.    -0.00104  1532.84273  1532.84377
   2015.     0.00228  1563.12456  1563.12228
   2016.     0.00006  1662.01131  1662.01125
   2017.     0.00047  1738.08732  1738.08685
   2018.     0.00035  1838.03153  1838.03118

 |_*PROFITS SHOULD BE 0 FOR ALL OBSERVATIONS BECAUSE WE SET THE R TO MAKE THE VALUE OF INPUTS EQUAL TO THE VALUE OF OUTPUTS.
 |_*THEY ARE NOT QUITE EQUAL TO ZERO DUE TO ROUNDING ERRORS
 |_***
 |_*THE LP FOR THIS MODEL HAS ONLY ONE CONSTRAINT AND SO WE DO NOT HAVE TO USE THE SIMPLEX ALGORITHM TO SOLVE
 |_*THE LP's ASSOCIATED WITH THIS EFFICIENCY MODEL.
 |_*PRINT OUT THE PROFITS IF WE FACE THE PRICES OF PERIOD # BUT USE THE OUTPUTS AND INPUTS OF ALL PERIODS $
 |_SMPL 1 1

 |_DO #=1,25

 |_DO $=1,25

 |_GENR P#Y$=P1(#)*Y1($)+P2(#)*Y2($)+P3(#)*Y3($)+P4(#)*Y4($)+P5(#)*Y5($)+P6(#)*Y6($)+P7(#)*Y7($)

 |_ENDO

 |_ENDO
 EXECUTION BEGINNING FOR DO LOOP  # =       1
 EXECUTION BEGINNING FOR DO LOOP  $ =       1
 EXECUTION FINISHED FOR DO LOOP  $=      25
 EXECUTION BEGINNING FOR DO LOOP  $ =       1
 EXECUTION FINISHED FOR DO LOOP  $=      25
 EXECUTION BEGINNING FOR DO LOOP  $ =       1
 EXECUTION FINISHED FOR DO LOOP  $=      25
 EXECUTION BEGINNING FOR DO LOOP  $ =       1
 EXECUTION FINISHED FOR DO LOOP  $=      25
 EXECUTION BEGINNING FOR DO LOOP  $ =       1
 EXECUTION FINISHED FOR DO LOOP  $=      25
 EXECUTION BEGINNING FOR DO LOOP  $ =       1
 EXECUTION FINISHED FOR DO LOOP  $=      25
 EXECUTION BEGINNING FOR DO LOOP  $ =       1
 EXECUTION FINISHED FOR DO LOOP  $=      25
 EXECUTION BEGINNING FOR DO LOOP  $ =       1
 EXECUTION FINISHED FOR DO LOOP  $=      25
 EXECUTION BEGINNING FOR DO LOOP  $ =       1
 EXECUTION FINISHED FOR DO LOOP  $=      25
 EXECUTION BEGINNING FOR DO LOOP  $ =       1
 EXECUTION FINISHED FOR DO LOOP  $=      25
 EXECUTION BEGINNING FOR DO LOOP  $ =       1
 EXECUTION FINISHED FOR DO LOOP  $=      25
 EXECUTION BEGINNING FOR DO LOOP  $ =       1
 EXECUTION FINISHED FOR DO LOOP  $=      25
 EXECUTION BEGINNING FOR DO LOOP  $ =       1
 EXECUTION FINISHED FOR DO LOOP  $=      25
 EXECUTION BEGINNING FOR DO LOOP  $ =       1
 EXECUTION FINISHED FOR DO LOOP  $=      25
 EXECUTION BEGINNING FOR DO LOOP  $ =       1
 EXECUTION FINISHED FOR DO LOOP  $=      25
 EXECUTION BEGINNING FOR DO LOOP  $ =       1
 EXECUTION FINISHED FOR DO LOOP  $=      25
 EXECUTION BEGINNING FOR DO LOOP  $ =       1
 EXECUTION FINISHED FOR DO LOOP  $=      25
 EXECUTION BEGINNING FOR DO LOOP  $ =       1
 EXECUTION FINISHED FOR DO LOOP  $=      25
 EXECUTION BEGINNING FOR DO LOOP  $ =       1
 EXECUTION FINISHED FOR DO LOOP  $=      25
 EXECUTION BEGINNING FOR DO LOOP  $ =       1
 EXECUTION FINISHED FOR DO LOOP  $=      25
 EXECUTION BEGINNING FOR DO LOOP  $ =       1
 EXECUTION FINISHED FOR DO LOOP  $=      25
 EXECUTION BEGINNING FOR DO LOOP  $ =       1
 EXECUTION FINISHED FOR DO LOOP  $=      25
 EXECUTION BEGINNING FOR DO LOOP  $ =       1
 EXECUTION FINISHED FOR DO LOOP  $=      25
 EXECUTION BEGINNING FOR DO LOOP  $ =       1
 EXECUTION FINISHED FOR DO LOOP  $=      25
 EXECUTION BEGINNING FOR DO LOOP  $ =       1
 EXECUTION FINISHED FOR DO LOOP  $=      25
 EXECUTION FINISHED FOR DO LOOP  #=      25

 |_GENR DUM=0

 |_DO #=1,25

 |_GENR DUM=P#Y1

 |_DO $=2,25

 |_GENR DUM=MAX(DUM,P#Y$)

 |_ENDO

 |_GENR P#MAX=DUM

 |_ENDO
 EXECUTION BEGINNING FOR DO LOOP  # =       1
 EXECUTION BEGINNING FOR DO LOOP  $ =       2
 EXECUTION FINISHED FOR DO LOOP  $=      25
 EXECUTION BEGINNING FOR DO LOOP  $ =       2
 EXECUTION FINISHED FOR DO LOOP  $=      25
 EXECUTION BEGINNING FOR DO LOOP  $ =       2
 EXECUTION FINISHED FOR DO LOOP  $=      25
 EXECUTION BEGINNING FOR DO LOOP  $ =       2
 EXECUTION FINISHED FOR DO LOOP  $=      25
 EXECUTION BEGINNING FOR DO LOOP  $ =       2
 EXECUTION FINISHED FOR DO LOOP  $=      25
 EXECUTION BEGINNING FOR DO LOOP  $ =       2
 EXECUTION FINISHED FOR DO LOOP  $=      25
 EXECUTION BEGINNING FOR DO LOOP  $ =       2
 EXECUTION FINISHED FOR DO LOOP  $=      25
 EXECUTION BEGINNING FOR DO LOOP  $ =       2
 EXECUTION FINISHED FOR DO LOOP  $=      25
 EXECUTION BEGINNING FOR DO LOOP  $ =       2
 EXECUTION FINISHED FOR DO LOOP  $=      25
 EXECUTION BEGINNING FOR DO LOOP  $ =       2
 EXECUTION FINISHED FOR DO LOOP  $=      25
 EXECUTION BEGINNING FOR DO LOOP  $ =       2
 EXECUTION FINISHED FOR DO LOOP  $=      25
 EXECUTION BEGINNING FOR DO LOOP  $ =       2
 EXECUTION FINISHED FOR DO LOOP  $=      25
 EXECUTION BEGINNING FOR DO LOOP  $ =       2
 EXECUTION FINISHED FOR DO LOOP  $=      25
 EXECUTION BEGINNING FOR DO LOOP  $ =       2
 EXECUTION FINISHED FOR DO LOOP  $=      25
 EXECUTION BEGINNING FOR DO LOOP  $ =       2
 EXECUTION FINISHED FOR DO LOOP  $=      25
 EXECUTION BEGINNING FOR DO LOOP  $ =       2
 EXECUTION FINISHED FOR DO LOOP  $=      25
 EXECUTION BEGINNING FOR DO LOOP  $ =       2
 EXECUTION FINISHED FOR DO LOOP  $=      25
 EXECUTION BEGINNING FOR DO LOOP  $ =       2
 EXECUTION FINISHED FOR DO LOOP  $=      25
 EXECUTION BEGINNING FOR DO LOOP  $ =       2
 EXECUTION FINISHED FOR DO LOOP  $=      25
 EXECUTION BEGINNING FOR DO LOOP  $ =       2
 EXECUTION FINISHED FOR DO LOOP  $=      25
 EXECUTION BEGINNING FOR DO LOOP  $ =       2
 EXECUTION FINISHED FOR DO LOOP  $=      25
 EXECUTION BEGINNING FOR DO LOOP  $ =       2
 EXECUTION FINISHED FOR DO LOOP  $=      25
 EXECUTION BEGINNING FOR DO LOOP  $ =       2
 EXECUTION FINISHED FOR DO LOOP  $=      25
 EXECUTION BEGINNING FOR DO LOOP  $ =       2
 EXECUTION FINISHED FOR DO LOOP  $=      25
 EXECUTION BEGINNING FOR DO LOOP  $ =       2
 EXECUTION FINISHED FOR DO LOOP  $=      25
 EXECUTION FINISHED FOR DO LOOP  #=      25

 |_*NOW GENR EFFICIENCY OF EACH OBSERVATION #
 |_DO #=1,25

 |_GENR E#=(-P#MAX+P1(#)*Y1(#)+P2(#)*Y2(#)+P3(#)*Y3(#)+P4(#)*Y4(#)+P5(#)*Y5(#))/(-P6(#)*Y6(#)-P7(#)*Y7(#))

 |_ENDO
 EXECUTION BEGINNING FOR DO LOOP  # =       1
 EXECUTION FINISHED FOR DO LOOP  #=      25

 |_PRINT E1-E25
       E1             E2             E3             E4             E5      &
       E6             E7             E8             E9             E10     &
       E11            E12            E13            E14            E15     &
       E16            E17            E18            E19            E20     &
       E21            E22            E23            E24            E25
   0.8451638      0.8678388      0.8952135      0.9236689      0.9557279
   0.9594084      0.9557155      0.9885435      0.9870531       1.000000
   0.9901551      0.9833334      0.9850488      0.9871264      0.9781542
   0.9851825      0.9809770      0.9873177      0.9904057      0.9917875
   0.9901203      0.9915499      0.9935781      0.9931425      0.9933262

 |_SMPL 1 25

 |_GENR E=0

 |_DO #=1,25

 |_SMPL # #

 |_GENR E=E#(1)

 |_ENDO
 EXECUTION BEGINNING FOR DO LOOP  # =       1
 EXECUTION FINISHED FOR DO LOOP  #=      25

 |_SMPL 1 25

 |_FORMAT(F8.0,F10.4)

 |_PRINT YEAR E / FORMAT
       YEAR           E
   1994.    0.8452
   1995.    0.8678
   1996.    0.8952
   1997.    0.9237
   1998.    0.9557
   1999.    0.9594
   2000.    0.9557
   2001.    0.9885
   2002.    0.9871
   2003.    1.0000
   2004.    0.9902
   2005.    0.9833
   2006.    0.9850
   2007.    0.9871
   2008.    0.9782
   2009.    0.9852
   2010.    0.9810
   2011.    0.9873
   2012.    0.9904
   2013.    0.9918
   2014.    0.9901
   2015.    0.9915
   2016.    0.9936
   2017.    0.9931
   2018.    0.9933

 |_*   YEAR        E
 |_*   1994.    0.8452
 |_*   1995.    0.8678
 |_*   1996.    0.8952
 |_*   1997.    0.9237
 |_*   1998.    0.9557
 |_*   1999.    0.9594
 |_*   2000.    0.9557
 |_*   2001.    0.9885
 |_*   2002.    0.9871
 |_*   2003.    1.0000
 |_*   2004.    0.9902
 |_*   2005.    0.9833
 |_*   2006.    0.9850
 |_*   2007.    0.9871
 |_*   2008.    0.9782
 |_*   2009.    0.9852
 |_*   2010.    0.9810
 |_*   2011.    0.9873
 |_*   2012.    0.9904
 |_*   2013.    0.9918
 |_*   2014.    0.9901
 |_*   2015.    0.9915
 |_*   2016.    0.9936
 |_*   2017.    0.9931
 |_*   2018.    0.9933
 |_*MAXIMUM EFFICIENT PRODUCTION FOR CANADA ASSUMING A CONVEX TECHNOLOGY AND PROFIT MAXIMIZATION WAS ACHIEVED IN 2003.
 |_*ALL OF THE REMAINING OBSERVATIONS DID NOT ATTAIN THIS EFFICIENCY LEVEL. IN OTHER WORDS, THE PRODUCTIVITY PERFORMANCE
 |_*OF CANADA SINCE 2003 HAS BEEN DISMAL.
 |_*WE ARE NOW GETTING RESULTS THAT ARE SIMILAR TO OUR INDEX NUMBER RESULTS FOR AUSTRALIA.
 |_STOP

