 Welcome to SHAZAM (Double Precision) v11.1 -  APR 2015 WIN-NT   PAR=112400
 ...NOTE..CURRENT WORKING DIRECTORY IS: C:\Users\jules\Desktop\Diewert_Jules\Nonparametric models

 |_*THIS IS THE FILE E59419\NONPAR4.TXT WHICH CONSTRUCTS NONPARAMETRIC ESTIMATES OF EFFICIENCY FOR
 |_*CANADA FOR THE YEARS 1994-2018. SEE CHAPTER 11 BENCHMARKING FOR THE THEORY
 |_*THIS MODEL CALCULATES THE EFFICIENCY FOR EACH OBS ASSUMING A CONVEX CONE TECHNOLOGY AND COST MINIMIZATION
 |_*READ IN THE DATA FOR CANADA FROM E59419\DATOUT.TXT
 |_*IT IS EASY TO RUN THIS PROGRAM; ALL YOU HAVE TO DO IS TO READ IN YOUR DATA AND DO A BIT
 |_*OF EDITING TO REFLECT THE RESULTS FOR YOUR COUNTRY AS OPPOSED TO CANADA
 |_SET NODOECHO

 |_SMPL 1 25

 |_*THE DATA ARE CONSUMPTION, GOVERNMENT, INVESTMENT, EXPORTS, IMPORTS, LABOUR AND CAPITAL SERVICES
 |_READ YEAR P1 P2 P3 P4 P5 P6 PKS
 ...NOTE..    8 VARIABLES AND       25 OBSERVATIONS STARTING AT OBS       1


 |_FORMAT(F8.0,7F11.5)

 |_PRINT YEAR P1 P2 P3 P4 P5 P6 PKS / FORMAT
       YEAR           P1             P2             P3             P4      &
       P5             P6             PKS
   1994.    8.00714   11.15714    5.82757    5.38022    6.54539   15.04484    6.50138
   1995.    8.18699   11.37962    5.82298    5.51763    6.47497   15.87896    6.64199
   1996.    8.32370   11.52470    5.72017    5.30233    6.04832   16.88546    6.68257
   1997.    8.48063   11.72522    5.77483    5.48756    6.28750   17.28719    7.00619
   1998.    8.54248   12.09110    5.88506    5.31521    6.39261   18.15573    7.05421
   1999.    8.71517   12.35386    5.93090    5.46351    6.30780   18.43192    7.38883
   2000.    8.86219   12.95245    6.15234    6.13307    6.98403   19.40703    7.26417
   2001.    9.05914   13.26191    6.31262    6.16636    6.94528   20.58987    7.67985
   2002.    9.29872   13.71834    6.38389    5.98871    6.64379   21.19647    7.90116
   2003.    9.45262   14.04170    6.45752    5.72617    5.91150   22.23328    8.30968
   2004.    9.66460   14.62494    6.61186    6.29483    5.91280   23.17486    8.52151
   2005.    9.95437   15.24812    6.78587    7.19299    6.07200   24.16659    8.94951
   2006.   10.36341   15.99453    6.97385    7.64919    6.03088   25.54128    9.41351
   2007.   10.71588   16.72282    7.15171    7.95202    5.92852   27.02829    9.71069
   2008.   11.09277   17.53036    7.37007    9.48366    6.58958   27.85875   10.32228
   2009.   11.35477   18.20536    7.33460    8.05430    5.80293   29.06747   10.03213
   2010.   11.57713   18.96744    7.41213    9.40783    5.62178   30.76927   10.51113
   2011.   11.93112   19.56004    7.40492    9.53947    5.68162   32.04965   10.64578
   2012.   12.21270   19.82026    7.48087    8.62293    5.69573   32.89573   10.19783
   2013.   12.50176   20.14774    7.64627    8.92774    6.14136   33.96291   10.13347
   2014.   12.79281   20.40310    7.81764    8.06737    6.21891   34.45058    9.77819
   2015.   12.94752   20.67183    8.01797    7.43538    6.42004   34.85585    9.50519
   2016.   13.08610   20.83614    8.05568    8.23826    6.22315   35.15085   10.29608
   2017.   13.24949   21.17386    8.15994    8.54262    6.33439   35.51986   10.55688
   2018.   13.46374   21.30174    8.34889    9.61275    6.75329   36.17887   11.02915

 |_GENR P7=PKS

 |_READ YEAR Y1 Y2 Y3 Y4 Y5 Y6 QKS
 ...NOTE..    8 VARIABLES AND       25 OBSERVATIONS STARTING AT OBS       1


 |_FORMAT(F8.0,7F11.4)

 |_PRINT YEAR Y1 Y2 Y3 Y4 Y5 Y6 QKS / FORMAT
       YEAR           Y1             Y2             Y3             Y4      &
       Y5             Y6             QKS
   1994.    32.6984     7.9898    22.1053    16.4686   -15.5555   -17.9701    30.1804
   1995.    33.8116     8.3246    22.5168    18.1089   -16.2846   -18.2498    31.2180
   1996.    34.8164     8.4906    24.1881    20.0799   -17.8957   -18.2907    32.2326
   1997.    36.5395     8.8349    26.1632    20.9993   -19.7294   -18.6170    33.3858
   1998.    38.6338     9.2351    27.6235    21.4016   -20.7382   -18.7763    34.6659
   1999.    40.2787     9.5194    29.3274    23.5186   -23.2366   -19.4291    36.0519
   2000.    41.5597     9.6802    26.9081    25.5510   -23.0102   -19.7092    37.5467
   2001.    42.8471     9.9780    29.2652    25.4109   -23.3206   -19.6024    38.5867
   2002.    44.5745    10.2733    32.6416    25.5375   -26.3983   -20.1173    39.8592
   2003.    46.8206    10.7282    36.2308    25.8668   -29.9618   -20.3979    41.4780
   2004.    48.9486    11.0758    38.4453    26.7617   -33.7069   -21.0632    43.4511
   2005.    50.5377    11.4227    40.5341    27.5567   -36.4486   -21.5771    45.5620
   2006.    53.2877    11.7827    42.9589    28.6981   -40.2995   -22.1979    47.7825
   2007.    55.9073    12.1391    47.1876    29.8485   -46.1198   -22.8144    50.1373
   2008.    56.2261    12.6454    46.8421    30.5664   -44.5403   -23.0073    52.8987
   2009.    58.0553    12.8646    47.6358    32.0023   -47.7201   -22.9598    55.4474
   2010.    60.3689    13.3023    50.6611    32.2776   -52.6195   -23.5929    57.9033
   2011.    62.1638    13.7881    56.1773    33.7633   -58.5977   -24.0624    60.6184
   2012.    63.2636    13.8284    57.2881    35.5539   -58.7584   -24.1859    63.8922
   2013.    64.8063    14.0412    55.9145    37.6704   -57.3875   -24.2735    67.1145
   2014.    66.3271    14.3820    54.5639    40.2439   -57.9407   -24.6444    69.9342
   2015.    68.1531    14.9960    52.7001    42.9985   -57.8722   -25.1144    72.3540
   2016.    69.7614    15.7463    52.6797    45.3650   -60.5939   -25.4963    74.3773
   2017.    71.7556    16.3624    55.0908    46.9006   -64.6131   -26.2596    76.2867
   2018.    73.2624    17.2095    55.0827    48.5057   -65.3162   -26.9031    78.4020

 |_GENR Y7=QKS

 |_*WE NEED TO MAKE THE OUTPUT DATA NEGATIVE AND IMPORTS POSITIVE, THE LABOUR AND CAPITAL DATA POSITIVE
 |_*BECAUSE OF THE WAY SHAZAM SETS UP AN LP AS MAX c'x SUBJECT TO Ax < b (or Ax = b), x nonnegative
 |_GENR Y1=-Y1

 |_GENR Y2=-Y2

 |_GENR Y3=-Y3

 |_GENR Y4=-Y4

 |_GENR Y5=-Y5

 |_GENR Y6=-Y6

 |_FORMAT(F8.0,7F11.4)

 |_PRINT YEAR Y1 Y2 Y3 Y4 Y5 Y6 Y7 / FORMAT
       YEAR           Y1             Y2             Y3             Y4      &
       Y5             Y6             Y7
   1994.   -32.6984    -7.9898   -22.1053   -16.4686    15.5555    17.9701    30.1804
   1995.   -33.8116    -8.3246   -22.5168   -18.1089    16.2846    18.2498    31.2180
   1996.   -34.8164    -8.4906   -24.1881   -20.0799    17.8957    18.2907    32.2326
   1997.   -36.5395    -8.8349   -26.1632   -20.9993    19.7294    18.6170    33.3858
   1998.   -38.6338    -9.2351   -27.6235   -21.4016    20.7382    18.7763    34.6659
   1999.   -40.2787    -9.5194   -29.3274   -23.5186    23.2366    19.4291    36.0519
   2000.   -41.5597    -9.6802   -26.9081   -25.5510    23.0102    19.7092    37.5467
   2001.   -42.8471    -9.9780   -29.2652   -25.4109    23.3206    19.6024    38.5867
   2002.   -44.5745   -10.2733   -32.6416   -25.5375    26.3983    20.1173    39.8592
   2003.   -46.8206   -10.7282   -36.2308   -25.8668    29.9618    20.3979    41.4780
   2004.   -48.9486   -11.0758   -38.4453   -26.7617    33.7069    21.0632    43.4511
   2005.   -50.5377   -11.4227   -40.5341   -27.5567    36.4486    21.5771    45.5620
   2006.   -53.2877   -11.7827   -42.9589   -28.6981    40.2995    22.1979    47.7825
   2007.   -55.9073   -12.1391   -47.1876   -29.8485    46.1198    22.8144    50.1373
   2008.   -56.2261   -12.6454   -46.8421   -30.5664    44.5403    23.0073    52.8987
   2009.   -58.0553   -12.8646   -47.6358   -32.0023    47.7201    22.9598    55.4474
   2010.   -60.3689   -13.3023   -50.6611   -32.2776    52.6195    23.5929    57.9033
   2011.   -62.1638   -13.7881   -56.1773   -33.7633    58.5977    24.0624    60.6184
   2012.   -63.2636   -13.8284   -57.2881   -35.5539    58.7584    24.1859    63.8922
   2013.   -64.8063   -14.0412   -55.9145   -37.6704    57.3875    24.2735    67.1145
   2014.   -66.3271   -14.3820   -54.5639   -40.2439    57.9407    24.6444    69.9342
   2015.   -68.1531   -14.9960   -52.7001   -42.9985    57.8722    25.1144    72.3540
   2016.   -69.7614   -15.7463   -52.6797   -45.3650    60.5939    25.4963    74.3773
   2017.   -71.7556   -16.3624   -55.0908   -46.9006    64.6131    26.2596    76.2867
   2018.   -73.2624   -17.2095   -55.0827   -48.5057    65.3162    26.9031    78.4020

 |_*CONSTRUCT THE A MATRIX WHICH WILL BE COMMON TO ALL OF THE LP'S FOR TECHNICAL EFFICIENCY UNDER CONVEXITY
 |_*WE FIRST CONSTRUCT THE TRANSPOSE OF A. LOAD IN THE VECTORS Y1-Y5
 |_MATRIX B=Y1

 |_MATRIX B=B|Y2

 |_MATRIX B=B|Y3

 |_MATRIX B=B|Y4

 |_MATRIX B=B|Y5

 |_PRINT B
 B
    25 BY     5 MATRIX
   -32.69840      -7.989800      -22.10530      -16.46860       15.55550
   -33.81160      -8.324600      -22.51680      -18.10890       16.28460
   -34.81640      -8.490600      -24.18810      -20.07990       17.89570
   -36.53950      -8.834900      -26.16320      -20.99930       19.72940
   -38.63380      -9.235100      -27.62350      -21.40160       20.73820
   -40.27870      -9.519400      -29.32740      -23.51860       23.23660
   -41.55970      -9.680200      -26.90810      -25.55100       23.01020
   -42.84710      -9.978000      -29.26520      -25.41090       23.32060
   -44.57450      -10.27330      -32.64160      -25.53750       26.39830
   -46.82060      -10.72820      -36.23080      -25.86680       29.96180
   -48.94860      -11.07580      -38.44530      -26.76170       33.70690
   -50.53770      -11.42270      -40.53410      -27.55670       36.44860
   -53.28770      -11.78270      -42.95890      -28.69810       40.29950
   -55.90730      -12.13910      -47.18760      -29.84850       46.11980
   -56.22610      -12.64540      -46.84210      -30.56640       44.54030
   -58.05530      -12.86460      -47.63580      -32.00230       47.72010
   -60.36890      -13.30230      -50.66110      -32.27760       52.61950
   -62.16380      -13.78810      -56.17730      -33.76330       58.59770
   -63.26360      -13.82840      -57.28810      -35.55390       58.75840
   -64.80630      -14.04120      -55.91450      -37.67040       57.38750
   -66.32710      -14.38200      -54.56390      -40.24390       57.94070
   -68.15310      -14.99600      -52.70010      -42.99850       57.87220
   -69.76140      -15.74630      -52.67970      -45.36500       60.59390
   -71.75560      -16.36240      -55.09080      -46.90060       64.61310
   -73.26240      -17.20950      -55.08270      -48.50570       65.31620

 |_*WE DO NOT ADD COLUMNS OF 1'S AND -1'S TO B SINCE WE NO LONGER IMPOSE THE RESTRICTION THAT THE LAMBDA's
 |_*SUM TO 1.
 |_*TAKE THE TRANSPOSE OF B TO CONSTRUCT A PRELIMINARY A MATRIX FOR THE LP's
 |_MATRIX A=B'

 |_*THE A MATRIX REMAINS CONSTANT FOR EACH OF OUR 25 LP'S IN THIS MODEL OF EFFICIENCY
 |_*WE NEED TO GENR THE B AND C VECTORS FOR EACH OF THE 25 PROBLEMS
 |_*WE GENR THE B VECTORS
 |_*NOW TO GENR THE B VECTORS FOR EACH PROGRAM
 |_SMPL 1 5

 |_DO #=1,25

 |_GENR B#=0

 |_ENDO
 EXECUTION BEGINNING FOR DO LOOP  # =       1
 EXECUTION FINISHED FOR DO LOOP  #=      25

 |_SMPL 1 1

 |_DO #=1,25

 |_GENR B#=Y1(#)

 |_ENDO
 EXECUTION BEGINNING FOR DO LOOP  # =       1
 EXECUTION FINISHED FOR DO LOOP  #=      25

 |_SMPL 2 2

 |_DO #=1,25

 |_GENR B#=Y2(#)

 |_ENDO
 EXECUTION BEGINNING FOR DO LOOP  # =       1
 EXECUTION FINISHED FOR DO LOOP  #=      25

 |_SMPL 3 3

 |_DO #=1,25

 |_GENR B#=Y3(#)

 |_ENDO
 EXECUTION BEGINNING FOR DO LOOP  # =       1
 EXECUTION FINISHED FOR DO LOOP  #=      25

 |_SMPL 4 4

 |_DO #=1,25

 |_GENR B#=Y4(#)

 |_ENDO
 EXECUTION BEGINNING FOR DO LOOP  # =       1
 EXECUTION FINISHED FOR DO LOOP  #=      25

 |_SMPL 5 5

 |_DO #=1,25

 |_GENR B#=Y5(#)

 |_ENDO
 EXECUTION BEGINNING FOR DO LOOP  # =       1
 EXECUTION FINISHED FOR DO LOOP  #=      25

 |_SMPL 1 5

 |_PRINT B1-B5 / FORMAT
       B1             B2             B3             B4             B5
    -33.   -33.8116   -34.8164   -36.5395   -38.6338
     -8.    -8.3246    -8.4906    -8.8349    -9.2351
    -22.   -22.5168   -24.1881   -26.1632   -27.6235
    -16.   -18.1089   -20.0799   -20.9993   -21.4016
     16.    16.2846    17.8957    19.7294    20.7382

 |_PRINT B20-B25 / FORMAT
       B20            B21            B22            B23            B24     &
       B25
    -65.   -66.3271   -68.1531   -69.7614   -71.7556   -73.2624
    -14.   -14.3820   -14.9960   -15.7463   -16.3624   -17.2095
    -56.   -54.5639   -52.7001   -52.6797   -55.0908   -55.0827
    -38.   -40.2439   -42.9985   -45.3650   -46.9006   -48.5057
     57.    57.9407    57.8722    60.5939    64.6131    65.3162

 |_*NOW GENR THE C VECTORS
 |_SMPL 1 25

 |_DO #=1,25

 |_GENR C#=P6(#)*Y6+P7(#)*Y7

 |_GENR C#=-C#/(P6(#)*Y6(#)+P7(#)*Y7(#))

 |_ENDO
 EXECUTION BEGINNING FOR DO LOOP  # =       1
 EXECUTION FINISHED FOR DO LOOP  #=      25

 |_PRINT C1-C5 / FORMAT
       C1             C2             C3             C4             C5
     -1.    -0.9772    -0.9635    -0.9395    -0.9210
     -1.    -1.0000    -0.9857    -0.9612    -0.9421
     -1.    -1.0149    -1.0000    -0.9753    -0.9556
     -1.    -1.0407    -1.0252    -1.0000    -0.9796
     -1.    -1.0629    -1.0467    -1.0211    -1.0000
     -1.    -1.1023    -1.0854    -1.0589    -1.0369
     -1.    -1.1312    -1.1134    -1.0864    -1.0636
     -1.    -1.1417    -1.1232    -1.0962    -1.0729
     -1.    -1.1751    -1.1561    -1.1283    -1.1042
     -1.    -1.2057    -1.1857    -1.1574    -1.1324
     -1.    -1.2533    -1.2323    -1.2030    -1.1768
     -1.    -1.2979    -1.2758    -1.2456    -1.2182
     -1.    -1.3474    -1.3241    -1.2929    -1.2642
     -1.    -1.3986    -1.3739    -1.3418    -1.3117
     -1.    -1.4416    -1.4154    -1.3826    -1.3509
     -2.    -1.4742    -1.4463    -1.4132    -1.3801
     -2.    -1.5272    -1.4980    -1.4639    -1.4294
     -2.    -1.5785    -1.5477    -1.5127    -1.4766
     -2.    -1.6261    -1.5934    -1.5578    -1.5199
     -2.    -1.6720    -1.6373    -1.6012    -1.5615
     -2.    -1.7215    -1.6852    -1.6483    -1.6069
     -2.    -1.7689    -1.7312    -1.6934    -1.6507
     -2.    -1.8081    -1.7693    -1.7308    -1.6869
     -2.    -1.8580    -1.8182    -1.7786    -1.7336
     -2.    -1.9068    -1.8659    -1.8253    -1.7790

 |_PRINT C20-C25 / FORMAT
       C20            C21            C22            C23            C24     &
       C25
     -1.    -0.5964    -0.5842    -0.5670    -0.5506    -0.5348
     -1.    -0.6093    -0.5968    -0.5794    -0.5626    -0.5465
     -1.    -0.6167    -0.6039    -0.5865    -0.5696    -0.5534
     -1.    -0.6314    -0.6182    -0.6006    -0.5832    -0.5668
     -1.    -0.6431    -0.6295    -0.6119    -0.5943    -0.5776
     -1.    -0.6666    -0.6525    -0.6343    -0.6160    -0.5988
     -1.    -0.6825    -0.6678    -0.6494    -0.6308    -0.6132
     -1.    -0.6867    -0.6718    -0.6536    -0.6350    -0.6174
     -1.    -0.7064    -0.6910    -0.6724    -0.6532    -0.6352
     -1.    -0.7230    -0.7071    -0.6884    -0.6688    -0.6504
     -1.    -0.7506    -0.7339    -0.7147    -0.6944    -0.6753
     -1.    -0.7756    -0.7582    -0.7386    -0.7177    -0.6981
     -1.    -0.8037    -0.7855    -0.7655    -0.7439    -0.7237
     -1.    -0.8326    -0.8136    -0.7931    -0.7708    -0.7499
     -1.    -0.8545    -0.8347    -0.8143    -0.7915    -0.7703
     -1.    -0.8697    -0.8491    -0.8291    -0.8060    -0.7846
     -1.    -0.8996    -0.8782    -0.8577    -0.8338    -0.8118
     -1.    -0.9275    -0.9052    -0.8844    -0.8599    -0.8374
     -1.    -0.9512    -0.9278    -0.9073    -0.8823    -0.8594
     -1.    -0.9737    -0.9494    -0.9291    -0.9037    -0.8805
     -1.    -1.0000    -0.9748    -0.9545    -0.9284    -0.9047
     -1.    -1.0260    -1.0000    -0.9794    -0.9527    -0.9285
     -1.    -1.0475    -1.0208    -1.0000    -0.9728    -0.9482
     -1.    -1.0768    -1.0495    -1.0280    -1.0000    -0.9746
     -1.    -1.1048    -1.0767    -1.0547    -1.0260    -1.0000

 |_*EVERYTHING SEEMS TO BE WORKING OK;
 |_*NOW RUN THE LP'S TO TEST FOR EFFICIENCY OF EACH OBSERVATION ASSUMING A CONVEX CONICAL TECHNOLOGY
 |_DO #=1,25

 |_LP C# A B# / ITER=30 PRIMAL=F#

 |_MATRIX E#=C#'F#

 |_ENDO
 EXECUTION BEGINNING FOR DO LOOP  # =       1
 NUMBER OF VARIABLES=   25 NUMBER OF CONSTRAINTS=    5
 COEFFICIENTS ON VARIABLES IN OBJECTIVE FUNCTION
   -1.0000      -1.0235      -1.0389      -1.0655      -1.0885      -1.1289
   -1.1587      -1.1698      -1.2041      -1.2357      -1.2847      -1.3306
   -1.3816      -1.4343      -1.4790      -1.5130      -1.5676      -1.6206
   -1.6702      -1.7179      -1.7692      -1.8180      -1.8585      -1.9098
   -1.9600
 CONSTRAINT COEFFICIENTS AND CONSTRAINT VALUES
   -32.698      -33.812      -34.816      -36.539      -38.634      -40.279
   -41.560      -42.847      -44.575      -46.821      -48.949      -50.538
   -53.288      -55.907      -56.226      -58.055      -60.369      -62.164
   -63.264      -64.806      -66.327      -68.153      -69.761      -71.756
   -73.262
   -32.698
   -7.9898      -8.3246      -8.4906      -8.8349      -9.2351      -9.5194
   -9.6802      -9.9780      -10.273      -10.728      -11.076      -11.423
   -11.783      -12.139      -12.645      -12.865      -13.302      -13.788
   -13.828      -14.041      -14.382      -14.996      -15.746      -16.362
   -17.209
   -7.9898
   -22.105      -22.517      -24.188      -26.163      -27.623      -29.327
   -26.908      -29.265      -32.642      -36.231      -38.445      -40.534
   -42.959      -47.188      -46.842      -47.636      -50.661      -56.177
   -57.288      -55.914      -54.564      -52.700      -52.680      -55.091
   -55.083
   -22.105
   -16.469      -18.109      -20.080      -20.999      -21.402      -23.519
   -25.551      -25.411      -25.538      -25.867      -26.762      -27.557
   -28.698      -29.849      -30.566      -32.002      -32.278      -33.763
   -35.554      -37.670      -40.244      -42.998      -45.365      -46.901
   -48.506
   -16.469
    15.556       16.285       17.896       19.729       20.738       23.237
    23.010       23.321       26.398       29.962       33.707       36.449
    40.300       46.120       44.540       47.720       52.620       58.598
    58.758       57.388       57.941       57.872       60.594       64.613
    65.316
    15.556

 MAXIMIZED VALUE OF OBJECTIVE FUNCTION IS   -1.000
 PRIMAL SOLUTION
    1.0000      0.00000E+00  0.00000E+00  0.00000E+00  0.00000E+00  0.00000E+00
   0.00000E+00  0.00000E+00  0.00000E+00  0.00000E+00  0.00000E+00  0.00000E+00
   0.00000E+00  0.00000E+00  0.00000E+00  0.00000E+00  0.00000E+00  0.00000E+00
   0.00000E+00  0.00000E+00  0.00000E+00  0.00000E+00  0.00000E+00  0.00000E+00
   0.00000E+00
 SLACK VARIABLES
   0.00000E+00  0.00000E+00  0.00000E+00  0.00000E+00  0.00000E+00
 DUAL SOLUTION
   0.43482E-01  0.00000E+00  0.15734E-01  0.00000E+00  0.49473E-01
 DUAL SLACK VARIABLES
   0.00000E+00  0.46700E-02  0.29846E-01  0.41157E-01  0.00000E+00  0.65635E-01
   0.66660E-01  0.00000E+00  0.58364E-01  0.11213      0.21899      0.29865
   0.38240      0.54260      0.50073      0.60001      0.74883      0.93273
   0.92498      0.85942      0.89316      0.88857      0.99412       1.1195
    1.1392

 ...WARNING..SOLUTION IS DEGENERATE
 VARIABLE X(27) IS IN THE SOLUTION WITH A ZERO VALUE

 NUMBER OF VARIABLES=   25 NUMBER OF CONSTRAINTS=    5
 COEFFICIENTS ON VARIABLES IN OBJECTIVE FUNCTION
  -0.97720      -1.0000      -1.0149      -1.0407      -1.0629      -1.1023
   -1.1312      -1.1417      -1.1751      -1.2057      -1.2533      -1.2979
   -1.3474      -1.3986      -1.4416      -1.4742      -1.5272      -1.5785
   -1.6261      -1.6720      -1.7215      -1.7689      -1.8081      -1.8580
   -1.9068
 CONSTRAINT COEFFICIENTS AND CONSTRAINT VALUES
   -32.698      -33.812      -34.816      -36.539      -38.634      -40.279
   -41.560      -42.847      -44.575      -46.821      -48.949      -50.538
   -53.288      -55.907      -56.226      -58.055      -60.369      -62.164
   -63.264      -64.806      -66.327      -68.153      -69.761      -71.756
   -73.262
   -33.812
   -7.9898      -8.3246      -8.4906      -8.8349      -9.2351      -9.5194
   -9.6802      -9.9780      -10.273      -10.728      -11.076      -11.423
   -11.783      -12.139      -12.645      -12.865      -13.302      -13.788
   -13.828      -14.041      -14.382      -14.996      -15.746      -16.362
   -17.209
   -8.3246
   -22.105      -22.517      -24.188      -26.163      -27.623      -29.327
   -26.908      -29.265      -32.642      -36.231      -38.445      -40.534
   -42.959      -47.188      -46.842      -47.636      -50.661      -56.177
   -57.288      -55.914      -54.564      -52.700      -52.680      -55.091
   -55.083
   -22.517
   -16.469      -18.109      -20.080      -20.999      -21.402      -23.519
   -25.551      -25.411      -25.538      -25.867      -26.762      -27.557
   -28.698      -29.849      -30.566      -32.002      -32.278      -33.763
   -35.554      -37.670      -40.244      -42.998      -45.365      -46.901
   -48.506
   -18.109
    15.556       16.285       17.896       19.729       20.738       23.237
    23.010       23.321       26.398       29.962       33.707       36.449
    40.300       46.120       44.540       47.720       52.620       58.598
    58.758       57.388       57.941       57.872       60.594       64.613
    65.316
    16.285

 MAXIMIZED VALUE OF OBJECTIVE FUNCTION IS   -1.000
 PRIMAL SOLUTION
   0.00000E+00   1.0000      0.00000E+00  0.00000E+00  0.00000E+00  0.00000E+00
   0.00000E+00  0.00000E+00  0.00000E+00  0.00000E+00  0.00000E+00  0.00000E+00
   0.00000E+00  0.00000E+00  0.00000E+00  0.00000E+00  0.00000E+00  0.00000E+00
   0.00000E+00  0.00000E+00  0.00000E+00  0.00000E+00  0.00000E+00  0.00000E+00
   0.00000E+00
 SLACK VARIABLES
   0.00000E+00  0.00000E+00  0.00000E+00  0.00000E+00  0.00000E+00
 DUAL SOLUTION
   0.38396E-01  0.00000E+00  0.24009E-01  0.93200E-02  0.61875E-01
 DUAL SLACK VARIABLES
   0.00000E+00  0.00000E+00  0.17472E-01  0.34612E-01  0.00000E+00  0.70159E-01
   0.75027E-01  0.00000E+00  0.75310E-01  0.15091      0.28703      0.38272
   0.49604      0.69449      0.62918      0.75579      0.94794       1.1539
    1.1259       1.0410       1.0748       1.0669       1.1912       1.3410
    1.3607

 ...WARNING..SOLUTION IS DEGENERATE
 VARIABLE X( 1) IS IN THE SOLUTION WITH A ZERO VALUE

 NUMBER OF VARIABLES=   25 NUMBER OF CONSTRAINTS=    5
 COEFFICIENTS ON VARIABLES IN OBJECTIVE FUNCTION
  -0.96351     -0.98575      -1.0000      -1.0252      -1.0467      -1.0854
   -1.1134      -1.1232      -1.1561      -1.1857      -1.2323      -1.2758
   -1.3241      -1.3739      -1.4154      -1.4463      -1.4980      -1.5477
   -1.5934      -1.6373      -1.6852      -1.7312      -1.7693      -1.8182
   -1.8659
 CONSTRAINT COEFFICIENTS AND CONSTRAINT VALUES
   -32.698      -33.812      -34.816      -36.539      -38.634      -40.279
   -41.560      -42.847      -44.575      -46.821      -48.949      -50.538
   -53.288      -55.907      -56.226      -58.055      -60.369      -62.164
   -63.264      -64.806      -66.327      -68.153      -69.761      -71.756
   -73.262
   -34.816
   -7.9898      -8.3246      -8.4906      -8.8349      -9.2351      -9.5194
   -9.6802      -9.9780      -10.273      -10.728      -11.076      -11.423
   -11.783      -12.139      -12.645      -12.865      -13.302      -13.788
   -13.828      -14.041      -14.382      -14.996      -15.746      -16.362
   -17.209
   -8.4906
   -22.105      -22.517      -24.188      -26.163      -27.623      -29.327
   -26.908      -29.265      -32.642      -36.231      -38.445      -40.534
   -42.959      -47.188      -46.842      -47.636      -50.661      -56.177
   -57.288      -55.914      -54.564      -52.700      -52.680      -55.091
   -55.083
   -24.188
   -16.469      -18.109      -20.080      -20.999      -21.402      -23.519
   -25.551      -25.411      -25.538      -25.867      -26.762      -27.557
   -28.698      -29.849      -30.566      -32.002      -32.278      -33.763
   -35.554      -37.670      -40.244      -42.998      -45.365      -46.901
   -48.506
   -20.080
    15.556       16.285       17.896       19.729       20.738       23.237
    23.010       23.321       26.398       29.962       33.707       36.449
    40.300       46.120       44.540       47.720       52.620       58.598
    58.758       57.388       57.941       57.872       60.594       64.613
    65.316
    17.896

 MAXIMIZED VALUE OF OBJECTIVE FUNCTION IS   -1.000
 PRIMAL SOLUTION
   0.00000E+00  0.00000E+00   1.0000      0.00000E+00  0.00000E+00  0.00000E+00
   0.00000E+00  0.00000E+00  0.00000E+00  0.00000E+00  0.00000E+00  0.00000E+00
   0.00000E+00  0.00000E+00  0.00000E+00  0.00000E+00  0.00000E+00  0.00000E+00
   0.00000E+00  0.00000E+00  0.00000E+00  0.00000E+00  0.00000E+00  0.00000E+00
   0.00000E+00
 SLACK VARIABLES
   0.00000E+00  0.00000E+00  0.00000E+00  0.00000E+00  0.00000E+00
 DUAL SOLUTION
   0.00000E+00  0.00000E+00  0.64326E-01  0.46059E-01  0.82746E-01
 DUAL SLACK VARIABLES
   0.70185E-01  0.50729E-01  0.00000E+00  0.75429E-02  0.00000E+00  0.38313E-01
   0.10967      0.00000E+00  0.64449E-01  0.14294      0.31574      0.41508
   0.57348      0.77995      0.67983      0.85671       1.1065       1.2277
    1.1327       1.0541       1.1161       1.1494       1.3050       1.4607
    1.4932

 ...WARNING..SOLUTION IS DEGENERATE
 VARIABLE X(26) IS IN THE SOLUTION WITH A ZERO VALUE

 NUMBER OF VARIABLES=   25 NUMBER OF CONSTRAINTS=    5
 COEFFICIENTS ON VARIABLES IN OBJECTIVE FUNCTION
  -0.93947     -0.96125     -0.97531      -1.0000      -1.0211      -1.0589
   -1.0864      -1.0962      -1.1283      -1.1574      -1.2030      -1.2456
   -1.2929      -1.3418      -1.3826      -1.4132      -1.4639      -1.5127
   -1.5578      -1.6012      -1.6483      -1.6934      -1.7308      -1.7786
   -1.8253
 CONSTRAINT COEFFICIENTS AND CONSTRAINT VALUES
   -32.698      -33.812      -34.816      -36.539      -38.634      -40.279
   -41.560      -42.847      -44.575      -46.821      -48.949      -50.538
   -53.288      -55.907      -56.226      -58.055      -60.369      -62.164
   -63.264      -64.806      -66.327      -68.153      -69.761      -71.756
   -73.262
   -36.539
   -7.9898      -8.3246      -8.4906      -8.8349      -9.2351      -9.5194
   -9.6802      -9.9780      -10.273      -10.728      -11.076      -11.423
   -11.783      -12.139      -12.645      -12.865      -13.302      -13.788
   -13.828      -14.041      -14.382      -14.996      -15.746      -16.362
   -17.209
   -8.8349
   -22.105      -22.517      -24.188      -26.163      -27.623      -29.327
   -26.908      -29.265      -32.642      -36.231      -38.445      -40.534
   -42.959      -47.188      -46.842      -47.636      -50.661      -56.177
   -57.288      -55.914      -54.564      -52.700      -52.680      -55.091
   -55.083
   -26.163
   -16.469      -18.109      -20.080      -20.999      -21.402      -23.519
   -25.551      -25.411      -25.538      -25.867      -26.762      -27.557
   -28.698      -29.849      -30.566      -32.002      -32.278      -33.763
   -35.554      -37.670      -40.244      -42.998      -45.365      -46.901
   -48.506
   -20.999
    15.556       16.285       17.896       19.729       20.738       23.237
    23.010       23.321       26.398       29.962       33.707       36.449
    40.300       46.120       44.540       47.720       52.620       58.598
    58.758       57.388       57.941       57.872       60.594       64.613
    65.316
    19.729

 MAXIMIZED VALUE OF OBJECTIVE FUNCTION IS  -0.9928
 PRIMAL SOLUTION
   0.00000E+00  0.00000E+00  0.29435      0.00000E+00  0.55986      0.00000E+00
   0.00000E+00  0.12226      0.00000E+00  0.00000E+00  0.00000E+00  0.00000E+00
   0.00000E+00  0.00000E+00  0.00000E+00  0.00000E+00  0.00000E+00  0.00000E+00
   0.00000E+00  0.00000E+00  0.00000E+00  0.00000E+00  0.00000E+00  0.00000E+00
   0.00000E+00
 SLACK VARIABLES
   0.57697      0.54642E-01  0.00000E+00  0.00000E+00  0.00000E+00
 DUAL SOLUTION
   0.00000E+00  0.00000E+00  0.62454E-01  0.44836E-01  0.80223E-01
 DUAL SLACK VARIABLES
   0.68415E-01  0.49442E-01  0.00000E+00  0.72172E-02  0.00000E+00  0.36874E-01
   0.10624      0.00000E+00  0.62414E-01  0.13850      0.30608      0.40253
   0.55615      0.75625      0.65974      0.83154       1.0740       1.1913
    1.0996       1.0239       1.0843       1.1168       1.2677       1.4185
    1.4502
 NUMBER OF VARIABLES=   25 NUMBER OF CONSTRAINTS=    5
 COEFFICIENTS ON VARIABLES IN OBJECTIVE FUNCTION
  -0.92095     -0.94213     -0.95562     -0.97964      -1.0000      -1.0369
   -1.0636      -1.0729      -1.1042      -1.1324      -1.1768      -1.2182
   -1.2642      -1.3117      -1.3509      -1.3801      -1.4294      -1.4766
   -1.5199      -1.5615      -1.6069      -1.6507      -1.6869      -1.7336
   -1.7790
 CONSTRAINT COEFFICIENTS AND CONSTRAINT VALUES
   -32.698      -33.812      -34.816      -36.539      -38.634      -40.279
   -41.560      -42.847      -44.575      -46.821      -48.949      -50.538
   -53.288      -55.907      -56.226      -58.055      -60.369      -62.164
   -63.264      -64.806      -66.327      -68.153      -69.761      -71.756
   -73.262
   -38.634
   -7.9898      -8.3246      -8.4906      -8.8349      -9.2351      -9.5194
   -9.6802      -9.9780      -10.273      -10.728      -11.076      -11.423
   -11.783      -12.139      -12.645      -12.865      -13.302      -13.788
   -13.828      -14.041      -14.382      -14.996      -15.746      -16.362
   -17.209
   -9.2351
   -22.105      -22.517      -24.188      -26.163      -27.623      -29.327
   -26.908      -29.265      -32.642      -36.231      -38.445      -40.534
   -42.959      -47.188      -46.842      -47.636      -50.661      -56.177
   -57.288      -55.914      -54.564      -52.700      -52.680      -55.091
   -55.083
   -27.623
   -16.469      -18.109      -20.080      -20.999      -21.402      -23.519
   -25.551      -25.411      -25.538      -25.867      -26.762      -27.557
   -28.698      -29.849      -30.566      -32.002      -32.278      -33.763
   -35.554      -37.670      -40.244      -42.998      -45.365      -46.901
   -48.506
   -21.402
    15.556       16.285       17.896       19.729       20.738       23.237
    23.010       23.321       26.398       29.962       33.707       36.449
    40.300       46.120       44.540       47.720       52.620       58.598
    58.758       57.388       57.941       57.872       60.594       64.613
    65.316
    20.738

 MAXIMIZED VALUE OF OBJECTIVE FUNCTION IS   -1.000
 PRIMAL SOLUTION
   0.00000E+00  0.00000E+00  0.00000E+00  0.00000E+00   1.0000      0.00000E+00
   0.00000E+00  0.00000E+00  0.00000E+00  0.00000E+00  0.00000E+00  0.00000E+00
   0.00000E+00  0.00000E+00  0.00000E+00  0.00000E+00  0.00000E+00  0.00000E+00
   0.00000E+00  0.00000E+00  0.00000E+00  0.00000E+00  0.00000E+00  0.00000E+00
   0.00000E+00
 SLACK VARIABLES
   0.00000E+00  0.00000E+00  0.00000E+00  0.00000E+00  0.00000E+00
 DUAL SOLUTION
   0.26590E-01  0.00000E+00  0.19895E-01  0.00000E+00  0.27815E-01
 DUAL SLACK VARIABLES
   0.44398E-01  0.48068E-01  0.46407E-01  0.36315E-01  0.00000E+00  0.28802E-01
   0.63273E-01  0.00000E+00  0.38033E-02  0.00000E+00  0.47937E-01  0.81760E-01
   0.11352      0.16912      0.16284      0.21609      0.27989      0.33598
   0.33239      0.32210      0.36940      0.39976      0.46933      0.52681
   0.55190

 ...WARNING..SOLUTION IS DEGENERATE
 VARIABLE X(10) IS IN THE SOLUTION WITH A ZERO VALUE

 NUMBER OF VARIABLES=   25 NUMBER OF CONSTRAINTS=    5
 COEFFICIENTS ON VARIABLES IN OBJECTIVE FUNCTION
  -0.88747     -0.90800     -0.92121     -0.94449     -0.96433      -1.0000
   -1.0260      -1.0351      -1.0654      -1.0928      -1.1358      -1.1759
   -1.2205      -1.2666      -1.3049      -1.3337      -1.3814      -1.4274
   -1.4698      -1.5105      -1.5548      -1.5973      -1.6325      -1.6776
   -1.7217
 CONSTRAINT COEFFICIENTS AND CONSTRAINT VALUES
   -32.698      -33.812      -34.816      -36.539      -38.634      -40.279
   -41.560      -42.847      -44.575      -46.821      -48.949      -50.538
   -53.288      -55.907      -56.226      -58.055      -60.369      -62.164
   -63.264      -64.806      -66.327      -68.153      -69.761      -71.756
   -73.262
   -40.279
   -7.9898      -8.3246      -8.4906      -8.8349      -9.2351      -9.5194
   -9.6802      -9.9780      -10.273      -10.728      -11.076      -11.423
   -11.783      -12.139      -12.645      -12.865      -13.302      -13.788
   -13.828      -14.041      -14.382      -14.996      -15.746      -16.362
   -17.209
   -9.5194
   -22.105      -22.517      -24.188      -26.163      -27.623      -29.327
   -26.908      -29.265      -32.642      -36.231      -38.445      -40.534
   -42.959      -47.188      -46.842      -47.636      -50.661      -56.177
   -57.288      -55.914      -54.564      -52.700      -52.680      -55.091
   -55.083
   -29.327
   -16.469      -18.109      -20.080      -20.999      -21.402      -23.519
   -25.551      -25.411      -25.538      -25.867      -26.762      -27.557
   -28.698      -29.849      -30.566      -32.002      -32.278      -33.763
   -35.554      -37.670      -40.244      -42.998      -45.365      -46.901
   -48.506
   -23.519
    15.556       16.285       17.896       19.729       20.738       23.237
    23.010       23.321       26.398       29.962       33.707       36.449
    40.300       46.120       44.540       47.720       52.620       58.598
    58.758       57.388       57.941       57.872       60.594       64.613
    65.316
    23.237

 MAXIMIZED VALUE OF OBJECTIVE FUNCTION IS  -0.9926
 PRIMAL SOLUTION
   0.00000E+00  0.00000E+00  0.00000E+00  0.00000E+00  0.24662      0.00000E+00
   0.00000E+00  0.24882      0.46668      0.00000E+00  0.00000E+00  0.00000E+00
   0.00000E+00  0.00000E+00  0.00000E+00  0.00000E+00  0.00000E+00  0.00000E+00
   0.00000E+00  0.00000E+00  0.00000E+00  0.00000E+00  0.00000E+00  0.00000E+00
   0.00000E+00
 SLACK VARIABLES
   0.71233      0.35212E-01  0.00000E+00  0.00000E+00  0.00000E+00
 DUAL SOLUTION
   0.00000E+00  0.00000E+00  0.46797E-01  0.25912E-01  0.42575E-01
 DUAL SLACK VARIABLES
   0.88542E-01  0.78354E-01  0.30873E-01  0.15965E-01  0.00000E+00  0.74411E-02
   0.84306E-01  0.00000E+00  0.00000E+00  0.26540E-02  0.78261E-01  0.11678
   0.18228      0.24843      0.21712      0.30690      0.41453      0.41839
   0.36923      0.36101      0.42539      0.48082      0.57154      0.63515
   0.66789
 NUMBER OF VARIABLES=   25 NUMBER OF CONSTRAINTS=    5
 COEFFICIENTS ON VARIABLES IN OBJECTIVE FUNCTION
  -0.86683     -0.88661     -0.89907     -0.92152     -0.94043     -0.97513
   -1.0000      -1.0084      -1.0377      -1.0640      -1.1056      -1.1442
   -1.1872      -1.2316      -1.2679      -1.2947      -1.3407      -1.3847
   -1.4247      -1.4630      -1.5052      -1.5460      -1.5797      -1.6235
   -1.6660
 CONSTRAINT COEFFICIENTS AND CONSTRAINT VALUES
   -32.698      -33.812      -34.816      -36.539      -38.634      -40.279
   -41.560      -42.847      -44.575      -46.821      -48.949      -50.538
   -53.288      -55.907      -56.226      -58.055      -60.369      -62.164
   -63.264      -64.806      -66.327      -68.153      -69.761      -71.756
   -73.262
   -41.560
   -7.9898      -8.3246      -8.4906      -8.8349      -9.2351      -9.5194
   -9.6802      -9.9780      -10.273      -10.728      -11.076      -11.423
   -11.783      -12.139      -12.645      -12.865      -13.302      -13.788
   -13.828      -14.041      -14.382      -14.996      -15.746      -16.362
   -17.209
   -9.6802
   -22.105      -22.517      -24.188      -26.163      -27.623      -29.327
   -26.908      -29.265      -32.642      -36.231      -38.445      -40.534
   -42.959      -47.188      -46.842      -47.636      -50.661      -56.177
   -57.288      -55.914      -54.564      -52.700      -52.680      -55.091
   -55.083
   -26.908
   -16.469      -18.109      -20.080      -20.999      -21.402      -23.519
   -25.551      -25.411      -25.538      -25.867      -26.762      -27.557
   -28.698      -29.849      -30.566      -32.002      -32.278      -33.763
   -35.554      -37.670      -40.244      -42.998      -45.365      -46.901
   -48.506
   -25.551
    15.556       16.285       17.896       19.729       20.738       23.237
    23.010       23.321       26.398       29.962       33.707       36.449
    40.300       46.120       44.540       47.720       52.620       58.598
    58.758       57.388       57.941       57.872       60.594       64.613
    65.316
    23.010

 MAXIMIZED VALUE OF OBJECTIVE FUNCTION IS   -1.000
 PRIMAL SOLUTION
   0.00000E+00  0.00000E+00  0.00000E+00  0.00000E+00  0.00000E+00  0.00000E+00
    1.0000      0.00000E+00  0.00000E+00  0.00000E+00  0.00000E+00  0.00000E+00
   0.00000E+00  0.00000E+00  0.00000E+00  0.00000E+00  0.00000E+00  0.00000E+00
   0.00000E+00  0.00000E+00  0.00000E+00  0.00000E+00  0.00000E+00  0.00000E+00
   0.00000E+00
 SLACK VARIABLES
   0.00000E+00  0.00000E+00  0.00000E+00  0.00000E+00  0.00000E+00
 DUAL SOLUTION
   0.11381E-01  0.00000E+00  0.00000E+00  0.27630E-01  0.77779E-02
 DUAL SLACK VARIABLES
   0.16064      0.12811      0.87207E-01  0.78904E-01  0.70710E-01  0.47628E-01
   0.00000E+00  0.00000E+00  0.30138E-01  0.49451E-01  0.71214E-01  0.91110E-01
   0.10123      0.12927      0.12984      0.12093      0.17108      0.20011
   0.17932      0.13093      0.89067E-01  0.32389E-01  0.36083E-02  0.13520E-01
   0.00000E+00

 ...WARNING..SOLUTION IS DEGENERATE
 VARIABLE X( 8) IS IN THE SOLUTION WITH A ZERO VALUE

 NUMBER OF VARIABLES=   25 NUMBER OF CONSTRAINTS=    5
 COEFFICIENTS ON VARIABLES IN OBJECTIVE FUNCTION
  -0.85975     -0.87936     -0.89170     -0.91395     -0.93268     -0.96709
  -0.99173      -1.0000      -1.0291      -1.0551      -1.0963      -1.1346
   -1.1772      -1.2212      -1.2572      -1.2838      -1.3293      -1.3729
   -1.4125      -1.4504      -1.4923      -1.5326      -1.5661      -1.6095
   -1.6516
 CONSTRAINT COEFFICIENTS AND CONSTRAINT VALUES
   -32.698      -33.812      -34.816      -36.539      -38.634      -40.279
   -41.560      -42.847      -44.575      -46.821      -48.949      -50.538
   -53.288      -55.907      -56.226      -58.055      -60.369      -62.164
   -63.264      -64.806      -66.327      -68.153      -69.761      -71.756
   -73.262
   -42.847
   -7.9898      -8.3246      -8.4906      -8.8349      -9.2351      -9.5194
   -9.6802      -9.9780      -10.273      -10.728      -11.076      -11.423
   -11.783      -12.139      -12.645      -12.865      -13.302      -13.788
   -13.828      -14.041      -14.382      -14.996      -15.746      -16.362
   -17.209
   -9.9780
   -22.105      -22.517      -24.188      -26.163      -27.623      -29.327
   -26.908      -29.265      -32.642      -36.231      -38.445      -40.534
   -42.959      -47.188      -46.842      -47.636      -50.661      -56.177
   -57.288      -55.914      -54.564      -52.700      -52.680      -55.091
   -55.083
   -29.265
   -16.469      -18.109      -20.080      -20.999      -21.402      -23.519
   -25.551      -25.411      -25.538      -25.867      -26.762      -27.557
   -28.698      -29.849      -30.566      -32.002      -32.278      -33.763
   -35.554      -37.670      -40.244      -42.998      -45.365      -46.901
   -48.506
   -25.411
    15.556       16.285       17.896       19.729       20.738       23.237
    23.010       23.321       26.398       29.962       33.707       36.449
    40.300       46.120       44.540       47.720       52.620       58.598
    58.758       57.388       57.941       57.872       60.594       64.613
    65.316
    23.321

 MAXIMIZED VALUE OF OBJECTIVE FUNCTION IS   -1.000
 PRIMAL SOLUTION
   0.00000E+00  0.00000E+00  0.00000E+00  0.00000E+00  0.00000E+00  0.00000E+00
   0.00000E+00   1.0000      0.00000E+00  0.00000E+00  0.00000E+00  0.00000E+00
   0.00000E+00  0.00000E+00  0.00000E+00  0.00000E+00  0.00000E+00  0.00000E+00
   0.00000E+00  0.00000E+00  0.00000E+00  0.00000E+00  0.00000E+00  0.00000E+00
   0.00000E+00
 SLACK VARIABLES
   0.00000E+00  0.00000E+00  0.00000E+00  0.00000E+00  0.00000E+00
 DUAL SOLUTION
   0.20155E-01  0.00000E+00  0.00000E+00  0.94112E-02  0.44045E-02
 DUAL SLACK VARIABLES
   0.11425      0.99200E-01  0.79831E-01  0.66778E-01  0.43956E-01  0.36294E-01
   0.14992E-01  0.00000E+00  0.66574E-02  0.00000E+00  0.64035E-02  0.17247E-01
   0.10666E-01  0.16650E-01  0.32484E-01  0.22676E-01  0.40604E-01  0.60378E-01
   0.61621E-01  0.42504E-01  0.31918E-01  0.92649E-02  0.00000E+00  0.64616E-02
   0.62218E-02

 ...WARNING..SOLUTION IS DEGENERATE
 VARIABLE X(10) IS IN THE SOLUTION WITH A ZERO VALUE

 NUMBER OF VARIABLES=   25 NUMBER OF CONSTRAINTS=    5
 COEFFICIENTS ON VARIABLES IN OBJECTIVE FUNCTION
  -0.83545     -0.85451     -0.86649     -0.88811     -0.90631     -0.93975
  -0.96369     -0.97172      -1.0000      -1.0253      -1.0653      -1.1025
   -1.1439      -1.1867      -1.2216      -1.2474      -1.2917      -1.3340
   -1.3725      -1.4093      -1.4500      -1.4892      -1.5217      -1.5639
   -1.6048
 CONSTRAINT COEFFICIENTS AND CONSTRAINT VALUES
   -32.698      -33.812      -34.816      -36.539      -38.634      -40.279
   -41.560      -42.847      -44.575      -46.821      -48.949      -50.538
   -53.288      -55.907      -56.226      -58.055      -60.369      -62.164
   -63.264      -64.806      -66.327      -68.153      -69.761      -71.756
   -73.262
   -44.575
   -7.9898      -8.3246      -8.4906      -8.8349      -9.2351      -9.5194
   -9.6802      -9.9780      -10.273      -10.728      -11.076      -11.423
   -11.783      -12.139      -12.645      -12.865      -13.302      -13.788
   -13.828      -14.041      -14.382      -14.996      -15.746      -16.362
   -17.209
   -10.273
   -22.105      -22.517      -24.188      -26.163      -27.623      -29.327
   -26.908      -29.265      -32.642      -36.231      -38.445      -40.534
   -42.959      -47.188      -46.842      -47.636      -50.661      -56.177
   -57.288      -55.914      -54.564      -52.700      -52.680      -55.091
   -55.083
   -32.642
   -16.469      -18.109      -20.080      -20.999      -21.402      -23.519
   -25.551      -25.411      -25.538      -25.867      -26.762      -27.557
   -28.698      -29.849      -30.566      -32.002      -32.278      -33.763
   -35.554      -37.670      -40.244      -42.998      -45.365      -46.901
   -48.506
   -25.538
    15.556       16.285       17.896       19.729       20.738       23.237
    23.010       23.321       26.398       29.962       33.707       36.449
    40.300       46.120       44.540       47.720       52.620       58.598
    58.758       57.388       57.941       57.872       60.594       64.613
    65.316
    26.398

 MAXIMIZED VALUE OF OBJECTIVE FUNCTION IS   -1.000
 PRIMAL SOLUTION
   0.00000E+00  0.00000E+00  0.00000E+00  0.00000E+00  0.00000E+00  0.00000E+00
   0.00000E+00  0.00000E+00   1.0000      0.00000E+00  0.00000E+00  0.00000E+00
   0.00000E+00  0.00000E+00  0.00000E+00  0.00000E+00  0.00000E+00  0.00000E+00
   0.00000E+00  0.00000E+00  0.00000E+00  0.00000E+00  0.00000E+00  0.00000E+00
   0.00000E+00
 SLACK VARIABLES
   0.00000E+00  0.00000E+00  0.00000E+00  0.00000E+00  0.00000E+00
 DUAL SOLUTION
   0.00000E+00  0.00000E+00  0.37774E-01  0.25288E-01  0.33291E-01
 DUAL SLACK VARIABLES
   0.10183      0.88132E-01  0.40774E-01  0.25581E-01  0.12027E-01  0.10737E-01
   0.67131E-01  0.00000E+00  0.00000E+00  0.00000E+00  0.58446E-01  0.87902E-01
   0.13706      0.18471      0.16197      0.22734      0.31348      0.30892
   0.26545      0.25503      0.30004      0.33773      0.40174      0.44781
   0.47187

 ...WARNING..SOLUTION IS DEGENERATE
 VARIABLE X(10) IS IN THE SOLUTION WITH A ZERO VALUE

 NUMBER OF VARIABLES=   25 NUMBER OF CONSTRAINTS=    5
 COEFFICIENTS ON VARIABLES IN OBJECTIVE FUNCTION
  -0.81476     -0.83335     -0.84505     -0.86615     -0.88391     -0.91652
  -0.93989     -0.94774     -0.97533      -1.0000      -1.0391      -1.0754
   -1.1158      -1.1575      -1.1916      -1.2168      -1.2600      -1.3013
   -1.3389      -1.3749      -1.4145      -1.4528      -1.4845      -1.5257
   -1.5656
 CONSTRAINT COEFFICIENTS AND CONSTRAINT VALUES
   -32.698      -33.812      -34.816      -36.539      -38.634      -40.279
   -41.560      -42.847      -44.575      -46.821      -48.949      -50.538
   -53.288      -55.907      -56.226      -58.055      -60.369      -62.164
   -63.264      -64.806      -66.327      -68.153      -69.761      -71.756
   -73.262
   -46.821
   -7.9898      -8.3246      -8.4906      -8.8349      -9.2351      -9.5194
   -9.6802      -9.9780      -10.273      -10.728      -11.076      -11.423
   -11.783      -12.139      -12.645      -12.865      -13.302      -13.788
   -13.828      -14.041      -14.382      -14.996      -15.746      -16.362
   -17.209
   -10.728
   -22.105      -22.517      -24.188      -26.163      -27.623      -29.327
   -26.908      -29.265      -32.642      -36.231      -38.445      -40.534
   -42.959      -47.188      -46.842      -47.636      -50.661      -56.177
   -57.288      -55.914      -54.564      -52.700      -52.680      -55.091
   -55.083
   -36.231
   -16.469      -18.109      -20.080      -20.999      -21.402      -23.519
   -25.551      -25.411      -25.538      -25.867      -26.762      -27.557
   -28.698      -29.849      -30.566      -32.002      -32.278      -33.763
   -35.554      -37.670      -40.244      -42.998      -45.365      -46.901
   -48.506
   -25.867
    15.556       16.285       17.896       19.729       20.738       23.237
    23.010       23.321       26.398       29.962       33.707       36.449
    40.300       46.120       44.540       47.720       52.620       58.598
    58.758       57.388       57.941       57.872       60.594       64.613
    65.316
    29.962

 MAXIMIZED VALUE OF OBJECTIVE FUNCTION IS   -1.000
 PRIMAL SOLUTION
   0.00000E+00  0.00000E+00  0.00000E+00  0.00000E+00  0.00000E+00  0.00000E+00
   0.00000E+00  0.00000E+00  0.00000E+00   1.0000      0.00000E+00  0.00000E+00
   0.00000E+00  0.22204E-15  0.00000E+00  0.00000E+00  0.00000E+00  0.00000E+00
   0.00000E+00  0.00000E+00  0.00000E+00  0.00000E+00  0.00000E+00  0.00000E+00
   0.00000E+00
 SLACK VARIABLES
   0.00000E+00  0.00000E+00  0.00000E+00  0.00000E+00  0.00000E+00
 DUAL SOLUTION
   0.23280E-01  0.00000E+00  0.64731E-03  0.00000E+00  0.37855E-02
 DUAL SLACK VARIABLES
   0.98126E-01  0.93298E-01  0.86625E-01  0.73270E-01  0.45153E-01  0.47828E-01
   0.42080E-01  0.19611E-01  0.16453E-01  0.00000E+00  0.22779E-02  0.10602E-01
   0.00000E+00  0.00000E+00  0.20944E-01  0.15095E-01  0.21027E-01  0.39646E-01
   0.51455E-01  0.47228E-01  0.54479E-01  0.51202E-01  0.55779E-01  0.64149E-01
   0.71684E-01

 ...WARNING..SOLUTION IS DEGENERATE
 VARIABLE X(27) IS IN THE SOLUTION WITH A ZERO VALUE

 NUMBER OF VARIABLES=   25 NUMBER OF CONSTRAINTS=    5
 COEFFICIENTS ON VARIABLES IN OBJECTIVE FUNCTION
  -0.78475     -0.80261     -0.81378     -0.83404     -0.85105     -0.88243
  -0.90483     -0.91227     -0.93881     -0.96245      -1.0000      -1.0348
   -1.0736      -1.1137      -1.1463      -1.1703      -1.2118      -1.2514
   -1.2872      -1.3216      -1.3596      -1.3963      -1.4267      -1.4663
   -1.5046
 CONSTRAINT COEFFICIENTS AND CONSTRAINT VALUES
   -32.698      -33.812      -34.816      -36.539      -38.634      -40.279
   -41.560      -42.847      -44.575      -46.821      -48.949      -50.538
   -53.288      -55.907      -56.226      -58.055      -60.369      -62.164
   -63.264      -64.806      -66.327      -68.153      -69.761      -71.756
   -73.262
   -48.949
   -7.9898      -8.3246      -8.4906      -8.8349      -9.2351      -9.5194
   -9.6802      -9.9780      -10.273      -10.728      -11.076      -11.423
   -11.783      -12.139      -12.645      -12.865      -13.302      -13.788
   -13.828      -14.041      -14.382      -14.996      -15.746      -16.362
   -17.209
   -11.076
   -22.105      -22.517      -24.188      -26.163      -27.623      -29.327
   -26.908      -29.265      -32.642      -36.231      -38.445      -40.534
   -42.959      -47.188      -46.842      -47.636      -50.661      -56.177
   -57.288      -55.914      -54.564      -52.700      -52.680      -55.091
   -55.083
   -38.445
   -16.469      -18.109      -20.080      -20.999      -21.402      -23.519
   -25.551      -25.411      -25.538      -25.867      -26.762      -27.557
   -28.698      -29.849      -30.566      -32.002      -32.278      -33.763
   -35.554      -37.670      -40.244      -42.998      -45.365      -46.901
   -48.506
   -26.762
    15.556       16.285       17.896       19.729       20.738       23.237
    23.010       23.321       26.398       29.962       33.707       36.449
    40.300       46.120       44.540       47.720       52.620       58.598
    58.758       57.388       57.941       57.872       60.594       64.613
    65.316
    33.707

 MAXIMIZED VALUE OF OBJECTIVE FUNCTION IS  -0.9986
 PRIMAL SOLUTION
   0.00000E+00  0.00000E+00  0.00000E+00  0.00000E+00  0.00000E+00  0.00000E+00
   0.00000E+00  0.00000E+00  0.00000E+00  0.77541      0.00000E+00  0.00000E+00
   0.00000E+00  0.21429      0.00000E+00  0.00000E+00  0.00000E+00  0.00000E+00
   0.00000E+00  0.00000E+00  0.00000E+00  0.00000E+00  0.00000E+00  0.00000E+00
   0.90553E-02
 SLACK VARIABLES
   0.00000E+00  0.00000E+00  0.25877      0.13095      0.00000E+00
 DUAL SOLUTION
   0.12382E-01  0.38334E-01  0.00000E+00  0.00000E+00  0.95298E-03
 DUAL SLACK VARIABLES
   0.88413E-01  0.80341E-01  0.74248E-01  0.61718E-01  0.38414E-01  0.40912E-01
   0.41072E-01  0.21452E-01  0.18209E-01  0.00000E+00  0.14432E-02  0.59104E-02
   0.53190E-03  0.00000E+00  0.77592E-02  0.37559E-02  0.44705E-02  0.89484E-02
   0.29772E-01  0.35559E-01  0.42196E-01  0.32694E-01  0.17007E-01  0.12089E-01
   0.00000E+00
 NUMBER OF VARIABLES=   25 NUMBER OF CONSTRAINTS=    5
 COEFFICIENTS ON VARIABLES IN OBJECTIVE FUNCTION
  -0.75804     -0.77531     -0.78615     -0.80574     -0.82221     -0.85254
  -0.87422     -0.88146     -0.90711     -0.93000     -0.96630      -1.0000
   -1.0375      -1.0762      -1.1079      -1.1312      -1.1713      -1.2097
   -1.2444      -1.2777      -1.3145      -1.3500      -1.3795      -1.4177
   -1.4548
 CONSTRAINT COEFFICIENTS AND CONSTRAINT VALUES
   -32.698      -33.812      -34.816      -36.539      -38.634      -40.279
   -41.560      -42.847      -44.575      -46.821      -48.949      -50.538
   -53.288      -55.907      -56.226      -58.055      -60.369      -62.164
   -63.264      -64.806      -66.327      -68.153      -69.761      -71.756
   -73.262
   -50.538
   -7.9898      -8.3246      -8.4906      -8.8349      -9.2351      -9.5194
   -9.6802      -9.9780      -10.273      -10.728      -11.076      -11.423
   -11.783      -12.139      -12.645      -12.865      -13.302      -13.788
   -13.828      -14.041      -14.382      -14.996      -15.746      -16.362
   -17.209
   -11.423
   -22.105      -22.517      -24.188      -26.163      -27.623      -29.327
   -26.908      -29.265      -32.642      -36.231      -38.445      -40.534
   -42.959      -47.188      -46.842      -47.636      -50.661      -56.177
   -57.288      -55.914      -54.564      -52.700      -52.680      -55.091
   -55.083
   -40.534
   -16.469      -18.109      -20.080      -20.999      -21.402      -23.519
   -25.551      -25.411      -25.538      -25.867      -26.762      -27.557
   -28.698      -29.849      -30.566      -32.002      -32.278      -33.763
   -35.554      -37.670      -40.244      -42.998      -45.365      -46.901
   -48.506
   -27.557
    15.556       16.285       17.896       19.729       20.738       23.237
    23.010       23.321       26.398       29.962       33.707       36.449
    40.300       46.120       44.540       47.720       52.620       58.598
    58.758       57.388       57.941       57.872       60.594       64.613
    65.316
    36.449

 MAXIMIZED VALUE OF OBJECTIVE FUNCTION IS  -0.9951
 PRIMAL SOLUTION
   0.00000E+00  0.00000E+00  0.00000E+00  0.00000E+00  0.00000E+00  0.00000E+00
   0.00000E+00  0.00000E+00  0.00000E+00  0.69514      0.00000E+00  0.00000E+00
   0.00000E+00  0.18903      0.00000E+00  0.00000E+00  0.00000E+00  0.89834E-01
   0.00000E+00  0.00000E+00  0.00000E+00  0.00000E+00  0.00000E+00  0.00000E+00
   0.25089E-01
 SLACK VARIABLES
   0.00000E+00  0.00000E+00  0.00000E+00  0.31675      0.00000E+00
 DUAL SOLUTION
   0.84875E-02  0.46512E-01  0.17044E-02  0.00000E+00  0.93902E-03
 DUAL SLACK VARIABLES
   0.85825E-01  0.78055E-01  0.71306E-01  0.58616E-01  0.37157E-01  0.39742E-01
   0.46983E-01  0.25718E-01  0.20104E-01  0.00000E+00  0.18201E-02  0.49083E-02
   0.18388E-02  0.00000E+00  0.44638E-02  0.36883E-02  0.32570E-02  0.00000E+00
   0.21792E-01  0.33168E-01  0.44034E-01  0.38620E-01  0.22081E-01  0.14406E-01
   0.00000E+00
 NUMBER OF VARIABLES=   25 NUMBER OF CONSTRAINTS=    5
 COEFFICIENTS ON VARIABLES IN OBJECTIVE FUNCTION
  -0.73083     -0.74746     -0.75788     -0.77676     -0.79261     -0.82184
  -0.84272     -0.84966     -0.87438     -0.89641     -0.93139     -0.96385
   -1.0000      -1.0373      -1.0677      -1.0901      -1.1287      -1.1657
   -1.1991      -1.2311      -1.2665      -1.3008      -1.3291      -1.3659
   -1.4017
 CONSTRAINT COEFFICIENTS AND CONSTRAINT VALUES
   -32.698      -33.812      -34.816      -36.539      -38.634      -40.279
   -41.560      -42.847      -44.575      -46.821      -48.949      -50.538
   -53.288      -55.907      -56.226      -58.055      -60.369      -62.164
   -63.264      -64.806      -66.327      -68.153      -69.761      -71.756
   -73.262
   -53.288
   -7.9898      -8.3246      -8.4906      -8.8349      -9.2351      -9.5194
   -9.6802      -9.9780      -10.273      -10.728      -11.076      -11.423
   -11.783      -12.139      -12.645      -12.865      -13.302      -13.788
   -13.828      -14.041      -14.382      -14.996      -15.746      -16.362
   -17.209
   -11.783
   -22.105      -22.517      -24.188      -26.163      -27.623      -29.327
   -26.908      -29.265      -32.642      -36.231      -38.445      -40.534
   -42.959      -47.188      -46.842      -47.636      -50.661      -56.177
   -57.288      -55.914      -54.564      -52.700      -52.680      -55.091
   -55.083
   -42.959
   -16.469      -18.109      -20.080      -20.999      -21.402      -23.519
   -25.551      -25.411      -25.538      -25.867      -26.762      -27.557
   -28.698      -29.849      -30.566      -32.002      -32.278      -33.763
   -35.554      -37.670      -40.244      -42.998      -45.365      -46.901
   -48.506
   -28.698
    15.556       16.285       17.896       19.729       20.738       23.237
    23.010       23.321       26.398       29.962       33.707       36.449
    40.300       46.120       44.540       47.720       52.620       58.598
    58.758       57.388       57.941       57.872       60.594       64.613
    65.316
    40.300

 MAXIMIZED VALUE OF OBJECTIVE FUNCTION IS   -1.000
 PRIMAL SOLUTION
   0.00000E+00  0.00000E+00  0.00000E+00  0.00000E+00  0.00000E+00  0.00000E+00
   0.00000E+00  0.00000E+00  0.00000E+00  0.00000E+00  0.00000E+00  0.00000E+00
    1.0000      0.00000E+00  0.00000E+00  0.00000E+00  0.00000E+00  0.00000E+00
   0.00000E+00  0.00000E+00  0.00000E+00  0.00000E+00  0.00000E+00  0.00000E+00
   0.00000E+00
 SLACK VARIABLES
   0.00000E+00  0.00000E+00  0.00000E+00  0.00000E+00  0.00000E+00
 DUAL SOLUTION
   0.21105E-01  0.00000E+00  0.00000E+00  0.00000E+00  0.30922E-02
 DUAL SLACK VARIABLES
   0.88846E-01  0.84240E-01  0.78437E-01  0.66615E-01  0.41388E-01  0.43629E-01
   0.36770E-01  0.17505E-01  0.15282E-01  0.93390E-03  0.25840E-02  0.99772E-02
   0.00000E+00  0.00000E+00  0.18799E-01  0.12431E-01  0.17394E-01  0.34931E-01
   0.45629E-01  0.40865E-01  0.45903E-01  0.41364E-01  0.44163E-01  0.51356E-01
   0.57479E-01

 ...WARNING..SOLUTION IS DEGENERATE
 VARIABLE X(14) IS IN THE SOLUTION WITH A ZERO VALUE

 NUMBER OF VARIABLES=   25 NUMBER OF CONSTRAINTS=    5
 COEFFICIENTS ON VARIABLES IN OBJECTIVE FUNCTION
  -0.70573     -0.72171     -0.73164     -0.74978     -0.76495     -0.79313
  -0.81315     -0.81968     -0.84349     -0.86461     -0.89827     -0.92943
  -0.96418      -1.0000      -1.0290      -1.0503      -1.0874      -1.1228
   -1.1546      -1.1851      -1.2190      -1.2518      -1.2790      -1.3145
   -1.3489
 CONSTRAINT COEFFICIENTS AND CONSTRAINT VALUES
   -32.698      -33.812      -34.816      -36.539      -38.634      -40.279
   -41.560      -42.847      -44.575      -46.821      -48.949      -50.538
   -53.288      -55.907      -56.226      -58.055      -60.369      -62.164
   -63.264      -64.806      -66.327      -68.153      -69.761      -71.756
   -73.262
   -55.907
   -7.9898      -8.3246      -8.4906      -8.8349      -9.2351      -9.5194
   -9.6802      -9.9780      -10.273      -10.728      -11.076      -11.423
   -11.783      -12.139      -12.645      -12.865      -13.302      -13.788
   -13.828      -14.041      -14.382      -14.996      -15.746      -16.362
   -17.209
   -12.139
   -22.105      -22.517      -24.188      -26.163      -27.623      -29.327
   -26.908      -29.265      -32.642      -36.231      -38.445      -40.534
   -42.959      -47.188      -46.842      -47.636      -50.661      -56.177
   -57.288      -55.914      -54.564      -52.700      -52.680      -55.091
   -55.083
   -47.188
   -16.469      -18.109      -20.080      -20.999      -21.402      -23.519
   -25.551      -25.411      -25.538      -25.867      -26.762      -27.557
   -28.698      -29.849      -30.566      -32.002      -32.278      -33.763
   -35.554      -37.670      -40.244      -42.998      -45.365      -46.901
   -48.506
   -29.849
    15.556       16.285       17.896       19.729       20.738       23.237
    23.010       23.321       26.398       29.962       33.707       36.449
    40.300       46.120       44.540       47.720       52.620       58.598
    58.758       57.388       57.941       57.872       60.594       64.613
    65.316
    46.120

 MAXIMIZED VALUE OF OBJECTIVE FUNCTION IS   -1.000
 PRIMAL SOLUTION
   0.00000E+00  0.00000E+00  0.00000E+00  0.00000E+00  0.00000E+00  0.00000E+00
   0.00000E+00  0.00000E+00  0.00000E+00  0.00000E+00  0.00000E+00  0.00000E+00
   0.00000E+00   1.0000      0.00000E+00  0.00000E+00  0.00000E+00  0.00000E+00
   0.00000E+00  0.00000E+00  0.00000E+00  0.00000E+00  0.00000E+00  0.00000E+00
   0.00000E+00
 SLACK VARIABLES
   0.00000E+00  0.00000E+00  0.00000E+00  0.00000E+00  0.71054E-14
 DUAL SOLUTION
   0.17887E-01  0.00000E+00  0.00000E+00  0.00000E+00  0.00000E+00
 DUAL SLACK VARIABLES
   0.12086      0.11693      0.10889      0.96208E-01  0.73914E-01  0.72678E-01
   0.69780E-01  0.53288E-01  0.46200E-01  0.27143E-01  0.22738E-01  0.25477E-01
   0.11034E-01  0.00000E+00  0.23322E-01  0.11869E-01  0.76043E-02  0.10892E-01
   0.23054E-01  0.25961E-01  0.32657E-01  0.32801E-01  0.31193E-01  0.31021E-01
   0.38445E-01

 ...WARNING..SOLUTION IS DEGENERATE
 VARIABLE X(27) IS IN THE SOLUTION WITH A ZERO VALUE

 NUMBER OF VARIABLES=   25 NUMBER OF CONSTRAINTS=    5
 COEFFICIENTS ON VARIABLES IN OBJECTIVE FUNCTION
  -0.68421     -0.69980     -0.70958     -0.72727     -0.74214     -0.76952
  -0.78909     -0.79563     -0.81878     -0.83944     -0.87221     -0.90263
  -0.93651     -0.97146      -1.0000      -1.0210      -1.0573      -1.0919
   -1.1233      -1.1533      -1.1866      -1.2186      -1.2452      -1.2797
   -1.3132
 CONSTRAINT COEFFICIENTS AND CONSTRAINT VALUES
   -32.698      -33.812      -34.816      -36.539      -38.634      -40.279
   -41.560      -42.847      -44.575      -46.821      -48.949      -50.538
   -53.288      -55.907      -56.226      -58.055      -60.369      -62.164
   -63.264      -64.806      -66.327      -68.153      -69.761      -71.756
   -73.262
   -56.226
   -7.9898      -8.3246      -8.4906      -8.8349      -9.2351      -9.5194
   -9.6802      -9.9780      -10.273      -10.728      -11.076      -11.423
   -11.783      -12.139      -12.645      -12.865      -13.302      -13.788
   -13.828      -14.041      -14.382      -14.996      -15.746      -16.362
   -17.209
   -12.645
   -22.105      -22.517      -24.188      -26.163      -27.623      -29.327
   -26.908      -29.265      -32.642      -36.231      -38.445      -40.534
   -42.959      -47.188      -46.842      -47.636      -50.661      -56.177
   -57.288      -55.914      -54.564      -52.700      -52.680      -55.091
   -55.083
   -46.842
   -16.469      -18.109      -20.080      -20.999      -21.402      -23.519
   -25.551      -25.411      -25.538      -25.867      -26.762      -27.557
   -28.698      -29.849      -30.566      -32.002      -32.278      -33.763
   -35.554      -37.670      -40.244      -42.998      -45.365      -46.901
   -48.506
   -30.566
    15.556       16.285       17.896       19.729       20.738       23.237
    23.010       23.321       26.398       29.962       33.707       36.449
    40.300       46.120       44.540       47.720       52.620       58.598
    58.758       57.388       57.941       57.872       60.594       64.613
    65.316
    44.540

 MAXIMIZED VALUE OF OBJECTIVE FUNCTION IS  -0.9960
 PRIMAL SOLUTION
   0.00000E+00  0.00000E+00  0.00000E+00  0.00000E+00  0.00000E+00  0.00000E+00
   0.00000E+00  0.00000E+00  0.00000E+00  0.52821      0.00000E+00  0.00000E+00
   0.00000E+00  0.13177      0.00000E+00  0.00000E+00  0.00000E+00  0.35447
   0.00000E+00  0.00000E+00  0.00000E+00  0.00000E+00  0.00000E+00  0.00000E+00
   0.28564E-01
 SLACK VARIABLES
   0.00000E+00  0.00000E+00  0.00000E+00  0.38355      0.00000E+00
 DUAL SOLUTION
   0.76562E-02  0.42002E-01  0.15368E-02  0.00000E+00  0.84478E-03
 DUAL SLACK VARIABLES
   0.77451E-01  0.70438E-01  0.64348E-01  0.52895E-01  0.33530E-01  0.35862E-01
   0.42400E-01  0.23212E-01  0.18146E-01  0.00000E+00  0.16414E-02  0.44286E-02
   0.16603E-02  0.00000E+00  0.40313E-02  0.33353E-02  0.29433E-02  0.00000E+00
   0.19684E-01  0.29965E-01  0.39776E-01  0.34887E-01  0.19948E-01  0.13012E-01
   0.00000E+00
 NUMBER OF VARIABLES=   25 NUMBER OF CONSTRAINTS=    5
 COEFFICIENTS ON VARIABLES IN OBJECTIVE FUNCTION
  -0.67432     -0.68947     -0.69876     -0.71596     -0.73024     -0.75711
  -0.77602     -0.78201     -0.80468     -0.82461     -0.85659     -0.88611
  -0.91906     -0.95301     -0.98023      -1.0000      -1.0352      -1.0686
   -1.0984      -1.1269      -1.1588      -1.1898      -1.2155      -1.2492
   -1.2819
 CONSTRAINT COEFFICIENTS AND CONSTRAINT VALUES
   -32.698      -33.812      -34.816      -36.539      -38.634      -40.279
   -41.560      -42.847      -44.575      -46.821      -48.949      -50.538
   -53.288      -55.907      -56.226      -58.055      -60.369      -62.164
   -63.264      -64.806      -66.327      -68.153      -69.761      -71.756
   -73.262
   -58.055
   -7.9898      -8.3246      -8.4906      -8.8349      -9.2351      -9.5194
   -9.6802      -9.9780      -10.273      -10.728      -11.076      -11.423
   -11.783      -12.139      -12.645      -12.865      -13.302      -13.788
   -13.828      -14.041      -14.382      -14.996      -15.746      -16.362
   -17.209
   -12.865
   -22.105      -22.517      -24.188      -26.163      -27.623      -29.327
   -26.908      -29.265      -32.642      -36.231      -38.445      -40.534
   -42.959      -47.188      -46.842      -47.636      -50.661      -56.177
   -57.288      -55.914      -54.564      -52.700      -52.680      -55.091
   -55.083
   -47.636
   -16.469      -18.109      -20.080      -20.999      -21.402      -23.519
   -25.551      -25.411      -25.538      -25.867      -26.762      -27.557
   -28.698      -29.849      -30.566      -32.002      -32.278      -33.763
   -35.554      -37.670      -40.244      -42.998      -45.365      -46.901
   -48.506
   -32.002
    15.556       16.285       17.896       19.729       20.738       23.237
    23.010       23.321       26.398       29.962       33.707       36.449
    40.300       46.120       44.540       47.720       52.620       58.598
    58.758       57.388       57.941       57.872       60.594       64.613
    65.316
    47.720

 MAXIMIZED VALUE OF OBJECTIVE FUNCTION IS  -0.9975
 PRIMAL SOLUTION
   0.00000E+00  0.00000E+00  0.00000E+00  0.00000E+00  0.00000E+00  0.00000E+00
   0.00000E+00  0.00000E+00  0.00000E+00  0.10825      0.00000E+00  0.00000E+00
   0.00000E+00  0.74520      0.00000E+00  0.00000E+00  0.00000E+00  0.37049E-02
   0.00000E+00  0.00000E+00  0.00000E+00  0.00000E+00  0.00000E+00  0.00000E+00
   0.15143
 SLACK VARIABLES
   0.00000E+00  0.00000E+00  0.00000E+00  0.51145      0.00000E+00
 DUAL SOLUTION
   0.81498E-02  0.38803E-01  0.17278E-02  0.00000E+00  0.11966E-02
 DUAL SLACK VARIABLES
   0.78222E-01  0.71471E-01  0.65171E-01  0.53755E-01  0.34121E-01  0.36600E-01
   0.42739E-01  0.22980E-01  0.17957E-01  0.00000E+00  0.18054E-02  0.45796E-02
   0.15692E-02  0.00000E+00  0.36846E-02  0.24725E-02  0.24429E-02  0.00000E+00
   0.17520E-01  0.25923E-01  0.35228E-01  0.30664E-01  0.17395E-01  0.11666E-01
   0.00000E+00
 NUMBER OF VARIABLES=   25 NUMBER OF CONSTRAINTS=    5
 COEFFICIENTS ON VARIABLES IN OBJECTIVE FUNCTION
  -0.65202     -0.66664     -0.67557     -0.69218     -0.70593     -0.73190
  -0.75013     -0.75586     -0.77775     -0.79697     -0.82785     -0.85632
  -0.88813     -0.92089     -0.94708     -0.96606      -1.0000      -1.0322
   -1.0608      -1.0882      -1.1190      -1.1489      -1.1736      -1.2063
   -1.2378
 CONSTRAINT COEFFICIENTS AND CONSTRAINT VALUES
   -32.698      -33.812      -34.816      -36.539      -38.634      -40.279
   -41.560      -42.847      -44.575      -46.821      -48.949      -50.538
   -53.288      -55.907      -56.226      -58.055      -60.369      -62.164
   -63.264      -64.806      -66.327      -68.153      -69.761      -71.756
   -73.262
   -60.369
   -7.9898      -8.3246      -8.4906      -8.8349      -9.2351      -9.5194
   -9.6802      -9.9780      -10.273      -10.728      -11.076      -11.423
   -11.783      -12.139      -12.645      -12.865      -13.302      -13.788
   -13.828      -14.041      -14.382      -14.996      -15.746      -16.362
   -17.209
   -13.302
   -22.105      -22.517      -24.188      -26.163      -27.623      -29.327
   -26.908      -29.265      -32.642      -36.231      -38.445      -40.534
   -42.959      -47.188      -46.842      -47.636      -50.661      -56.177
   -57.288      -55.914      -54.564      -52.700      -52.680      -55.091
   -55.083
   -50.661
   -16.469      -18.109      -20.080      -20.999      -21.402      -23.519
   -25.551      -25.411      -25.538      -25.867      -26.762      -27.557
   -28.698      -29.849      -30.566      -32.002      -32.278      -33.763
   -35.554      -37.670      -40.244      -42.998      -45.365      -46.901
   -48.506
   -32.278
    15.556       16.285       17.896       19.729       20.738       23.237
    23.010       23.321       26.398       29.962       33.707       36.449
    40.300       46.120       44.540       47.720       52.620       58.598
    58.758       57.388       57.941       57.872       60.594       64.613
    65.316
    52.620

 MAXIMIZED VALUE OF OBJECTIVE FUNCTION IS  -0.9992
 PRIMAL SOLUTION
   0.00000E+00  0.00000E+00  0.00000E+00  0.00000E+00  0.00000E+00  0.00000E+00
   0.00000E+00  0.00000E+00  0.00000E+00  0.00000E+00  0.00000E+00  0.00000E+00
   0.00000E+00  0.77156      0.00000E+00  0.00000E+00  0.00000E+00  0.13733
   0.00000E+00  0.00000E+00  0.00000E+00  0.00000E+00  0.00000E+00  0.00000E+00
   0.11870
 SLACK VARIABLES
   0.00000E+00  0.00000E+00  0.00000E+00   1.1466       1.2352
 DUAL SOLUTION
   0.10791E-01  0.25160E-01  0.25848E-03  0.00000E+00  0.00000E+00
 DUAL SLACK VARIABLES
   0.92445E-01  0.86524E-01  0.80008E-01  0.68847E-01  0.49557E-01  0.50181E-01
   0.51169E-01  0.34904E-01  0.29856E-01  0.12465E-01  0.11064E-01  0.13123E-01
   0.55666E-02  0.00000E+00  0.10107E-01  0.36276E-02  0.80748E-03  0.00000E+00
   0.15464E-01  0.21217E-01  0.27341E-01  0.22565E-01  0.11079E-01  0.60735E-02
   0.00000E+00
 NUMBER OF VARIABLES=   25 NUMBER OF CONSTRAINTS=    5
 COEFFICIENTS ON VARIABLES IN OBJECTIVE FUNCTION
  -0.63340     -0.64753     -0.65608     -0.67213     -0.68535     -0.71054
  -0.72811     -0.73351     -0.75473     -0.77324     -0.80312     -0.83061
  -0.86135     -0.89299     -0.91811     -0.93619     -0.96897      -1.0000
   -1.0274      -1.0536      -1.0832      -1.1120      -1.1358      -1.1675
   -1.1979
 CONSTRAINT COEFFICIENTS AND CONSTRAINT VALUES
   -32.698      -33.812      -34.816      -36.539      -38.634      -40.279
   -41.560      -42.847      -44.575      -46.821      -48.949      -50.538
   -53.288      -55.907      -56.226      -58.055      -60.369      -62.164
   -63.264      -64.806      -66.327      -68.153      -69.761      -71.756
   -73.262
   -62.164
   -7.9898      -8.3246      -8.4906      -8.8349      -9.2351      -9.5194
   -9.6802      -9.9780      -10.273      -10.728      -11.076      -11.423
   -11.783      -12.139      -12.645      -12.865      -13.302      -13.788
   -13.828      -14.041      -14.382      -14.996      -15.746      -16.362
   -17.209
   -13.788
   -22.105      -22.517      -24.188      -26.163      -27.623      -29.327
   -26.908      -29.265      -32.642      -36.231      -38.445      -40.534
   -42.959      -47.188      -46.842      -47.636      -50.661      -56.177
   -57.288      -55.914      -54.564      -52.700      -52.680      -55.091
   -55.083
   -56.177
   -16.469      -18.109      -20.080      -20.999      -21.402      -23.519
   -25.551      -25.411      -25.538      -25.867      -26.762      -27.557
   -28.698      -29.849      -30.566      -32.002      -32.278      -33.763
   -35.554      -37.670      -40.244      -42.998      -45.365      -46.901
   -48.506
   -33.763
    15.556       16.285       17.896       19.729       20.738       23.237
    23.010       23.321       26.398       29.962       33.707       36.449
    40.300       46.120       44.540       47.720       52.620       58.598
    58.758       57.388       57.941       57.872       60.594       64.613
    65.316
    58.598

 MAXIMIZED VALUE OF OBJECTIVE FUNCTION IS   -1.000
 PRIMAL SOLUTION
   0.00000E+00  0.00000E+00  0.00000E+00  0.00000E+00  0.00000E+00  0.00000E+00
   0.00000E+00  0.00000E+00  0.00000E+00  0.00000E+00  0.00000E+00  0.00000E+00
   0.00000E+00  0.00000E+00  0.00000E+00  0.00000E+00  0.00000E+00   1.0000
   0.00000E+00  0.00000E+00  0.00000E+00  0.00000E+00  0.00000E+00  0.00000E+00
   0.00000E+00
 SLACK VARIABLES
   0.00000E+00  0.00000E+00  0.00000E+00  0.00000E+00 -0.88818E-15
 DUAL SOLUTION
   0.14363E-01  0.00000E+00  0.19071E-02  0.00000E+00  0.00000E+00
 DUAL SLACK VARIABLES
   0.12160      0.11895      0.10988      0.97413E-01  0.77773E-01  0.76084E-01
   0.79870E-01  0.62283E-01  0.52247E-01  0.31656E-01  0.26749E-01  0.27433E-01
   0.14044E-01  0.00000E+00  0.21198E-01  0.11491E-01  0.52722E-02  0.00000E+00
   0.94834E-02  0.16144E-01  0.26459E-01  0.32606E-01  0.33392E-01  0.31771E-01
   0.40601E-01

 ...WARNING..SOLUTION IS DEGENERATE
 VARIABLE X(30) IS IN THE SOLUTION WITH A ZERO VALUE

 NUMBER OF VARIABLES=   25 NUMBER OF CONSTRAINTS=    5
 COEFFICIENTS ON VARIABLES IN OBJECTIVE FUNCTION
  -0.62115     -0.63482     -0.64290     -0.65844     -0.67108     -0.69569
  -0.71259     -0.71749     -0.73816     -0.75595     -0.78498     -0.81153
  -0.84129     -0.87190     -0.89574     -0.91262     -0.94432     -0.97412
   -1.0000      -1.0247      -1.0530      -1.0807      -1.1037      -1.1345
   -1.1640
 CONSTRAINT COEFFICIENTS AND CONSTRAINT VALUES
   -32.698      -33.812      -34.816      -36.539      -38.634      -40.279
   -41.560      -42.847      -44.575      -46.821      -48.949      -50.538
   -53.288      -55.907      -56.226      -58.055      -60.369      -62.164
   -63.264      -64.806      -66.327      -68.153      -69.761      -71.756
   -73.262
   -63.264
   -7.9898      -8.3246      -8.4906      -8.8349      -9.2351      -9.5194
   -9.6802      -9.9780      -10.273      -10.728      -11.076      -11.423
   -11.783      -12.139      -12.645      -12.865      -13.302      -13.788
   -13.828      -14.041      -14.382      -14.996      -15.746      -16.362
   -17.209
   -13.828
   -22.105      -22.517      -24.188      -26.163      -27.623      -29.327
   -26.908      -29.265      -32.642      -36.231      -38.445      -40.534
   -42.959      -47.188      -46.842      -47.636      -50.661      -56.177
   -57.288      -55.914      -54.564      -52.700      -52.680      -55.091
   -55.083
   -57.288
   -16.469      -18.109      -20.080      -20.999      -21.402      -23.519
   -25.551      -25.411      -25.538      -25.867      -26.762      -27.557
   -28.698      -29.849      -30.566      -32.002      -32.278      -33.763
   -35.554      -37.670      -40.244      -42.998      -45.365      -46.901
   -48.506
   -35.554
    15.556       16.285       17.896       19.729       20.738       23.237
    23.010       23.321       26.398       29.962       33.707       36.449
    40.300       46.120       44.540       47.720       52.620       58.598
    58.758       57.388       57.941       57.872       60.594       64.613
    65.316
    58.758

 MAXIMIZED VALUE OF OBJECTIVE FUNCTION IS   -1.000
 PRIMAL SOLUTION
   0.00000E+00  0.00000E+00  0.00000E+00  0.00000E+00  0.00000E+00  0.00000E+00
   0.00000E+00  0.00000E+00  0.00000E+00  0.00000E+00  0.00000E+00  0.00000E+00
   0.00000E+00  0.00000E+00  0.00000E+00  0.00000E+00  0.00000E+00  0.00000E+00
    1.0000      0.00000E+00  0.00000E+00  0.00000E+00  0.00000E+00  0.00000E+00
   0.00000E+00
 SLACK VARIABLES
   0.00000E+00  0.00000E+00  0.00000E+00  0.00000E+00  0.00000E+00
 DUAL SOLUTION
   0.10435E-01  0.00000E+00  0.40707E-02  0.56614E-02  0.16110E-02
 DUAL SLACK VARIABLES
   0.12177      0.11404      0.96268E-01  0.83540E-01  0.67730E-01  0.60274E-01
   0.61784E-01  0.44949E-01  0.38091E-01  0.21704E-01  0.20477E-01  0.21864E-01
   0.12797E-01  0.17181E-02  0.17032E-01  0.85871E-02  0.10160E-01  0.00000E+00
   0.00000E+00  0.00000E+00  0.42501E-02  0.48123E-02  0.20379E-02  0.00000E+00
   0.58880E-02

 ...WARNING..SOLUTION IS DEGENERATE
 VARIABLE X(27) IS IN THE SOLUTION WITH A ZERO VALUE

 NUMBER OF VARIABLES=   25 NUMBER OF CONSTRAINTS=    5
 COEFFICIENTS ON VARIABLES IN OBJECTIVE FUNCTION
  -0.60894     -0.62224     -0.63000     -0.64513     -0.65735     -0.68142
  -0.69781     -0.70241     -0.72260     -0.73984     -0.76815     -0.79397
  -0.82294     -0.85271     -0.87567     -0.89176     -0.92259     -0.95148
  -0.97632      -1.0000      -1.0274      -1.0543      -1.0765      -1.1066
   -1.1354
 CONSTRAINT COEFFICIENTS AND CONSTRAINT VALUES
   -32.698      -33.812      -34.816      -36.539      -38.634      -40.279
   -41.560      -42.847      -44.575      -46.821      -48.949      -50.538
   -53.288      -55.907      -56.226      -58.055      -60.369      -62.164
   -63.264      -64.806      -66.327      -68.153      -69.761      -71.756
   -73.262
   -64.806
   -7.9898      -8.3246      -8.4906      -8.8349      -9.2351      -9.5194
   -9.6802      -9.9780      -10.273      -10.728      -11.076      -11.423
   -11.783      -12.139      -12.645      -12.865      -13.302      -13.788
   -13.828      -14.041      -14.382      -14.996      -15.746      -16.362
   -17.209
   -14.041
   -22.105      -22.517      -24.188      -26.163      -27.623      -29.327
   -26.908      -29.265      -32.642      -36.231      -38.445      -40.534
   -42.959      -47.188      -46.842      -47.636      -50.661      -56.177
   -57.288      -55.914      -54.564      -52.700      -52.680      -55.091
   -55.083
   -55.914
   -16.469      -18.109      -20.080      -20.999      -21.402      -23.519
   -25.551      -25.411      -25.538      -25.867      -26.762      -27.557
   -28.698      -29.849      -30.566      -32.002      -32.278      -33.763
   -35.554      -37.670      -40.244      -42.998      -45.365      -46.901
   -48.506
   -37.670
    15.556       16.285       17.896       19.729       20.738       23.237
    23.010       23.321       26.398       29.962       33.707       36.449
    40.300       46.120       44.540       47.720       52.620       58.598
    58.758       57.388       57.941       57.872       60.594       64.613
    65.316
    57.388

 MAXIMIZED VALUE OF OBJECTIVE FUNCTION IS   -1.000
 PRIMAL SOLUTION
   0.00000E+00  0.00000E+00  0.00000E+00  0.00000E+00  0.00000E+00  0.00000E+00
   0.00000E+00  0.00000E+00  0.00000E+00  0.00000E+00  0.00000E+00  0.00000E+00
   0.00000E+00 -0.13878E-16  0.00000E+00  0.00000E+00  0.00000E+00  0.00000E+00
   0.00000E+00   1.0000      0.00000E+00  0.00000E+00  0.00000E+00  0.00000E+00
   0.00000E+00
 SLACK VARIABLES
   0.00000E+00  0.00000E+00  0.00000E+00  0.00000E+00  0.00000E+00
 DUAL SOLUTION
   0.11417E-01  0.00000E+00  0.32300E-02  0.44401E-02  0.15293E-02
 DUAL SLACK VARIABLES
   0.11489      0.10798      0.92581E-01  0.80383E-01  0.63731E-01  0.57940E-01
   0.58150E-01  0.41529E-01  0.35240E-01  0.19228E-01  0.17842E-01  0.19434E-01
   0.99962E-02  0.00000E+00  0.14827E-01  0.59607E-02  0.68780E-02  0.00000E+00
   0.98934E-03  0.00000E+00  0.37833E-02  0.35285E-02  0.11360E-02  0.00000E+00
   0.55453E-02

 ...WARNING..SOLUTION IS DEGENERATE
 VARIABLE X(14) IS IN THE SOLUTION WITH A ZERO VALUE

 NUMBER OF VARIABLES=   25 NUMBER OF CONSTRAINTS=    5
 COEFFICIENTS ON VARIABLES IN OBJECTIVE FUNCTION
  -0.59640     -0.60931     -0.61670     -0.63139     -0.64313     -0.66665
  -0.68248     -0.68671     -0.70640     -0.72303     -0.75057     -0.77559
  -0.80371     -0.83258     -0.85453     -0.86973     -0.89962     -0.92749
  -0.95115     -0.97368      -1.0000      -1.0260      -1.0475      -1.0768
   -1.1048
 CONSTRAINT COEFFICIENTS AND CONSTRAINT VALUES
   -32.698      -33.812      -34.816      -36.539      -38.634      -40.279
   -41.560      -42.847      -44.575      -46.821      -48.949      -50.538
   -53.288      -55.907      -56.226      -58.055      -60.369      -62.164
   -63.264      -64.806      -66.327      -68.153      -69.761      -71.756
   -73.262
   -66.327
   -7.9898      -8.3246      -8.4906      -8.8349      -9.2351      -9.5194
   -9.6802      -9.9780      -10.273      -10.728      -11.076      -11.423
   -11.783      -12.139      -12.645      -12.865      -13.302      -13.788
   -13.828      -14.041      -14.382      -14.996      -15.746      -16.362
   -17.209
   -14.382
   -22.105      -22.517      -24.188      -26.163      -27.623      -29.327
   -26.908      -29.265      -32.642      -36.231      -38.445      -40.534
   -42.959      -47.188      -46.842      -47.636      -50.661      -56.177
   -57.288      -55.914      -54.564      -52.700      -52.680      -55.091
   -55.083
   -54.564
   -16.469      -18.109      -20.080      -20.999      -21.402      -23.519
   -25.551      -25.411      -25.538      -25.867      -26.762      -27.557
   -28.698      -29.849      -30.566      -32.002      -32.278      -33.763
   -35.554      -37.670      -40.244      -42.998      -45.365      -46.901
   -48.506
   -40.244
    15.556       16.285       17.896       19.729       20.738       23.237
    23.010       23.321       26.398       29.962       33.707       36.449
    40.300       46.120       44.540       47.720       52.620       58.598
    58.758       57.388       57.941       57.872       60.594       64.613
    65.316
    57.941

 MAXIMIZED VALUE OF OBJECTIVE FUNCTION IS  -0.9990
 PRIMAL SOLUTION
   0.00000E+00  0.00000E+00  0.00000E+00  0.00000E+00  0.00000E+00  0.00000E+00
   0.00000E+00  0.00000E+00  0.00000E+00  0.00000E+00  0.00000E+00  0.00000E+00
   0.00000E+00  0.00000E+00  0.00000E+00  0.00000E+00  0.00000E+00  0.00000E+00
   0.00000E+00  0.57284      0.00000E+00  0.31049      0.11715      0.00000E+00
   0.00000E+00
 SLACK VARIABLES
   0.12941      0.16203      0.00000E+00  0.00000E+00  0.00000E+00
 DUAL SOLUTION
   0.00000E+00  0.00000E+00  0.13268E-01  0.18566E-01  0.81475E-02
 DUAL SLACK VARIABLES
   0.12410      0.10703      0.68783E-01  0.55138E-01  0.48260E-01  0.30218E-01
   0.38570E-01  0.16660E-01  0.14278E-01  0.62095E-02  0.18266E-01  0.23146E-01
   0.29275E-01  0.28110E-01  0.28447E-01  0.32356E-01  0.56919E-01  0.32727E-01
   0.97147E-02  0.00000E+00  0.97111E-03  0.00000E+00  0.00000E+00  0.15822E-02
   0.55748E-02
 NUMBER OF VARIABLES=   25 NUMBER OF CONSTRAINTS=    5
 COEFFICIENTS ON VARIABLES IN OBJECTIVE FUNCTION
  -0.58424     -0.59678     -0.60387     -0.61815     -0.62949     -0.65247
  -0.66781     -0.67175     -0.69097     -0.70707     -0.73391     -0.75820
  -0.78555     -0.81362     -0.83471     -0.84915     -0.87820     -0.90518
  -0.92784     -0.94939     -0.97480      -1.0000      -1.0208      -1.0495
   -1.0767
 CONSTRAINT COEFFICIENTS AND CONSTRAINT VALUES
   -32.698      -33.812      -34.816      -36.539      -38.634      -40.279
   -41.560      -42.847      -44.575      -46.821      -48.949      -50.538
   -53.288      -55.907      -56.226      -58.055      -60.369      -62.164
   -63.264      -64.806      -66.327      -68.153      -69.761      -71.756
   -73.262
   -68.153
   -7.9898      -8.3246      -8.4906      -8.8349      -9.2351      -9.5194
   -9.6802      -9.9780      -10.273      -10.728      -11.076      -11.423
   -11.783      -12.139      -12.645      -12.865      -13.302      -13.788
   -13.828      -14.041      -14.382      -14.996      -15.746      -16.362
   -17.209
   -14.996
   -22.105      -22.517      -24.188      -26.163      -27.623      -29.327
   -26.908      -29.265      -32.642      -36.231      -38.445      -40.534
   -42.959      -47.188      -46.842      -47.636      -50.661      -56.177
   -57.288      -55.914      -54.564      -52.700      -52.680      -55.091
   -55.083
   -52.700
   -16.469      -18.109      -20.080      -20.999      -21.402      -23.519
   -25.551      -25.411      -25.538      -25.867      -26.762      -27.557
   -28.698      -29.849      -30.566      -32.002      -32.278      -33.763
   -35.554      -37.670      -40.244      -42.998      -45.365      -46.901
   -48.506
   -42.998
    15.556       16.285       17.896       19.729       20.738       23.237
    23.010       23.321       26.398       29.962       33.707       36.449
    40.300       46.120       44.540       47.720       52.620       58.598
    58.758       57.388       57.941       57.872       60.594       64.613
    65.316
    57.872

 MAXIMIZED VALUE OF OBJECTIVE FUNCTION IS   -1.000
 PRIMAL SOLUTION
   0.00000E+00  0.00000E+00  0.00000E+00  0.00000E+00  0.00000E+00  0.00000E+00
   0.00000E+00  0.00000E+00  0.00000E+00  0.00000E+00  0.00000E+00  0.00000E+00
   0.00000E+00  0.00000E+00  0.00000E+00  0.00000E+00  0.00000E+00  0.00000E+00
   0.00000E+00  0.00000E+00  0.00000E+00   1.0000      0.22204E-15  0.00000E+00
   0.00000E+00
 SLACK VARIABLES
   0.00000E+00  0.13878E-16  0.00000E+00  0.00000E+00  0.00000E+00
 DUAL SOLUTION
   0.11554E-01  0.00000E+00  0.37692E-02  0.48193E-02  0.33402E-02
 DUAL SLACK VARIABLES
   0.95710E-01  0.88374E-01  0.73429E-01  0.62059E-01  0.45124E-01  0.40824E-01
   0.39927E-01  0.21822E-01  0.18027E-01  0.49636E-02  0.70598E-02  0.10448E-01
   0.42426E-02  0.00000E+00  0.99765E-02  0.39905E-02  0.99456E-02  0.82033E-02
   0.58782E-02  0.00000E+00  0.23816E-02  0.00000E+00  0.00000E+00  0.25269E-02
   0.69731E-02

 ...WARNING..SOLUTION IS DEGENERATE
 VARIABLE X(20) IS IN THE SOLUTION WITH A ZERO VALUE

 NUMBER OF VARIABLES=   25 NUMBER OF CONSTRAINTS=    5
 COEFFICIENTS ON VARIABLES IN OBJECTIVE FUNCTION
  -0.56703     -0.57937     -0.58652     -0.60057     -0.61186     -0.63426
  -0.64944     -0.65363     -0.67240     -0.68836     -0.71466     -0.73860
  -0.76549     -0.79311     -0.81430     -0.82908     -0.85769     -0.88444
  -0.90733     -0.92915     -0.95446     -0.97939      -1.0000      -1.0280
   -1.0547
 CONSTRAINT COEFFICIENTS AND CONSTRAINT VALUES
   -32.698      -33.812      -34.816      -36.539      -38.634      -40.279
   -41.560      -42.847      -44.575      -46.821      -48.949      -50.538
   -53.288      -55.907      -56.226      -58.055      -60.369      -62.164
   -63.264      -64.806      -66.327      -68.153      -69.761      -71.756
   -73.262
   -69.761
   -7.9898      -8.3246      -8.4906      -8.8349      -9.2351      -9.5194
   -9.6802      -9.9780      -10.273      -10.728      -11.076      -11.423
   -11.783      -12.139      -12.645      -12.865      -13.302      -13.788
   -13.828      -14.041      -14.382      -14.996      -15.746      -16.362
   -17.209
   -15.746
   -22.105      -22.517      -24.188      -26.163      -27.623      -29.327
   -26.908      -29.265      -32.642      -36.231      -38.445      -40.534
   -42.959      -47.188      -46.842      -47.636      -50.661      -56.177
   -57.288      -55.914      -54.564      -52.700      -52.680      -55.091
   -55.083
   -52.680
   -16.469      -18.109      -20.080      -20.999      -21.402      -23.519
   -25.551      -25.411      -25.538      -25.867      -26.762      -27.557
   -28.698      -29.849      -30.566      -32.002      -32.278      -33.763
   -35.554      -37.670      -40.244      -42.998      -45.365      -46.901
   -48.506
   -45.365
    15.556       16.285       17.896       19.729       20.738       23.237
    23.010       23.321       26.398       29.962       33.707       36.449
    40.300       46.120       44.540       47.720       52.620       58.598
    58.758       57.388       57.941       57.872       60.594       64.613
    65.316
    60.594

 MAXIMIZED VALUE OF OBJECTIVE FUNCTION IS   -1.000
 PRIMAL SOLUTION
   0.00000E+00  0.00000E+00  0.00000E+00  0.00000E+00  0.00000E+00  0.00000E+00
   0.00000E+00  0.00000E+00  0.00000E+00  0.00000E+00  0.00000E+00  0.00000E+00
   0.00000E+00  0.00000E+00  0.00000E+00  0.00000E+00  0.00000E+00  0.00000E+00
   0.00000E+00  0.00000E+00  0.00000E+00  0.00000E+00   1.0000      0.00000E+00
   0.00000E+00
 SLACK VARIABLES
   0.00000E+00  0.00000E+00  0.00000E+00  0.00000E+00  0.00000E+00
 DUAL SOLUTION
   0.13767E-01  0.00000E+00  0.00000E+00  0.14313E-02  0.41786E-03
 DUAL SLACK VARIABLES
   0.99804E-01  0.94779E-01  0.85948E-01  0.75722E-01  0.58036E-01  0.55797E-01
   0.50343E-01  0.37134E-01  0.33231E-01  0.19290E-01  0.16572E-01  0.18649E-01
   0.76513E-02  0.00000E+00  0.15110E-01  0.39859E-02  0.23923E-02  0.48036E-02
   0.10060E-01  0.70347E-02  0.79582E-02  0.37797E-02  0.00000E+00  0.00000E+00
   0.39666E-02

 ...WARNING..SOLUTION IS DEGENERATE
 VARIABLE X(14) IS IN THE SOLUTION WITH A ZERO VALUE

 NUMBER OF VARIABLES=   25 NUMBER OF CONSTRAINTS=    5
 COEFFICIENTS ON VARIABLES IN OBJECTIVE FUNCTION
  -0.55055     -0.56257     -0.56957     -0.58324     -0.59427     -0.61603
  -0.63083     -0.63497     -0.65322     -0.66879     -0.69437     -0.71769
  -0.74386     -0.77077     -0.79148     -0.80599     -0.83384     -0.85993
  -0.88234     -0.90370     -0.92841     -0.95271     -0.97280      -1.0000
   -1.0260
 CONSTRAINT COEFFICIENTS AND CONSTRAINT VALUES
   -32.698      -33.812      -34.816      -36.539      -38.634      -40.279
   -41.560      -42.847      -44.575      -46.821      -48.949      -50.538
   -53.288      -55.907      -56.226      -58.055      -60.369      -62.164
   -63.264      -64.806      -66.327      -68.153      -69.761      -71.756
   -73.262
   -71.756
   -7.9898      -8.3246      -8.4906      -8.8349      -9.2351      -9.5194
   -9.6802      -9.9780      -10.273      -10.728      -11.076      -11.423
   -11.783      -12.139      -12.645      -12.865      -13.302      -13.788
   -13.828      -14.041      -14.382      -14.996      -15.746      -16.362
   -17.209
   -16.362
   -22.105      -22.517      -24.188      -26.163      -27.623      -29.327
   -26.908      -29.265      -32.642      -36.231      -38.445      -40.534
   -42.959      -47.188      -46.842      -47.636      -50.661      -56.177
   -57.288      -55.914      -54.564      -52.700      -52.680      -55.091
   -55.083
   -55.091
   -16.469      -18.109      -20.080      -20.999      -21.402      -23.519
   -25.551      -25.411      -25.538      -25.867      -26.762      -27.557
   -28.698      -29.849      -30.566      -32.002      -32.278      -33.763
   -35.554      -37.670      -40.244      -42.998      -45.365      -46.901
   -48.506
   -46.901
    15.556       16.285       17.896       19.729       20.738       23.237
    23.010       23.321       26.398       29.962       33.707       36.449
    40.300       46.120       44.540       47.720       52.620       58.598
    58.758       57.388       57.941       57.872       60.594       64.613
    65.316
    64.613

 MAXIMIZED VALUE OF OBJECTIVE FUNCTION IS   -1.000
 PRIMAL SOLUTION
   0.00000E+00  0.00000E+00  0.00000E+00  0.00000E+00  0.00000E+00  0.00000E+00
   0.00000E+00  0.00000E+00  0.00000E+00  0.00000E+00  0.00000E+00  0.00000E+00
   0.00000E+00  0.00000E+00  0.00000E+00  0.00000E+00  0.00000E+00  0.00000E+00
   0.00000E+00  0.00000E+00  0.00000E+00  0.00000E+00  0.00000E+00   1.0000
   0.00000E+00
 SLACK VARIABLES
   0.00000E+00  0.00000E+00  0.00000E+00  0.00000E+00  0.00000E+00
 DUAL SOLUTION
   0.13119E-01  0.00000E+00  0.00000E+00  0.12504E-02  0.00000E+00
 DUAL SLACK VARIABLES
   0.10099      0.96355E-01  0.87707E-01  0.77625E-01  0.60677E-01  0.58210E-01
   0.53667E-01  0.41087E-01  0.36518E-01  0.22207E-01  0.18752E-01  0.20234E-01
   0.89032E-02  0.00000E+00  0.15635E-01  0.43517E-02  0.15104E-02  0.21914E-02
   0.79328E-02  0.64097E-02  0.79468E-02  0.48499E-02  0.88550E-03  0.00000E+00
   0.42241E-02

 ...WARNING..SOLUTION IS DEGENERATE
 VARIABLE X(14) IS IN THE SOLUTION WITH A ZERO VALUE

 NUMBER OF VARIABLES=   25 NUMBER OF CONSTRAINTS=    5
 COEFFICIENTS ON VARIABLES IN OBJECTIVE FUNCTION
  -0.53481     -0.54654     -0.55344     -0.56678     -0.57760     -0.59876
  -0.61325     -0.61738     -0.63515     -0.65039     -0.67533     -0.69811
  -0.72365     -0.74992     -0.77028     -0.78464     -0.81184     -0.83737
  -0.85945     -0.88051     -0.90473     -0.92850     -0.94816     -0.97464
   -1.0000
 CONSTRAINT COEFFICIENTS AND CONSTRAINT VALUES
   -32.698      -33.812      -34.816      -36.539      -38.634      -40.279
   -41.560      -42.847      -44.575      -46.821      -48.949      -50.538
   -53.288      -55.907      -56.226      -58.055      -60.369      -62.164
   -63.264      -64.806      -66.327      -68.153      -69.761      -71.756
   -73.262
   -73.262
   -7.9898      -8.3246      -8.4906      -8.8349      -9.2351      -9.5194
   -9.6802      -9.9780      -10.273      -10.728      -11.076      -11.423
   -11.783      -12.139      -12.645      -12.865      -13.302      -13.788
   -13.828      -14.041      -14.382      -14.996      -15.746      -16.362
   -17.209
   -17.209
   -22.105      -22.517      -24.188      -26.163      -27.623      -29.327
   -26.908      -29.265      -32.642      -36.231      -38.445      -40.534
   -42.959      -47.188      -46.842      -47.636      -50.661      -56.177
   -57.288      -55.914      -54.564      -52.700      -52.680      -55.091
   -55.083
   -55.083
   -16.469      -18.109      -20.080      -20.999      -21.402      -23.519
   -25.551      -25.411      -25.538      -25.867      -26.762      -27.557
   -28.698      -29.849      -30.566      -32.002      -32.278      -33.763
   -35.554      -37.670      -40.244      -42.998      -45.365      -46.901
   -48.506
   -48.506
    15.556       16.285       17.896       19.729       20.738       23.237
    23.010       23.321       26.398       29.962       33.707       36.449
    40.300       46.120       44.540       47.720       52.620       58.598
    58.758       57.388       57.941       57.872       60.594       64.613
    65.316
    65.316

 MAXIMIZED VALUE OF OBJECTIVE FUNCTION IS   -1.000
 PRIMAL SOLUTION
   0.00000E+00  0.00000E+00  0.00000E+00  0.00000E+00  0.00000E+00  0.00000E+00
   0.00000E+00  0.00000E+00  0.00000E+00  0.00000E+00  0.00000E+00  0.00000E+00
   0.00000E+00  0.00000E+00  0.00000E+00  0.00000E+00  0.00000E+00  0.00000E+00
   0.00000E+00  0.00000E+00  0.00000E+00  0.00000E+00  0.00000E+00  0.00000E+00
    1.0000
 SLACK VARIABLES
   0.00000E+00  0.00000E+00  0.00000E+00  0.00000E+00  0.00000E+00
 DUAL SOLUTION
   0.11949E-01  0.68524E-02  0.00000E+00  0.13646E-02  0.91186E-03
 DUAL SLACK VARIABLES
   0.81048E-01  0.75610E-01  0.68139E-01  0.58949E-01  0.42369E-01  0.41321E-01
   0.36415E-01  0.23603E-01  0.21343E-01  0.94228E-02  0.87414E-02  0.11573E-01
   0.37425E-02  0.00000E+00  0.10668E-01  0.26068E-02  0.32516E-02  0.74320E-02
   0.13792E-01  0.10821E-01  0.11526E-01  0.54492E-02  0.00000E+00  0.00000E+00
   0.00000E+00

 ...WARNING..SOLUTION IS DEGENERATE
 VARIABLE X(14) IS IN THE SOLUTION WITH A ZERO VALUE

 EXECUTION FINISHED FOR DO LOOP  #=      25

 |_*RECALL THAT WE WERE SOLVING A MINIMIZATION PROBLEM BUT WE HAD TO CONVERT IT TO A MAXIMIZATION PROBLEM TO
 |_*SUIT THE SHAZAM FORMAT FOR RUNNING LP'S.  THUS OUR EFFICIENCY OF OBSERVATION # IS EQUAL TO MINUS
 |_*THE OPTIMIZED OBJECTIVE FUNCTION.
 |_*FOR EACH OF THE 25 LP'S, THE PRIMAL SOLUTION IS GENERATED AS F#. WE INNER PRODUCT THIS SOLUTION VECTOR
 |_*WITH THE OBJECTIVE FUNCTION C# VECTOR TO GET THE OPTIMIZED OBJECTIVE FUNCTION VALUE E
 |_SMPL 1 25

 |_GENR E=0

 |_DO #=1,25

 |_SMPL # #

 |_GENR E=E#(1)

 |_ENDO
 EXECUTION BEGINNING FOR DO LOOP  # =       1
 EXECUTION FINISHED FOR DO LOOP  #=      25

 |_SMPL 1 25

 |_*CHANGE THE SIGN OF THE EFFICIENCY MEASURES FROM NEGATIVE TO POSITIVE
 |_GENR E=-E

 |_FORMAT(F8.0,F10.4)

 |_PRINT YEAR E / FORMAT
       YEAR           E
   1994.    1.0000
   1995.    1.0000
   1996.    1.0000
   1997.    0.9928
   1998.    1.0000
   1999.    0.9926
   2000.    1.0000
   2001.    1.0000
   2002.    1.0000
   2003.    1.0000
   2004.    0.9986
   2005.    0.9951
   2006.    1.0000
   2007.    1.0000
   2008.    0.9960
   2009.    0.9975
   2010.    0.9992
   2011.    1.0000
   2012.    1.0000
   2013.    1.0000
   2014.    0.9990
   2015.    1.0000
   2016.    1.0000
   2017.    1.0000
   2018.    1.0000

 |_*   YEAR       E
 |_*   1994.    1.0000
 |_*   1995.    1.0000
 |_*   1996.    0.9893
 |_*   1997.    0.9606
 |_*   1998.    0.9665
 |_*   1999.    0.9787
 |_*   2000.    1.0000
 |_*   2001.    1.0000
 |_*   2002.    1.0000
 |_*   2003.    1.0000
 |_*   2004.    1.0000
 |_*   2005.    1.0000
 |_*   2006.    1.0000
 |_*   2007.    1.0000
 |_*   2008.    0.9965
 |_*   2009.    1.0000
 |_*   2010.    1.0000
 |_*   2011.    1.0000
 |_*   2012.    1.0000
 |_*   2013.    1.0000
 |_*   2014.    1.0000
 |_*   2015.    0.9860
 |_*   2016.    0.9927
 |_*   2017.    1.0000
 |_*   2018.    1.0000
 |_*THERE ARE 6 INEFFICIENT OBSERVATIONS USING THIS CONVEXT CRS TECHNOLOGY PLUS COST MINIMIZATION EFFICIENCY MODEL.
 |_STOP

