 Welcome to SHAZAM (Double Precision) v11.1 -  APR 2015 WIN-NT   PAR=112400
 ...NOTE..CURRENT WORKING DIRECTORY IS: C:\Users\jules\Desktop\Diewert_Jules\Consumer models

 |_*THIS IS CMOD4.TXT,A 2 GOOD CONSUMER REGRESSION MODEL BASED ON THE                 JUNE 30,2019
 |_*NORMALIZED QUADRATIC EXPENDITURE FUNCTION.
 |_*IN THIS MODEL, WE WILL CALCULATE UTILITY USING THE EXACT INDEX NUMBER FORMULA FOR THE NORMALIZED
 |_*QUADRATIC FUNCTIONAL FORM; SEE EQUATION (90) IN CHAPTER 5, PART II OF THE ECON 594 LECTURE NOTES.
 |_*THIS MODEL FOLLOWS UP ON CMOD3.TXT BUT WE WILL NOW USE THE BREAK POINTS IN CMOD3 TO IMPOSE
 |_*SPLINES ON UTILITY IN ORDER TO IMPROVE THE FIT OF OUR EQUATIONS
 |_*GOOD 1 IS PER POP CONSUMPTION AND GOOD 2 IS PER POP LABOUR SUPPLY CONVERTED INTO LEISURE DEMAND.
 |_SET NODOECHO

 |_SMPL 1 60

 |_*YOUR SMPL MAY BE DIFFERENT. NOW READ IN PER POP CONSUMER DATA FROM DATOUT.TXT
 |_READ YEAR X1 X2 PC1 PC2
 ...NOTE..    5 VARIABLES AND       60 OBSERVATIONS STARTING AT OBS       1


 |_*X1=PER CAPITA CONSUMPTION
 |_*X2=PER CAPITA LABOUR SUPPLY
 |_FORMAT(F8.0,4F15.5)

 |_PRINT YEAR X1 X2 PC1 PC2 / FORMAT
       YEAR           X1             X2             PC1            PC2
   1959.        0.94213        0.75025        1.00000        1.00000
   1960.        0.94160        0.76335        1.04057        1.03473
   1961.        0.94247        0.74680        1.04632        1.06254
   1962.        0.97524        0.78068        1.05999        1.05361
   1963.        1.02414        0.80649        1.07549        1.09064
   1964.        1.05392        0.83313        1.11047        1.15804
   1965.        1.06367        0.83669        1.14922        1.21684
   1966.        1.09903        0.85221        1.18230        1.27688
   1967.        1.13349        0.85508        1.22689        1.34511
   1968.        1.17089        0.84562        1.26776        1.47316
   1969.        1.21622        0.84341        1.32214        1.60347
   1970.        1.23784        0.85255        1.40137        1.79477
   1971.        1.23051        0.83523        1.49660        1.92863
   1972.        1.26771        0.83397        1.59397        2.13238
   1973.        1.32701        0.84556        1.78636        2.47628
   1974.        1.36983        0.83956        2.10045        3.11785
   1975.        1.36665        0.82688        2.43408        3.60072
   1976.        1.42505        0.82235        2.71156        4.01921
   1977.        1.43581        0.82246        2.96242        4.38523
   1978.        1.44203        0.81665        3.23147        4.69709
   1979.        1.45053        0.83138        3.55176        5.07562
   1980.        1.47679        0.84170        3.89987        5.70114
   1981.        1.54710        0.84202        4.26864        6.40249
   1982.        1.55717        0.80677        4.72946        7.20453
   1983.        1.55210        0.79064        5.07748        7.84229
   1984.        1.54723        0.81438        5.38738        8.10991
   1985.        1.60567        0.83416        5.78719        8.56054
   1986.        1.61458        0.84582        6.27865        8.83882
   1987.        1.64073        0.85775        6.72305        9.38893
   1988.        1.68889        0.87744        7.17196       10.00849
   1989.        1.73208        0.90350        7.64978       10.87793
   1990.        1.70132        0.85249        8.06125       11.89643
   1991.        1.72164        0.82751        8.27285       12.58366
   1992.        1.73828        0.81809        8.42305       13.24905
   1993.        1.75861        0.84515        8.57934       13.07484
   1994.        1.81609        0.87374        8.75687       13.11379
   1995.        1.85525        0.87663        8.99539       13.70776
   1996.        1.88983        0.86914        9.12079       14.47196
   1997.        1.96369        0.87587        9.26638       14.71216
   1998.        2.05364        0.87376        9.34641       15.28891
   1999.        2.11672        0.89384        9.53106       15.37843
   2000.        2.15618        0.89516        9.95020       16.91677
   2001.        2.19783        0.88024       10.20479       17.71036
   2002.        2.26029        0.89303       10.51083       18.26312
   2003.        2.34894        0.89586       10.67488       19.02731
   2004.        2.42599        0.91389       10.85779       19.72856
   2005.        2.47116        0.92363       11.18561       20.63304
   2006.        2.55851        0.93303       11.56763       22.29131
   2007.        2.63103        0.93991       11.92741       23.66468
   2008.        2.59205        0.92852       12.28199       24.64378
   2009.        2.63507        0.91230       12.59164       26.14124
   2010.        2.70228        0.92452       12.83965       27.56287
   2011.        2.73446        0.92660       13.15078       28.38844
   2012.        2.73535        0.91547       13.49229       28.89385
   2013.        2.76057        0.90518       13.80931       29.75176
   2014.        2.78498        0.90588       14.00880       29.81375
   2015.        2.81730        0.90885       14.19698       30.03215
   2016.        2.83561        0.90726       14.35172       30.19166
   2017.        2.87104        0.91980       14.55362       30.50860
   2018.        2.88234        0.92659       14.78896       31.07464

 |_*GENR THE DIFFERENCE BETWEEN THE VALUE OF CONSUMPTION AND THE AFTER TAX VALUE OF LABOUR SUPPLY
 |_GENR VC=PC1*X1

 |_GENR VL=PC2*X2

 |_GENR VCL=VC-VL

 |_FORMAT(F8.0,3F10.3)

 |_PRINT YEAR VC VL VCL / FORMAT
       YEAR           VC             VL             VCL
   1959.     0.942     0.750     0.192
   1960.     0.980     0.790     0.190
   1961.     0.986     0.794     0.193
   1962.     1.034     0.823     0.211
   1963.     1.101     0.880     0.222
   1964.     1.170     0.965     0.206
   1965.     1.222     1.018     0.204
   1966.     1.299     1.088     0.211
   1967.     1.391     1.150     0.240
   1968.     1.484     1.246     0.239
   1969.     1.608     1.352     0.256
   1970.     1.735     1.530     0.205
   1971.     1.842     1.611     0.231
   1972.     2.021     1.778     0.242
   1973.     2.371     2.094     0.277
   1974.     2.877     2.618     0.260
   1975.     3.327     2.977     0.349
   1976.     3.864     3.305     0.559
   1977.     4.253     3.607     0.647
   1978.     4.660     3.836     0.824
   1979.     5.152     4.220     0.932
   1980.     5.759     4.799     0.961
   1981.     6.604     5.391     1.213
   1982.     7.365     5.812     1.552
   1983.     7.881     6.200     1.680
   1984.     8.336     6.605     1.731
   1985.     9.292     7.141     2.151
   1986.    10.137     7.476     2.661
   1987.    11.031     8.053     2.977
   1988.    12.113     8.782     3.331
   1989.    13.250     9.828     3.422
   1990.    13.715    10.142     3.573
   1991.    14.243    10.413     3.830
   1992.    14.642    10.839     3.803
   1993.    15.088    11.050     4.038
   1994.    15.903    11.458     4.445
   1995.    16.689    12.017     4.672
   1996.    17.237    12.578     4.659
   1997.    18.196    12.886     5.310
   1998.    19.194    13.359     5.835
   1999.    20.175    13.746     6.429
   2000.    21.454    15.143     6.311
   2001.    22.428    15.589     6.839
   2002.    23.758    16.310     7.448
   2003.    25.075    17.046     8.029
   2004.    26.341    18.030     8.311
   2005.    27.641    19.057     8.584
   2006.    29.596    20.798     8.797
   2007.    31.381    22.243     9.139
   2008.    31.836    22.882     8.953
   2009.    33.180    23.849     9.331
   2010.    34.696    25.482     9.214
   2011.    35.960    26.305     9.656
   2012.    36.906    26.451    10.455
   2013.    38.122    26.931    11.191
   2014.    39.014    27.008    12.007
   2015.    39.997    27.295    12.702
   2016.    40.696    27.392    13.304
   2017.    41.784    28.062    13.722
   2018.    42.627    28.793    13.833

 |_*THE VALUE OF CONSUMPTION EXCEEDS THE VALUE OF AFTER TAX LABOUR INCOME CONSISTENTLY OVER THE SAMPLE PERIOD.

 |_*WE CONVERT LABOUR SUPPLY INTO LEISURE DEMAND
 |_*ASSUME EFFECTIVE HOURS ARE EQUAL TO TWICE THE AVERAGE HOURS OF LABOUR SUPPLIED
 |_*THIS IS THE WEAKNESS OF A LEISURE MODEL; THE MAXIMUM NUMBER OF HOURS THAT COULD BE WORKED IS SOMEWHAT ARBITRARY.
 |_STAT X2 / MEAN=AVE
 NAME        N    MEAN        ST. DEV      VARIANCE     MINIMUM      MAXIMUM
 X2           60  0.86027     0.47126E-01 0.22209E-02  0.74680      0.93991

 |_GENR ONE=1

 |_GENR H=2*ONE*AVE

 |_GENR X=H-X2

 |_*GENR A NEW X2 WHICH IS EQUAL TO PER CAPITA LEISURE RATHER THAN PER CAPITA LABOUR SUPPLY
 |_GENR X2=X

 |_GENR Y=PC1*X1+PC2*X2

 |_FORMAT(6F12.4)

 |_PRINT X1 X2 PC1 PC2 Y / FORMAT
       X1             X2             PC1            PC2            Y
      0.9421      0.9703      1.0000      1.0000      1.9124
      0.9416      0.9572      1.0406      1.0347      1.9702
      0.9425      0.9737      1.0463      1.0625      2.0208
      0.9752      0.9399      1.0600      1.0536      2.0240
      1.0241      0.9141      1.0755      1.0906      2.0984
      1.0539      0.8874      1.1105      1.1580      2.1980
      1.0637      0.8839      1.1492      1.2168      2.2979
      1.0990      0.8683      1.1823      1.2769      2.4081
      1.1335      0.8655      1.2269      1.3451      2.5548
      1.1709      0.8749      1.2678      1.4732      2.7733
      1.2162      0.8771      1.3221      1.6035      3.0145
      1.2378      0.8680      1.4014      1.7948      3.2925
      1.2305      0.8853      1.4966      1.9286      3.5490
      1.2677      0.8866      1.5940      2.1324      3.9112
      1.3270      0.8750      1.7864      2.4763      4.5372
      1.3698      0.8810      2.1004      3.1178      5.6240
      1.3666      0.8937      2.4341      3.6007      6.5444
      1.4250      0.8982      2.7116      4.0192      7.4742
      1.4358      0.8981      2.9624      4.3852      8.1918
      1.4420      0.9039      3.2315      4.6971      8.9056
      1.4505      0.8892      3.5518      5.0756      9.6650
      1.4768      0.8788      3.8999      5.7011     10.7697
      1.5471      0.8785      4.2686      6.4025     12.2288
      1.5572      0.9138      4.7295      7.2045     13.9479
      1.5521      0.9299      5.0775      7.8423     15.1734
      1.5472      0.9062      5.3874      8.1099     15.6845
      1.6057      0.8864      5.7872      8.5605     16.8803
      1.6146      0.8747      6.2786      8.8388     17.8689
      1.6407      0.8628      6.7230      9.3889     19.1315
      1.6889      0.8431      7.1720     10.0085     20.5509
      1.7321      0.8170      7.6498     10.8779     22.1378
      1.7013      0.8681      8.0612     11.8964     24.0415
      1.7216      0.8930      8.2729     12.5837     25.4805
      1.7383      0.9025      8.4230     13.2491     26.5983
      1.7586      0.8754      8.5793     13.0748     26.5334
      1.8161      0.8468      8.7569     13.1138     27.0081
      1.8553      0.8439      8.9954     13.7078     28.2569
      1.8898      0.8514      9.1208     14.4720     29.5583
      1.9637      0.8447      9.2664     14.7122     30.6233
      2.0536      0.8468      9.3464     15.2889     32.1406
      2.1167      0.8267      9.5311     15.3784     32.8880
      2.1562      0.8254      9.9502     16.9168     35.4173
      2.1978      0.8403     10.2048     17.7104     37.3105
      2.2603      0.8275     10.5108     18.2631     38.8706
      2.3489      0.8247     10.6749     19.0273     40.7662
      2.4260      0.8067     10.8578     19.7286     42.2551
      2.4712      0.7969     11.1856     20.6330     44.0843
      2.5585      0.7875     11.5676     22.2913     47.1507
      2.6310      0.7806     11.9274     23.6647     49.8549
      2.5920      0.7920     12.2820     24.6438     51.3541
      2.6351      0.8082     12.5916     26.1412     54.3084
      2.7023      0.7960     12.8397     27.5629     56.6371
      2.7345      0.7939     13.1508     28.3884     58.4992
      2.7353      0.8051     13.4923     28.8939     60.1679
      2.7606      0.8154     13.8093     29.7518     62.3802
      2.7850      0.8147     14.0088     29.8137     63.3025
      2.8173      0.8117     14.1970     30.0322     64.3742
      2.8356      0.8133     14.3517     30.1917     65.2504
      2.8710      0.8007     14.5536     30.5086     66.2137
      2.8823      0.7940     14.7890     31.0746     67.2987

 |_INDEX PC1 X1 PC2 X2 / CHAIN FISHER=PUFCH QFISHER=UFCH

 REQUIRED MEMORY IS PAR=      11 CURRENT PAR=  112400
 BASE PERIOD IS OBSERVATION     1
 ALL INDEXES ARE CHAINED
 FISHER   WILL BE STORED AS VARIABLE: PUFCH
 QFISHER  WILL BE STORED AS VARIABLE: UFCH
                     PRICE INDEX                          QUANTITY
     DIVISIA PAASCHE LASPEYRES FISHER  DIVISIA    PAASCHE  LASPEYRES    FISHER
   1  1.000  1.000  1.000  1.000   1.912       1.912       1.912       1.912
   2  1.038  1.038  1.038  1.038   1.899       1.899       1.899       1.899
   3  1.055  1.055  1.054  1.055   1.916       1.916       1.916       1.916
   4  1.057  1.057  1.057  1.057   1.915       1.915       1.915       1.915
   5  1.083  1.083  1.083  1.083   1.938       1.938       1.938       1.938
   6  1.133  1.133  1.133  1.133   1.940       1.941       1.940       1.940
   7  1.181  1.181  1.181  1.181   1.946       1.947       1.946       1.946
   8  1.226  1.226  1.226  1.226   1.964       1.965       1.964       1.964
   9  1.281  1.280  1.281  1.281   1.994       1.995       1.994       1.994
  10  1.360  1.359  1.360  1.360   2.040       2.041       2.039       2.040
  11  1.446  1.445  1.447  1.446   2.084       2.086       2.083       2.084
  12  1.573  1.571  1.574  1.573   2.093       2.095       2.092       2.093
  13  1.685  1.683  1.686  1.685   2.107       2.109       2.105       2.107
  14  1.827  1.825  1.829  1.827   2.141       2.143       2.139       2.141
  15  2.083  2.080  2.085  2.083   2.179       2.181       2.176       2.179
  16  2.531  2.527  2.535  2.531   2.222       2.225       2.219       2.222
  17  2.928  2.924  2.933  2.928   2.235       2.238       2.232       2.235
  18  3.265  3.260  3.270  3.265   2.289       2.292       2.286       2.289
  19  3.565  3.560  3.570  3.565   2.298       2.301       2.294       2.298
  20  3.855  3.849  3.861  3.855   2.310       2.314       2.307       2.310
  21  4.203  4.197  4.209  4.203   2.299       2.303       2.296       2.299
  22  4.664  4.657  4.672  4.664   2.309       2.312       2.305       2.309
  23  5.166  5.158  5.175  5.166   2.367       2.371       2.363       2.367
  24  5.766  5.756  5.775  5.766   2.419       2.423       2.415       2.419
  25  6.231  6.221  6.241  6.231   2.435       2.439       2.431       2.435
  26  6.531  6.521  6.541  6.531   2.402       2.405       2.398       2.402
  27  6.960  6.950  6.969  6.960   2.425       2.429       2.422       2.425
  28  7.387  7.378  7.397  7.387   2.419       2.422       2.416       2.419
  29  7.883  7.873  7.893  7.883   2.427       2.430       2.424       2.427
  30  8.407  8.397  8.418  8.407   2.444       2.448       2.441       2.444
  31  9.036  9.024  9.048  9.036   2.450       2.453       2.447       2.450
  32  9.670  9.660  9.680  9.670   2.486       2.489       2.484       2.486
  33 10.055 10.046 10.065 10.055   2.534       2.536       2.532       2.534
  34 10.392 10.382 10.402 10.392   2.560       2.562       2.557       2.560
  35 10.438 10.430 10.447 10.438   2.542       2.544       2.540       2.542
  36 10.576 10.569 10.583 10.576   2.554       2.555       2.552       2.554
  37 10.942 10.934 10.950 10.942   2.582       2.584       2.581       2.582
  38 11.281 11.273 11.290 11.281   2.620       2.622       2.618       2.620
  39 11.464 11.456 11.473 11.464   2.671       2.673       2.669       2.671
  40 11.704 11.693 11.714 11.704   2.746       2.749       2.744       2.746
  41 11.871 11.861 11.880 11.871   2.771       2.773       2.768       2.771
  42 12.648 12.636 12.660 12.648   2.800       2.803       2.798       2.800
  43 13.078 13.066 13.091 13.078   2.853       2.856       2.850       2.853
  44 13.477 13.464 13.489 13.477   2.884       2.887       2.882       2.884
  45 13.823 13.808 13.838 13.823   2.949       2.952       2.946       2.949
  46 14.163 14.146 14.180 14.163   2.984       2.987       2.980       2.984
  47 14.673 14.655 14.691 14.673   3.004       3.008       3.001       3.004
  48 15.423 15.400 15.446 15.423   3.057       3.062       3.053       3.057
  49 16.076 16.050 16.102 16.076   3.101       3.106       3.096       3.101
  50 16.624 16.598 16.651 16.624   3.089       3.094       3.084       3.089
  51 17.268 17.241 17.295 17.268   3.145       3.150       3.140       3.145
  52 17.838 17.808 17.869 17.839   3.175       3.180       3.170       3.175
  53 18.310 18.278 18.342 18.310   3.195       3.200       3.189       3.195
  54 18.728 18.695 18.761 18.728   3.213       3.218       3.207       3.213
  55 19.213 19.179 19.246 19.213   3.247       3.252       3.241       3.247
  56 19.398 19.365 19.432 19.398   3.263       3.269       3.258       3.263
  57 19.613 19.580 19.647 19.614   3.282       3.288       3.276       3.282
  58 19.786 19.752 19.820 19.786   3.298       3.304       3.292       3.298
  59 20.038 20.004 20.072 20.038   3.304       3.310       3.299       3.304
  60 20.379 20.345 20.414 20.379   3.302       3.308       3.297       3.302

 |_FORMAT(4F12.3)

 |_PRINT YEAR PUFCH UFCH Y / FORMAT
       YEAR           PUFCH          UFCH           Y
    1959.000       1.000       1.912       1.912
    1960.000       1.038       1.899       1.970
    1961.000       1.055       1.916       2.021
    1962.000       1.057       1.915       2.024
    1963.000       1.083       1.938       2.098
    1964.000       1.133       1.940       2.198
    1965.000       1.181       1.946       2.298
    1966.000       1.226       1.964       2.408
    1967.000       1.281       1.994       2.555
    1968.000       1.360       2.040       2.773
    1969.000       1.446       2.084       3.014
    1970.000       1.573       2.093       3.293
    1971.000       1.685       2.107       3.549
    1972.000       1.827       2.141       3.911
    1973.000       2.083       2.179       4.537
    1974.000       2.531       2.222       5.624
    1975.000       2.928       2.235       6.544
    1976.000       3.265       2.289       7.474
    1977.000       3.565       2.298       8.192
    1978.000       3.855       2.310       8.906
    1979.000       4.203       2.299       9.665
    1980.000       4.664       2.309      10.770
    1981.000       5.166       2.367      12.229
    1982.000       5.766       2.419      13.948
    1983.000       6.231       2.435      15.173
    1984.000       6.531       2.402      15.684
    1985.000       6.960       2.425      16.880
    1986.000       7.387       2.419      17.869
    1987.000       7.883       2.427      19.131
    1988.000       8.407       2.444      20.551
    1989.000       9.036       2.450      22.138
    1990.000       9.670       2.486      24.042
    1991.000      10.055       2.534      25.481
    1992.000      10.392       2.560      26.598
    1993.000      10.438       2.542      26.533
    1994.000      10.576       2.554      27.008
    1995.000      10.942       2.582      28.257
    1996.000      11.281       2.620      29.558
    1997.000      11.464       2.671      30.623
    1998.000      11.704       2.746      32.141
    1999.000      11.871       2.771      32.888
    2000.000      12.648       2.800      35.417
    2001.000      13.078       2.853      37.311
    2002.000      13.477       2.884      38.871
    2003.000      13.823       2.949      40.766
    2004.000      14.163       2.984      42.255
    2005.000      14.673       3.004      44.084
    2006.000      15.423       3.057      47.151
    2007.000      16.076       3.101      49.855
    2008.000      16.624       3.089      51.354
    2009.000      17.268       3.145      54.308
    2010.000      17.839       3.175      56.637
    2011.000      18.310       3.195      58.499
    2012.000      18.728       3.213      60.168
    2013.000      19.213       3.247      62.380
    2014.000      19.398       3.263      63.303
    2015.000      19.614       3.282      64.374
    2016.000      19.786       3.298      65.250
    2017.000      20.038       3.304      66.214
    2018.000      20.379       3.302      67.299


 |_*WE NEED FIXED WEIGHTS SUMMING TO 1,G1 AND G2. WE INITIALLY
 |_*DEFINE G1 AND G2 AS BEING EQUAL TO THE SAMPLE MEANS OF X1 AND X2 RESPECTIVELY
 |_*AND THEN WE NORMALIZE THEM TO ADD UP TO 1.
 |_STAT X1 / MEAN=GG1
 NAME        N    MEAN        ST. DEV      VARIANCE     MINIMUM      MAXIMUM
 X1           60   1.8182     0.61187     0.37439      0.94160       2.8823

 |_STAT X2 / MEAN=GG2
 NAME        N    MEAN        ST. DEV      VARIANCE     MINIMUM      MAXIMUM
 X2           60  0.86027     0.47126E-01 0.22209E-02  0.78064      0.97375

 |_GENR SUM=GG1+GG2

 |_GENR GG1=GG1/SUM
 ...WARNING..FINISHED AT OBS    1 THE LENGTH OF GG1

 |_GENR GG2=GG2/SUM
 ...WARNING..FINISHED AT OBS    1 THE LENGTH OF GG2

 |_SMPL 1 1

 |_PRINT GG1 GG2
       GG1            GG2
   0.6788238      0.3211762

 |_*NOTE THAT GG1 AND GG2 ARE SCALARS; WE CONVERT THEM TO VECTORS
 |_SMPL 1 60

 |_*YOUR SMPL MAY BE DIFFERENT
 |_GENR G1=1

 |_GENR G2=1

 |_GENR G1=GG1(1)*G1

 |_GENR G2=GG2(1)*G2

 |_GENR PG=PC1*G1+PC2*G2

 |_PRINT YEAR G1 G2 PG / FORMAT
       YEAR           G1             G2             PG
    1959.000       0.679       0.321       1.000
    1960.000       0.679       0.321       1.039
    1961.000       0.679       0.321       1.052
    1962.000       0.679       0.321       1.058
    1963.000       0.679       0.321       1.080
    1964.000       0.679       0.321       1.126
    1965.000       0.679       0.321       1.171
    1966.000       0.679       0.321       1.213
    1967.000       0.679       0.321       1.265
    1968.000       0.679       0.321       1.334
    1969.000       0.679       0.321       1.412
    1970.000       0.679       0.321       1.528
    1971.000       0.679       0.321       1.635
    1972.000       0.679       0.321       1.767
    1973.000       0.679       0.321       2.008
    1974.000       0.679       0.321       2.427
    1975.000       0.679       0.321       2.809
    1976.000       0.679       0.321       3.132
    1977.000       0.679       0.321       3.419
    1978.000       0.679       0.321       3.702
    1979.000       0.679       0.321       4.041
    1980.000       0.679       0.321       4.478
    1981.000       0.679       0.321       4.954
    1982.000       0.679       0.321       5.524
    1983.000       0.679       0.321       5.965
    1984.000       0.679       0.321       6.262
    1985.000       0.679       0.321       6.678
    1986.000       0.679       0.321       7.101
    1987.000       0.679       0.321       7.579
    1988.000       0.679       0.321       8.083
    1989.000       0.679       0.321       8.687
    1990.000       0.679       0.321       9.293
    1991.000       0.679       0.321       9.657
    1992.000       0.679       0.321       9.973
    1993.000       0.679       0.321      10.023
    1994.000       0.679       0.321      10.156
    1995.000       0.679       0.321      10.509
    1996.000       0.679       0.321      10.839
    1997.000       0.679       0.321      11.015
    1998.000       0.679       0.321      11.255
    1999.000       0.679       0.321      11.409
    2000.000       0.679       0.321      12.188
    2001.000       0.679       0.321      12.615
    2002.000       0.679       0.321      13.001
    2003.000       0.679       0.321      13.357
    2004.000       0.679       0.321      13.707
    2005.000       0.679       0.321      14.220
    2006.000       0.679       0.321      15.012
    2007.000       0.679       0.321      15.697
    2008.000       0.679       0.321      16.252
    2009.000       0.679       0.321      16.943
    2010.000       0.679       0.321      17.568
    2011.000       0.679       0.321      18.045
    2012.000       0.679       0.321      18.439
    2013.000       0.679       0.321      18.930
    2014.000       0.679       0.321      19.085
    2015.000       0.679       0.321      19.283
    2016.000       0.679       0.321      19.439
    2017.000       0.679       0.321      19.678
    2018.000       0.679       0.321      20.020

 |_*GENR PG NORMALIZED PRICES AND INCOME:
 |_GENR NY=Y/PG

 |_GENR NP1=PC1/PG

 |_GENR NP2=PC2/PG

 |_*GENR INCOME OR EXPENDITURE NORMALIZED PRICES:
 |_GENR PY1=PC1/Y

 |_GENR PY2=PC2/Y

 |_*GENR EXPENDITURE SHARES:
 |_GENR S1=PY1*X1

 |_GENR S2=PY2*X2

 |_PRINT YEAR NY S1 S2 / FORMAT
       YEAR           NY             S1             S2
    1959.000       1.912       0.493       0.507
    1960.000       1.897       0.497       0.503
    1961.000       1.922       0.488       0.512
    1962.000       1.913       0.511       0.489
    1963.000       1.942       0.525       0.475
    1964.000       1.952       0.532       0.468
    1965.000       1.962       0.532       0.468
    1966.000       1.986       0.540       0.460
    1967.000       2.020       0.544       0.456
    1968.000       2.079       0.535       0.465
    1969.000       2.134       0.533       0.467
    1970.000       2.155       0.527       0.473
    1971.000       2.170       0.519       0.481
    1972.000       2.214       0.517       0.483
    1973.000       2.260       0.522       0.478
    1974.000       2.317       0.512       0.488
    1975.000       2.330       0.508       0.492
    1976.000       2.387       0.517       0.483
    1977.000       2.396       0.519       0.481
    1978.000       2.405       0.523       0.477
    1979.000       2.392       0.533       0.467
    1980.000       2.405       0.535       0.465
    1981.000       2.468       0.540       0.460
    1982.000       2.525       0.528       0.472
    1983.000       2.544       0.519       0.481
    1984.000       2.505       0.531       0.469
    1985.000       2.528       0.550       0.450
    1986.000       2.516       0.567       0.433
    1987.000       2.524       0.577       0.423
    1988.000       2.542       0.589       0.411
    1989.000       2.549       0.599       0.401
    1990.000       2.587       0.570       0.430
    1991.000       2.638       0.559       0.441
    1992.000       2.667       0.550       0.450
    1993.000       2.647       0.569       0.431
    1994.000       2.659       0.589       0.411
    1995.000       2.689       0.591       0.409
    1996.000       2.727       0.583       0.417
    1997.000       2.780       0.594       0.406
    1998.000       2.856       0.597       0.403
    1999.000       2.883       0.613       0.387
    2000.000       2.906       0.606       0.394
    2001.000       2.958       0.601       0.399
    2002.000       2.990       0.611       0.389
    2003.000       3.052       0.615       0.385
    2004.000       3.083       0.623       0.377
    2005.000       3.100       0.627       0.373
    2006.000       3.141       0.628       0.372
    2007.000       3.176       0.629       0.371
    2008.000       3.160       0.620       0.380
    2009.000       3.205       0.611       0.389
    2010.000       3.224       0.613       0.387
    2011.000       3.242       0.615       0.385
    2012.000       3.263       0.613       0.387
    2013.000       3.295       0.611       0.389
    2014.000       3.317       0.616       0.384
    2015.000       3.338       0.621       0.379
    2016.000       3.357       0.624       0.376
    2017.000       3.365       0.631       0.369
    2018.000       3.362       0.633       0.367

 |_STAT S1 S2
 NAME        N    MEAN        ST. DEV      VARIANCE     MINIMUM      MAXIMUM
 S1           60  0.56715     0.44325E-01 0.19647E-02  0.48799      0.63340
 S2           60  0.43285     0.44325E-01 0.19647E-02  0.36660      0.51201

 |_FORMAT(5F12.3)

 |_PRINT YEAR NP1 NP2 PY1 PY2 / FORMAT
       YEAR           NP1            NP2            PY1            PY2
    1959.000       1.000       1.000       0.523       0.523
    1960.000       1.002       0.996       0.528       0.525
    1961.000       0.995       1.010       0.518       0.526
    1962.000       1.002       0.996       0.524       0.521
    1963.000       0.995       1.010       0.513       0.520
    1964.000       0.986       1.029       0.505       0.527
    1965.000       0.981       1.039       0.500       0.530
    1966.000       0.975       1.053       0.491       0.530
    1967.000       0.970       1.063       0.480       0.526
    1968.000       0.951       1.105       0.457       0.531
    1969.000       0.936       1.135       0.439       0.532
    1970.000       0.917       1.175       0.426       0.545
    1971.000       0.915       1.179       0.422       0.543
    1972.000       0.902       1.207       0.408       0.545
    1973.000       0.890       1.233       0.394       0.546
    1974.000       0.865       1.285       0.373       0.554
    1975.000       0.867       1.282       0.372       0.550
    1976.000       0.866       1.283       0.363       0.538
    1977.000       0.866       1.282       0.362       0.535
    1978.000       0.873       1.269       0.363       0.527
    1979.000       0.879       1.256       0.367       0.525
    1980.000       0.871       1.273       0.362       0.529
    1981.000       0.862       1.292       0.349       0.524
    1982.000       0.856       1.304       0.339       0.517
    1983.000       0.851       1.315       0.335       0.517
    1984.000       0.860       1.295       0.343       0.517
    1985.000       0.867       1.282       0.343       0.507
    1986.000       0.884       1.245       0.351       0.495
    1987.000       0.887       1.239       0.351       0.491
    1988.000       0.887       1.238       0.349       0.487
    1989.000       0.881       1.252       0.346       0.491
    1990.000       0.867       1.280       0.335       0.495
    1991.000       0.857       1.303       0.325       0.494
    1992.000       0.845       1.328       0.317       0.498
    1993.000       0.856       1.304       0.323       0.493
    1994.000       0.862       1.291       0.324       0.486
    1995.000       0.856       1.304       0.318       0.485
    1996.000       0.841       1.335       0.309       0.490
    1997.000       0.841       1.336       0.303       0.480
    1998.000       0.830       1.358       0.291       0.476
    1999.000       0.835       1.348       0.290       0.468
    2000.000       0.816       1.388       0.281       0.478
    2001.000       0.809       1.404       0.274       0.475
    2002.000       0.808       1.405       0.270       0.470
    2003.000       0.799       1.424       0.262       0.467
    2004.000       0.792       1.439       0.257       0.467
    2005.000       0.787       1.451       0.254       0.468
    2006.000       0.771       1.485       0.245       0.473
    2007.000       0.760       1.508       0.239       0.475
    2008.000       0.756       1.516       0.239       0.480
    2009.000       0.743       1.543       0.232       0.481
    2010.000       0.731       1.569       0.227       0.487
    2011.000       0.729       1.573       0.225       0.485
    2012.000       0.732       1.567       0.224       0.480
    2013.000       0.730       1.572       0.221       0.477
    2014.000       0.734       1.562       0.221       0.471
    2015.000       0.736       1.557       0.221       0.467
    2016.000       0.738       1.553       0.220       0.463
    2017.000       0.740       1.550       0.220       0.461
    2018.000       0.739       1.552       0.220       0.462

 |_*RELABLE PG NORMALIZED PRICES AS V1 AND V2:
 |_GENR V1=PC1/PG

 |_GENR V2=PC2/PG


 |_*THE EXACT INDEX NUMBER FORMULA FOR NORMALIZED QUADRATIC PREFERENCES USING A FIXED BASE IS
 |_*u(t)/u(1)=((V1(t)+V1(1))X1(t)+(V2(t)+V2(1))X2(t))/((V1(t)+V1(1))X1(1)+(V2(t)+V2(1))X2(1))
 |_GENR UNQ=((V1+V1(1))*X1+(V2+V2(1))*X2)/((V1+V1(1))*X1(1)+(V2+V2(1))*X2(1))

 |_*NORMALIZE UNQ TO EQUAL Y AT OBSERVATION 1
 |_GENR CON=UNQ(1)

 |_GENR UNQ=UNQ*Y(1)/CON

 |_*GENR THE CHAINED NORMALIZED QUADRATIC EXACT INDEXES
 |_*FIRST GENR THE CHAINED LINKS
 |_GENR NQLINK=1

 |_SMPL 2 60

 |_GENR NQLINK=((V1+LAG(V1))*X1+(V2+LAG(V2))*X2)/((V1+LAG(V1))*LAG(X1)+(V2+LAG(V2))*LAG(X2))
 ...NOTE..LAG VALUE IN UNDEFINED OBSERVATIONS SET TO ZERO
 ...NOTE..LAG VALUE IN UNDEFINED OBSERVATIONS SET TO ZERO
 ...NOTE..LAG VALUE IN UNDEFINED OBSERVATIONS SET TO ZERO
 ...NOTE..LAG VALUE IN UNDEFINED OBSERVATIONS SET TO ZERO
 ...NOTE..LAG VALUE IN UNDEFINED OBSERVATIONS SET TO ZERO
 ...NOTE..LAG VALUE IN UNDEFINED OBSERVATIONS SET TO ZERO

 |_SMPL 1 60

 |_GENR UNQCH=1

 |_SMPL 2 60

 |_GENR UNQCH=LAG(UNQCH)*NQLINK
 ...NOTE..LAG VALUE IN UNDEFINED OBSERVATIONS SET TO ZERO

 |_*NORMALIZE UNQ TO EQUAL Y AT OBSERVATION 1
 |_SMPL 1 60

 |_GENR CON=UNQCH(1)

 |_GENR UNQCH=UNQCH*Y(1)/CON

 |_*COMPARE UNQ AND UNQCH WITH UFCH THE FISHER CHAINED QUANTITY INDEX
 |_FORMAT(F8.0,6F10.5)

 |_PRINT YEAR UNQ UNQCH UFCH Y V1 V2 / FORMAT
       YEAR           UNQ            UNQCH          UFCH           Y       &
       V1             V2
   1959.   1.91243   1.91243   1.91243   1.91243   1.00000   1.00000
   1960.   1.89881   1.89881   1.89881   1.97024   1.00181   0.99618
   1961.   1.91623   1.91627   1.91627   2.02077   0.99505   1.01047
   1962.   1.91520   1.91501   1.91501   2.02400   1.00194   0.99591
   1963.   1.93771   1.93795   1.93795   2.09836   0.99550   1.00952
   1964.   1.93928   1.94030   1.94030   2.19801   0.98643   1.02868
   1965.   1.94453   1.94617   1.94617   2.29790   0.98145   1.03920
   1966.   1.96234   1.96435   1.96435   2.40815   0.97495   1.05294
   1967.   1.99207   1.99446   1.99447   2.55482   0.96998   1.06345
   1968.   2.03344   2.03990   2.03990   2.77332   0.95054   1.10454
   1969.   2.07527   2.08417   2.08417   3.01448   0.93603   1.13520
   1970.   2.08064   2.09340   2.09341   3.29253   0.91729   1.17480
   1971.   2.09157   2.10667   2.10668   3.54903   0.91515   1.17933
   1972.   2.12370   2.14088   2.14089   3.91121   0.90213   1.20685
   1973.   2.16167   2.17852   2.17853   4.53723   0.88965   1.23324
   1974.   2.19817   2.22191   2.22192   5.62405   0.86537   1.28454
   1975.   2.20970   2.23487   2.23488   6.54438   0.86660   1.28195
   1976.   2.26687   2.28896   2.28897   7.47415   0.86589   1.28346
   1977.   2.27660   2.29777   2.29778   8.19179   0.86636   1.28246
   1978.   2.29126   2.31007   2.31008   8.90556   0.87285   1.26873
   1979.   2.28543   2.29936   2.29937   9.66501   0.87889   1.25597
   1980.   2.29432   2.30889   2.30890  10.76972   0.87082   1.27303
   1981.   2.35271   2.36693   2.36694  12.22878   0.86166   1.29239
   1982.   2.39786   2.41909   2.41910  13.94791   0.85610   1.30413
   1983.   2.40884   2.43517   2.43518  15.17336   0.85114   1.31461
   1984.   2.38265   2.40150   2.40151  15.68445   0.86036   1.29514
   1985.   2.41649   2.42545   2.42546  16.88027   0.86662   1.28192
   1986.   2.42159   2.41880   2.41881  17.86894   0.88420   1.24474
   1987.   2.43415   2.42682   2.42683  19.13145   0.88703   1.23876
   1988.   2.45697   2.44445   2.44446  20.55088   0.88729   1.23822
   1989.   2.46359   2.44996   2.44997  22.13781   0.88064   1.25227
   1990.   2.48283   2.48620   2.48621  24.04155   0.86745   1.28015
   1991.   2.52177   2.53403   2.53404  25.48055   0.85664   1.30301
   1992.   2.53948   2.55952   2.55953  26.59832   0.84458   1.32849
   1993.   2.53477   2.54191   2.54192  26.53339   0.85595   1.30446
   1994.   2.55889   2.55370   2.55371  27.00812   0.86222   1.29121
   1995.   2.58606   2.58241   2.58242  28.25691   0.85598   1.30440
   1996.   2.61394   2.62010   2.62011  29.55828   0.84144   1.33512
   1997.   2.67126   2.67117   2.67118  30.62333   0.84122   1.33559
   1998.   2.74322   2.74616   2.74617  32.14062   0.83042   1.35841
   1999.   2.78036   2.77055   2.77056  32.88805   0.83539   1.34791
   2000.   2.79504   2.80018   2.80019  35.41731   0.81641   1.38802
   2001.   2.84051   2.85289   2.85290  37.31054   0.80892   1.40387
   2002.   2.87903   2.88429   2.88430  38.87057   0.80848   1.40478
   2003.   2.94155   2.94922   2.94923  40.76623   0.79917   1.42447
   2004.   2.97827   2.98354   2.98355  42.25508   0.79214   1.43932
   2005.   2.99866   3.00444   3.00445  44.08426   0.78662   1.45100
   2006.   3.04122   3.05708   3.05709  47.15069   0.77057   1.48492
   2007.   3.07950   3.10114   3.10115  49.85491   0.75985   1.50758
   2008.   3.05558   3.08911   3.08911  51.35408   0.75571   1.51633
   2009.   3.09396   3.14498   3.14499  54.30844   0.74316   1.54285
   2010.   3.11781   3.17498   3.17499  56.63713   0.73084   1.56889
   2011.   3.13843   3.19490   3.19491  58.49921   0.72879   1.57322
   2012.   3.15633   3.21275   3.21276  60.16792   0.73173   1.56700
   2013.   3.18587   3.24681   3.24682  62.38018   0.72951   1.57170
   2014.   3.21073   3.26331   3.26332  63.30252   0.73402   1.56216
   2015.   3.23629   3.28212   3.28213  64.37417   0.73625   1.55745
   2016.   3.25580   3.29782   3.29783  65.25038   0.73829   1.55314
   2017.   3.27140   3.30442   3.30443  66.21371   0.73959   1.55039
   2018.   3.27124   3.30228   3.30229  67.29875   0.73873   1.55222

 |_STAT UNQ UNQCH UFCH
 NAME        N    MEAN        ST. DEV      VARIANCE     MINIMUM      MAXIMUM
 UNQ          60   2.5354     0.43737     0.19129       1.8988       3.2714
 UNQCH        60   2.5505     0.44846     0.20112       1.8988       3.3044
 UFCH         60   2.5505     0.44846     0.20112       1.8988       3.3044

 |_*NOTE THAT THE CHAINED NQ INDEX IS VIRTUALLY IDENTICAL TO THE CHAINED FISHER QUANTITY INDEX
 |_*THIS IS TO BE EXPECTED SINCE BOTH INDEXES ARE SUPERLATIVE AND THEY APPROXIMATE EACH OTHER TO THE SECOND
 |_*ORDER AROUND AN EQUAL PRICE AND QUANTITY POINT. THESE INDEXES ARE ALSO PRETTY CLOSE TO THE
 |_*FIXED BASE NQ QUANTITY INDEX
 |_*IN THIS MODEL, WE WILL USE UNQCH AS AN EXOGENOUS UTILITY SERIES RATHER THAN ESTIMATING IT. AS A RESULT OF THIS CHANGE
 |_*WE WILL HAVE TWO ESTIMATING EQUATIONS INSTEAD OF ONE.
 |_*IN ORDER TO SIMPLIFY THE REGRESSION CODES, WE WILL REDEFINE UNQCH AS U
 |_GENR U=UNQCH


 |_*RECALL THAT IN CMOD3OUT.TXT, WE FOUND THE FOLLOWING BREAK POINTS IN EQ1: 9 17 31 34 47 55
 |_*WE WILL SPLINE THE B1*U TERMS
 |_SMPL 1 60

 |_DO #=1,7

 |_GENR U#=0

 |_ENDO
 EXECUTION BEGINNING FOR DO LOOP  # =       1
 EXECUTION FINISHED FOR DO LOOP  #=       7

 |_GENR U1=U

 |_SMPL 10 60

 |_GENR U1=U1(9)

 |_GENR U2=U-U(9)

 |_SMPL 18 60

 |_GENR U2=U2(17)

 |_GENR U3=U-U(17)

 |_SMPL 32 60

 |_GENR U3=U3(31)

 |_GENR U4=U-U(31)

 |_SMPL 35 60

 |_GENR U4=U4(34)

 |_GENR U5=U-U(34)

 |_SMPL 48 60

 |_GENR U5=U5(47)

 |_GENR U6=U-U(47)

 |_SMPL 56 60

 |_GENR U6=U6(55)

 |_GENR U7=U-U(55)

 |_SMPL 1 60

 |_GENR CHECK=U-U1-U2-U3-U4-U5-U6-U7

 |_STAT CHECK
 NAME        N    MEAN        ST. DEV      VARIANCE     MINIMUM      MAXIMUM
 CHECK        60  0.00000E+00 0.00000E+00 0.00000E+00  0.00000E+00  0.00000E+00

 |_*CHECK SHOULD BE EQUAL TO 0 AT ALL OBSERVATIONS AND CHECK IS SATISFIED

 |_*OUR FUNCTIONAL FORM FOR THE EXPENDITURE FUNCTION, E(U,P),
 |_*IS A.P+SUM B(i).PU(i)+(.5P.CP/PG)*U WHERE CP*=0 IN A BASE YEAR WHERE THE PRICE VECTOR IS P*
 |_*A,B AND P ARE VECTORS AND C IS A 2 BY 2 SYMMETRIC MATRIX WHICH SATISFIES CP* = 0
 |_*A DOT SIGNIFIES AN INNER PRODUCT.
 |_*WE USE THE FINAL COEF VALUES FROM CMOD3OUT.TXT AS STARTING VALUES HERE
 |_*NOTE: THE TWO REGRESSION EQUATIONS BELOW ARE LINEAR IN THE UNKNOWN PARAMETERS SO YOU MAY BE WONDERING WHY
 |_*USE A NONLINEAR ESTIMATION PACKAGE TO ESTIMATE THE UNKNOWN COEFS? THE ANSWER IS THAT A11 APPEARS IN BOTH
 |_*EQUATIONS; I.E., THE PARAMETERS ARE NOT COMPLETELY INDEPENDENT IN EACH EQUATION. THE NONLINEAR ESTIMATION
 |_*PACKAGE WILL TAKE CARE OF CROSS EQUATION CONSTRAINTS ON PARAMETERS.

 |_NL 2 / NCOEF=17 GENRVAR CONV=.000001 ITER=150 LIST
 ...NOTE..SAMPLE RANGE SET TO:     1,    60

 |_EQ X1=A1+B11*U1+B12*U2+B13*U3+B14*U4+B15*U5+B16*U6+B17*U7-A11*A11*(V1-V2)*U+.5*G1*A11*A11*(V1-V2)*(V1-V2)*U

 |_EQ X2=A2+B21*U1+B22*U2+B23*U3+B24*U4+B25*U5+B26*U6+B27*U7+A11*A11*(V1-V2)*U+.5*G2*A11*A11*(V1-V2)*(V1-V2)*U

 |_COEF A1       -0.58227
   14 VARIABLES IN  2 EQUATIONS WITH  17 COEFFICIENTS
         60 OBSERVATIONS

 REQUIRED MEMORY IS PAR=     208 CURRENT PAR=  112400

 |_COEF B11       0.80411

 |_COEF B12       0.80411

 |_COEF B13       0.80411

 |_COEF B14       0.80411

 |_COEF B15       0.80411

 |_COEF B16       0.80411

 |_COEF B17       0.80411

 |_COEF A11       -0.47859

 |_COEF A2        0.40245

 |_COEF B21       0.28158

 |_COEF B22       0.28158

 |_COEF B23       0.28158

 |_COEF B24       0.28158

 |_COEF B25       0.28158

 |_COEF B26       0.28158

 |_COEF B27       0.28158

 COEFFICIENT STARTING VALUES
 A1       -0.58227      B11       0.80411      B12       0.80411
 B13       0.80411      B14       0.80411      B15       0.80411
 B16       0.80411      B17       0.80411      A11      -0.47859
 A2        0.40245      B21       0.28158      B22       0.28158
 B23       0.28158      B24       0.28158      B25       0.28158
 B26       0.28158      B27       0.28158
       150 MAXIMUM ITERATIONS, CONVERGENCE =   0.100000E-05

 INITIAL STATISTICS :

 TIME =     0.0470 SEC.   ITER. NO.     0   FUNCT. EVALUATIONS     1
 LOG-LIKELIHOOD FUNCTION=    304.3005
 COEFFICIENTS
  -0.5822700      0.8041100      0.8041100      0.8041100      0.8041100
   0.8041100      0.8041100      0.8041100     -0.4785900      0.4024500
   0.2815800      0.2815800      0.2815800      0.2815800      0.2815800
   0.2815800      0.2815800
 GRADIENT
    3.711665      -70.66206      -112.5176      -41.05496       20.59247
    191.6983      -1.071508       22.51957      0.7653216       5.620993
   -102.5589      -136.8637      -82.80105       13.65474       261.0423
    27.51067       34.44423

 INTERMEDIATE STATISTICS :

 TIME =     0.0570 SEC.   ITER. NO.    15   FUNCT. EVALUATIONS    23
 LOG-LIKELIHOOD FUNCTION=    358.0035
 COEFFICIENTS
   -1.450371       1.281289      0.3764890       1.441128      0.9289547
    1.256789      0.5862807      0.9086039     -0.3759511       1.858618
  -0.4871210      0.5996094     -0.1831812      0.1788252      0.1927347E-01
   0.4174498      0.4315601
 GRADIENT
    2167.429       4393.054       650.0826       415.1679       61.68749
   -187.0591      -26.50055       12.14154       1449.447       3973.289
    8013.680       1111.583       764.2579       159.6114      -56.51014
    1.397230       15.45439

 TIME =     0.0670 SEC.   ITER. NO.    30   FUNCT. EVALUATIONS    39
 LOG-LIKELIHOOD FUNCTION=    388.6947
 COEFFICIENTS
   -2.955037       2.049969      0.7055963       1.329188       1.141438
    1.390318       1.047803       1.613631     -0.2330798       2.888560
   -1.015134      0.3407302     -0.9841315E-01  0.2281149E-01 -0.7342965E-01
   0.1689238     -0.9759230E-01
 GRADIENT
    47.86882       95.85903       15.42371       11.17204      -4.590487
   -24.60483      -15.02509     -0.2642724       76.61968       125.8018
    251.1366       35.69578       26.75491      -1.431591      -17.63599
   -14.55555      0.2315338

 TIME =     0.0760 SEC.   ITER. NO.    45   FUNCT. EVALUATIONS    58
 LOG-LIKELIHOOD FUNCTION=    389.3926
 COEFFICIENTS
   -3.158587       2.156337      0.8511221       1.342000       1.214088
    1.494864       1.251186       1.448046     -0.1124900       3.093973
   -1.122512      0.2273180     -0.1070524     -0.3369720E-01 -0.1403167
   0.5982544E-01 -0.2361893E-01
 GRADIENT
   0.6299763       1.398887       1.635046       1.185345     -0.9680444
   -6.449961      -2.550147     -0.1784020       10.46892       22.69372
    45.51896       7.636706       5.969940      0.5733554      -2.946038
   -1.559156     -0.1801203E-01

 TIME =     0.0850 SEC.   ITER. NO.    60   FUNCT. EVALUATIONS    74
 LOG-LIKELIHOOD FUNCTION=    389.4077
 COEFFICIENTS
   -3.183503       2.169427      0.8746051       1.343846       1.225241
    1.510924       1.284277       1.415599     -0.7795210E-01   3.121638
   -1.137025      0.2091249     -0.1082721     -0.4229874E-01 -0.1506468
   0.4203271E-01 -0.7945594E-02
 GRADIENT
  -0.1239103E-01 -0.2477321E-01 -0.2362542E-02 -0.1090146E-02 -0.9394823E-03
  -0.3773258E-02 -0.1170687E-02 -0.4464396E-04  0.6837176E-03 -0.1695353E-01
  -0.3377767E-01 -0.2667671E-02 -0.9754914E-03 -0.1099703E-02 -0.4739691E-02
  -0.1420858E-02 -0.9325685E-05

 FINAL STATISTICS :

 LOG-LIKELIHOOD FUNCTION=    389.4077
 TIME =     0.0920 SEC.   ITER. NO.    63   FUNCT. EVALUATIONS    77
 COEFFICIENTS
   -3.183502       2.169427      0.8746054       1.343847       1.225241
    1.510925       1.284278       1.415596     -0.7795075E-01   3.121638
   -1.137025      0.2091246     -0.1082721     -0.4229890E-01 -0.1506472
   0.4203201E-01 -0.7943234E-02
 GRADIENT
   0.1492286E-03  0.3046925E-03  0.3139862E-04  0.2094445E-04  0.6850757E-06
  -0.1537071E-04 -0.8880493E-05 -0.2296245E-05  0.3487454E-04  0.3084258E-03
   0.6248520E-03  0.7408218E-04  0.6611806E-04  0.1791686E-04  0.2010968E-04
  -0.1605692E-04 -0.5101815E-05

 SIGMA MATRIX
   0.67605E-03
  -0.45895E-03  0.32325E-03
 GTRANSPOSE*INVERSE(H)*G  STATISTIC  -  =  0.90803E-13

          COEFFICIENT STD ERROR   T-RATIO

 A1       -3.1835     0.56398     -5.6447
 B11       2.1694     0.29078      7.4607
 B12      0.87461     0.18440      4.7430
 B13       1.3438     0.87150E-01  15.420
 B14       1.2252     0.16031      7.6431
 B15       1.5109     0.11408      13.245
 B16       1.2843     0.23460      5.4743
 B17       1.4156     0.43650      3.2431
 A11     -0.77951E-01 0.27596    -0.28247
 A2        3.1216     0.41758      7.4756
 B21      -1.1370     0.21570     -5.2712
 B22      0.20912     0.13974      1.4966
 B23     -0.10827     0.61015E-01 -1.7745
 B24     -0.42299E-01 0.11411    -0.37068
 B25     -0.15065     0.73849E-01 -2.0399
 B26      0.42032E-01 0.13139     0.31991
 B27     -0.79432E-02 0.28395    -0.27974E-01

     OBS.   OBSERVED     PREDICTED   CALCULATED
      NO.    VALUE        VALUE       RESIDUAL
       1   0.94213      0.96537     -0.23238E-01            *   I
       2   0.94160      0.93577      0.58280E-02                I*
       3   0.94247      0.97389     -0.31422E-01          *     I
       4   0.97524      0.97089      0.43463E-02                I*
       5    1.0241       1.0209      0.32427E-02                I*
       6    1.0539       1.0263      0.27581E-01                I    *
       7    1.0637       1.0393      0.24407E-01                I    *
       8    1.0990       1.0790      0.20073E-01                I   *
       9    1.1335       1.1445     -0.11017E-01              * I
      10    1.1709       1.1851     -0.14196E-01             *  I
      11    1.2162       1.2245     -0.82694E-02              * I
      12    1.2378       1.2334      0.44091E-02                I*
      13    1.2305       1.2452     -0.14654E-01             *  I
      14    1.2677       1.2758     -0.80600E-02              * I
      15    1.3270       1.3094      0.17615E-01                I  *
      16    1.3698       1.3487      0.21103E-01                I   *
      17    1.3666       1.3600      0.66130E-02                I*
      18    1.4250       1.4329     -0.78747E-02              * I
      19    1.4358       1.4448     -0.89435E-02              * I
      20    1.4420       1.4610     -0.18931E-01            *   I
      21    1.4505       1.4462      0.43268E-02                I*
      22    1.4768       1.4595      0.17304E-01                I  *
      23    1.5471       1.5382      0.89300E-02                I *
      24    1.5572       1.6087     -0.51576E-01      *         I
      25    1.5521       1.6307     -0.78610E-01 *              I
      26    1.5472       1.5848     -0.37572E-01         *      I
      27    1.6057       1.6167     -0.11028E-01              * I
      28    1.6146       1.6067      0.78628E-02                I *
      29    1.6407       1.6174      0.23374E-01                I   *
      30    1.6889       1.6411      0.47811E-01                I        *
      31    1.7321       1.6489      0.83205E-01                I             X
      32    1.7013       1.6942      0.71571E-02                I*
      33    1.7216       1.7536     -0.31928E-01          *     I
      34    1.7383       1.7856     -0.47365E-01       *        I
      35    1.7586       1.7583      0.34489E-03                *
      36    1.8161       1.7757      0.40370E-01                I       *
      37    1.8553       1.8196      0.35676E-01                I      *
      38    1.8898       1.8776      0.12244E-01                I *
      39    1.9637       1.9549      0.87444E-02                I *
      40    2.0536       2.0693     -0.15635E-01             *  I
      41    2.1167       2.1059      0.10853E-01                I *
      42    2.1562       2.1521      0.40707E-02                I*
      43    2.1978       2.2325     -0.34707E-01         *      I
      44    2.2603       2.2801     -0.19858E-01            *   I
      45    2.3489       2.3793     -0.30334E-01          *     I
      46    2.4260       2.4319     -0.58612E-02               *I
      47    2.4712       2.4640      0.71774E-02                I*
      48    2.5585       2.5332      0.25295E-01                I    *
      49    2.6310       2.5910      0.40051E-01                I       *
      50    2.5920       2.5758      0.16229E-01                I  *
      51    2.6351       2.6490     -0.13978E-01             *  I
      52    2.7023       2.6889      0.13366E-01                I  *
      53    2.7345       2.7148      0.19641E-01                I   *
      54    2.7353       2.7376     -0.22351E-02                *
      55    2.7606       2.7818     -0.21185E-01            *   I
      56    2.7850       2.8048     -0.19814E-01            *   I
      57    2.8173       2.8313     -0.14029E-01             *  I
      58    2.8356       2.8535     -0.17843E-01             *  I
      59    2.8710       2.8627      0.83256E-02                I *
      60    2.8823       2.8598      0.22588E-01                I   *

 DURBIN-WATSON = 0.9234    VON NEUMANN RATIO = 0.9391    RHO =  0.53203
 RESIDUAL SUM =  0.33497E-07  RESIDUAL VARIANCE =  0.67605E-03
 SUM OF ABSOLUTE ERRORS=   1.2003
 R-SQUARE BETWEEN OBSERVED AND PREDICTED = 0.9982
 RUNS TEST:   22 RUNS,   33 POS,    0 ZERO,   27 NEG  NORMAL STATISTIC = -2.2889

     OBS.   OBSERVED     PREDICTED   CALCULATED
      NO.    VALUE        VALUE       RESIDUAL
       1   0.97030      0.94716      0.23137E-01                I     *
       2   0.95720      0.96270     -0.55054E-02              * I
       3   0.97375      0.94261      0.31139E-01                I        *
       4   0.93987      0.94430     -0.44302E-02               *I
       5   0.91406      0.91798     -0.39213E-02               *I
       6   0.88742      0.91497     -0.27557E-01        *       I
       7   0.88386      0.90812     -0.24262E-01         *      I
       8   0.86834      0.88721     -0.18871E-01           *    I
       9   0.86547      0.85277      0.12700E-01                I   *
      10   0.87493      0.86152      0.13404E-01                I   *
      11   0.87714      0.87020      0.69358E-02                I *
      12   0.86800      0.87143     -0.34360E-02               *I
      13   0.88532      0.87411      0.11206E-01                I  *
      14   0.88658      0.88073      0.58446E-02                I *
      15   0.87499      0.88808     -0.13090E-01            *   I
      16   0.88099      0.89617     -0.15182E-01            *   I
      17   0.89367      0.89889     -0.52272E-02               *I
      18   0.89820      0.89288      0.53137E-02                I*
      19   0.89809      0.89193      0.61598E-02                I *
      20   0.90390      0.89081      0.13084E-01                I   *
      21   0.88917      0.89223     -0.30599E-02               *I
      22   0.87885      0.89087     -0.12019E-01             *  I
      23   0.87853      0.88409     -0.55666E-02              * I
      24   0.91378      0.87810      0.35676E-01                I         *
      25   0.92991      0.87612      0.53783E-01                I             X
      26   0.90617      0.88022      0.25951E-01                I      *
      27   0.88639      0.87781      0.85758E-02                I *
      28   0.87473      0.87925     -0.45251E-02               *I
      29   0.86280      0.87848     -0.15685E-01            *   I
      30   0.84311      0.87655     -0.33441E-01       *        I
      31   0.81705      0.87567     -0.58621E-01 X              I
      32   0.86806      0.87352     -0.54590E-02              * I
      33   0.89304      0.87093      0.22103E-01                I     *
      34   0.90246      0.86930      0.33162E-01                I        *
      35   0.87540      0.87246      0.29371E-02                I*
      36   0.84681      0.87091     -0.24107E-01         *      I
      37   0.84392      0.86626     -0.22341E-01          *     I
      38   0.85141      0.85987     -0.84671E-02              * I
      39   0.84468      0.85203     -0.73526E-02              * I
      40   0.84679      0.84006      0.67313E-02                I *
      41   0.82671      0.83653     -0.98197E-02             *  I
      42   0.82539      0.83115     -0.57620E-02              * I
      43   0.84031      0.82271      0.17594E-01                I    *
      44   0.82752      0.81786      0.96560E-02                I  *
      45   0.82469      0.80745      0.17238E-01                I    *
      46   0.80666      0.80185      0.48111E-02                I*
      47   0.79692      0.79838     -0.14589E-02                *
      48   0.78752      0.79968     -0.12159E-01             *  I
      49   0.78064      0.80088     -0.20240E-01          *     I
      50   0.79203      0.80024     -0.82094E-02              * I
      51   0.80825      0.80180      0.64484E-02                I *
      52   0.79603      0.80239     -0.63601E-02              * I
      53   0.79395      0.80305     -0.90991E-02             *  I
      54   0.80508      0.80385      0.12291E-02                *
      55   0.81537      0.80503      0.10337E-01                I  *
      56   0.81467      0.80503      0.96373E-02                I  *
      57   0.81170      0.80490      0.67971E-02                I *
      58   0.81329      0.80480      0.84859E-02                I *
      59   0.80075      0.80478     -0.40332E-02               *I
      60   0.79396      0.80477     -0.10810E-01             *  I

 DURBIN-WATSON = 0.9686    VON NEUMANN RATIO = 0.9850    RHO =  0.50194
 RESIDUAL SUM = -0.22827E-07  RESIDUAL VARIANCE =  0.32325E-03
 SUM OF ABSOLUTE ERRORS=  0.82016
 R-SQUARE BETWEEN OBSERVED AND PREDICTED = 0.8520
 RUNS TEST:   22 RUNS,   28 POS,    0 ZERO,   32 NEG  NORMAL STATISTIC = -2.3195

 |_END

 |_* FINISHING LL FOR CMOD3 = 304.3005
 |_* INITIAL LL HERE IS     = 304.3005 THIS IS EXACTLY EQUAL TO THE FINISHING LL FOR CMOD3; A GOOD CHECK ON OUR CODE.
 |_* FINAL STATISTICS: TIME =     0.0670 SEC.   ITER. NO.    58   FUNCT. EVALUATIONS    73
 |_* FINAL LOG-LIKELIHOOD FUNCTION = 387.9286, AGAIN OF 83 LL POINTS FOR ADDING 12 PARAMETERS. HIGHLY SIGNIFICANT.
 |_*       COEFFICIENT    ST. ERROR   T-RATIO
 |_* A1       -2.4757     0.42984     -5.7595
 |_* B11       1.8014     0.22000      8.1881
 |_* B12       1.1430     0.37231E-01  30.701
 |_* B13       2.5321     0.65417      3.8707
 |_* B14       1.1503     0.16431      7.0007
 |_* B15       1.5276     0.40004E-01  38.186
 |_* B16       1.3142     0.87389E-01  15.038
 |_* B17       1.3899     0.38768      3.5852
 |_* A11     -0.62177E-10 0.99178E-01-0.62693E-09
 |_* A2        2.6551     0.29363      9.0426
 |_* B21     -0.89449     0.15024     -5.9537
 |_* B22      0.26090E-01 0.25442E-01  1.0255
 |_* B23     -0.96235     0.44411     -2.1669
 |_* B24      0.16614E-01 0.11294     0.14711
 |_* B25     -0.16158     0.27573E-01 -5.8599
 |_* B26      0.26189E-01 0.60174E-01 0.43523
 |_* B27      0.31996E-02 0.26644     0.12009E-01
 |_*UNFORTUNATELY, A11 = 0 IN THIS RUN SO ALL ELASTICITIES OF SUBSTITUTION WILL BE EQUAL TO 0!
 |_*EQ 1: R-SQUARE BETWEEN OBSERVED AND PREDICTED = 0.9981
 |_*EQ 2: R-SQUARE BETWEEN OBSERVED AND PREDICTED = 0.8476
 |_*THE FITS ARE SATISFACTORY. THE R SQUARES ARE: 0.9975 AND 0.8790.
 |_*UNFORTUNATELY, SPLINING UTILITY DID NOT COMPLETELY CURE OUR LACK OF FIT PROBLEM. THE PROBLEM WITH THE
 |_*AUSTRLIAN DATA IS THAT THERE ARE SOME PERIODS WHERE PER CAPITA UTILITY FALLS OR STAYS CONSTANT AND SO
 |_*SPLINING WITH THE UTILITY LEVEL DOES NOT WORK NEARLY AS WELL AS SPLINING WITH TIME DID FOR THE PRODUCTION MODELS
 |_*SINCE TIME T OBVIOUSLY INCREASES AT A STEADY RATE.

 |_*CALCULATE THE INDIRECT UTILITY FUNCTION AND ELASTICITIES
 |_*WE WOULD LIKE OUR ESTIMATED INDIRECT UTILITY LEVELS TO BE CLOSE TO THE INDEX NUMBER ESTIMATES OF UTILITY THAT
 |_*WE HAVE USED IN THE ABOVE REGRESSION.
 |_*FIRST GENR THE COMPLETE VECTORS AND THE SUBSTITUTION MATRIX C THAT WE HAVE ESTIMATED
 |_GENR C11=-A11*A11

 |_GENR C12=-C11

 |_GENR C21=C12

 |_GENR C22=C11

 |_GENR CV1=C11*V1+C12*V2

 |_GENR CV2=C21*V1+C22*V2

 |_GENR VCV=V1*CV1+V2*CV2

 |_*GENR BU1 AND BU2
 |_GENR BU1=B11*U1+B12*U2+B13*U3+B14*U4+B15*U5+B16*U6+B17*U7

 |_GENR BU2=B21*U1+B22*U2+B23*U3+B24*U4+B25*U5+B26*U6+B27*U7

 |_*CONSTRUCT THE IMPLIED INDIRECT UTILITY FUNCTION
 |_*DEFINE SOME PRELIMINARY VARIABLES
 |_*GENR THE INNER PRODUCT OF THE "A" VECTOR WITH CONSUMER PRICES
 |_GENR AP=A1*PC1+A2*PC2

 |_*GENR THE INNER PRODUCTS OF THE B# VECTORS WITH CONSUMER PRICES
 |_DO #=1,7

 |_GENR BP#=B1#*PC1+B2#*PC2

 |_ENDO
 EXECUTION BEGINNING FOR DO LOOP  # =       1
 EXECUTION FINISHED FOR DO LOOP  #=       7

 |_FORMAT(F8.0,8F9.5)

 |_PRINT YEAR AP BP1-BP7 / FORMAT
       YEAR           AP             BP1            BP2            BP3     &
       BP4            BP5            BP6            BP7
   1959. -0.06186  1.03240  1.08373  1.23557  1.18294  1.36028  1.32631  1.40765
   1960. -0.08260  1.08093  1.12648  1.28633  1.23118  1.41634  1.37987  1.46481
   1961. -0.01410  1.06178  1.13732  1.29105  1.23705  1.42084  1.38843  1.47273
   1962. -0.08549  1.10159  1.14741  1.31039  1.25418  1.44284  1.40561  1.49215
   1963. -0.01924  1.09311  1.16871  1.32721  1.27160  1.46068  1.42707  1.51380
   1964.  0.07980  1.09236  1.21340  1.36692  1.31161  1.50338  1.47483  1.56278
   1965.  0.13999  1.10957  1.25959  1.41263  1.35660  1.55307  1.52706  1.61717
   1966.  0.22210  1.11307  1.30107  1.45058  1.39459  1.59401  1.57207  1.66352
   1967.  0.29314  1.13222  1.35434  1.50311  1.44634  1.65110  1.63221  1.72610
   1968.  0.56276  1.07529  1.41686  1.54417  1.49100  1.69356  1.69008  1.78293
   1969.  0.79642  1.04510  1.49168  1.60314  1.55211  1.75610  1.76539  1.85888
   1970.  1.14136  0.99947  1.60098  1.68890  1.64110  1.84699  1.87519  1.96952
   1971.  1.25606  1.05386  1.71226  1.80238  1.75212  1.97071  2.00311  2.10326
   1972.  1.58211  1.03343  1.84003  1.91117  1.86280  2.08713  2.13673  2.23948
   1973.  2.04317  1.05978  2.08021  2.13248  2.08398  2.32601  2.39827  2.50909
   1974.  3.04601  1.01170  2.48908  2.48511  2.44168  2.70393  2.82861  2.94862
   1975.  3.49125  1.18645  2.88186  2.88117  2.83003  3.13527  3.27738  3.41707
   1976.  3.91426  1.31259  3.21206  3.20875  3.15231  3.49148  3.65133  3.80655
   1977.  4.25823  1.44063  3.50801  3.50624  3.44419  3.81537  3.98889  4.15876
   1978.  4.37522  1.66973  3.80854  3.83404  3.76065  4.17490  4.34753  4.53715
   1979.  4.53721  1.93417  4.16783  4.22347  4.13707  4.60181  4.77479  4.98754
   1980.  5.38165  1.97814  4.60310  4.62355  4.53713  5.03355  5.24815  5.47535
   1981.  6.39703  1.98071  5.07229  5.04319  4.95929  5.48508  5.75123  5.99181
   1982.  7.43369  2.06848  5.64306  5.57562  5.48998  6.06051  6.37676  6.63778
   1983.  8.31662  2.09834  6.08081  5.97425  5.88941  6.49027  6.85052  7.12537
   1984.  8.16547  2.46635  6.40781  6.36174  6.25780  6.91819  7.25977  7.56193
   1985.  8.29938  2.82133  6.85173  6.85023  6.72860  7.45439  7.79218  8.12432
   1986.  7.60350  3.57111  7.33976  7.48055  7.31898  8.15502  8.43505  8.81782
   1987.  7.90600  3.90971  7.84347  8.01819  7.84021  8.74361  9.02890  9.44254
   1988.  8.41094  4.17913  8.36566  8.55437  8.36403  9.32854  9.63147 10.07310
   1989.  9.60387  4.22715  8.96538  9.10235  8.91270  9.91951 10.28167 10.74259
   1990. 11.47334  3.96175  9.53825  9.54503  9.37377 10.38778 10.85292 11.31698
   1991. 12.94500  3.63940  9.86703  9.75498  9.60396 10.60396 11.15356 11.61106
   1992. 14.54394  3.20868 10.13755  9.88479  9.75984 10.73066 11.37442 11.81840
   1993. 13.50257  3.74582 10.23781 10.11368  9.95870 10.99305 11.56782 12.04102
   1994. 13.05899  4.08667 10.40122 10.34803 10.17457 11.25541 11.79746 12.29202
   1995. 14.15383  3.92877 10.73405 10.60426 10.44169 11.52632 12.12875 12.62495
   1996. 16.14017  3.33190 11.00354 10.69003 10.56301 11.60067 12.32192 12.79640
   1997. 16.42650  3.37463 11.18110 10.85968 10.73124 11.78446 12.51899 13.00059
   1998. 17.97213  2.89247 11.37171 10.90478 10.80490 11.81849 12.64601 13.10930
   1999. 17.66375  3.19127 11.55193 11.14323 11.02735 12.08400 12.88692 13.36998
   2000. 21.13155  2.35143 12.24021 11.53993 11.47583 12.48554 13.48987 13.95109
   2001. 22.79837  2.00141 12.62884 11.79613 11.75419 12.75065 13.85019 14.30518
   2002. 23.54960  2.03684 13.01210 12.14756 12.10579 13.12978 14.26647 14.73402
   2003. 25.41288  1.52383 13.31539 12.28527 12.27446 13.26253 14.50927 14.96018
   2004. 27.01963  1.12330 13.62201 12.45515 12.46891 13.43325 14.77365 15.21354
   2005. 28.79947  0.80607 14.09787 12.79776 12.83231 13.79230 15.23268 15.67041
   2006. 32.75983 -0.25066 14.77877 13.13159 13.23023 14.11969 15.79300 16.19803
   2007. 35.90164 -1.03170 15.38065 13.46639 13.61296 14.45640 16.31279 16.69642
   2008. 37.82923 -1.37573 15.89552 13.83688 14.00599 14.84464 16.80932 17.19058
   2009. 41.51798 -2.40662 16.47949 14.09087 14.32204 15.08691 17.26994 17.61703
   2010. 45.16626 -3.48501 16.99370 14.27023 14.56578 15.24747 17.64821 17.95682
   2011. 46.75291 -3.74873 17.43847 14.59896 14.91207 15.59320 18.08248 18.39070
   2012. 47.24341 -3.58251 17.84285 15.00317 15.30912 16.03305 18.54232 18.87012
   2013. 48.91227 -3.87022 18.29952 15.33631 15.66126 16.38281 18.98552 19.31208
   2014. 48.47070 -3.50793 18.48696 15.59768 15.90306 16.67488 19.24433 19.59398
   2015. 48.55339 -3.34801 18.69722 15.82692 16.12439 16.92631 19.49518 19.85864
   2016. 48.55871 -3.19368 18.86591 16.01760 16.30724 17.13608 19.70062 20.07642
   2017. 48.90533 -3.11604 19.10878 16.25460 16.54121 17.39339 19.97324 20.35971
   2018. 49.92310 -3.24909 19.43298 16.50958 16.80561 17.66370 20.29927 20.68836

 |_*RECALL THAT OUR BREAK POINTS ARE: 9 17 31 34 47 55
 |_SMPL 1 60

 |_*GENR IMPLICIT UTILITY
 |_GENR UI=0

 |_SMPL 1 9

 |_GENR UI=(Y-AP)/(BP1+.5*VCV*PG)

 |_FORMAT(F8.0,2F10.5)

 |_SMPL 10 17

 |_GENR UI=(Y-AP-BP1*UI(9)+BP2*UI(9))/(BP2+.5*VCV*PG)

 |_SMPL 18 31

 |_GENR UI=(Y-AP-BP1*UI(9)-BP2*(UI(17)-UI(9))+BP3*UI(17))/(BP3+.5*VCV*PG)

 |_SMPL 32 34

 |_GENR UI=(Y-AP-BP1*UI(9)-BP2*(UI(17)-UI(9))-BP3*(UI(31)-UI(17))+BP4*UI(31))/(BP4+.5*VCV*PG)

 |_SMPL 35 47

 |_GENR UI=(Y-AP-BP1*UI(9)-BP2*(UI(17)-UI(9))-BP3*(UI(31)-UI(17))-BP4*(UI(32)-UI(31))+BP5*U(32))/(BP5+.5*VCV*PG)

 |_SMPL 48 55

 |_GENR UI=(Y-AP-BP1*UI(9)-BP2*(UI(17)-UI(9))-BP3*(UI(31)-UI(17))-BP4*(UI(34)-UI(31)) &

 | -BP5*(UI(47)-UI(34))+BP6*U(47))/(BP6+.5*VCV*PG)

 |_SMPL 56 60

 |_GENR UI=(Y-AP-BP1*UI(9)-BP2*(UI(17)-UI(9))-BP3*(UI(31)-UI(17))-BP4*(UI(34)-UI(31)) &

 | -BP5*(UI(47)-UI(34))-BP6*(UI(55)-UI(47))+BP7*U(55))/(BP7+.5*VCV*PG)

 |_SMPL 1 60

 |_FORMAT(F8.0,6F10.5)

 |_PRINT YEAR U UI Y CV1 CV2 VCV / FORMAT
       YEAR           U              UI             Y              CV1     &
       CV2            VCV
   1959.   1.91243   1.91233   1.91243   0.00000   0.00000   0.00000
   1960.   1.89881   1.89916   1.97024  -0.00003   0.00003  -0.00000
   1961.   1.91627   1.91647   2.02077   0.00009  -0.00009  -0.00000
   1962.   1.91501   1.91495   2.02400  -0.00004   0.00004  -0.00000
   1963.   1.93795   1.93723   2.09836   0.00009  -0.00009  -0.00000
   1964.   1.94030   1.93912   2.19801   0.00026  -0.00026  -0.00001
   1965.   1.94617   1.94484   2.29790   0.00035  -0.00035  -0.00002
   1966.   1.96435   1.96402   2.40815   0.00047  -0.00047  -0.00004
   1967.   1.99446   1.99761   2.55482   0.00057  -0.00057  -0.00005
   1968.   2.03990   2.04189   2.77332   0.00094  -0.00094  -0.00014
   1969.   2.08417   2.08524   3.01448   0.00121  -0.00121  -0.00024
   1970.   2.09340   2.09459   3.29253   0.00156  -0.00156  -0.00040
   1971.   2.10667   2.10770   3.54903   0.00161  -0.00161  -0.00042
   1972.   2.14088   2.14205   3.91121   0.00185  -0.00185  -0.00056
   1973.   2.17852   2.17961   4.53723   0.00209  -0.00209  -0.00072
   1974.   2.22191   2.22257   5.62405   0.00255  -0.00255  -0.00107
   1975.   2.23487   2.23578   6.54438   0.00252  -0.00252  -0.00105
   1976.   2.28896   2.29083   7.47415   0.00254  -0.00254  -0.00106
   1977.   2.29777   2.29977   8.19179   0.00253  -0.00253  -0.00105
   1978.   2.31007   2.31191   8.90556   0.00241  -0.00241  -0.00095
   1979.   2.29936   2.30100   9.66501   0.00229  -0.00229  -0.00086
   1980.   2.30889   2.31046  10.76972   0.00244  -0.00244  -0.00098
   1981.   2.36693   2.36935  12.22878   0.00262  -0.00262  -0.00113
   1982.   2.41909   2.42345  13.94791   0.00272  -0.00272  -0.00122
   1983.   2.43517   2.44105  15.17336   0.00282  -0.00282  -0.00131
   1984.   2.40150   2.40471  15.68445   0.00264  -0.00264  -0.00115
   1985.   2.42545   2.42871  16.88027   0.00252  -0.00252  -0.00105
   1986.   2.41880   2.42166  17.86894   0.00219  -0.00219  -0.00079
   1987.   2.42682   2.42962  19.13145   0.00214  -0.00214  -0.00075
   1988.   2.44445   2.44697  20.55088   0.00213  -0.00213  -0.00075
   1989.   2.44996   2.45148  22.13781   0.00226  -0.00226  -0.00084
   1990.   2.48620   2.48728  24.04155   0.00251  -0.00251  -0.00103
   1991.   2.53403   2.53750  25.48055   0.00271  -0.00271  -0.00121
   1992.   2.55952   2.56586  26.59832   0.00294  -0.00294  -0.00142
   1993.   2.54191   2.53963  26.53339   0.00273  -0.00273  -0.00122
   1994.   2.55370   2.55075  27.00812   0.00261  -0.00261  -0.00112
   1995.   2.58241   2.57763  28.25691   0.00272  -0.00272  -0.00122
   1996.   2.62010   2.61366  29.55828   0.00300  -0.00300  -0.00148
   1997.   2.67117   2.66337  30.62333   0.00300  -0.00300  -0.00149
   1998.   2.74616   2.73744  32.14062   0.00321  -0.00321  -0.00169
   1999.   2.77055   2.76135  32.88805   0.00311  -0.00311  -0.00160
   2000.   2.80018   2.79112  35.41731   0.00347  -0.00347  -0.00199
   2001.   2.85289   2.84538  37.31054   0.00362  -0.00362  -0.00215
   2002.   2.88429   2.87767  38.87057   0.00362  -0.00362  -0.00216
   2003.   2.94922   2.94580  40.76623   0.00380  -0.00380  -0.00238
   2004.   2.98354   2.98246  42.25508   0.00393  -0.00393  -0.00254
   2005.   3.00444   3.00493  44.08426   0.00404  -0.00404  -0.00268
   2006.   3.05708   3.06128  47.15069   0.00434  -0.00434  -0.00310
   2007.   3.10114   3.10403  49.85491   0.00454  -0.00454  -0.00340
   2008.   3.08911   3.09196  51.35408   0.00462  -0.00462  -0.00352
   2009.   3.14498   3.14775  54.30844   0.00486  -0.00486  -0.00389
   2010.   3.17498   3.17814  56.63713   0.00509  -0.00509  -0.00427
   2011.   3.19490   3.19830  58.49921   0.00513  -0.00513  -0.00433
   2012.   3.21275   3.21640  60.16792   0.00508  -0.00508  -0.00424
   2013.   3.24681   3.25099  62.38018   0.00512  -0.00512  -0.00431
   2014.   3.26331   3.26345  63.30252   0.00503  -0.00503  -0.00417
   2015.   3.28212   3.28198  64.37417   0.00499  -0.00499  -0.00410
   2016.   3.29782   3.29741  65.25038   0.00495  -0.00495  -0.00403
   2017.   3.30442   3.30389  66.21371   0.00493  -0.00493  -0.00399
   2018.   3.30228   3.30176  67.29875   0.00494  -0.00494  -0.00402

 |_*   1959.   1.91243   1.91233   1.91243   0.00000   0.00000   0.00000
 |_*   1960.   1.89881   1.89916   1.97024  -0.00003   0.00003  -0.00000
 |_*   1961.   1.91627   1.91647   2.02077   0.00009  -0.00009  -0.00000
 |_*   1962.   1.91501   1.91495   2.02400  -0.00004   0.00004  -0.00000
 |_*   1963.   1.93795   1.93723   2.09836   0.00009  -0.00009  -0.00000
 |_*   1964.   1.94030   1.93912   2.19801   0.00026  -0.00026  -0.00001
 |_*   1965.   1.94617   1.94484   2.29790   0.00035  -0.00035  -0.00002
 |_*   1966.   1.96435   1.96402   2.40815   0.00047  -0.00047  -0.00004
 |_*   1967.   1.99446   1.99761   2.55482   0.00057  -0.00057  -0.00005
 |_*   1968.   2.03990   2.04189   2.77332   0.00094  -0.00094  -0.00014
 |_*   1969.   2.08417   2.08524   3.01448   0.00121  -0.00121  -0.00024
 |_*   1970.   2.09340   2.09459   3.29253   0.00156  -0.00156  -0.00040
 |_*   1971.   2.10667   2.10770   3.54903   0.00161  -0.00161  -0.00042
 |_*   1972.   2.14088   2.14205   3.91121   0.00185  -0.00185  -0.00056
 |_*   1973.   2.17852   2.17961   4.53723   0.00209  -0.00209  -0.00072
 |_*   1974.   2.22191   2.22257   5.62405   0.00255  -0.00255  -0.00107
 |_*   1975.   2.23487   2.23578   6.54438   0.00252  -0.00252  -0.00105
 |_*   1976.   2.28896   2.29083   7.47415   0.00254  -0.00254  -0.00106
 |_*   1977.   2.29777   2.29977   8.19179   0.00253  -0.00253  -0.00105
 |_*   1978.   2.31007   2.31191   8.90556   0.00241  -0.00241  -0.00095
 |_*   1979.   2.29936   2.30100   9.66501   0.00229  -0.00229  -0.00086
 |_*   1980.   2.30889   2.31046  10.76972   0.00244  -0.00244  -0.00098
 |_*   1981.   2.36693   2.36935  12.22878   0.00262  -0.00262  -0.00113
 |_*   1982.   2.41909   2.42345  13.94791   0.00272  -0.00272  -0.00122
 |_*   1983.   2.43517   2.44105  15.17336   0.00282  -0.00282  -0.00131
 |_*   1984.   2.40150   2.40471  15.68445   0.00264  -0.00264  -0.00115
 |_*   1985.   2.42545   2.42871  16.88027   0.00252  -0.00252  -0.00105
 |_*   1986.   2.41880   2.42166  17.86894   0.00219  -0.00219  -0.00079
 |_*   1987.   2.42682   2.42962  19.13145   0.00214  -0.00214  -0.00075
 |_*   1988.   2.44445   2.44697  20.55088   0.00213  -0.00213  -0.00075
 |_*   1989.   2.44996   2.45148  22.13781   0.00226  -0.00226  -0.00084
 |_*   1990.   2.48620   2.48728  24.04155   0.00251  -0.00251  -0.00103
 |_*   1991.   2.53403   2.53750  25.48055   0.00271  -0.00271  -0.00121
 |_*   1992.   2.55952   2.56586  26.59832   0.00294  -0.00294  -0.00142
 |_*   1993.   2.54191   2.53963  26.53339   0.00273  -0.00273  -0.00122
 |_*   1994.   2.55370   2.55075  27.00812   0.00261  -0.00261  -0.00112
 |_*   1995.   2.58241   2.57763  28.25691   0.00272  -0.00272  -0.00122
 |_*   1996.   2.62010   2.61366  29.55828   0.00300  -0.00300  -0.00148
 |_*   1997.   2.67117   2.66337  30.62333   0.00300  -0.00300  -0.00149
 |_*   1998.   2.74616   2.73744  32.14062   0.00321  -0.00321  -0.00169
 |_*   1999.   2.77055   2.76135  32.88805   0.00311  -0.00311  -0.00160
 |_*   2000.   2.80018   2.79112  35.41731   0.00347  -0.00347  -0.00199
 |_*   2001.   2.85289   2.84538  37.31054   0.00362  -0.00362  -0.00215
 |_*   2002.   2.88429   2.87767  38.87057   0.00362  -0.00362  -0.00216
 |_*   2003.   2.94922   2.94580  40.76623   0.00380  -0.00380  -0.00238
 |_*   2004.   2.98354   2.98246  42.25508   0.00393  -0.00393  -0.00254
 |_*   2005.   3.00444   3.00493  44.08426   0.00404  -0.00404  -0.00268
 |_*   2006.   3.05708   3.06128  47.15069   0.00434  -0.00434  -0.00310
 |_*   2007.   3.10114   3.10403  49.85491   0.00454  -0.00454  -0.00340
 |_*   2008.   3.08911   3.09196  51.35408   0.00462  -0.00462  -0.00352
 |_*   2009.   3.14498   3.14775  54.30844   0.00486  -0.00486  -0.00389
 |_*   2010.   3.17498   3.17814  56.63713   0.00509  -0.00509  -0.00427
 |_*   2011.   3.19490   3.19830  58.49921   0.00513  -0.00513  -0.00433
 |_*   2012.   3.21275   3.21640  60.16792   0.00508  -0.00508  -0.00424
 |_*   2013.   3.24681   3.25099  62.38018   0.00512  -0.00512  -0.00431
 |_*   2014.   3.26331   3.26345  63.30252   0.00503  -0.00503  -0.00417
 |_*   2015.   3.28212   3.28198  64.37417   0.00499  -0.00499  -0.00410
 |_*   2016.   3.29782   3.29741  65.25038   0.00495  -0.00495  -0.00403
 |_*   2017.   3.30442   3.30389  66.21371   0.00493  -0.00493  -0.00399
 |_*   2018.   3.30228   3.30176  67.29875   0.00494  -0.00494  -0.00402
 |_*OUR ESTIMATED INDIRECT UTILITY, UI, IS AMAZINGLY CLOSE TO OUR INDEX NUMBER ESTIMATES OF UTILITY, U.
 |_*CVC, VC1 AND VC2 ARE ALL EQUAL TO 0 BECAUSE OUR ESTIMATED A11 TURNED OUT TO BE 0.
 |_GENR DIFF=U-UI

 |_STAT U UI DIFF / PCOR
 NAME        N    MEAN        ST. DEV      VARIANCE     MINIMUM      MAXIMUM
 U            60   2.5505     0.44846     0.20112       1.8988       3.3044
 UI           60   2.5508     0.44817     0.20085       1.8992       3.3039
 DIFF         60 -0.23303E-03 0.36496E-02 0.13320E-04 -0.63374E-02  0.92003E-02

  CORRELATION MATRIX OF VARIABLES -       60 OBSERVATIONS


 U          1.0000
 UI        0.99997       1.0000
 DIFF      0.83923E-01  0.75834E-01   1.0000
              U            UI           DIFF

 |_* NAME        N    MEAN        ST. DEV      VARIANCE     MINIMUM      MAXIMUM
 |_* U            60   2.5505     0.44846     0.20112       1.8988       3.3044
 |_* UI           60   2.5508     0.44817     0.20085       1.8992       3.3039
 |_* DIFF         60 -0.23303E-03 0.36496E-02 0.13320E-04 -0.63374E-02  0.92003E-02

 |_*U AND UI ARE A LOT CLOSER
 |_*  CORRELATION MATRIX OF VARIABLES -       59 OBSERVATIONS
 |_* U          1.0000
 |_* UI        0.99997       1.0000
 |_* DIFF      0.83923E-01  0.75834E-01   1.0000
 |_*              U            UI           DIFF
 |_*THE IMPLICIT UTILITY LEVELS GENERATED BY THE ECONOMETRIC MODEL ARE VERY CLOSE TO THE INDEX NUMBER LEVELS
 |_*THE CORRELATION BETWEEN U AND UI IS 0.99997

 |_*GENR FITTED X'S AND EXPENDITURE SHARES:
 |_GENR FX1=A1+BU1+(C11*V1+C12*V2)*U-.5*G1*VCV*U

 |_GENR FX2=A2+BU2+(C21*V1+C22*V2)*U-.5*G2*VCV*U

 |_FORMAT(F8.0,4F10.4)

 |_PRINT YEAR X1 FX1 X2 FX2 / FORMAT
       YEAR           X1             FX1            X2             FX2
   1959.    0.9421    0.9654    0.9703    0.9472
   1960.    0.9416    0.9358    0.9572    0.9627
   1961.    0.9425    0.9739    0.9737    0.9426
   1962.    0.9752    0.9709    0.9399    0.9443
   1963.    1.0241    1.0209    0.9141    0.9180
   1964.    1.0539    1.0263    0.8874    0.9150
   1965.    1.0637    1.0393    0.8839    0.9081
   1966.    1.0990    1.0790    0.8683    0.8872
   1967.    1.1335    1.1445    0.8655    0.8528
   1968.    1.1709    1.1851    0.8749    0.8615
   1969.    1.2162    1.2245    0.8771    0.8702
   1970.    1.2378    1.2334    0.8680    0.8714
   1971.    1.2305    1.2452    0.8853    0.8741
   1972.    1.2677    1.2758    0.8866    0.8807
   1973.    1.3270    1.3094    0.8750    0.8881
   1974.    1.3698    1.3487    0.8810    0.8962
   1975.    1.3666    1.3600    0.8937    0.8989
   1976.    1.4250    1.4329    0.8982    0.8929
   1977.    1.4358    1.4448    0.8981    0.8919
   1978.    1.4420    1.4610    0.9039    0.8908
   1979.    1.4505    1.4462    0.8892    0.8922
   1980.    1.4768    1.4595    0.8788    0.8909
   1981.    1.5471    1.5382    0.8785    0.8841
   1982.    1.5572    1.6087    0.9138    0.8781
   1983.    1.5521    1.6307    0.9299    0.8761
   1984.    1.5472    1.5848    0.9062    0.8802
   1985.    1.6057    1.6167    0.8864    0.8778
   1986.    1.6146    1.6067    0.8747    0.8793
   1987.    1.6407    1.6174    0.8628    0.8785
   1988.    1.6889    1.6411    0.8431    0.8765
   1989.    1.7321    1.6489    0.8170    0.8757
   1990.    1.7013    1.6942    0.8681    0.8735
   1991.    1.7216    1.7536    0.8930    0.8709
   1992.    1.7383    1.7856    0.9025    0.8693
   1993.    1.7586    1.7583    0.8754    0.8725
   1994.    1.8161    1.7757    0.8468    0.8709
   1995.    1.8553    1.8196    0.8439    0.8663
   1996.    1.8898    1.8776    0.8514    0.8599
   1997.    1.9637    1.9549    0.8447    0.8520
   1998.    2.0536    2.0693    0.8468    0.8401
   1999.    2.1167    2.1059    0.8267    0.8365
   2000.    2.1562    2.1521    0.8254    0.8311
   2001.    2.1978    2.2325    0.8403    0.8227
   2002.    2.2603    2.2801    0.8275    0.8179
   2003.    2.3489    2.3793    0.8247    0.8074
   2004.    2.4260    2.4319    0.8067    0.8018
   2005.    2.4712    2.4640    0.7969    0.7984
   2006.    2.5585    2.5332    0.7875    0.7997
   2007.    2.6310    2.5910    0.7806    0.8009
   2008.    2.5920    2.5758    0.7920    0.8002
   2009.    2.6351    2.6490    0.8082    0.8018
   2010.    2.7023    2.6889    0.7960    0.8024
   2011.    2.7345    2.7148    0.7939    0.8030
   2012.    2.7353    2.7376    0.8051    0.8038
   2013.    2.7606    2.7818    0.8154    0.8050
   2014.    2.7850    2.8048    0.8147    0.8050
   2015.    2.8173    2.8313    0.8117    0.8049
   2016.    2.8356    2.8535    0.8133    0.8048
   2017.    2.8710    2.8627    0.8007    0.8048
   2018.    2.8823    2.8598    0.7940    0.8048

 |_STAT X1 FX1 X2 FX2
 NAME        N    MEAN        ST. DEV      VARIANCE     MINIMUM      MAXIMUM
 X1           60   1.8182     0.61187     0.37439      0.94160       2.8823
 FX1          60   1.8182     0.61132     0.37371      0.93577       2.8627
 X2           60  0.86027     0.47126E-01 0.22209E-02  0.78064      0.97375
 FX2          60  0.86027     0.43549E-01 0.18965E-02  0.79838      0.96270

 |_* NAME         N    MEAN       ST. DEV      VARIANCE     MINIMUM      MAXIMUM
 |_* X1           60   1.8182     0.61187     0.37439      0.94160       2.8823
 |_* FX1          60   1.8182     0.61132     0.37371      0.93577       2.8627
 |_* X2           60  0.86027     0.47126E-01 0.22209E-02  0.78064      0.97375
 |_* FX2          60  0.86027     0.43549E-01 0.18965E-02  0.79838      0.96270
 |_*CHECK WHETHER FX1 IS THE SAME AS THE PREDICTED VALUE IN EQ1 ABOVE AND WHETHER
 |_*FX2 IS THE SAME AS THE PREDICTED VALUE IN EQ2 ABOVE. THIS PROVIDES A GOOD CHECK ON OUR COMPUTATIONS.
 |_*THESE CHECKS ARE SATISFIED FOR CANADA

 |_*GENR HICKSIAN PRICE ELASTICITIES OF DEMAND: (SINCE A11 = 0, ALL OF THESE DERIVATIVES WILL EQUAL 0 FOR OUR DATA)
 |_*FIRST CALCULATE THE MATRIX OF SECOND ORDER PARTIAL DERIVATIVES OF THE COST FUNCTION
 |_DO #=1,2

 |_DO $=1,2

 |_GENR DC#$=(C#$-CV#*G$-G#*CV$+VCV*G#*G$)/PG

 |_ENDO

 |_ENDO
 EXECUTION BEGINNING FOR DO LOOP  # =       1
 EXECUTION BEGINNING FOR DO LOOP  $ =       1
 EXECUTION FINISHED FOR DO LOOP  $=       2
 EXECUTION BEGINNING FOR DO LOOP  $ =       1
 EXECUTION FINISHED FOR DO LOOP  $=       2
 EXECUTION FINISHED FOR DO LOOP  #=       2

 |_*GENR HICKSIAN PRICE ELASTICITIES OF DEMAND ECij=DCij*PCj/FXi
 |_DO #=1,2

 |_DO $=1,2

 |_GENR EC#$=DC#$*PC$/FX#

 |_ENDO

 |_ENDO
 EXECUTION BEGINNING FOR DO LOOP  # =       1
 EXECUTION BEGINNING FOR DO LOOP  $ =       1
 EXECUTION FINISHED FOR DO LOOP  $=       2
 EXECUTION BEGINNING FOR DO LOOP  $ =       1
 EXECUTION FINISHED FOR DO LOOP  $=       2
 EXECUTION FINISHED FOR DO LOOP  #=       2

 |_*GENR CHECKS
 |_GENR CHECK1=EC11+EC12

 |_GENR CHECK2=EC21+EC22

 |_STAT CHECK1 CHECK2
 NAME        N    MEAN        ST. DEV      VARIANCE     MINIMUM      MAXIMUM
 CHECK1       60 -0.43368E-19 0.70835E-18 0.50176E-36 -0.17347E-17  0.17347E-17
 CHECK2       60 -0.43368E-19 0.10997E-17 0.12094E-35 -0.26021E-17  0.26021E-17

 |_*CHECKS ARE SATISFIED
 |_FORMAT(F8.0,4F10.5)

 |_PRINT YEAR EC11 EC12 EC21 EC22 / FORMAT
       YEAR           EC11           EC12           EC21           EC22
   1959.  -0.00629   0.00629   0.00642  -0.00642
   1960.  -0.00646   0.00646   0.00631  -0.00631
   1961.  -0.00634   0.00634   0.00645  -0.00645
   1962.  -0.00622   0.00622   0.00643  -0.00643
   1963.  -0.00604   0.00604   0.00662  -0.00662
   1964.  -0.00618   0.00618   0.00665  -0.00665
   1965.  -0.00620   0.00620   0.00670  -0.00670
   1966.  -0.00609   0.00609   0.00685  -0.00685
   1967.  -0.00582   0.00582   0.00713  -0.00713
   1968.  -0.00595   0.00595   0.00704  -0.00704
   1969.  -0.00599   0.00599   0.00695  -0.00695
   1970.  -0.00624   0.00624   0.00689  -0.00689
   1971.  -0.00621   0.00621   0.00687  -0.00687
   1972.  -0.00626   0.00626   0.00678  -0.00678
   1973.  -0.00628   0.00628   0.00668  -0.00668
   1974.  -0.00643   0.00643   0.00652  -0.00652
   1975.  -0.00636   0.00636   0.00651  -0.00651
   1976.  -0.00605   0.00605   0.00655  -0.00655
   1977.  -0.00599   0.00599   0.00656  -0.00656
   1978.  -0.00584   0.00584   0.00659  -0.00659
   1979.  -0.00583   0.00583   0.00661  -0.00661
   1980.  -0.00588   0.00588   0.00658  -0.00658
   1981.  -0.00569   0.00569   0.00659  -0.00659
   1982.  -0.00550   0.00550   0.00661  -0.00661
   1983.  -0.00548   0.00548   0.00661  -0.00661
   1984.  -0.00553   0.00553   0.00662  -0.00662
   1985.  -0.00535   0.00535   0.00666  -0.00666
   1986.  -0.00518   0.00518   0.00673  -0.00673
   1987.  -0.00511   0.00511   0.00674  -0.00674
   1988.  -0.00504   0.00504   0.00676  -0.00676
   1989.  -0.00509   0.00509   0.00674  -0.00674
   1990.  -0.00510   0.00510   0.00670  -0.00670
   1991.  -0.00504   0.00504   0.00667  -0.00667
   1992.  -0.00507   0.00507   0.00662  -0.00662
   1993.  -0.00503   0.00503   0.00666  -0.00666
   1994.  -0.00492   0.00492   0.00670  -0.00670
   1995.  -0.00486   0.00486   0.00670  -0.00670
   1996.  -0.00485   0.00485   0.00668  -0.00668
   1997.  -0.00466   0.00466   0.00674  -0.00674
   1998.  -0.00450   0.00450   0.00678  -0.00678
   1999.  -0.00438   0.00438   0.00683  -0.00683
   2000.  -0.00444   0.00444   0.00676  -0.00676
   2001.  -0.00434   0.00434   0.00678  -0.00678
   2002.  -0.00425   0.00425   0.00682  -0.00682
   2003.  -0.00414   0.00414   0.00685  -0.00685
   2004.  -0.00410   0.00410   0.00684  -0.00684
   2005.  -0.00408   0.00408   0.00683  -0.00683
   2006.  -0.00408   0.00408   0.00670  -0.00670
   2007.  -0.00405   0.00405   0.00660  -0.00660
   2008.  -0.00410   0.00410   0.00658  -0.00658
   2009.  -0.00406   0.00406   0.00646  -0.00646
   2010.  -0.00407   0.00407   0.00635  -0.00635
   2011.  -0.00404   0.00404   0.00632  -0.00632
   2012.  -0.00399   0.00399   0.00634  -0.00634
   2013.  -0.00394   0.00394   0.00631  -0.00631
   2014.  -0.00388   0.00388   0.00635  -0.00635
   2015.  -0.00383   0.00383   0.00637  -0.00637
   2016.  -0.00379   0.00379   0.00639  -0.00639
   2017.  -0.00377   0.00377   0.00640  -0.00640
   2018.  -0.00378   0.00378   0.00640  -0.00640

 |_STAT EC11 EC12 EC21 EC22
 NAME        N    MEAN        ST. DEV      VARIANCE     MINIMUM      MAXIMUM
 EC11         60 -0.51343E-02 0.90563E-03 0.82017E-06 -0.64555E-02 -0.37734E-02
 EC12         60  0.51343E-02 0.90563E-03 0.82017E-06  0.37734E-02  0.64555E-02
 EC21         60  0.66382E-02 0.18595E-03 0.34577E-07  0.63104E-02  0.71294E-02
 EC22         60 -0.66382E-02 0.18595E-03 0.34577E-07 -0.71294E-02 -0.63104E-02

 |_* NAME        N    MEAN        ST. DEV      VARIANCE     MINIMUM      MAXIMUM
 |_* EC11         60 -0.51343E-02 0.90563E-03 0.82017E-06 -0.64555E-02 -0.37734E-02
 |_* EC12         60  0.51343E-02 0.90563E-03 0.82017E-06  0.37734E-02  0.64555E-02
 |_* EC21         60  0.66382E-02 0.18595E-03 0.34577E-07  0.63104E-02  0.71294E-02
 |_* EC22         60 -0.66382E-02 0.18595E-03 0.34577E-07 -0.71294E-02 -0.63104E-02
 |_*IM AM ELASTICITIES WITH GOOD SIGNS, BUT VERY SMALL

 |_*GENR HICKSIAN ELASTICITIES OF DEMAND W.R.T. REAL INCOME OR UTILITY:
 |_DO #=1,2

 |_GENR ECU#=(BU#+(CV#-.5*G#*VCV)*U)/FX#

 |_ENDO
 EXECUTION BEGINNING FOR DO LOOP  # =       1
 EXECUTION FINISHED FOR DO LOOP  #=       2

 |_FORMAT(F8.0,2F10.5)

 |_PRINT YEAR ECU1 ECU2 / FORMAT
       YEAR           ECU1           ECU2
   1959.   4.29771  -2.29579
   1960.   4.40201  -2.24258
   1961.   4.26885  -2.31170
   1962.   4.27894  -2.30578
   1963.   4.11834  -2.40056
   1964.   4.10181  -2.41172
   1965.   4.06323  -2.43748
   1966.   3.95054  -2.51850
   1967.   3.78155  -2.66060
   1968.   3.68631  -2.62339
   1969.   3.59986  -2.58726
   1970.   3.58101  -2.58219
   1971.   3.55669  -2.57121
   1972.   3.49536  -2.54436
   1973.   3.43128  -2.51505
   1974.   3.36038  -2.48331
   1975.   3.34075  -2.47275
   1976.   3.22168  -2.49613
   1977.   3.20349  -2.49988
   1978.   3.17905  -2.50426
   1979.   3.20128  -2.49870
   1980.   3.18125  -2.50405
   1981.   3.06967  -2.53089
   1982.   2.97887  -2.55499
   1983.   2.95222  -2.56301
   1984.   3.00877  -2.54644
   1985.   2.96914  -2.55616
   1986.   2.98137  -2.55033
   1987.   2.96834  -2.55344
   1988.   2.93988  -2.56128
   1989.   2.93071  -2.56486
   1990.   2.87910  -2.57365
   1991.   2.81544  -2.58424
   1992.   2.78283  -2.59100
   1993.   2.81059  -2.57797
   1994.   2.79280  -2.58432
   1995.   2.74959  -2.60359
   1996.   2.69553  -2.63034
   1997.   2.62844  -2.66377
   1998.   2.53846  -2.71599
   1999.   2.51173  -2.73166
   2000.   2.47925  -2.75581
   2001.   2.42596  -2.79432
   2002.   2.39618  -2.81683
   2003.   2.33801  -2.86605
   2004.   2.30909  -2.89306
   2005.   2.29201  -2.90998
   2006.   2.25670  -2.90363
   2007.   2.22869  -2.89777
   2008.   2.23592  -2.90089
   2009.   2.20175  -2.89329
   2010.   2.18394  -2.89044
   2011.   2.17264  -2.88725
   2012.   2.16289  -2.88337
   2013.   2.14442  -2.87767
   2014.   2.13502  -2.87767
   2015.   2.12438  -2.87829
   2016.   2.11567  -2.87877
   2017.   2.11206  -2.87887
   2018.   2.11321  -2.87893

 |_STAT ECU1 ECU2
 NAME        N    MEAN        ST. DEV      VARIANCE     MINIMUM      MAXIMUM
 ECU1         60   2.9622     0.67163     0.45109       2.1121       4.4020
 ECU2         60  -2.6378     0.18397     0.33844E-01  -2.9100      -2.2426

 |_* NAME         N    MEAN       ST. DEV      VARIANCE    MINIMUM      MAXIMUM
 |_* ECU1         60   2.9622     0.67163     0.45109       2.1121       4.4020
 |_* ECU2         60  -2.6378     0.18397     0.33844E-01  -2.9100      -2.2426
 |_*LEISURE IS AN INFERIOR COMMODITY; ITS INCOME ELASTICITY OF DEMAND IS NEGATIVE FOR AUSTRALIA.
 |_*THESE ELASTICITIES ARE VERY REASONABLE.
 |_STOP

